RECORD=-42|LINENO=   0|OWNERPARTID= -42|OWNERINDEX= -42|HEADER=Protel for Windows - Schematic Capture Binary File Version 5.0|MINORVERSION=2|UNIQUEID=OEOXVAXP|WEIGHT=280|
RECORD=31|LINENO=   1|OWNERPARTID= -42|OWNERINDEX= -42|AREACOLOR=16777215|BORDERON=T|CUSTOMX=1000|CUSTOMY=800|DISPLAY_UNIT=0|FONTIDCOUNT=7|FONTNAME1=Times New Roman|FONTNAME2=Avenir LT 55 Roman|FONTNAME3=Avenir LT 65 Medium|FONTNAME4=Avenir LT 65 Medium|FONTNAME5=Avenir LT 55 Roman|FONTNAME6=Avenir LT 65 Medium|FONTNAME7=Avenir LT 65 Medium|HOTSPOTGRIDON=T|HOTSPOTGRIDSIZE=4|ISBOC=T|SHEETNUMBERSPACESIZE=12|SHEETSTYLE=10|SHOWTEMPLATEGRAPHICS=T|SIZE1=10|SIZE2=10|SIZE3=14|SIZE4=13|SIZE5=9|SIZE6=11|SIZE7=11|SNAPGRIDON=T|SNAPGRIDSIZE=10|SYSTEMFONT=2|TEMPLATEFILENAME=C:\Repos\Nomist\electrical\SupportFiles\AltiumTemplates\A.SchDot|UNDERLINE7=T|USEMBCS=T|VISIBLEGRIDON=T|VISIBLEGRIDSIZE=10|
RECORD=39|LINENO=   2|OWNERPARTID=   0|OWNERINDEX= -42|FILENAME=C:\Repos\Nomist\electrical\SupportFiles\AltiumTemplates\A.SchDot|
RECORD= 4|LINENO=   3|OWNERPARTID=   0|OWNERINDEX=   2|FONTID=5|LOCATION.X=893|LOCATION.Y=20|TEXT==sheetnumber|
RECORD= 4|LINENO=   4|OWNERPARTID=   0|OWNERINDEX=   2|FONTID=4|LOCATION.X=950|LOCATION.Y=53|TEXT=Ploopy Corporation|
RECORD= 4|LINENO=   5|OWNERPARTID=   0|OWNERINDEX=   2|FONTID=5|LOCATION.X=950|LOCATION.Y=33|TEXT=Mississauga ON L5C 0A3|
RECORD= 4|LINENO=   6|OWNERPARTID=   0|OWNERINDEX=   2|FONTID=5|LOCATION.X=920|LOCATION.Y=20|TEXT==sheettotal|
RECORD= 4|LINENO=   7|OWNERPARTID=   0|OWNERINDEX=   2|FONTID=3|LOCATION.X=688|LOCATION.Y=54|TEXT==DocumentName|
RECORD= 4|LINENO=   8|OWNERPARTID=   0|OWNERINDEX=   2|FONTID=5|LOCATION.X=904|LOCATION.Y=34|TEXT==revision|
RECORD= 4|LINENO=   9|OWNERPARTID=   0|OWNERINDEX=   2|FONTID=5|LOCATION.X=690|LOCATION.Y=20|TEXT==CurrentDate|
RECORD= 4|LINENO=  10|OWNERPARTID=   0|OWNERINDEX=   2|FONTID=5|LOCATION.X=765|LOCATION.Y=20|TEXT==CurrentTime|
RECORD= 6|LINENO=  11|OWNERPARTID=   0|OWNERINDEX=   2|LOCATIONCOUNT=3|X1=1080|X2=660|X3=660|Y1=70|Y2=70|Y3=20|
RECORD= 6|LINENO=  12|OWNERPARTID=   0|OWNERINDEX=   2|LOCATIONCOUNT=2|X1=660|X2=940|Y1=50|Y2=50|
RECORD= 6|LINENO=  13|OWNERPARTID=   0|OWNERINDEX=   2|LOCATIONCOUNT=2|X1=865|X2=865|Y1=50|Y2=20|
RECORD= 4|LINENO=  14|OWNERPARTID=   0|OWNERINDEX=   2|FONTID=5|LOCATION.X=665|LOCATION.Y=55|TEXT=Title:|
RECORD= 4|LINENO=  15|OWNERPARTID=   0|OWNERINDEX=   2|FONTID=5|LOCATION.X=665|LOCATION.Y=20|TEXT=Date:|
RECORD= 4|LINENO=  16|OWNERPARTID=   0|OWNERINDEX=   2|FONTID=5|LOCATION.X=870|LOCATION.Y=35|TEXT=Version:|
RECORD= 4|LINENO=  17|OWNERPARTID=   0|OWNERINDEX=   2|FONTID=5|LOCATION.X=870|LOCATION.Y=20|TEXT=Sheet|
RECORD= 4|LINENO=  18|OWNERPARTID=   0|OWNERINDEX=   2|FONTID=5|LOCATION.X=908|LOCATION.Y=20|TEXT=of|
RECORD= 6|LINENO=  19|OWNERPARTID=   0|OWNERINDEX=   2|LOCATIONCOUNT=2|X1=940|X2=940|Y1=70|Y2=20|
RECORD= 4|LINENO=  20|OWNERPARTID=   0|OWNERINDEX=   2|FONTID=5|LOCATION.X=740|LOCATION.Y=20|TEXT=Time:|
RECORD= 6|LINENO=  21|OWNERPARTID=   0|OWNERINDEX=   2|LOCATIONCOUNT=2|X1=660|X2=940|Y1=30|Y2=30|
RECORD= 4|LINENO=  22|OWNERPARTID=   0|OWNERINDEX=   2|FONTID=5|LOCATION.X=665|LOCATION.Y=35|TEXT=PCB:|
RECORD= 6|LINENO=  23|OWNERPARTID=   0|OWNERINDEX=   2|LOCATIONCOUNT=3|X1=660|X2=480|X3=480|Y1=70|Y2=70|Y3=20|
RECORD= 4|LINENO=  24|OWNERPARTID=   0|OWNERINDEX=   2|FONTID=4|LOCATION.X=688|LOCATION.Y=34|TEXT==ProjectName|
RECORD= 4|LINENO=  25|OWNERPARTID=   0|OWNERINDEX=   2|FONTID=6|LOCATION.X=490|LOCATION.Y=53|TEXT=Copyright Ploopy Corporation 2021|
RECORD= 4|LINENO=  26|OWNERPARTID=   0|OWNERINDEX=   2|FONTID=5|LOCATION.X=950|LOCATION.Y=43|TEXT=137-1140 Burnhamthorpe Road W|
RECORD= 4|LINENO=  27|OWNERPARTID=   0|OWNERINDEX=   2|FONTID=5|LOCATION.X=950|LOCATION.Y=23|TEXT=Canada|
RECORD= 4|LINENO=  28|OWNERPARTID=   0|OWNERINDEX=   2|FONTID=6|LOCATION.X=490|LOCATION.Y=40|TEXT=Licensed under the CERN OHL v. 1.2|
RECORD= 4|LINENO=  29|OWNERPARTID=   0|OWNERINDEX=   2|FONTID=7|LOCATION.X=490|LOCATION.Y=30|TEXT=http://ohwr.org/cernohl|URL=http://ohwr.org/cernohl|
RECORD= 1|LINENO=  30|OWNERPARTID=   0|OWNERINDEX= -42|ALLPINCOUNT=2|AREACOLOR=11599871|COMPONENTDESCRIPTION=Chip resistor|CURRENTPARTID=1|DESIGNITEMID=Res 22R 1% 0805|DISPLAYMODECOUNT=1|LIBRARYPATH=*|LIBREFERENCE=Res 22R 1% 0805|LOCATION.X=760|LOCATION.Y=530|PARTCOUNT=2|PARTIDLOCKED=T|SOURCELIBRARYNAME=Chip_Passives.SchLib|TARGETFILENAME=*|UNIQUEID=STHGMNKH|
RECORD=41|LINENO=  31|OWNERPARTID=   0|OWNERINDEX=  30|FONTID=2|ISHIDDEN=T|LOCATION.X=738|LOCATION.Y=545|NAME=Supplier 1|TEXT=Digi-Key|UNIQUEID=ALRYKYYH|
RECORD=41|LINENO=  32|OWNERPARTID=   0|OWNERINDEX=  30|FONTID=2|ISHIDDEN=T|LOCATION.X=738|LOCATION.Y=555|NAME=Supplier 2|TEXT=Arrow|UNIQUEID=PCGFYGHG|
RECORD=41|LINENO=  33|OWNERPARTID=   0|OWNERINDEX=  30|FONTID=2|ISHIDDEN=T|LOCATION.X=738|LOCATION.Y=545|NAME=Supplier Part Number 1|TEXT=RMCF0805FT22R0CT-ND|UNIQUEID=MNNILQBV|
RECORD=41|LINENO=  34|OWNERPARTID=   0|OWNERINDEX=  30|FONTID=2|ISHIDDEN=T|LOCATION.X=738|LOCATION.Y=555|NAME=Supplier Part Number 2|TEXT=RMCF0805FT22R0|UNIQUEID=IMMBIITV|
RECORD= 2|LINENO=  35|OWNERPARTID=   2|OWNERINDEX=  30|%UTF8%SWAPIDPART=Â¦&Â¦|DESIGNATOR=1|ELECTRICAL=4|FORMALTYPE=1|LOCATION.X=760|LOCATION.Y=520|NAME=1|PINCONGLOMERATE=34|PINLENGTH=10|PINPROPAGATIONDELAY=0.000000E+000|SWAPIDPART=Ž&Ž|UNIQUEID=PBFHXOAZ|
RECORD=41|LINENO=  36|OWNERPARTID=   0|OWNERINDEX=  35|FONTID=1|ISHIDDEN=T|LOCATION.X=760|LOCATION.Y=520|NAME=PinUniqueId|TEXT=PBFHXOAZ|UNIQUEID=MLUGEVHF|
RECORD= 2|LINENO=  37|OWNERPARTID=   2|OWNERINDEX=  30|%UTF8%SWAPIDPART=Â¦&Â¦|DESIGNATOR=2|ELECTRICAL=4|FORMALTYPE=1|LOCATION.X=780|LOCATION.Y=520|NAME=2|PINCONGLOMERATE=32|PINLENGTH=10|PINPROPAGATIONDELAY=0.000000E+000|SWAPIDPART=Ž&Ž|UNIQUEID=LRJMZNZE|
RECORD=41|LINENO=  38|OWNERPARTID=   0|OWNERINDEX=  37|FONTID=1|ISHIDDEN=T|LOCATION.X=780|LOCATION.Y=520|NAME=PinUniqueId|TEXT=LRJMZNZE|UNIQUEID=VZDMDVYP|
RECORD= 6|LINENO=  39|OWNERPARTID=   2|OWNERINDEX=  30|LINEWIDTH=1|LOCATIONCOUNT=8|X1=764|X2=765|X3=767|X4=769|X5=771|X6=773|X7=775|X8=776|Y1=520|Y2=522|Y3=518|Y4=522|Y5=518|Y6=522|Y7=518|Y8=520|
RECORD= 6|LINENO=  40|OWNERPARTID=   2|OWNERINDEX=  30|LINEWIDTH=1|LOCATIONCOUNT=2|X1=760|X2=764|Y1=520|Y2=520|
RECORD= 6|LINENO=  41|OWNERPARTID=   2|OWNERINDEX=  30|LINEWIDTH=1|LOCATIONCOUNT=2|X1=776|X2=780|Y1=520|Y2=520|
RECORD=41|LINENO=  42|OWNERPARTID=   0|OWNERINDEX=  30|FONTID=2|LOCATION.X=759|LOCATION.Y=497|NAME=Value|TEXT=22R 1%|UNIQUEID=OVNAOKWK|
RECORD=34|LINENO=  43|OWNERPARTID=   0|OWNERINDEX=  30|FONTID=2|LOCATION.X=759|LOCATION.Y=523|NAME=Designator|TEXT=R6|UNIQUEID=ILPWAAIY|
RECORD=41|LINENO=  44|OWNERPARTID=   0|OWNERINDEX=  30|FONTID=2|LOCATION.X=759|LOCATION.Y=507|NAME=Comment|TEXT=0805|UNIQUEID=NNWUHPVV|
RECORD=44|LINENO=  45|OWNERPARTID= -42|OWNERINDEX=  30|
RECORD=45|LINENO=  46|OWNERPARTID= -42|OWNERINDEX=  45|DATAFILECOUNT=1|DESCRIPTION=Chip Capacitor, 2-Leads, Body 2.0x1.3mm, IPC Medium Density|ISCURRENT=T|MODELDATAFILEENTITY0=0805|MODELDATAFILEKIND0=PCBLib|MODELNAME=0805|MODELTYPE=PCBLIB|UNIQUEID=KWQYLWYG|
RECORD=46|LINENO=  47|OWNERPARTID= -42|OWNERINDEX=  46|
RECORD=48|LINENO=  48|OWNERPARTID= -42|OWNERINDEX=  46|
RECORD= 1|LINENO=  49|OWNERPARTID=   0|OWNERINDEX= -42|ALLPINCOUNT=6|AREACOLOR=11599871|COMPONENTDESCRIPTION=TVS DIODE 5.5V 6TSOP (Low capacitance, USB)|CURRENTPARTID=1|DESIGNITEMID=IP4220CZ6,125|DISPLAYMODECOUNT=1|LIBRARYPATH=*|LIBREFERENCE=IP4220CZ6,125|LOCATION.X=490|LOCATION.Y=380|PARTCOUNT=2|PARTIDLOCKED=F|SOURCELIBRARYNAME=Diodes.SchLib|TARGETFILENAME=*|UNIQUEID=MHNMVSHF|
RECORD=14|LINENO=  50|OWNERPARTID=   2|OWNERINDEX=  49|AREACOLOR=11599871|CORNER.X=545|CORNER.Y=425|ISSOLID=T|LOCATION.X=435|LOCATION.Y=335|
RECORD= 2|LINENO=  51|OWNERPARTID=   2|OWNERINDEX=  49|DESIGNATOR=2|ELECTRICAL=4|FORMALTYPE=1|LOCATION.X=490|LOCATION.Y=330|NAME=2|PINCONGLOMERATE=51|PINLENGTH=20|PINPROPAGATIONDELAY=0.000000E+000|UNIQUEID=ABVLMCVD|
RECORD=41|LINENO=  52|OWNERPARTID=   0|OWNERINDEX=  51|FONTID=1|ISHIDDEN=T|LOCATION.X=490|LOCATION.Y=330|NAME=PinUniqueId|TEXT=ABVLMCVD|UNIQUEID=YVOUZYHU|
RECORD= 2|LINENO=  53|OWNERPARTID=   2|OWNERINDEX=  49|DESIGNATOR=4|ELECTRICAL=4|FORMALTYPE=1|LOCATION.X=520|LOCATION.Y=425|NAME=4|PINCONGLOMERATE=49|PINLENGTH=15|PINPROPAGATIONDELAY=0.000000E+000|UNIQUEID=TUUWJWHK|
RECORD=41|LINENO=  54|OWNERPARTID=   0|OWNERINDEX=  53|FONTID=1|ISHIDDEN=T|LOCATION.X=520|LOCATION.Y=425|NAME=PinUniqueId|TEXT=TUUWJWHK|UNIQUEID=BXPURIBX|
RECORD= 2|LINENO=  55|OWNERPARTID=   2|OWNERINDEX=  49|DESIGNATOR=5|ELECTRICAL=4|FORMALTYPE=1|LOCATION.X=490|LOCATION.Y=420|NAME=5|PINCONGLOMERATE=49|PINLENGTH=20|PINPROPAGATIONDELAY=0.000000E+000|UNIQUEID=KUJPXBWU|
RECORD=41|LINENO=  56|OWNERPARTID=   0|OWNERINDEX=  55|FONTID=1|ISHIDDEN=T|LOCATION.X=490|LOCATION.Y=420|NAME=PinUniqueId|TEXT=KUJPXBWU|UNIQUEID=WFBRNQYK|
RECORD= 2|LINENO=  57|OWNERPARTID=   2|OWNERINDEX=  49|DESIGNATOR=6|ELECTRICAL=4|FORMALTYPE=1|LOCATION.X=460|LOCATION.Y=425|NAME=6|PINCONGLOMERATE=49|PINLENGTH=15|PINPROPAGATIONDELAY=0.000000E+000|UNIQUEID=USIPDAIA|
RECORD=41|LINENO=  58|OWNERPARTID=   0|OWNERINDEX=  57|FONTID=1|ISHIDDEN=T|LOCATION.X=460|LOCATION.Y=425|NAME=PinUniqueId|TEXT=USIPDAIA|UNIQUEID=AWDXQPTQ|
RECORD= 2|LINENO=  59|OWNERPARTID=   2|OWNERINDEX=  49|DESIGNATOR=1|ELECTRICAL=4|FORMALTYPE=1|LOCATION.X=460|LOCATION.Y=325|NAME=1|PINCONGLOMERATE=51|PINLENGTH=15|PINPROPAGATIONDELAY=0.000000E+000|UNIQUEID=DWEKOLAA|
RECORD=41|LINENO=  60|OWNERPARTID=   0|OWNERINDEX=  59|FONTID=1|ISHIDDEN=T|LOCATION.X=460|LOCATION.Y=325|NAME=PinUniqueId|TEXT=DWEKOLAA|UNIQUEID=IRZECFDO|
RECORD= 2|LINENO=  61|OWNERPARTID=   2|OWNERINDEX=  49|DESIGNATOR=3|ELECTRICAL=4|FORMALTYPE=1|LOCATION.X=520|LOCATION.Y=325|NAME=3|PINCONGLOMERATE=51|PINLENGTH=15|PINPROPAGATIONDELAY=0.000000E+000|UNIQUEID=YTZUNVVR|
RECORD=41|LINENO=  62|OWNERPARTID=   0|OWNERINDEX=  61|FONTID=1|ISHIDDEN=T|LOCATION.X=520|LOCATION.Y=325|NAME=PinUniqueId|TEXT=YTZUNVVR|UNIQUEID=DZEGGNNN|
RECORD= 6|LINENO=  63|OWNERPARTID=   2|OWNERINDEX=  49|LINEWIDTH=1|LOCATIONCOUNT=3|X1=445|X2=455|X3=450|Y1=394|Y2=394|Y3=404|
RECORD= 6|LINENO=  64|OWNERPARTID=   2|OWNERINDEX=  49|LINEWIDTH=1|LOCATIONCOUNT=2|X1=445|X2=450|Y1=394|Y2=404|
RECORD= 6|LINENO=  65|OWNERPARTID=   2|OWNERINDEX=  49|LINEWIDTH=1|LOCATIONCOUNT=4|X1=457|X2=455|X3=445|X4=443|Y1=406|Y2=404|Y3=404|Y4=402|
RECORD= 6|LINENO=  66|OWNERPARTID=   2|OWNERINDEX=  49|LINEWIDTH=1|LOCATIONCOUNT=3|X1=465|X2=475|X3=470|Y1=394|Y2=394|Y3=404|
RECORD= 6|LINENO=  67|OWNERPARTID=   2|OWNERINDEX=  49|LINEWIDTH=1|LOCATIONCOUNT=2|X1=465|X2=470|Y1=394|Y2=404|
RECORD= 6|LINENO=  68|OWNERPARTID=   2|OWNERINDEX=  49|LINEWIDTH=1|LOCATIONCOUNT=4|X1=477|X2=475|X3=465|X4=463|Y1=406|Y2=404|Y3=404|Y4=402|
RECORD= 6|LINENO=  69|OWNERPARTID=   2|OWNERINDEX=  49|LINEWIDTH=1|LOCATIONCOUNT=3|X1=505|X2=515|X3=510|Y1=394|Y2=394|Y3=404|
RECORD= 6|LINENO=  70|OWNERPARTID=   2|OWNERINDEX=  49|LINEWIDTH=1|LOCATIONCOUNT=2|X1=505|X2=510|Y1=394|Y2=404|
RECORD= 6|LINENO=  71|OWNERPARTID=   2|OWNERINDEX=  49|LINEWIDTH=1|LOCATIONCOUNT=4|X1=517|X2=515|X3=505|X4=503|Y1=406|Y2=404|Y3=404|Y4=402|
RECORD= 6|LINENO=  72|OWNERPARTID=   2|OWNERINDEX=  49|LINEWIDTH=1|LOCATIONCOUNT=3|X1=525|X2=535|X3=530|Y1=394|Y2=394|Y3=404|
RECORD= 6|LINENO=  73|OWNERPARTID=   2|OWNERINDEX=  49|LINEWIDTH=1|LOCATIONCOUNT=2|X1=525|X2=530|Y1=394|Y2=404|
RECORD= 6|LINENO=  74|OWNERPARTID=   2|OWNERINDEX=  49|LINEWIDTH=1|LOCATIONCOUNT=4|X1=537|X2=535|X3=525|X4=523|Y1=406|Y2=404|Y3=404|Y4=402|
RECORD= 6|LINENO=  75|OWNERPARTID=   2|OWNERINDEX=  49|LINEWIDTH=1|LOCATIONCOUNT=3|X1=445|X2=455|X3=450|Y1=354|Y2=354|Y3=364|
RECORD= 6|LINENO=  76|OWNERPARTID=   2|OWNERINDEX=  49|LINEWIDTH=1|LOCATIONCOUNT=2|X1=445|X2=450|Y1=354|Y2=364|
RECORD= 6|LINENO=  77|OWNERPARTID=   2|OWNERINDEX=  49|LINEWIDTH=1|LOCATIONCOUNT=4|X1=457|X2=455|X3=445|X4=443|Y1=366|Y2=364|Y3=364|Y4=362|
RECORD= 6|LINENO=  78|OWNERPARTID=   2|OWNERINDEX=  49|LINEWIDTH=1|LOCATIONCOUNT=3|X1=465|X2=475|X3=470|Y1=354|Y2=354|Y3=364|
RECORD= 6|LINENO=  79|OWNERPARTID=   2|OWNERINDEX=  49|LINEWIDTH=1|LOCATIONCOUNT=2|X1=465|X2=470|Y1=354|Y2=364|
RECORD= 6|LINENO=  80|OWNERPARTID=   2|OWNERINDEX=  49|LINEWIDTH=1|LOCATIONCOUNT=4|X1=477|X2=475|X3=465|X4=463|Y1=366|Y2=364|Y3=364|Y4=362|
RECORD= 6|LINENO=  81|OWNERPARTID=   2|OWNERINDEX=  49|LINEWIDTH=1|LOCATIONCOUNT=3|X1=505|X2=515|X3=510|Y1=354|Y2=354|Y3=364|
RECORD= 6|LINENO=  82|OWNERPARTID=   2|OWNERINDEX=  49|LINEWIDTH=1|LOCATIONCOUNT=2|X1=505|X2=510|Y1=354|Y2=364|
RECORD= 6|LINENO=  83|OWNERPARTID=   2|OWNERINDEX=  49|LINEWIDTH=1|LOCATIONCOUNT=4|X1=517|X2=515|X3=505|X4=503|Y1=366|Y2=364|Y3=364|Y4=362|
RECORD= 6|LINENO=  84|OWNERPARTID=   2|OWNERINDEX=  49|LINEWIDTH=1|LOCATIONCOUNT=3|X1=525|X2=535|X3=530|Y1=354|Y2=354|Y3=364|
RECORD= 6|LINENO=  85|OWNERPARTID=   2|OWNERINDEX=  49|LINEWIDTH=1|LOCATIONCOUNT=2|X1=525|X2=530|Y1=354|Y2=364|
RECORD= 6|LINENO=  86|OWNERPARTID=   2|OWNERINDEX=  49|LINEWIDTH=1|LOCATIONCOUNT=4|X1=537|X2=535|X3=525|X4=523|Y1=366|Y2=364|Y3=364|Y4=362|
RECORD= 6|LINENO=  87|OWNERPARTID=   2|OWNERINDEX=  49|LINEWIDTH=1|LOCATIONCOUNT=3|X1=485|X2=495|X3=490|Y1=374|Y2=374|Y3=384|
RECORD= 6|LINENO=  88|OWNERPARTID=   2|OWNERINDEX=  49|LINEWIDTH=1|LOCATIONCOUNT=2|X1=485|X2=490|Y1=374|Y2=384|
RECORD= 6|LINENO=  89|OWNERPARTID=   2|OWNERINDEX=  49|LINEWIDTH=1|LOCATIONCOUNT=4|X1=497|X2=495|X3=485|X4=483|Y1=386|Y2=384|Y3=384|Y4=382|
RECORD= 6|LINENO=  90|OWNERPARTID=   2|OWNERINDEX=  49|LINEWIDTH=1|LOCATIONCOUNT=2|X1=450|X2=450|Y1=415|Y2=405|
RECORD= 6|LINENO=  91|OWNERPARTID=   2|OWNERINDEX=  49|LINEWIDTH=1|LOCATIONCOUNT=2|X1=450|X2=450|Y1=395|Y2=365|
RECORD= 6|LINENO=  92|OWNERPARTID=   2|OWNERINDEX=  49|LINEWIDTH=1|LOCATIONCOUNT=3|X1=450|X2=450|X3=530|Y1=355|Y2=345|Y3=345|
RECORD= 6|LINENO=  93|OWNERPARTID=   2|OWNERINDEX=  49|LINEWIDTH=1|LOCATIONCOUNT=2|X1=530|X2=530|Y1=355|Y2=345|
RECORD= 6|LINENO=  94|OWNERPARTID=   2|OWNERINDEX=  49|LINEWIDTH=1|LOCATIONCOUNT=2|X1=490|X2=490|Y1=330|Y2=375|
RECORD= 6|LINENO=  95|OWNERPARTID=   2|OWNERINDEX=  49|LINEWIDTH=1|LOCATIONCOUNT=2|X1=490|X2=490|Y1=385|Y2=420|
RECORD= 6|LINENO=  96|OWNERPARTID=   2|OWNERINDEX=  49|LINEWIDTH=1|LOCATIONCOUNT=2|X1=450|X2=530|Y1=415|Y2=415|
RECORD= 6|LINENO=  97|OWNERPARTID=   2|OWNERINDEX=  49|LINEWIDTH=1|LOCATIONCOUNT=2|X1=530|X2=530|Y1=405|Y2=415|
RECORD= 6|LINENO=  98|OWNERPARTID=   2|OWNERINDEX=  49|LINEWIDTH=1|LOCATIONCOUNT=2|X1=530|X2=530|Y1=395|Y2=365|
RECORD= 6|LINENO=  99|OWNERPARTID=   2|OWNERINDEX=  49|LINEWIDTH=1|LOCATIONCOUNT=2|X1=510|X2=510|Y1=365|Y2=395|
RECORD= 6|LINENO= 100|OWNERPARTID=   2|OWNERINDEX=  49|LINEWIDTH=1|LOCATIONCOUNT=2|X1=470|X2=470|Y1=365|Y2=395|
RECORD= 6|LINENO= 101|OWNERPARTID=   2|OWNERINDEX=  49|LINEWIDTH=1|LOCATIONCOUNT=2|X1=470|X2=470|Y1=405|Y2=415|
RECORD= 6|LINENO= 102|OWNERPARTID=   2|OWNERINDEX=  49|LINEWIDTH=1|LOCATIONCOUNT=2|X1=510|X2=510|Y1=405|Y2=415|
RECORD= 6|LINENO= 103|OWNERPARTID=   2|OWNERINDEX=  49|LINEWIDTH=1|LOCATIONCOUNT=2|X1=470|X2=470|Y1=345|Y2=355|
RECORD= 6|LINENO= 104|OWNERPARTID=   2|OWNERINDEX=  49|LINEWIDTH=1|LOCATIONCOUNT=2|X1=510|X2=510|Y1=355|Y2=345|
RECORD= 6|LINENO= 105|OWNERPARTID=   2|OWNERINDEX=  49|LINEWIDTH=1|LOCATIONCOUNT=3|X1=460|X2=460|X3=470|Y1=425|Y2=385|Y3=385|
RECORD= 6|LINENO= 106|OWNERPARTID=   2|OWNERINDEX=  49|LINEWIDTH=1|LOCATIONCOUNT=3|X1=450|X2=460|X3=460|Y1=375|Y2=375|Y3=325|
RECORD= 6|LINENO= 107|OWNERPARTID=   2|OWNERINDEX=  49|LINEWIDTH=1|LOCATIONCOUNT=2|X1=520|X2=520|Y1=425|Y2=385|
RECORD= 6|LINENO= 108|OWNERPARTID=   2|OWNERINDEX=  49|LINEWIDTH=1|LOCATIONCOUNT=2|X1=520|X2=510|Y1=385|Y2=385|
RECORD= 6|LINENO= 109|OWNERPARTID=   2|OWNERINDEX=  49|LINEWIDTH=1|LOCATIONCOUNT=3|X1=530|X2=520|X3=520|Y1=375|Y2=375|Y3=325|
RECORD=41|LINENO= 110|OWNERPARTID=   0|OWNERINDEX=  49|FONTID=1|ISHIDDEN=T|LOCATION.X=435|LOCATION.Y=442|NAME=Supplier 1|TEXT=Digi-Key|UNIQUEID=QICMSTUH|
RECORD=41|LINENO= 111|OWNERPARTID=   0|OWNERINDEX=  49|FONTID=1|ISHIDDEN=T|LOCATION.X=435|LOCATION.Y=442|NAME=Supplier 2|TEXT=Mouser|UNIQUEID=WYGIXSRV|
RECORD=41|LINENO= 112|OWNERPARTID=   0|OWNERINDEX=  49|FONTID=1|ISHIDDEN=T|LOCATION.X=435|LOCATION.Y=442|NAME=Supplier 3|TEXT=Arrow|UNIQUEID=LPBOZIUK|
RECORD=41|LINENO= 113|OWNERPARTID=   0|OWNERINDEX=  49|FONTID=1|ISHIDDEN=T|LOCATION.X=435|LOCATION.Y=442|NAME=Supplier Part Number 1|TEXT=1727-3578-1-ND|UNIQUEID=VJKHWXPZ|
RECORD=41|LINENO= 114|OWNERPARTID=   0|OWNERINDEX=  49|FONTID=1|ISHIDDEN=T|LOCATION.X=435|LOCATION.Y=442|NAME=Supplier Part Number 2|TEXT=771-IP4220CZ6-T/R|UNIQUEID=WCYGHTTI|
RECORD=41|LINENO= 115|OWNERPARTID=   0|OWNERINDEX=  49|FONTID=1|ISHIDDEN=T|LOCATION.X=435|LOCATION.Y=442|NAME=Supplier Part Number 3|TEXT=IP4220CZ6,125|UNIQUEID=FOAHRWCS|
RECORD=34|LINENO= 116|OWNERPARTID=   0|OWNERINDEX=  49|FONTID=2|LOCATION.X=580|LOCATION.Y=350|NAME=Designator|TEXT=Z1|UNIQUEID=EBRTUGZT|
RECORD=41|LINENO= 117|OWNERPARTID=   0|OWNERINDEX=  49|FONTID=2|LOCATION.X=580|LOCATION.Y=340|NAME=Comment|TEXT=IP4220CZ6,125|UNIQUEID=MUSMRXVZ|
RECORD=44|LINENO= 118|OWNERPARTID= -42|OWNERINDEX=  49|
RECORD=45|LINENO= 119|OWNERPARTID= -42|OWNERINDEX= 118|DATAFILECOUNT=1|DESCRIPTION=SOT23, 6-Leads, Body 2.90x2.75mm, Pitch 0.95mm, IPC Medium Density|ISCURRENT=T|MODELDATAFILEENTITY0=PESD3V3S4UD - SOT95P275X110-6N|MODELDATAFILEKIND0=PCBLib|MODELNAME=PESD3V3S4UD - SOT95P275X110-6N|MODELTYPE=PCBLIB|UNIQUEID=NWPSXRJZ|
RECORD=46|LINENO= 120|OWNERPARTID= -42|OWNERINDEX= 119|
RECORD=48|LINENO= 121|OWNERPARTID= -42|OWNERINDEX= 119|
RECORD= 1|LINENO= 122|OWNERPARTID=   0|OWNERINDEX= -42|ALLPINCOUNT=2|AREACOLOR=11599871|COMPONENTDESCRIPTION=Chip resistor|CURRENTPARTID=1|DESIGNITEMID=Res 22R 1% 0805|DISPLAYMODECOUNT=1|LIBRARYPATH=*|LIBREFERENCE=Res 22R 1% 0805|LOCATION.X=760|LOCATION.Y=490|PARTCOUNT=2|PARTIDLOCKED=T|SOURCELIBRARYNAME=Chip_Passives.SchLib|TARGETFILENAME=*|UNIQUEID=RPZKDCHQ|
RECORD=41|LINENO= 123|OWNERPARTID=   0|OWNERINDEX= 122|FONTID=2|ISHIDDEN=T|LOCATION.X=738|LOCATION.Y=505|NAME=Supplier 1|TEXT=Digi-Key|UNIQUEID=EOUTDQHC|
RECORD=41|LINENO= 124|OWNERPARTID=   0|OWNERINDEX= 122|FONTID=2|ISHIDDEN=T|LOCATION.X=738|LOCATION.Y=515|NAME=Supplier 2|TEXT=Arrow|UNIQUEID=DQVJKAMT|
RECORD=41|LINENO= 125|OWNERPARTID=   0|OWNERINDEX= 122|FONTID=2|ISHIDDEN=T|LOCATION.X=738|LOCATION.Y=505|NAME=Supplier Part Number 1|TEXT=RMCF0805FT22R0CT-ND|UNIQUEID=VNZXBMID|
RECORD=41|LINENO= 126|OWNERPARTID=   0|OWNERINDEX= 122|FONTID=2|ISHIDDEN=T|LOCATION.X=738|LOCATION.Y=515|NAME=Supplier Part Number 2|TEXT=RMCF0805FT22R0|UNIQUEID=IVZDEDZK|
RECORD= 2|LINENO= 127|OWNERPARTID=   2|OWNERINDEX= 122|%UTF8%SWAPIDPART=Â¦&Â¦|DESIGNATOR=1|ELECTRICAL=4|FORMALTYPE=1|LOCATION.X=760|LOCATION.Y=480|NAME=1|PINCONGLOMERATE=34|PINLENGTH=10|PINPROPAGATIONDELAY=0.000000E+000|SWAPIDPART=Ž&Ž|UNIQUEID=RNFYHNHD|
RECORD=41|LINENO= 128|OWNERPARTID=   0|OWNERINDEX= 127|FONTID=1|ISHIDDEN=T|LOCATION.X=760|LOCATION.Y=480|NAME=PinUniqueId|TEXT=RNFYHNHD|UNIQUEID=YGPXTGBH|
RECORD= 2|LINENO= 129|OWNERPARTID=   2|OWNERINDEX= 122|%UTF8%SWAPIDPART=Â¦&Â¦|DESIGNATOR=2|ELECTRICAL=4|FORMALTYPE=1|LOCATION.X=780|LOCATION.Y=480|NAME=2|PINCONGLOMERATE=32|PINLENGTH=10|PINPROPAGATIONDELAY=0.000000E+000|SWAPIDPART=Ž&Ž|UNIQUEID=OWYPKPFW|
RECORD=41|LINENO= 130|OWNERPARTID=   0|OWNERINDEX= 129|FONTID=1|ISHIDDEN=T|LOCATION.X=780|LOCATION.Y=480|NAME=PinUniqueId|TEXT=OWYPKPFW|UNIQUEID=XDTDUKDL|
RECORD= 6|LINENO= 131|OWNERPARTID=   2|OWNERINDEX= 122|LINEWIDTH=1|LOCATIONCOUNT=8|X1=764|X2=765|X3=767|X4=769|X5=771|X6=773|X7=775|X8=776|Y1=480|Y2=482|Y3=478|Y4=482|Y5=478|Y6=482|Y7=478|Y8=480|
RECORD= 6|LINENO= 132|OWNERPARTID=   2|OWNERINDEX= 122|LINEWIDTH=1|LOCATIONCOUNT=2|X1=760|X2=764|Y1=480|Y2=480|
RECORD= 6|LINENO= 133|OWNERPARTID=   2|OWNERINDEX= 122|LINEWIDTH=1|LOCATIONCOUNT=2|X1=776|X2=780|Y1=480|Y2=480|
RECORD=41|LINENO= 134|OWNERPARTID=   0|OWNERINDEX= 122|FONTID=2|LOCATION.X=759|LOCATION.Y=457|NAME=Value|TEXT=22R 1%|UNIQUEID=PFWKDFSS|
RECORD=34|LINENO= 135|OWNERPARTID=   0|OWNERINDEX= 122|FONTID=2|LOCATION.X=759|LOCATION.Y=483|NAME=Designator|TEXT=R7|UNIQUEID=QLRXUOMI|
RECORD=41|LINENO= 136|OWNERPARTID=   0|OWNERINDEX= 122|FONTID=2|LOCATION.X=759|LOCATION.Y=467|NAME=Comment|TEXT=0805|UNIQUEID=FWIENSTS|
RECORD=44|LINENO= 137|OWNERPARTID= -42|OWNERINDEX= 122|
RECORD=45|LINENO= 138|OWNERPARTID= -42|OWNERINDEX= 137|DATAFILECOUNT=1|DESCRIPTION=Chip Capacitor, 2-Leads, Body 2.0x1.3mm, IPC Medium Density|ISCURRENT=T|MODELDATAFILEENTITY0=0805|MODELDATAFILEKIND0=PCBLib|MODELNAME=0805|MODELTYPE=PCBLIB|UNIQUEID=GRLIQDXZ|
RECORD=46|LINENO= 139|OWNERPARTID= -42|OWNERINDEX= 138|
RECORD=48|LINENO= 140|OWNERPARTID= -42|OWNERINDEX= 138|
RECORD=17|LINENO= 141|OWNERPARTID=   0|OWNERINDEX= -42|FONTID=2|LOCATION.X=490|LOCATION.Y=310|ORIENTATION=3|SHOWNETNAME=T|STYLE=4|TEXT=GND|UNIQUEID=NIALCLQW|
RECORD=18|LINENO= 142|OWNERPARTID=   0|OWNERINDEX= -42|ALIGNMENT=1|AREACOLOR=8454143|FONTID=2|HEIGHT=10|IOTYPE=3|LOCATION.X=800|LOCATION.Y=520|NAME=D-|TEXTCOLOR=128|UNIQUEID=KJABBNJW|WIDTH=40|
RECORD=18|LINENO= 143|OWNERPARTID=   0|OWNERINDEX= -42|ALIGNMENT=1|AREACOLOR=8454143|FONTID=2|HEIGHT=10|IOTYPE=3|LOCATION.X=800|LOCATION.Y=480|NAME=D+|TEXTCOLOR=128|UNIQUEID=DXDKWHBK|WIDTH=40|
RECORD=18|LINENO= 144|OWNERPARTID=   0|OWNERINDEX= -42|ALIGNMENT=1|AREACOLOR=8454143|FONTID=2|HEIGHT=10|IOTYPE=1|LOCATION.X=790|LOCATION.Y=600|NAME=V_USB|TEXTCOLOR=128|UNIQUEID=EHFFTOFM|WIDTH=50|
RECORD=28|LINENO= 145|OWNERPARTID=   0|OWNERINDEX= -42|ALIGNMENT=1|AREACOLOR=16777215|CLIPTORECT=T|CORNER.X=440|CORNER.Y=320|FONTID=2|ISSOLID=T|LOCATION.X=350|LOCATION.Y=230|TEXT=This neato device protects the mouse from ESD. It should be more than adequate for this relatively tame application.|TEXTMARGIN_FRAC=5|WORDWRAP=T|
RECORD=41|LINENO= 146|OWNERPARTID=   0|OWNERINDEX= -42|FONTID=2|ISHIDDEN=T|NAME=ConfigurationParameters|UNIQUEID=EYPVIDFH|
RECORD=41|LINENO= 147|OWNERPARTID=   0|OWNERINDEX= -42|FONTID=2|ISHIDDEN=T|NAME=ConfiguratorName|UNIQUEID=OCGNOCWM|
RECORD=41|LINENO= 148|OWNERPARTID=   0|OWNERINDEX= -42|FONTID=2|ISHIDDEN=T|NAME=VersionControl_RevNumber|UNIQUEID=PPDJVLPK|
RECORD=41|LINENO= 149|OWNERPARTID=   0|OWNERINDEX= -42|FONTID=2|ISHIDDEN=T|NAME=IsUserConfigurable|UNIQUEID=DENBIDOG|
RECORD=41|LINENO= 150|OWNERPARTID=   0|OWNERINDEX= -42|FONTID=2|ISHIDDEN=T|NAME=VersionControl_ProjFolderRevNumber|UNIQUEID=GWEAOCGP|
RECORD= 1|LINENO= 151|OWNERPARTID=   0|OWNERINDEX= -42|ALLPINCOUNT=2|AREACOLOR=11599871|COMPONENTDESCRIPTION=FERRITE BEAD 600 OHM 0805 1LN|CURRENTPARTID=1|DESIGNITEMID=ACML-0805-601-T|DISPLAYMODECOUNT=1|LIBRARYPATH=*|LIBREFERENCE=ACML-0805-601-T|LOCATION.X=630|LOCATION.Y=610|PARTCOUNT=2|PARTIDLOCKED=T|SOURCELIBRARYNAME=Chip_Passives.SchLib|TARGETFILENAME=*|UNIQUEID=ADTZCRYT|
RECORD=41|LINENO= 152|OWNERPARTID=   0|OWNERINDEX= 151|FONTID=2|ISHIDDEN=T|LOCATION.X=618|LOCATION.Y=625|NAME=Supplier 1|TEXT=Digi-Key|UNIQUEID=AQRMOEOC|
RECORD=41|LINENO= 153|OWNERPARTID=   0|OWNERINDEX= 151|FONTID=2|ISHIDDEN=T|LOCATION.X=618|LOCATION.Y=625|NAME=Supplier Part Number 1|TEXT=535-12556-1-ND|UNIQUEID=KETQCZVQ|
RECORD= 2|LINENO= 154|OWNERPARTID=   2|OWNERINDEX= 151|%UTF8%SWAPIDPART=Â¦&Â¦|DESIGNATOR=1|ELECTRICAL=4|FORMALTYPE=1|LOCATION.X=630|LOCATION.Y=600|NAME=1|PINCONGLOMERATE=34|PINLENGTH=10|PINPROPAGATIONDELAY=0.000000E+000|SWAPIDPART=Ž&Ž|UNIQUEID=NYTOYEVQ|
RECORD=41|LINENO= 155|OWNERPARTID=   0|OWNERINDEX= 154|FONTID=1|ISHIDDEN=T|LOCATION.X=630|LOCATION.Y=600|NAME=PinUniqueId|TEXT=NYTOYEVQ|UNIQUEID=DZMAJWUR|
RECORD= 2|LINENO= 156|OWNERPARTID=   2|OWNERINDEX= 151|%UTF8%SWAPIDPART=Â¦&Â¦|DESIGNATOR=2|ELECTRICAL=4|FORMALTYPE=1|LOCATION.X=650|LOCATION.Y=600|NAME=2|PINCONGLOMERATE=32|PINLENGTH=10|PINPROPAGATIONDELAY=0.000000E+000|SWAPIDPART=Ž&Ž|UNIQUEID=IIBQMXMS|
RECORD=41|LINENO= 157|OWNERPARTID=   0|OWNERINDEX= 156|FONTID=1|ISHIDDEN=T|LOCATION.X=650|LOCATION.Y=600|NAME=PinUniqueId|TEXT=IIBQMXMS|UNIQUEID=CNOOLREN|
RECORD= 6|LINENO= 158|OWNERPARTID=   2|OWNERINDEX= 151|LINEWIDTH=1|LOCATIONCOUNT=2|X1=630|X2=635|Y1=600|Y2=600|
RECORD= 8|LINENO= 159|OWNERPARTID=   2|OWNERINDEX= 151|AREACOLOR=12632256|LINEWIDTH=1|LOCATION.X=635|LOCATION.Y=600|RADIUS=2|SECONDARYRADIUS=4|
RECORD= 8|LINENO= 160|OWNERPARTID=   2|OWNERINDEX= 151|AREACOLOR=12632256|LINEWIDTH=1|LOCATION.X=645|LOCATION.Y=600|RADIUS=2|SECONDARYRADIUS=4|
RECORD= 6|LINENO= 161|OWNERPARTID=   2|OWNERINDEX= 151|LINEWIDTH=1|LOCATIONCOUNT=2|X1=635|X2=645|Y1=604|Y2=604|
RECORD= 6|LINENO= 162|OWNERPARTID=   2|OWNERINDEX= 151|LINEWIDTH=1|LOCATIONCOUNT=2|X1=645|X2=635|Y1=596|Y2=596|
RECORD= 6|LINENO= 163|OWNERPARTID=   2|OWNERINDEX= 151|LINEWIDTH=1|LOCATIONCOUNT=2|X1=647|X2=650|Y1=600|Y2=600|
RECORD=41|LINENO= 164|OWNERPARTID=   0|OWNERINDEX= 151|FONTID=1|ISHIDDEN=T|LOCATION.X=618|LOCATION.Y=610|NAME=Value|TEXT=Ferrite Bead 600R|UNIQUEID=EOTGHHSY|
RECORD=34|LINENO= 165|OWNERPARTID=   0|OWNERINDEX= 151|FONTID=2|LOCATION.X=660|LOCATION.Y=600|NAME=Designator|TEXT=FB1|UNIQUEID=APRKQOMZ|
RECORD=41|LINENO= 166|OWNERPARTID=   0|OWNERINDEX= 151|FONTID=2|LOCATION.X=660|LOCATION.Y=590|NAME=Comment|TEXT=ACML-0805-601-T|UNIQUEID=XOFBPDLV|
RECORD=44|LINENO= 167|OWNERPARTID= -42|OWNERINDEX= 151|
RECORD=45|LINENO= 168|OWNERPARTID= -42|OWNERINDEX= 167|DATAFILECOUNT=1|DESCRIPTION=Chip Capacitor, 2-Leads, Body 2.0x1.3mm, IPC Medium Density|ISCURRENT=T|MODELDATAFILEENTITY0=0805|MODELDATAFILEKIND0=PCBLib|MODELNAME=0805|MODELTYPE=PCBLIB|UNIQUEID=KDINNAXI|
RECORD=46|LINENO= 169|OWNERPARTID= -42|OWNERINDEX= 168|
RECORD=48|LINENO= 170|OWNERPARTID= -42|OWNERINDEX= 168|
RECORD= 1|LINENO= 171|OWNERPARTID=   0|OWNERINDEX= -42|ALLPINCOUNT=2|AREACOLOR=11599871|COMPONENTDESCRIPTION=FERRITE BEAD 600 OHM 0805 1LN|CURRENTPARTID=1|DESIGNITEMID=ACML-0805-601-T|DISPLAYMODECOUNT=1|LIBRARYPATH=*|LIBREFERENCE=ACML-0805-601-T|LOCATION.X=630|LOCATION.Y=530|PARTCOUNT=2|PARTIDLOCKED=T|SOURCELIBRARYNAME=Chip_Passives.SchLib|TARGETFILENAME=*|UNIQUEID=UBEFDYPN|
RECORD=41|LINENO= 172|OWNERPARTID=   0|OWNERINDEX= 171|FONTID=2|ISHIDDEN=T|LOCATION.X=618|LOCATION.Y=545|NAME=Supplier 1|TEXT=Digi-Key|UNIQUEID=OTRRCFYY|
RECORD=41|LINENO= 173|OWNERPARTID=   0|OWNERINDEX= 171|FONTID=2|ISHIDDEN=T|LOCATION.X=618|LOCATION.Y=545|NAME=Supplier Part Number 1|TEXT=535-12556-1-ND|UNIQUEID=YUZLXFBY|
RECORD= 2|LINENO= 174|OWNERPARTID=   2|OWNERINDEX= 171|%UTF8%SWAPIDPART=Â¦&Â¦|DESIGNATOR=1|ELECTRICAL=4|FORMALTYPE=1|LOCATION.X=630|LOCATION.Y=520|NAME=1|PINCONGLOMERATE=34|PINLENGTH=10|PINPROPAGATIONDELAY=0.000000E+000|SWAPIDPART=Ž&Ž|UNIQUEID=SXKORWKS|
RECORD=41|LINENO= 175|OWNERPARTID=   0|OWNERINDEX= 174|FONTID=1|ISHIDDEN=T|LOCATION.X=630|LOCATION.Y=520|NAME=PinUniqueId|TEXT=SXKORWKS|UNIQUEID=IQYKAWXB|
RECORD= 2|LINENO= 176|OWNERPARTID=   2|OWNERINDEX= 171|%UTF8%SWAPIDPART=Â¦&Â¦|DESIGNATOR=2|ELECTRICAL=4|FORMALTYPE=1|LOCATION.X=650|LOCATION.Y=520|NAME=2|PINCONGLOMERATE=32|PINLENGTH=10|PINPROPAGATIONDELAY=0.000000E+000|SWAPIDPART=Ž&Ž|UNIQUEID=VKYEBNJG|
RECORD=41|LINENO= 177|OWNERPARTID=   0|OWNERINDEX= 176|FONTID=1|ISHIDDEN=T|LOCATION.X=650|LOCATION.Y=520|NAME=PinUniqueId|TEXT=VKYEBNJG|UNIQUEID=PRHYLZTS|
RECORD= 6|LINENO= 178|OWNERPARTID=   2|OWNERINDEX= 171|LINEWIDTH=1|LOCATIONCOUNT=2|X1=630|X2=635|Y1=520|Y2=520|
RECORD= 8|LINENO= 179|OWNERPARTID=   2|OWNERINDEX= 171|AREACOLOR=12632256|LINEWIDTH=1|LOCATION.X=635|LOCATION.Y=520|RADIUS=2|SECONDARYRADIUS=4|
RECORD= 8|LINENO= 180|OWNERPARTID=   2|OWNERINDEX= 171|AREACOLOR=12632256|LINEWIDTH=1|LOCATION.X=645|LOCATION.Y=520|RADIUS=2|SECONDARYRADIUS=4|
RECORD= 6|LINENO= 181|OWNERPARTID=   2|OWNERINDEX= 171|LINEWIDTH=1|LOCATIONCOUNT=2|X1=635|X2=645|Y1=524|Y2=524|
RECORD= 6|LINENO= 182|OWNERPARTID=   2|OWNERINDEX= 171|LINEWIDTH=1|LOCATIONCOUNT=2|X1=645|X2=635|Y1=516|Y2=516|
RECORD= 6|LINENO= 183|OWNERPARTID=   2|OWNERINDEX= 171|LINEWIDTH=1|LOCATIONCOUNT=2|X1=647|X2=650|Y1=520|Y2=520|
RECORD=41|LINENO= 184|OWNERPARTID=   0|OWNERINDEX= 171|FONTID=1|ISHIDDEN=T|LOCATION.X=618|LOCATION.Y=530|NAME=Value|TEXT=Ferrite Bead 600R|UNIQUEID=FQPEFQZZ|
RECORD=34|LINENO= 185|OWNERPARTID=   0|OWNERINDEX= 171|FONTID=2|LOCATION.X=660|LOCATION.Y=520|NAME=Designator|TEXT=FB2|UNIQUEID=UOHYWTQF|
RECORD=41|LINENO= 186|OWNERPARTID=   0|OWNERINDEX= 171|FONTID=2|LOCATION.X=660|LOCATION.Y=510|NAME=Comment|TEXT=ACML-0805-601-T|UNIQUEID=NCWHLYGR|
RECORD=44|LINENO= 187|OWNERPARTID= -42|OWNERINDEX= 171|
RECORD=45|LINENO= 188|OWNERPARTID= -42|OWNERINDEX= 187|DATAFILECOUNT=1|DESCRIPTION=Chip Capacitor, 2-Leads, Body 2.0x1.3mm, IPC Medium Density|ISCURRENT=T|MODELDATAFILEENTITY0=0805|MODELDATAFILEKIND0=PCBLib|MODELNAME=0805|MODELTYPE=PCBLIB|UNIQUEID=EZEFTGAO|
RECORD=46|LINENO= 189|OWNERPARTID= -42|OWNERINDEX= 188|
RECORD=48|LINENO= 190|OWNERPARTID= -42|OWNERINDEX= 188|
RECORD= 1|LINENO= 191|OWNERPARTID=   0|OWNERINDEX= -42|ALLPINCOUNT=2|AREACOLOR=11599871|COMPONENTDESCRIPTION=FERRITE BEAD 600 OHM 0805 1LN|CURRENTPARTID=1|DESIGNITEMID=ACML-0805-601-T|DISPLAYMODECOUNT=1|LIBRARYPATH=*|LIBREFERENCE=ACML-0805-601-T|LOCATION.X=630|LOCATION.Y=490|PARTCOUNT=2|PARTIDLOCKED=T|SOURCELIBRARYNAME=Chip_Passives.SchLib|TARGETFILENAME=*|UNIQUEID=JYVRHTWL|
RECORD=41|LINENO= 192|OWNERPARTID=   0|OWNERINDEX= 191|FONTID=2|ISHIDDEN=T|LOCATION.X=618|LOCATION.Y=505|NAME=Supplier 1|TEXT=Digi-Key|UNIQUEID=WFPXRGUY|
RECORD=41|LINENO= 193|OWNERPARTID=   0|OWNERINDEX= 191|FONTID=2|ISHIDDEN=T|LOCATION.X=618|LOCATION.Y=505|NAME=Supplier Part Number 1|TEXT=535-12556-1-ND|UNIQUEID=FBXIPCQI|
RECORD= 2|LINENO= 194|OWNERPARTID=   2|OWNERINDEX= 191|%UTF8%SWAPIDPART=Â¦&Â¦|DESIGNATOR=1|ELECTRICAL=4|FORMALTYPE=1|LOCATION.X=630|LOCATION.Y=480|NAME=1|PINCONGLOMERATE=34|PINLENGTH=10|PINPROPAGATIONDELAY=0.000000E+000|SWAPIDPART=Ž&Ž|UNIQUEID=NEEDXKCA|
RECORD=41|LINENO= 195|OWNERPARTID=   0|OWNERINDEX= 194|FONTID=1|ISHIDDEN=T|LOCATION.X=630|LOCATION.Y=480|NAME=PinUniqueId|TEXT=NEEDXKCA|UNIQUEID=VTDGBNEC|
RECORD= 2|LINENO= 196|OWNERPARTID=   2|OWNERINDEX= 191|%UTF8%SWAPIDPART=Â¦&Â¦|DESIGNATOR=2|ELECTRICAL=4|FORMALTYPE=1|LOCATION.X=650|LOCATION.Y=480|NAME=2|PINCONGLOMERATE=32|PINLENGTH=10|PINPROPAGATIONDELAY=0.000000E+000|SWAPIDPART=Ž&Ž|UNIQUEID=UFLCSQMO|
RECORD=41|LINENO= 197|OWNERPARTID=   0|OWNERINDEX= 196|FONTID=1|ISHIDDEN=T|LOCATION.X=650|LOCATION.Y=480|NAME=PinUniqueId|TEXT=UFLCSQMO|UNIQUEID=MYUFSNVG|
RECORD= 6|LINENO= 198|OWNERPARTID=   2|OWNERINDEX= 191|LINEWIDTH=1|LOCATIONCOUNT=2|X1=630|X2=635|Y1=480|Y2=480|
RECORD= 8|LINENO= 199|OWNERPARTID=   2|OWNERINDEX= 191|AREACOLOR=12632256|LINEWIDTH=1|LOCATION.X=635|LOCATION.Y=480|RADIUS=2|SECONDARYRADIUS=4|
RECORD= 8|LINENO= 200|OWNERPARTID=   2|OWNERINDEX= 191|AREACOLOR=12632256|LINEWIDTH=1|LOCATION.X=645|LOCATION.Y=480|RADIUS=2|SECONDARYRADIUS=4|
RECORD= 6|LINENO= 201|OWNERPARTID=   2|OWNERINDEX= 191|LINEWIDTH=1|LOCATIONCOUNT=2|X1=635|X2=645|Y1=484|Y2=484|
RECORD= 6|LINENO= 202|OWNERPARTID=   2|OWNERINDEX= 191|LINEWIDTH=1|LOCATIONCOUNT=2|X1=645|X2=635|Y1=476|Y2=476|
RECORD= 6|LINENO= 203|OWNERPARTID=   2|OWNERINDEX= 191|LINEWIDTH=1|LOCATIONCOUNT=2|X1=647|X2=650|Y1=480|Y2=480|
RECORD=41|LINENO= 204|OWNERPARTID=   0|OWNERINDEX= 191|FONTID=1|ISHIDDEN=T|LOCATION.X=618|LOCATION.Y=490|NAME=Value|TEXT=Ferrite Bead 600R|UNIQUEID=IHMVTLOR|
RECORD=34|LINENO= 205|OWNERPARTID=   0|OWNERINDEX= 191|FONTID=2|LOCATION.X=660|LOCATION.Y=480|NAME=Designator|TEXT=FB3|UNIQUEID=RPLRXOWH|
RECORD=41|LINENO= 206|OWNERPARTID=   0|OWNERINDEX= 191|FONTID=2|LOCATION.X=660|LOCATION.Y=470|NAME=Comment|TEXT=ACML-0805-601-T|UNIQUEID=VELGMVZM|
RECORD=44|LINENO= 207|OWNERPARTID= -42|OWNERINDEX= 191|
RECORD=45|LINENO= 208|OWNERPARTID= -42|OWNERINDEX= 207|DATAFILECOUNT=1|DESCRIPTION=Chip Capacitor, 2-Leads, Body 2.0x1.3mm, IPC Medium Density|ISCURRENT=T|MODELDATAFILEENTITY0=0805|MODELDATAFILEKIND0=PCBLib|MODELNAME=0805|MODELTYPE=PCBLIB|UNIQUEID=OBUXADIQ|
RECORD=46|LINENO= 209|OWNERPARTID= -42|OWNERINDEX= 208|
RECORD=48|LINENO= 210|OWNERPARTID= -42|OWNERINDEX= 208|
RECORD=41|LINENO= 211|OWNERPARTID=   0|OWNERINDEX= -42|FONTID=1|ISHIDDEN=T|NAME=CurrentTime|TEXT=*|UNIQUEID=VGQSHTQR|
RECORD=41|LINENO= 212|OWNERPARTID=   0|OWNERINDEX= -42|FONTID=1|ISHIDDEN=T|NAME=CurrentDate|TEXT=*|UNIQUEID=LVKEFWPL|
RECORD=41|LINENO= 213|OWNERPARTID=   0|OWNERINDEX= -42|FONTID=1|ISHIDDEN=T|NAME=Time|TEXT=*|UNIQUEID=HRNXBHKV|
RECORD=41|LINENO= 214|OWNERPARTID=   0|OWNERINDEX= -42|FONTID=1|ISHIDDEN=T|NAME=Date|TEXT=*|UNIQUEID=SFAWIKFK|
RECORD=41|LINENO= 215|OWNERPARTID=   0|OWNERINDEX= -42|FONTID=1|ISHIDDEN=T|NAME=DocumentFullPathAndName|TEXT=*|UNIQUEID=OMDJBWPO|
RECORD=41|LINENO= 216|OWNERPARTID=   0|OWNERINDEX= -42|FONTID=1|ISHIDDEN=T|NAME=DocumentName|TEXT=*|UNIQUEID=BVQSIRLW|
RECORD=41|LINENO= 217|OWNERPARTID=   0|OWNERINDEX= -42|FONTID=1|ISHIDDEN=T|NAME=ModifiedDate|TEXT=*|UNIQUEID=WVWTQWPH|
RECORD=41|LINENO= 218|OWNERPARTID=   0|OWNERINDEX= -42|FONTID=1|ISHIDDEN=T|NAME=ApprovedBy|TEXT=*|UNIQUEID=EIKNJUEN|
RECORD=41|LINENO= 219|OWNERPARTID=   0|OWNERINDEX= -42|FONTID=1|ISHIDDEN=T|NAME=CheckedBy|TEXT=*|UNIQUEID=UMRPJDAQ|
RECORD=41|LINENO= 220|OWNERPARTID=   0|OWNERINDEX= -42|FONTID=1|ISHIDDEN=T|NAME=Author|TEXT=*|UNIQUEID=CBQGFDVG|
RECORD=41|LINENO= 221|OWNERPARTID=   0|OWNERINDEX= -42|FONTID=1|ISHIDDEN=T|NAME=CompanyName|TEXT=Ploopy Corporation|UNIQUEID=VJUUMRXK|
RECORD=41|LINENO= 222|OWNERPARTID=   0|OWNERINDEX= -42|FONTID=1|ISHIDDEN=T|NAME=DrawnBy|TEXT=*|UNIQUEID=OTKVQVCA|
RECORD=41|LINENO= 223|OWNERPARTID=   0|OWNERINDEX= -42|FONTID=1|ISHIDDEN=T|NAME=Engineer|TEXT=*|UNIQUEID=GWHUWYAO|
RECORD=41|LINENO= 224|OWNERPARTID=   0|OWNERINDEX= -42|FONTID=1|ISHIDDEN=T|NAME=Organization|TEXT=Ploopy Corporation|UNIQUEID=AYOHLKSX|
RECORD=41|LINENO= 225|OWNERPARTID=   0|OWNERINDEX= -42|FONTID=1|ISHIDDEN=T|NAME=Address1|TEXT=137-1140 Burnhamthorpe Road W|UNIQUEID=RMCOMOSC|
RECORD=41|LINENO= 226|OWNERPARTID=   0|OWNERINDEX= -42|FONTID=1|ISHIDDEN=T|NAME=Address2|TEXT=Mississauga|UNIQUEID=AJWKUWYC|
RECORD=41|LINENO= 227|OWNERPARTID=   0|OWNERINDEX= -42|FONTID=1|ISHIDDEN=T|NAME=Address3|TEXT=Ontario|UNIQUEID=VXEJGGPW|
RECORD=41|LINENO= 228|OWNERPARTID=   0|OWNERINDEX= -42|FONTID=1|ISHIDDEN=T|NAME=Address4|TEXT=Canada L5C 0A3|UNIQUEID=BGJWFPPM|
RECORD=41|LINENO= 229|OWNERPARTID=   0|OWNERINDEX= -42|FONTID=1|ISHIDDEN=T|NAME=Title|TEXT=*|UNIQUEID=HYUTPTGW|
RECORD=41|LINENO= 230|OWNERPARTID=   0|OWNERINDEX= -42|FONTID=1|ISHIDDEN=T|NAME=DocumentNumber|TEXT=2|UNIQUEID=JAIFAHFE|
RECORD=41|LINENO= 231|OWNERPARTID=   0|OWNERINDEX= -42|FONTID=1|ISHIDDEN=T|NAME=Revision|TEXT=R1.001|UNIQUEID=XNRPGDSU|
RECORD=41|LINENO= 232|OWNERPARTID=   0|OWNERINDEX= -42|FONTID=1|ISHIDDEN=T|NAME=SheetNumber|TEXT=2|UNIQUEID=IPRPETIV|
RECORD=41|LINENO= 233|OWNERPARTID=   0|OWNERINDEX= -42|FONTID=1|ISHIDDEN=T|NAME=SheetTotal|TEXT=5|UNIQUEID=WIFYVAQF|
RECORD=41|LINENO= 234|OWNERPARTID=   0|OWNERINDEX= -42|FONTID=1|ISHIDDEN=T|NAME=ImagePath|TEXT=*|UNIQUEID=MUYWIVXH|
RECORD=41|LINENO= 235|OWNERPARTID=   0|OWNERINDEX= -42|FONTID=1|ISHIDDEN=T|NAME=Rule|TEXT=*|UNIQUEID=DYJVEULM|
RECORD=41|LINENO= 236|OWNERPARTID=   0|OWNERINDEX= -42|FONTID=1|ISHIDDEN=T|NAME=ProjectName|TEXT=*|UNIQUEID=LUAWAGRB|
RECORD=41|LINENO= 237|OWNERPARTID=   0|OWNERINDEX= -42|FONTID=1|ISHIDDEN=T|NAME=Application_BuildNumber|TEXT=*|UNIQUEID=DGMYSHII|
RECORD= 1|LINENO= 238|OWNERPARTID=   0|OWNERINDEX= -42|ALLPINCOUNT=6|AREACOLOR=11599871|COMPONENTDESCRIPTION=CONN RCPT USB2.0 MICRO B SMD R/A|CURRENTPARTID=1|DESIGNITEMID=10118192-0001LF|DISPLAYMODECOUNT=1|ISMIRRORED=T|LIBRARYPATH=*|LIBREFERENCE=10118192-0001LF|LOCATION.X=320|LOCATION.Y=560|PARTCOUNT=2|PARTIDLOCKED=F|SOURCELIBRARYNAME=Connectors.SchLib|TARGETFILENAME=*|UNIQUEID=LOSKEOXM|
RECORD=14|LINENO= 239|OWNERPARTID=   2|OWNERINDEX= 238|AREACOLOR=11599871|CORNER.X=340|CORNER.Y=610|ISSOLID=T|LOCATION.X=280|LOCATION.Y=510|
RECORD= 2|LINENO= 240|OWNERPARTID=   2|OWNERINDEX= 238|DESIGNATOR=1|ELECTRICAL=4|FORMALTYPE=1|LOCATION.X=340|LOCATION.Y=600|NAME=Vcc (red)|PINCONGLOMERATE=56|PINLENGTH=30|PINPROPAGATIONDELAY=0.000000E+000|UNIQUEID=ZRURUTPX|
RECORD=41|LINENO= 241|OWNERPARTID=   0|OWNERINDEX= 240|FONTID=1|ISHIDDEN=T|LOCATION.X=340|LOCATION.Y=600|NAME=PinUniqueId|TEXT=ZRURUTPX|UNIQUEID=YFUDLTLH|
RECORD= 2|LINENO= 242|OWNERPARTID=   2|OWNERINDEX= 238|DESIGNATOR=2|ELECTRICAL=4|FORMALTYPE=1|LOCATION.X=340|LOCATION.Y=580|NAME=D- (white)|PINCONGLOMERATE=56|PINLENGTH=30|PINPROPAGATIONDELAY=0.000000E+000|UNIQUEID=JOREIRHZ|
RECORD=41|LINENO= 243|OWNERPARTID=   0|OWNERINDEX= 242|FONTID=1|ISHIDDEN=T|LOCATION.X=340|LOCATION.Y=580|NAME=PinUniqueId|TEXT=JOREIRHZ|UNIQUEID=BKKRPVFC|
RECORD= 2|LINENO= 244|OWNERPARTID=   2|OWNERINDEX= 238|DESIGNATOR=3|ELECTRICAL=4|FORMALTYPE=1|LOCATION.X=340|LOCATION.Y=570|NAME=D+ (green)|PINCONGLOMERATE=56|PINLENGTH=30|PINPROPAGATIONDELAY=0.000000E+000|UNIQUEID=JBBXYAWG|
RECORD=41|LINENO= 245|OWNERPARTID=   0|OWNERINDEX= 244|FONTID=1|ISHIDDEN=T|LOCATION.X=340|LOCATION.Y=570|NAME=PinUniqueId|TEXT=JBBXYAWG|UNIQUEID=TVSSOXMV|
RECORD= 2|LINENO= 246|OWNERPARTID=   2|OWNERINDEX= 238|DESIGNATOR=4|ELECTRICAL=4|FORMALTYPE=1|LOCATION.X=340|LOCATION.Y=560|NAME=UID|PINCONGLOMERATE=56|PINLENGTH=30|PINPROPAGATIONDELAY=0.000000E+000|UNIQUEID=QLWOWCNX|
RECORD=41|LINENO= 247|OWNERPARTID=   0|OWNERINDEX= 246|FONTID=1|ISHIDDEN=T|LOCATION.X=340|LOCATION.Y=560|NAME=PinUniqueId|TEXT=QLWOWCNX|UNIQUEID=LWXBBSIC|
RECORD= 2|LINENO= 248|OWNERPARTID=   2|OWNERINDEX= 238|DESIGNATOR=5|ELECTRICAL=4|FORMALTYPE=1|LOCATION.X=340|LOCATION.Y=540|NAME=GND|PINCONGLOMERATE=56|PINLENGTH=30|PINPROPAGATIONDELAY=0.000000E+000|UNIQUEID=FDGPKGJS|
RECORD=41|LINENO= 249|OWNERPARTID=   0|OWNERINDEX= 248|FONTID=1|ISHIDDEN=T|LOCATION.X=340|LOCATION.Y=540|NAME=PinUniqueId|TEXT=FDGPKGJS|UNIQUEID=WAZFFQHB|
RECORD= 2|LINENO= 250|OWNERPARTID=   2|OWNERINDEX= 238|DESIGNATOR=6|ELECTRICAL=4|FORMALTYPE=1|LOCATION.X=340|LOCATION.Y=520|NAME=SHIELD|PINCONGLOMERATE=56|PINLENGTH=30|PINPROPAGATIONDELAY=0.000000E+000|UNIQUEID=YUBQXSDP|
RECORD=41|LINENO= 251|OWNERPARTID=   0|OWNERINDEX= 250|FONTID=1|ISHIDDEN=T|LOCATION.X=340|LOCATION.Y=520|NAME=PinUniqueId|TEXT=YUBQXSDP|UNIQUEID=HVFQDNNQ|
RECORD=34|LINENO= 252|OWNERPARTID=   0|OWNERINDEX= 238|FONTID=2|ISMIRRORED=T|LOCATION.X=280|LOCATION.Y=610|NAME=Designator|TEXT=J2|UNIQUEID=XOMWGITY|
RECORD=41|LINENO= 253|OWNERPARTID=   0|OWNERINDEX= 238|FONTID=2|ISMIRRORED=T|LOCATION.X=280|LOCATION.Y=500|NAME=Comment|TEXT=10118192-0001LF|UNIQUEID=VNBIWBBG|
RECORD=44|LINENO= 254|OWNERPARTID= -42|OWNERINDEX= 238|
RECORD=45|LINENO= 255|OWNERPARTID= -42|OWNERINDEX= 254|DATAFILECOUNT=1|ISCURRENT=T|MODELDATAFILEENTITY0=10118192-0001LF|MODELDATAFILEKIND0=PCBLib|MODELNAME=10118192-0001LF|MODELTYPE=PCBLIB|UNIQUEID=GFOVYHGS|
RECORD=46|LINENO= 256|OWNERPARTID= -42|OWNERINDEX= 255|
RECORD=48|LINENO= 257|OWNERPARTID= -42|OWNERINDEX= 255|
RECORD=17|LINENO= 258|OWNERPARTID=   0|OWNERINDEX= -42|FONTID=2|LOCATION.X=380|LOCATION.Y=510|ORIENTATION=3|SHOWNETNAME=T|STYLE=4|TEXT=GND|UNIQUEID=JETBAGLY|
RECORD=27|LINENO= 259|OWNERPARTID=   0|OWNERINDEX= -42|LINEWIDTH=1|LOCATIONCOUNT=7|UNIQUEID=IGIRUWIG|X1=370|X2=420|X3=420|X4=570|X5=610|X6=610|X7=620|Y1=570|Y2=570|Y3=510|Y4=510|Y5=510|Y6=480|Y7=480|
RECORD=27|LINENO= 260|OWNERPARTID=   0|OWNERINDEX= -42|LINEWIDTH=1|LOCATIONCOUNT=5|UNIQUEID=EYQCFCSC|X1=620|X2=560|X3=430|X4=430|X5=370|Y1=520|Y2=520|Y3=520|Y4=580|Y5=580|
RECORD=27|LINENO= 261|OWNERPARTID=   0|OWNERINDEX= -42|LINEWIDTH=1|LOCATIONCOUNT=5|UNIQUEID=JZQNSNXF|X1=370|X2=460|X3=490|X4=520|X5=620|Y1=600|Y2=600|Y3=600|Y4=600|Y5=600|
RECORD=27|LINENO= 262|OWNERPARTID=   0|OWNERINDEX= -42|LINEWIDTH=1|LOCATIONCOUNT=4|UNIQUEID=RHBXHZJL|X1=570|X2=570|X3=460|X4=460|Y1=510|Y2=270|Y3=270|Y4=310|
RECORD=27|LINENO= 263|OWNERPARTID=   0|OWNERINDEX= -42|LINEWIDTH=1|LOCATIONCOUNT=4|UNIQUEID=ITJFULBO|X1=560|X2=560|X3=520|X4=520|Y1=520|Y2=300|Y3=300|Y4=310|
RECORD=27|LINENO= 264|OWNERPARTID=   0|OWNERINDEX= -42|LINEWIDTH=1|LOCATIONCOUNT=2|UNIQUEID=GYCEOJUW|X1=660|X2=750|Y1=480|Y2=480|
RECORD=27|LINENO= 265|OWNERPARTID=   0|OWNERINDEX= -42|LINEWIDTH=1|LOCATIONCOUNT=2|UNIQUEID=OIQIMKRY|X1=660|X2=750|Y1=520|Y2=520|
RECORD=27|LINENO= 266|OWNERPARTID=   0|OWNERINDEX= -42|LINEWIDTH=1|LOCATIONCOUNT=2|UNIQUEID=VVAIDUBV|X1=660|X2=790|Y1=600|Y2=600|
RECORD=27|LINENO= 267|OWNERPARTID=   0|OWNERINDEX= -42|LINEWIDTH=1|LOCATIONCOUNT=2|UNIQUEID=CBVHEJBG|X1=790|X2=800|Y1=480|Y2=480|
RECORD=27|LINENO= 268|OWNERPARTID=   0|OWNERINDEX= -42|LINEWIDTH=1|LOCATIONCOUNT=2|UNIQUEID=UESYLESZ|X1=800|X2=790|Y1=520|Y2=520|
RECORD=27|LINENO= 269|OWNERPARTID=   0|OWNERINDEX= -42|LINEWIDTH=1|LOCATIONCOUNT=2|UNIQUEID=IIZDOWJD|X1=490|X2=490|Y1=440|Y2=600|
RECORD=27|LINENO= 270|OWNERPARTID=   0|OWNERINDEX= -42|LINEWIDTH=1|LOCATIONCOUNT=2|UNIQUEID=OUMEKMXV|X1=460|X2=460|Y1=440|Y2=600|
RECORD=27|LINENO= 271|OWNERPARTID=   0|OWNERINDEX= -42|LINEWIDTH=1|LOCATIONCOUNT=2|UNIQUEID=MJHHOSMH|X1=520|X2=520|Y1=440|Y2=600|
RECORD=27|LINENO= 272|OWNERPARTID=   0|OWNERINDEX= -42|LINEWIDTH=1|LOCATIONCOUNT=3|UNIQUEID=EFCQECHH|X1=370|X2=380|X3=380|Y1=520|Y2=520|Y3=510|
RECORD=27|LINENO= 273|OWNERPARTID=   0|OWNERINDEX= -42|LINEWIDTH=1|LOCATIONCOUNT=3|UNIQUEID=NNKHDUZX|X1=370|X2=380|X3=380|Y1=540|Y2=540|Y3=520|
RECORD=41|LINENO= 274|OWNERPARTID=   0|OWNERINDEX= -42|FONTID=1|ISHIDDEN=T|NAME=SPICEModelCache|UNIQUEID=OFUYOENX|
RECORD=29|LINENO= 275|OWNERPARTID=   0|OWNERINDEX= -42|LOCATION.X=380|LOCATION.Y=520|
RECORD=29|LINENO= 276|OWNERPARTID=   0|OWNERINDEX= -42|LOCATION.X=460|LOCATION.Y=600|
RECORD=29|LINENO= 277|OWNERPARTID=   0|OWNERINDEX= -42|LOCATION.X=490|LOCATION.Y=600|
RECORD=29|LINENO= 278|OWNERPARTID=   0|OWNERINDEX= -42|LOCATION.X=520|LOCATION.Y=600|
RECORD=29|LINENO= 279|OWNERPARTID=   0|OWNERINDEX= -42|LOCATION.X=560|LOCATION.Y=520|
RECORD=29|LINENO= 280|OWNERPARTID=   0|OWNERINDEX= -42|LOCATION.X=570|LOCATION.Y=510|
