RECORD=-42|LINENO=   0|OWNERPARTID= -42|OWNERINDEX= -42|HEADER=Protel for Windows - Schematic Capture Binary File Version 5.0|MINORVERSION=2|UNIQUEID=AOPNPQXE|WEIGHT=603|
RECORD=31|LINENO=   1|OWNERPARTID= -42|OWNERINDEX= -42|AREACOLOR=16777215|BORDERON=T|CUSTOMX=1000|CUSTOMY=800|DISPLAY_UNIT=0|FONTIDCOUNT=9|FONTNAME1=Times New Roman|FONTNAME2=Avenir LT 55 Roman|FONTNAME3=Avenir LT 65 Medium|FONTNAME4=Avenir LT 65 Medium|FONTNAME5=Avenir LT 55 Roman|FONTNAME6=Avenir LT 65 Medium|FONTNAME7=Avenir LT 65 Medium|FONTNAME8=Avenir LT 55 Roman|FONTNAME9=Avenir LT 55 Roman|HOTSPOTGRIDON=T|HOTSPOTGRIDSIZE=4|ISBOC=T|ROTATION8=90|SHEETNUMBERSPACESIZE=12|SHEETSTYLE=11|SHOWTEMPLATEGRAPHICS=T|SIZE1=10|SIZE2=10|SIZE3=14|SIZE4=13|SIZE5=9|SIZE6=11|SIZE7=11|SIZE8=10|SIZE9=7|SNAPGRIDON=T|SNAPGRIDSIZE=10|SYSTEMFONT=2|TEMPLATEFILENAME=C:\Repos\Nomist\electrical\SupportFiles\AltiumTemplates\B.SchDot|UNDERLINE7=T|USEMBCS=T|VISIBLEGRIDON=T|VISIBLEGRIDSIZE=10|
RECORD=39|LINENO=   2|OWNERPARTID=   0|OWNERINDEX= -42|FILENAME=C:\Repos\Nomist\electrical\SupportFiles\AltiumTemplates\B.SchDot|
RECORD= 4|LINENO=   3|OWNERPARTID=   0|OWNERINDEX=   2|FONTID=5|LOCATION.X=1193|LOCATION.Y=20|TEXT==sheetnumber|
RECORD= 4|LINENO=   4|OWNERPARTID=   0|OWNERINDEX=   2|FONTID=4|LOCATION.X=1250|LOCATION.Y=53|TEXT=Ploopy Corporation|
RECORD= 4|LINENO=   5|OWNERPARTID=   0|OWNERINDEX=   2|FONTID=5|LOCATION.X=1250|LOCATION.Y=33|TEXT=Mississauga ON L5C 0A3|
RECORD= 4|LINENO=   6|OWNERPARTID=   0|OWNERINDEX=   2|FONTID=5|LOCATION.X=1220|LOCATION.Y=20|TEXT==sheettotal|
RECORD= 4|LINENO=   7|OWNERPARTID=   0|OWNERINDEX=   2|FONTID=3|LOCATION.X=988|LOCATION.Y=54|TEXT==DocumentName|
RECORD= 4|LINENO=   8|OWNERPARTID=   0|OWNERINDEX=   2|FONTID=5|LOCATION.X=1204|LOCATION.Y=34|TEXT==revision|
RECORD= 4|LINENO=   9|OWNERPARTID=   0|OWNERINDEX=   2|FONTID=5|LOCATION.X=990|LOCATION.Y=20|TEXT==CurrentDate|
RECORD= 4|LINENO=  10|OWNERPARTID=   0|OWNERINDEX=   2|FONTID=5|LOCATION.X=1065|LOCATION.Y=20|TEXT==CurrentTime|
RECORD= 6|LINENO=  11|OWNERPARTID=   0|OWNERINDEX=   2|LOCATIONCOUNT=3|X1=1380|X2=960|X3=960|Y1=70|Y2=70|Y3=20|
RECORD= 6|LINENO=  12|OWNERPARTID=   0|OWNERINDEX=   2|LOCATIONCOUNT=2|X1=960|X2=1240|Y1=50|Y2=50|
RECORD= 6|LINENO=  13|OWNERPARTID=   0|OWNERINDEX=   2|LOCATIONCOUNT=2|X1=1165|X2=1165|Y1=50|Y2=20|
RECORD= 4|LINENO=  14|OWNERPARTID=   0|OWNERINDEX=   2|FONTID=5|LOCATION.X=965|LOCATION.Y=55|TEXT=Title:|
RECORD= 4|LINENO=  15|OWNERPARTID=   0|OWNERINDEX=   2|FONTID=5|LOCATION.X=965|LOCATION.Y=20|TEXT=Date:|
RECORD= 4|LINENO=  16|OWNERPARTID=   0|OWNERINDEX=   2|FONTID=5|LOCATION.X=1170|LOCATION.Y=35|TEXT=Version:|
RECORD= 4|LINENO=  17|OWNERPARTID=   0|OWNERINDEX=   2|FONTID=5|LOCATION.X=1170|LOCATION.Y=20|TEXT=Sheet|
RECORD= 4|LINENO=  18|OWNERPARTID=   0|OWNERINDEX=   2|FONTID=5|LOCATION.X=1208|LOCATION.Y=20|TEXT=of|
RECORD= 6|LINENO=  19|OWNERPARTID=   0|OWNERINDEX=   2|LOCATIONCOUNT=2|X1=1240|X2=1240|Y1=70|Y2=20|
RECORD= 4|LINENO=  20|OWNERPARTID=   0|OWNERINDEX=   2|FONTID=5|LOCATION.X=1040|LOCATION.Y=20|TEXT=Time:|
RECORD= 6|LINENO=  21|OWNERPARTID=   0|OWNERINDEX=   2|LOCATIONCOUNT=2|X1=960|X2=1240|Y1=30|Y2=30|
RECORD= 4|LINENO=  22|OWNERPARTID=   0|OWNERINDEX=   2|FONTID=5|LOCATION.X=965|LOCATION.Y=35|TEXT=PCB:|
RECORD= 6|LINENO=  23|OWNERPARTID=   0|OWNERINDEX=   2|LOCATIONCOUNT=3|X1=960|X2=780|X3=780|Y1=70|Y2=70|Y3=20|
RECORD= 4|LINENO=  24|OWNERPARTID=   0|OWNERINDEX=   2|FONTID=4|LOCATION.X=988|LOCATION.Y=34|TEXT==ProjectName|
RECORD= 4|LINENO=  25|OWNERPARTID=   0|OWNERINDEX=   2|FONTID=6|LOCATION.X=790|LOCATION.Y=53|TEXT=Copyright Ploopy Corporation 2021|
RECORD= 4|LINENO=  26|OWNERPARTID=   0|OWNERINDEX=   2|FONTID=5|LOCATION.X=1250|LOCATION.Y=43|TEXT=137-1140 Burnhamthorpe Road W|
RECORD= 4|LINENO=  27|OWNERPARTID=   0|OWNERINDEX=   2|FONTID=5|LOCATION.X=1250|LOCATION.Y=23|TEXT=Canada|
RECORD= 4|LINENO=  28|OWNERPARTID=   0|OWNERINDEX=   2|FONTID=6|LOCATION.X=790|LOCATION.Y=40|TEXT=Licensed under the CERN OHL v. 1.2|
RECORD= 4|LINENO=  29|OWNERPARTID=   0|OWNERINDEX=   2|FONTID=7|LOCATION.X=790|LOCATION.Y=30|TEXT=http://ohwr.org/cernohl|URL=http://ohwr.org/cernohl|
RECORD=41|LINENO=  30|OWNERPARTID=   0|OWNERINDEX= -42|FONTID=2|ISHIDDEN=T|NAME=ConfigurationParameters|UNIQUEID=PBWWRYOT|
RECORD=41|LINENO=  31|OWNERPARTID=   0|OWNERINDEX= -42|FONTID=2|ISHIDDEN=T|NAME=ConfiguratorName|UNIQUEID=CCGRETLB|
RECORD=41|LINENO=  32|OWNERPARTID=   0|OWNERINDEX= -42|FONTID=2|ISHIDDEN=T|NAME=VersionControl_RevNumber|UNIQUEID=GQNDEKAN|
RECORD=41|LINENO=  33|OWNERPARTID=   0|OWNERINDEX= -42|FONTID=2|ISHIDDEN=T|NAME=IsUserConfigurable|UNIQUEID=MOWLKXUE|
RECORD=41|LINENO=  34|OWNERPARTID=   0|OWNERINDEX= -42|FONTID=2|ISHIDDEN=T|NAME=PageSetup|UNIQUEID=STBYHROH|
RECORD= 1|LINENO=  35|OWNERPARTID=   0|OWNERINDEX= -42|ALLPINCOUNT=44|AREACOLOR=11599871|COMPONENTDESCRIPTION=IC MCU 8BIT 32KB FLASH 44TQFP|CURRENTPARTID=1|DESIGNITEMID=ATMEGA32U4RC-AU|DISPLAYMODECOUNT=1|LIBRARYPATH=*|LIBREFERENCE=ATMEGA32U4RC-AU|LOCATION.X=630|LOCATION.Y=400|PARTCOUNT=2|PARTIDLOCKED=F|SOURCELIBRARYNAME=MCUs.SchLib|TARGETFILENAME=*|UNIQUEID=ZUIDGLUG|
RECORD=41|LINENO=  36|OWNERPARTID=   0|OWNERINDEX=  35|FONTID=2|ISHIDDEN=T|LOCATION.X=630|LOCATION.Y=400|NAME=PNP-Nzl|TEXT=6|UNIQUEID=QDFKBADR|
RECORD=41|LINENO=  37|OWNERPARTID=   0|OWNERINDEX=  35|FONTID=2|ISHIDDEN=T|LOCATION.X=630|LOCATION.Y=400|NAME=PNP-dx|TEXT=0|UNIQUEID=YIWBUIDT|
RECORD=41|LINENO=  38|OWNERPARTID=   0|OWNERINDEX=  35|FONTID=2|ISHIDDEN=T|LOCATION.X=630|LOCATION.Y=400|NAME=PNP-dy|TEXT=0|UNIQUEID=XRWHWJCU|
RECORD=41|LINENO=  39|OWNERPARTID=   0|OWNERINDEX=  35|FONTID=2|ISHIDDEN=T|LOCATION.X=630|LOCATION.Y=400|NAME=PNP-X|TEXT=12|UNIQUEID=PEWNTKVB|
RECORD=41|LINENO=  40|OWNERPARTID=   0|OWNERINDEX=  35|FONTID=2|ISHIDDEN=T|LOCATION.X=630|LOCATION.Y=400|NAME=PNP-Y|TEXT=12|UNIQUEID=QWEUKGCB|
RECORD=41|LINENO=  41|OWNERPARTID=   0|OWNERINDEX=  35|FONTID=2|ISHIDDEN=T|LOCATION.X=630|LOCATION.Y=400|NAME=PNP-A|TEXT=270|UNIQUEID=RWQQXHNQ|
RECORD=41|LINENO=  42|OWNERPARTID=   0|OWNERINDEX=  35|FONTID=2|ISHIDDEN=T|LOCATION.X=630|LOCATION.Y=400|NAME=PNP-Pt|TEXT=1|UNIQUEID=RPGOPMKG|
RECORD=41|LINENO=  43|OWNERPARTID=   0|OWNERINDEX=  35|FONTID=2|ISHIDDEN=T|LOCATION.X=630|LOCATION.Y=400|NAME=PNP-W|TEXT=0.1|UNIQUEID=AKVXDPYN|
RECORD=41|LINENO=  44|OWNERPARTID=   0|OWNERINDEX=  35|FONTID=2|ISHIDDEN=T|LOCATION.X=630|LOCATION.Y=400|NAME=PNP-Thk|TEXT=1.6|UNIQUEID=MVLXEJIQ|
RECORD=41|LINENO=  45|OWNERPARTID=   0|OWNERINDEX=  35|FONTID=2|ISHIDDEN=T|LOCATION.X=630|LOCATION.Y=400|NAME=PNP-Lv|TEXT=126|UNIQUEID=OVQZTMWH|
RECORD=41|LINENO=  46|OWNERPARTID=   0|OWNERINDEX=  35|FONTID=2|ISHIDDEN=T|LOCATION.X=630|LOCATION.Y=400|NAME=PNP-TS|TEXT=70|UNIQUEID=QGWDDHMD|
RECORD=41|LINENO=  47|OWNERPARTID=   0|OWNERINDEX=  35|FONTID=2|ISHIDDEN=T|LOCATION.X=630|LOCATION.Y=400|NAME=PNP-Level|TEXT=1.2|UNIQUEID=MXTZLFYB|
RECORD=41|LINENO=  48|OWNERPARTID=   0|OWNERINDEX=  35|FONTID=2|ISHIDDEN=T|LOCATION.X=630|LOCATION.Y=400|NAME=PNP-Type|TEXT=QFP|UNIQUEID=YCDCWQMI|
RECORD=41|LINENO=  49|OWNERPARTID=   0|OWNERINDEX=  35|FONTID=2|ISHIDDEN=T|LOCATION.X=630|LOCATION.Y=400|NAME=PNP-Voff|TEXT=0|UNIQUEID=GQZUWLMO|
RECORD=41|LINENO=  50|OWNERPARTID=   0|OWNERINDEX=  35|FONTID=2|ISHIDDEN=T|LOCATION.X=630|LOCATION.Y=400|NAME=PNP-FeedType|TEXT=Tray|UNIQUEID=ONGXSUKF|
RECORD=41|LINENO=  51|OWNERPARTID=   0|OWNERINDEX=  35|FONTID=2|ISHIDDEN=T|LOCATION.X=630|LOCATION.Y=400|NAME=PNP-TapeWidth|UNIQUEID=IHKGQJEJ|
RECORD=41|LINENO=  52|OWNERPARTID=   0|OWNERINDEX=  35|FONTID=2|ISHIDDEN=T|LOCATION.X=630|LOCATION.Y=400|NAME=PNP-PlacePriority|TEXT=3|UNIQUEID=WOARJULA|
RECORD=41|LINENO=  53|OWNERPARTID=   0|OWNERINDEX=  35|FONTID=2|ISHIDDEN=T|LOCATION.X=630|LOCATION.Y=400|NAME=PNP-TapeIndex|UNIQUEID=TOWNHSGB|
RECORD=41|LINENO=  54|OWNERPARTID=   0|OWNERINDEX=  35|FONTID=1|ISHIDDEN=T|LOCATION.X=630|LOCATION.Y=400|NAME=PNP-da|TEXT=0|UNIQUEID=KELXZAIE|
RECORD=41|LINENO=  55|OWNERPARTID=   0|OWNERINDEX=  35|FONTID=2|ISHIDDEN=T|LOCATION.X=488|LOCATION.Y=660|NAME=Supplier 1|TEXT=Digi-Key|UNIQUEID=SXUOFGRX|
RECORD=41|LINENO=  56|OWNERPARTID=   0|OWNERINDEX=  35|FONTID=2|ISHIDDEN=T|LOCATION.X=488|LOCATION.Y=670|NAME=Supplier 2|TEXT=Mouser|UNIQUEID=LQXHKVEU|
RECORD=41|LINENO=  57|OWNERPARTID=   0|OWNERINDEX=  35|FONTID=2|ISHIDDEN=T|LOCATION.X=488|LOCATION.Y=680|NAME=Supplier 3|TEXT=Arrow|UNIQUEID=CFDEXXXP|
RECORD=41|LINENO=  58|OWNERPARTID=   0|OWNERINDEX=  35|FONTID=2|ISHIDDEN=T|LOCATION.X=488|LOCATION.Y=660|NAME=Supplier Part Number 1|TEXT=ATMEGA32U4RC-AU-ND|UNIQUEID=AJVLXHJW|
RECORD=41|LINENO=  59|OWNERPARTID=   0|OWNERINDEX=  35|FONTID=2|ISHIDDEN=T|LOCATION.X=488|LOCATION.Y=670|NAME=Supplier Part Number 2|TEXT=556-ATMEGA32U4RC-AU|UNIQUEID=FWYLZWUN|
RECORD=41|LINENO=  60|OWNERPARTID=   0|OWNERINDEX=  35|FONTID=2|ISHIDDEN=T|LOCATION.X=488|LOCATION.Y=680|NAME=Supplier Part Number 3|TEXT=ATMEGA32U4RC-AU|UNIQUEID=WYBRVYQP|
RECORD=14|LINENO=  61|OWNERPARTID=   2|OWNERINDEX=  35|AREACOLOR=11599871|CORNER.X=830|CORNER.Y=660|ISSOLID=T|LOCATION.X=520|LOCATION.Y=140|
RECORD= 2|LINENO=  62|OWNERPARTID=   2|OWNERINDEX=  35|DESIGNATOR=1|ELECTRICAL=1|FORMALTYPE=1|LOCATION.X=830|LOCATION.Y=410|NAME=PE6 (INT6/AIN0)|PINCONGLOMERATE=56|PINLENGTH=30|PINPROPAGATIONDELAY=0.000000E+000|UNIQUEID=XXQGSQRE|
RECORD=41|LINENO=  63|OWNERPARTID=   0|OWNERINDEX=  62|FONTID=1|ISHIDDEN=T|LOCATION.X=830|LOCATION.Y=410|NAME=PinUniqueId|TEXT=XXQGSQRE|UNIQUEID=DFYBNLOZ|
RECORD= 2|LINENO=  64|OWNERPARTID=   2|OWNERINDEX=  35|DESIGNATOR=2|ELECTRICAL=7|FORMALTYPE=1|LOCATION.X=520|LOCATION.Y=650|NAME=UVcc|PINCONGLOMERATE=58|PINLENGTH=30|PINPROPAGATIONDELAY=0.000000E+000|UNIQUEID=ASEBIMLB|
RECORD=41|LINENO=  65|OWNERPARTID=   0|OWNERINDEX=  64|FONTID=1|ISHIDDEN=T|LOCATION.X=520|LOCATION.Y=650|NAME=PinUniqueId|TEXT=ASEBIMLB|UNIQUEID=OPHJLGPR|
RECORD= 2|LINENO=  66|OWNERPARTID=   2|OWNERINDEX=  35|DESIGNATOR=3|ELECTRICAL=1|FORMALTYPE=1|LOCATION.X=520|LOCATION.Y=630|NAME=D-|PINCONGLOMERATE=58|PINLENGTH=30|PINPROPAGATIONDELAY=0.000000E+000|UNIQUEID=VWGHJAKV|
RECORD=41|LINENO=  67|OWNERPARTID=   0|OWNERINDEX=  66|FONTID=1|ISHIDDEN=T|LOCATION.X=520|LOCATION.Y=630|NAME=PinUniqueId|TEXT=VWGHJAKV|UNIQUEID=NCVOOOOE|
RECORD= 2|LINENO=  68|OWNERPARTID=   2|OWNERINDEX=  35|DESIGNATOR=4|ELECTRICAL=1|FORMALTYPE=1|LOCATION.X=520|LOCATION.Y=610|NAME=D+|PINCONGLOMERATE=58|PINLENGTH=30|PINPROPAGATIONDELAY=0.000000E+000|UNIQUEID=XFUOLUZK|
RECORD=41|LINENO=  69|OWNERPARTID=   0|OWNERINDEX=  68|FONTID=1|ISHIDDEN=T|LOCATION.X=520|LOCATION.Y=610|NAME=PinUniqueId|TEXT=XFUOLUZK|UNIQUEID=MBTAAYNS|
RECORD= 2|LINENO=  70|OWNERPARTID=   2|OWNERINDEX=  35|DESIGNATOR=5|ELECTRICAL=4|FORMALTYPE=1|LOCATION.X=520|LOCATION.Y=590|NAME=UGND|PINCONGLOMERATE=58|PINLENGTH=30|PINPROPAGATIONDELAY=0.000000E+000|UNIQUEID=DNEZXUDX|
RECORD=41|LINENO=  71|OWNERPARTID=   0|OWNERINDEX=  70|FONTID=1|ISHIDDEN=T|LOCATION.X=520|LOCATION.Y=590|NAME=PinUniqueId|TEXT=DNEZXUDX|UNIQUEID=NLSPZEFQ|
RECORD= 2|LINENO=  72|OWNERPARTID=   2|OWNERINDEX=  35|DESIGNATOR=6|ELECTRICAL=4|FORMALTYPE=1|LOCATION.X=520|LOCATION.Y=550|NAME=UCAP|PINCONGLOMERATE=58|PINLENGTH=30|PINPROPAGATIONDELAY=0.000000E+000|UNIQUEID=YOSLGNBZ|
RECORD=41|LINENO=  73|OWNERPARTID=   0|OWNERINDEX=  72|FONTID=1|ISHIDDEN=T|LOCATION.X=520|LOCATION.Y=550|NAME=PinUniqueId|TEXT=YOSLGNBZ|UNIQUEID=HSTGDESW|
RECORD= 2|LINENO=  74|OWNERPARTID=   2|OWNERINDEX=  35|DESIGNATOR=7|ELECTRICAL=7|FORMALTYPE=1|LOCATION.X=520|LOCATION.Y=530|NAME=VBUS|PINCONGLOMERATE=58|PINLENGTH=30|PINPROPAGATIONDELAY=0.000000E+000|UNIQUEID=FMQKDCGW|
RECORD=41|LINENO=  75|OWNERPARTID=   0|OWNERINDEX=  74|FONTID=1|ISHIDDEN=T|LOCATION.X=520|LOCATION.Y=530|NAME=PinUniqueId|TEXT=FMQKDCGW|UNIQUEID=FCSRAHWP|
RECORD= 2|LINENO=  76|OWNERPARTID=   2|OWNERINDEX=  35|DESIGNATOR=8|ELECTRICAL=1|FORMALTYPE=1|LOCATION.X=830|LOCATION.Y=650|NAME=PB0 (SS/PCINT0)|PINCONGLOMERATE=56|PINLENGTH=30|PINPROPAGATIONDELAY=0.000000E+000|UNIQUEID=NUIMVDSG|
RECORD=41|LINENO=  77|OWNERPARTID=   0|OWNERINDEX=  76|FONTID=1|ISHIDDEN=T|LOCATION.X=830|LOCATION.Y=650|NAME=PinUniqueId|TEXT=NUIMVDSG|UNIQUEID=QTPMRNYQ|
RECORD= 2|LINENO=  78|OWNERPARTID=   2|OWNERINDEX=  35|DESIGNATOR=9|ELECTRICAL=1|FORMALTYPE=1|LOCATION.X=830|LOCATION.Y=640|NAME=PB1 (PCINT1/SCLK)|PINCONGLOMERATE=56|PINLENGTH=30|PINPROPAGATIONDELAY=0.000000E+000|UNIQUEID=STXVHMEB|
RECORD=41|LINENO=  79|OWNERPARTID=   0|OWNERINDEX=  78|FONTID=1|ISHIDDEN=T|LOCATION.X=830|LOCATION.Y=640|NAME=PinUniqueId|TEXT=STXVHMEB|UNIQUEID=COWAOASI|
RECORD= 2|LINENO=  80|OWNERPARTID=   2|OWNERINDEX=  35|DESIGNATOR=10|ELECTRICAL=1|FORMALTYPE=1|LOCATION.X=830|LOCATION.Y=630|NAME=PB2 (PDI/PCINT2/MOSI)|PINCONGLOMERATE=56|PINLENGTH=30|PINPROPAGATIONDELAY=0.000000E+000|UNIQUEID=SJJVIYOK|
RECORD=41|LINENO=  81|OWNERPARTID=   0|OWNERINDEX=  80|FONTID=1|ISHIDDEN=T|LOCATION.X=830|LOCATION.Y=630|NAME=PinUniqueId|TEXT=SJJVIYOK|UNIQUEID=WFHVVHBH|
RECORD= 2|LINENO=  82|OWNERPARTID=   2|OWNERINDEX=  35|DESIGNATOR=11|ELECTRICAL=1|FORMALTYPE=1|LOCATION.X=830|LOCATION.Y=620|NAME=PB3 (PDO/PCINT3/MISO)|PINCONGLOMERATE=56|PINLENGTH=30|PINPROPAGATIONDELAY=0.000000E+000|UNIQUEID=EUJZDPGA|
RECORD=41|LINENO=  83|OWNERPARTID=   0|OWNERINDEX=  82|FONTID=1|ISHIDDEN=T|LOCATION.X=830|LOCATION.Y=620|NAME=PinUniqueId|TEXT=EUJZDPGA|UNIQUEID=JXUXFVRG|
RECORD= 2|LINENO=  84|OWNERPARTID=   2|OWNERINDEX=  35|DESIGNATOR=12|ELECTRICAL=1|FORMALTYPE=1|LOCATION.X=830|LOCATION.Y=570|NAME=PB7 (PCINT7/OC0A/OC1C/R\T\S\)|PINCONGLOMERATE=56|PINLENGTH=30|PINPROPAGATIONDELAY=0.000000E+000|UNIQUEID=GIMCLRBV|
RECORD=41|LINENO=  85|OWNERPARTID=   0|OWNERINDEX=  84|FONTID=1|ISHIDDEN=T|LOCATION.X=830|LOCATION.Y=570|NAME=PinUniqueId|TEXT=GIMCLRBV|UNIQUEID=ODYFPTYU|
RECORD= 2|LINENO=  86|OWNERPARTID=   2|OWNERINDEX=  35|DESIGNATOR=13|FORMALTYPE=1|LOCATION.X=520|LOCATION.Y=450|NAME=R\E\S\E\T\|PINCONGLOMERATE=58|PINLENGTH=30|PINPROPAGATIONDELAY=0.000000E+000|UNIQUEID=VMTNPFRS|
RECORD=41|LINENO=  87|OWNERPARTID=   0|OWNERINDEX=  86|FONTID=1|ISHIDDEN=T|LOCATION.X=520|LOCATION.Y=450|NAME=PinUniqueId|TEXT=VMTNPFRS|UNIQUEID=TCEOHSHF|
RECORD= 2|LINENO=  88|OWNERPARTID=   2|OWNERINDEX=  35|DESIGNATOR=14|ELECTRICAL=7|FORMALTYPE=1|LOCATION.X=830|LOCATION.Y=280|NAME=VCC|PINCONGLOMERATE=56|PINLENGTH=30|PINPROPAGATIONDELAY=0.000000E+000|UNIQUEID=IORUTKOO|
RECORD=41|LINENO=  89|OWNERPARTID=   0|OWNERINDEX=  88|FONTID=1|ISHIDDEN=T|LOCATION.X=830|LOCATION.Y=280|NAME=PinUniqueId|TEXT=IORUTKOO|UNIQUEID=KKUVAATI|
RECORD= 2|LINENO=  90|OWNERPARTID=   2|OWNERINDEX=  35|DESIGNATOR=15|ELECTRICAL=4|FORMALTYPE=1|LOCATION.X=830|LOCATION.Y=250|NAME=GND|PINCONGLOMERATE=56|PINLENGTH=30|PINPROPAGATIONDELAY=0.000000E+000|UNIQUEID=FYIBUTCD|
RECORD=41|LINENO=  91|OWNERPARTID=   0|OWNERINDEX=  90|FONTID=1|ISHIDDEN=T|LOCATION.X=830|LOCATION.Y=250|NAME=PinUniqueId|TEXT=FYIBUTCD|UNIQUEID=RHCTSBLH|
RECORD= 2|LINENO=  92|OWNERPARTID=   2|OWNERINDEX=  35|DESIGNATOR=16|ELECTRICAL=4|FORMALTYPE=1|LOCATION.X=520|LOCATION.Y=430|NAME=XTAL2|PINCONGLOMERATE=58|PINLENGTH=30|PINPROPAGATIONDELAY=0.000000E+000|UNIQUEID=MXOZABPB|
RECORD=41|LINENO=  93|OWNERPARTID=   0|OWNERINDEX=  92|FONTID=1|ISHIDDEN=T|LOCATION.X=520|LOCATION.Y=430|NAME=PinUniqueId|TEXT=MXOZABPB|UNIQUEID=WQLKBMTD|
RECORD= 2|LINENO=  94|OWNERPARTID=   2|OWNERINDEX=  35|DESIGNATOR=17|ELECTRICAL=4|FORMALTYPE=1|LOCATION.X=520|LOCATION.Y=390|NAME=XTAL1|PINCONGLOMERATE=58|PINLENGTH=30|PINPROPAGATIONDELAY=0.000000E+000|UNIQUEID=HNAVFBUY|
RECORD=41|LINENO=  95|OWNERPARTID=   0|OWNERINDEX=  94|FONTID=1|ISHIDDEN=T|LOCATION.X=520|LOCATION.Y=390|NAME=PinUniqueId|TEXT=HNAVFBUY|UNIQUEID=GNCSDNAR|
RECORD= 2|LINENO=  96|OWNERPARTID=   2|OWNERINDEX=  35|DESIGNATOR=18|ELECTRICAL=1|FORMALTYPE=1|LOCATION.X=830|LOCATION.Y=520|NAME=PD0 (OC0B/SCL/INT0)|PINCONGLOMERATE=56|PINLENGTH=30|PINPROPAGATIONDELAY=0.000000E+000|UNIQUEID=CQQOYMGW|
RECORD=41|LINENO=  97|OWNERPARTID=   0|OWNERINDEX=  96|FONTID=1|ISHIDDEN=T|LOCATION.X=830|LOCATION.Y=520|NAME=PinUniqueId|TEXT=CQQOYMGW|UNIQUEID=PPNVAWFN|
RECORD= 2|LINENO=  98|OWNERPARTID=   2|OWNERINDEX=  35|DESIGNATOR=19|ELECTRICAL=1|FORMALTYPE=1|LOCATION.X=830|LOCATION.Y=510|NAME=PD1 (SDA/INT1)|PINCONGLOMERATE=56|PINLENGTH=30|PINPROPAGATIONDELAY=0.000000E+000|UNIQUEID=UXWNIAAC|
RECORD=41|LINENO=  99|OWNERPARTID=   0|OWNERINDEX=  98|FONTID=1|ISHIDDEN=T|LOCATION.X=830|LOCATION.Y=510|NAME=PinUniqueId|TEXT=UXWNIAAC|UNIQUEID=JPOHQFBS|
RECORD= 2|LINENO= 100|OWNERPARTID=   2|OWNERINDEX=  35|DESIGNATOR=20|ELECTRICAL=1|FORMALTYPE=1|LOCATION.X=830|LOCATION.Y=500|NAME=PD2 (RXD1/INT2)|PINCONGLOMERATE=56|PINLENGTH=30|PINPROPAGATIONDELAY=0.000000E+000|UNIQUEID=KPASQSSG|
RECORD=41|LINENO= 101|OWNERPARTID=   0|OWNERINDEX= 100|FONTID=1|ISHIDDEN=T|LOCATION.X=830|LOCATION.Y=500|NAME=PinUniqueId|TEXT=KPASQSSG|UNIQUEID=RWSRGXDY|
RECORD= 2|LINENO= 102|OWNERPARTID=   2|OWNERINDEX=  35|DESIGNATOR=21|ELECTRICAL=1|FORMALTYPE=1|LOCATION.X=830|LOCATION.Y=490|NAME=PD3 (TXD1/INT3)|PINCONGLOMERATE=56|PINLENGTH=30|PINPROPAGATIONDELAY=0.000000E+000|UNIQUEID=YQNFKSJD|
RECORD=41|LINENO= 103|OWNERPARTID=   0|OWNERINDEX= 102|FONTID=1|ISHIDDEN=T|LOCATION.X=830|LOCATION.Y=490|NAME=PinUniqueId|TEXT=YQNFKSJD|UNIQUEID=QRONYBFE|
RECORD= 2|LINENO= 104|OWNERPARTID=   2|OWNERINDEX=  35|DESIGNATOR=22|ELECTRICAL=1|FORMALTYPE=1|LOCATION.X=830|LOCATION.Y=460|NAME=PD5 (XCK1/C\T\S\)|PINCONGLOMERATE=56|PINLENGTH=30|PINPROPAGATIONDELAY=0.000000E+000|UNIQUEID=DJYDCNFA|
RECORD=41|LINENO= 105|OWNERPARTID=   0|OWNERINDEX= 104|FONTID=1|ISHIDDEN=T|LOCATION.X=830|LOCATION.Y=460|NAME=PinUniqueId|TEXT=DJYDCNFA|UNIQUEID=HLECNQHZ|
RECORD= 2|LINENO= 106|OWNERPARTID=   2|OWNERINDEX=  35|DESIGNATOR=23|ELECTRICAL=4|FORMALTYPE=1|LOCATION.X=520|LOCATION.Y=250|NAME=GND|PINCONGLOMERATE=58|PINLENGTH=30|PINPROPAGATIONDELAY=0.000000E+000|UNIQUEID=QSECECSG|
RECORD=41|LINENO= 107|OWNERPARTID=   0|OWNERINDEX= 106|FONTID=1|ISHIDDEN=T|LOCATION.X=520|LOCATION.Y=250|NAME=PinUniqueId|TEXT=QSECECSG|UNIQUEID=KYBMYLNB|
RECORD= 2|LINENO= 108|OWNERPARTID=   2|OWNERINDEX=  35|DESIGNATOR=24|ELECTRICAL=7|FORMALTYPE=1|LOCATION.X=520|LOCATION.Y=280|NAME=AVCC|PINCONGLOMERATE=58|PINLENGTH=30|PINPROPAGATIONDELAY=0.000000E+000|UNIQUEID=NXLPBCHK|
RECORD=41|LINENO= 109|OWNERPARTID=   0|OWNERINDEX= 108|FONTID=1|ISHIDDEN=T|LOCATION.X=520|LOCATION.Y=280|NAME=PinUniqueId|TEXT=NXLPBCHK|UNIQUEID=LJBHUIKS|
RECORD= 2|LINENO= 110|OWNERPARTID=   2|OWNERINDEX=  35|DESIGNATOR=25|ELECTRICAL=1|FORMALTYPE=1|LOCATION.X=830|LOCATION.Y=470|NAME=PD4 (ICP1/ADC8)|PINCONGLOMERATE=56|PINLENGTH=30|PINPROPAGATIONDELAY=0.000000E+000|UNIQUEID=YKPHYAMB|
RECORD=41|LINENO= 111|OWNERPARTID=   0|OWNERINDEX= 110|FONTID=1|ISHIDDEN=T|LOCATION.X=830|LOCATION.Y=470|NAME=PinUniqueId|TEXT=YKPHYAMB|UNIQUEID=MPEJHSOI|
RECORD= 2|LINENO= 112|OWNERPARTID=   2|OWNERINDEX=  35|DESIGNATOR=26|ELECTRICAL=1|FORMALTYPE=1|LOCATION.X=830|LOCATION.Y=450|NAME=PD6 (T1/O\C\4\D\/ADC9)|PINCONGLOMERATE=56|PINLENGTH=30|PINPROPAGATIONDELAY=0.000000E+000|UNIQUEID=NTKYCWZW|
RECORD=41|LINENO= 113|OWNERPARTID=   0|OWNERINDEX= 112|FONTID=1|ISHIDDEN=T|LOCATION.X=830|LOCATION.Y=450|NAME=PinUniqueId|TEXT=NTKYCWZW|UNIQUEID=KJAEAYEB|
RECORD= 2|LINENO= 114|OWNERPARTID=   2|OWNERINDEX=  35|DESIGNATOR=27|ELECTRICAL=1|FORMALTYPE=1|LOCATION.X=830|LOCATION.Y=440|NAME=PD7 (T0/OC4D/ADC10)|PINCONGLOMERATE=56|PINLENGTH=30|PINPROPAGATIONDELAY=0.000000E+000|UNIQUEID=KZBYNPCW|
RECORD=41|LINENO= 115|OWNERPARTID=   0|OWNERINDEX= 114|FONTID=1|ISHIDDEN=T|LOCATION.X=830|LOCATION.Y=440|NAME=PinUniqueId|TEXT=KZBYNPCW|UNIQUEID=PSGHVRAF|
RECORD= 2|LINENO= 116|OWNERPARTID=   2|OWNERINDEX=  35|DESIGNATOR=28|ELECTRICAL=1|FORMALTYPE=1|LOCATION.X=830|LOCATION.Y=600|NAME=PB4 (PCINT4/ADC11)|PINCONGLOMERATE=56|PINLENGTH=30|PINPROPAGATIONDELAY=0.000000E+000|UNIQUEID=YGSMHUCA|
RECORD=41|LINENO= 117|OWNERPARTID=   0|OWNERINDEX= 116|FONTID=1|ISHIDDEN=T|LOCATION.X=830|LOCATION.Y=600|NAME=PinUniqueId|TEXT=YGSMHUCA|UNIQUEID=ENBOAYKY|
RECORD= 2|LINENO= 118|OWNERPARTID=   2|OWNERINDEX=  35|DESIGNATOR=29|ELECTRICAL=1|FORMALTYPE=1|LOCATION.X=830|LOCATION.Y=590|NAME=PB5 (PCINT5/OC1A/O\C\4\B\/ADC12)|PINCONGLOMERATE=56|PINLENGTH=30|PINPROPAGATIONDELAY=0.000000E+000|UNIQUEID=COFSXXBP|
RECORD=41|LINENO= 119|OWNERPARTID=   0|OWNERINDEX= 118|FONTID=1|ISHIDDEN=T|LOCATION.X=830|LOCATION.Y=590|NAME=PinUniqueId|TEXT=COFSXXBP|UNIQUEID=ALQYLYSR|
RECORD= 2|LINENO= 120|OWNERPARTID=   2|OWNERINDEX=  35|DESIGNATOR=30|ELECTRICAL=1|FORMALTYPE=1|LOCATION.X=830|LOCATION.Y=580|NAME=PB6 (PCINT6/OC1B/OC4B/ADC13)|PINCONGLOMERATE=56|PINLENGTH=30|PINPROPAGATIONDELAY=0.000000E+000|UNIQUEID=GDPLSTDQ|
RECORD=41|LINENO= 121|OWNERPARTID=   0|OWNERINDEX= 120|FONTID=1|ISHIDDEN=T|LOCATION.X=830|LOCATION.Y=580|NAME=PinUniqueId|TEXT=GDPLSTDQ|UNIQUEID=JTBOLIAM|
RECORD= 2|LINENO= 122|OWNERPARTID=   2|OWNERINDEX=  35|DESIGNATOR=31|ELECTRICAL=1|FORMALTYPE=1|LOCATION.X=830|LOCATION.Y=550|NAME=PC6 (OC3A/O\C\4\A\)|PINCONGLOMERATE=56|PINLENGTH=30|PINPROPAGATIONDELAY=0.000000E+000|UNIQUEID=YOECBJWI|
RECORD=41|LINENO= 123|OWNERPARTID=   0|OWNERINDEX= 122|FONTID=1|ISHIDDEN=T|LOCATION.X=830|LOCATION.Y=550|NAME=PinUniqueId|TEXT=YOECBJWI|UNIQUEID=FZRCCCWV|
RECORD= 2|LINENO= 124|OWNERPARTID=   2|OWNERINDEX=  35|DESIGNATOR=32|ELECTRICAL=1|FORMALTYPE=1|LOCATION.X=830|LOCATION.Y=540|NAME=PC7 (ICP3/CLK0/OC4A)|PINCONGLOMERATE=56|PINLENGTH=30|PINPROPAGATIONDELAY=0.000000E+000|UNIQUEID=ITJRIAUT|
RECORD=41|LINENO= 125|OWNERPARTID=   0|OWNERINDEX= 124|FONTID=1|ISHIDDEN=T|LOCATION.X=830|LOCATION.Y=540|NAME=PinUniqueId|TEXT=ITJRIAUT|UNIQUEID=PZEURAHL|
RECORD= 2|LINENO= 126|OWNERPARTID=   2|OWNERINDEX=  35|DESIGNATOR=33|ELECTRICAL=1|FORMALTYPE=1|LOCATION.X=830|LOCATION.Y=420|NAME=PE2 (H\W\B\)|PINCONGLOMERATE=56|PINLENGTH=30|PINPROPAGATIONDELAY=0.000000E+000|UNIQUEID=QJWORHYN|
RECORD=41|LINENO= 127|OWNERPARTID=   0|OWNERINDEX= 126|FONTID=1|ISHIDDEN=T|LOCATION.X=830|LOCATION.Y=420|NAME=PinUniqueId|TEXT=QJWORHYN|UNIQUEID=ZBDOIFPQ|
RECORD= 2|LINENO= 128|OWNERPARTID=   2|OWNERINDEX=  35|DESIGNATOR=34|ELECTRICAL=7|FORMALTYPE=1|LOCATION.X=830|LOCATION.Y=180|NAME=VCC|PINCONGLOMERATE=56|PINLENGTH=30|PINPROPAGATIONDELAY=0.000000E+000|UNIQUEID=XLRKAQDE|
RECORD=41|LINENO= 129|OWNERPARTID=   0|OWNERINDEX= 128|FONTID=1|ISHIDDEN=T|LOCATION.X=830|LOCATION.Y=180|NAME=PinUniqueId|TEXT=XLRKAQDE|UNIQUEID=ZOYCPLTV|
RECORD= 2|LINENO= 130|OWNERPARTID=   2|OWNERINDEX=  35|DESIGNATOR=35|ELECTRICAL=4|FORMALTYPE=1|LOCATION.X=830|LOCATION.Y=150|NAME=GND|PINCONGLOMERATE=56|PINLENGTH=30|PINPROPAGATIONDELAY=0.000000E+000|UNIQUEID=DCNSPAZT|
RECORD=41|LINENO= 131|OWNERPARTID=   0|OWNERINDEX= 130|FONTID=1|ISHIDDEN=T|LOCATION.X=830|LOCATION.Y=150|NAME=PinUniqueId|TEXT=DCNSPAZT|UNIQUEID=MOJAGHWX|
RECORD= 2|LINENO= 132|OWNERPARTID=   2|OWNERINDEX=  35|DESIGNATOR=36|ELECTRICAL=1|FORMALTYPE=1|LOCATION.X=830|LOCATION.Y=340|NAME=PF7 (ADC7/TDI)|PINCONGLOMERATE=56|PINLENGTH=30|PINPROPAGATIONDELAY=0.000000E+000|UNIQUEID=SWKDOJHG|
RECORD=41|LINENO= 133|OWNERPARTID=   0|OWNERINDEX= 132|FONTID=1|ISHIDDEN=T|LOCATION.X=830|LOCATION.Y=340|NAME=PinUniqueId|TEXT=SWKDOJHG|UNIQUEID=PUJMTXAJ|
RECORD= 2|LINENO= 134|OWNERPARTID=   2|OWNERINDEX=  35|DESIGNATOR=37|ELECTRICAL=1|FORMALTYPE=1|LOCATION.X=830|LOCATION.Y=350|NAME=PF6 (ADC6/TDO)|PINCONGLOMERATE=56|PINLENGTH=30|PINPROPAGATIONDELAY=0.000000E+000|UNIQUEID=JWUJWPYQ|
RECORD=41|LINENO= 135|OWNERPARTID=   0|OWNERINDEX= 134|FONTID=1|ISHIDDEN=T|LOCATION.X=830|LOCATION.Y=350|NAME=PinUniqueId|TEXT=JWUJWPYQ|UNIQUEID=LQPKEMEZ|
RECORD= 2|LINENO= 136|OWNERPARTID=   2|OWNERINDEX=  35|DESIGNATOR=38|ELECTRICAL=1|FORMALTYPE=1|LOCATION.X=830|LOCATION.Y=360|NAME=PF5 (ADC5/TMS)|PINCONGLOMERATE=56|PINLENGTH=30|PINPROPAGATIONDELAY=0.000000E+000|UNIQUEID=PREPRLIR|
RECORD=41|LINENO= 137|OWNERPARTID=   0|OWNERINDEX= 136|FONTID=1|ISHIDDEN=T|LOCATION.X=830|LOCATION.Y=360|NAME=PinUniqueId|TEXT=PREPRLIR|UNIQUEID=KBCNETGD|
RECORD= 2|LINENO= 138|OWNERPARTID=   2|OWNERINDEX=  35|DESIGNATOR=39|ELECTRICAL=1|FORMALTYPE=1|LOCATION.X=830|LOCATION.Y=370|NAME=PF4 (ADC4/TCK)|PINCONGLOMERATE=56|PINLENGTH=30|PINPROPAGATIONDELAY=0.000000E+000|UNIQUEID=QEOGMBDQ|
RECORD=41|LINENO= 139|OWNERPARTID=   0|OWNERINDEX= 138|FONTID=1|ISHIDDEN=T|LOCATION.X=830|LOCATION.Y=370|NAME=PinUniqueId|TEXT=QEOGMBDQ|UNIQUEID=FJHCQHFR|
RECORD= 2|LINENO= 140|OWNERPARTID=   2|OWNERINDEX=  35|DESIGNATOR=40|ELECTRICAL=1|FORMALTYPE=1|LOCATION.X=830|LOCATION.Y=380|NAME=PF1 (ADC1)|PINCONGLOMERATE=56|PINLENGTH=30|PINPROPAGATIONDELAY=0.000000E+000|UNIQUEID=JDWUXVZN|
RECORD=41|LINENO= 141|OWNERPARTID=   0|OWNERINDEX= 140|FONTID=1|ISHIDDEN=T|LOCATION.X=830|LOCATION.Y=380|NAME=PinUniqueId|TEXT=JDWUXVZN|UNIQUEID=EFZNVDXB|
RECORD= 2|LINENO= 142|OWNERPARTID=   2|OWNERINDEX=  35|DESIGNATOR=41|ELECTRICAL=1|FORMALTYPE=1|LOCATION.X=830|LOCATION.Y=390|NAME=PF0 (ADC0)|PINCONGLOMERATE=56|PINLENGTH=30|PINPROPAGATIONDELAY=0.000000E+000|UNIQUEID=ELBDVUHN|
RECORD=41|LINENO= 143|OWNERPARTID=   0|OWNERINDEX= 142|FONTID=1|ISHIDDEN=T|LOCATION.X=830|LOCATION.Y=390|NAME=PinUniqueId|TEXT=ELBDVUHN|UNIQUEID=OPRZVJRA|
RECORD= 2|LINENO= 144|OWNERPARTID=   2|OWNERINDEX=  35|DESIGNATOR=42|ELECTRICAL=4|FORMALTYPE=1|LOCATION.X=520|LOCATION.Y=300|NAME=AREF|PINCONGLOMERATE=58|PINLENGTH=30|PINPROPAGATIONDELAY=0.000000E+000|UNIQUEID=DXCYVKBG|
RECORD=41|LINENO= 145|OWNERPARTID=   0|OWNERINDEX= 144|FONTID=1|ISHIDDEN=T|LOCATION.X=520|LOCATION.Y=300|NAME=PinUniqueId|TEXT=DXCYVKBG|UNIQUEID=KKQFFJTV|
RECORD= 2|LINENO= 146|OWNERPARTID=   2|OWNERINDEX=  35|DESIGNATOR=43|ELECTRICAL=4|FORMALTYPE=1|LOCATION.X=520|LOCATION.Y=150|NAME=GND|PINCONGLOMERATE=58|PINLENGTH=30|PINPROPAGATIONDELAY=0.000000E+000|UNIQUEID=NSNJVBUH|
RECORD=41|LINENO= 147|OWNERPARTID=   0|OWNERINDEX= 146|FONTID=1|ISHIDDEN=T|LOCATION.X=520|LOCATION.Y=150|NAME=PinUniqueId|TEXT=NSNJVBUH|UNIQUEID=OFHKQYSD|
RECORD= 2|LINENO= 148|OWNERPARTID=   2|OWNERINDEX=  35|DESIGNATOR=44|ELECTRICAL=7|FORMALTYPE=1|LOCATION.X=520|LOCATION.Y=180|NAME=AVCC|PINCONGLOMERATE=58|PINLENGTH=30|PINPROPAGATIONDELAY=0.000000E+000|UNIQUEID=SDZTTDSU|
RECORD=41|LINENO= 149|OWNERPARTID=   0|OWNERINDEX= 148|FONTID=1|ISHIDDEN=T|LOCATION.X=520|LOCATION.Y=180|NAME=PinUniqueId|TEXT=SDZTTDSU|UNIQUEID=KYFYMQDH|
RECORD= 4|LINENO= 150|OWNERPARTID=   2|OWNERINDEX=  35|FONTID=2|LOCATION.X=650|LOCATION.Y=595|TEXT=I/O 8|
RECORD= 4|LINENO= 151|OWNERPARTID=   2|OWNERINDEX=  35|FONTID=2|LOCATION.X=650|LOCATION.Y=585|TEXT=I/O 9|
RECORD= 4|LINENO= 152|OWNERPARTID=   2|OWNERINDEX=  35|FONTID=2|LOCATION.X=650|LOCATION.Y=575|TEXT=I/O 10|
RECORD= 4|LINENO= 153|OWNERPARTID=   2|OWNERINDEX=  35|FONTID=2|LOCATION.X=650|LOCATION.Y=565|TEXT=I/O 11|
RECORD= 4|LINENO= 154|OWNERPARTID=   2|OWNERINDEX=  35|FONTID=2|LOCATION.X=685|LOCATION.Y=545|TEXT=I/O 5|
RECORD= 4|LINENO= 155|OWNERPARTID=   2|OWNERINDEX=  35|FONTID=2|LOCATION.X=685|LOCATION.Y=535|TEXT=I/O 13|
RECORD= 4|LINENO= 156|OWNERPARTID=   2|OWNERINDEX=  35|FONTID=2|LOCATION.X=685|LOCATION.Y=515|TEXT=I/O 3 / SCL|
RECORD= 4|LINENO= 157|OWNERPARTID=   2|OWNERINDEX=  35|FONTID=2|LOCATION.X=685|LOCATION.Y=505|TEXT=I/O 2 / SDA|
RECORD= 4|LINENO= 158|OWNERPARTID=   2|OWNERINDEX=  35|FONTID=2|LOCATION.X=685|LOCATION.Y=495|TEXT=I/O 0 / RX|
RECORD= 4|LINENO= 159|OWNERPARTID=   2|OWNERINDEX=  35|FONTID=2|LOCATION.X=685|LOCATION.Y=485|TEXT=I/O 1 / TX|
RECORD= 4|LINENO= 160|OWNERPARTID=   2|OWNERINDEX=  35|FONTID=2|LOCATION.X=685|LOCATION.Y=465|TEXT=I/O 4|
RECORD= 4|LINENO= 161|OWNERPARTID=   2|OWNERINDEX=  35|FONTID=2|LOCATION.X=685|LOCATION.Y=445|TEXT=I/O 12|
RECORD= 4|LINENO= 162|OWNERPARTID=   2|OWNERINDEX=  35|FONTID=2|LOCATION.X=685|LOCATION.Y=435|TEXT=I/O 6|
RECORD= 4|LINENO= 163|OWNERPARTID=   2|OWNERINDEX=  35|FONTID=2|LOCATION.X=725|LOCATION.Y=405|TEXT=I/O 7|
RECORD= 4|LINENO= 164|OWNERPARTID=   2|OWNERINDEX=  35|FONTID=2|LOCATION.X=725|LOCATION.Y=385|TEXT=A5|
RECORD= 4|LINENO= 165|OWNERPARTID=   2|OWNERINDEX=  35|FONTID=2|LOCATION.X=725|LOCATION.Y=375|TEXT=A4|
RECORD= 4|LINENO= 166|OWNERPARTID=   2|OWNERINDEX=  35|FONTID=2|LOCATION.X=725|LOCATION.Y=365|TEXT=A3|
RECORD= 4|LINENO= 167|OWNERPARTID=   2|OWNERINDEX=  35|FONTID=2|LOCATION.X=725|LOCATION.Y=355|TEXT=A2|
RECORD= 4|LINENO= 168|OWNERPARTID=   2|OWNERINDEX=  35|FONTID=2|LOCATION.X=725|LOCATION.Y=335|TEXT=A0|
RECORD= 4|LINENO= 169|OWNERPARTID=   2|OWNERINDEX=  35|FONTID=2|LOCATION.X=725|LOCATION.Y=345|TEXT=A1|
RECORD=34|LINENO= 170|OWNERPARTID=   0|OWNERINDEX=  35|FONTID=2|LOCATION.X=520|LOCATION.Y=660|NAME=Designator|TEXT=U1|UNIQUEID=EIOWYQGC|
RECORD=41|LINENO= 171|OWNERPARTID=   0|OWNERINDEX=  35|FONTID=2|LOCATION.X=520|LOCATION.Y=130|NAME=Comment|TEXT=ATMEGA32U4RC-AU|UNIQUEID=RVCEDBVG|
RECORD=44|LINENO= 172|OWNERPARTID= -42|OWNERINDEX=  35|
RECORD=45|LINENO= 173|OWNERPARTID= -42|OWNERINDEX= 172|DATAFILECOUNT=1|DESCRIPTION=TQFP, 44-Leads, Body 10.00x10.00mm, Pitch 0.80mm, IPC Medium Density|ISCURRENT=T|MODELDATAFILEENTITY0=ATmega32U4 - TQFP80P1200X1200X120-44N|MODELDATAFILEKIND0=PCBLib|MODELNAME=ATmega32U4 - TQFP80P1200X1200X120-44N|MODELTYPE=PCBLIB|UNIQUEID=SQLFKFVW|
RECORD=46|LINENO= 174|OWNERPARTID= -42|OWNERINDEX= 173|
RECORD=48|LINENO= 175|OWNERPARTID= -42|OWNERINDEX= 173|
RECORD= 1|LINENO= 176|OWNERPARTID=   0|OWNERINDEX= -42|ALLPINCOUNT=6|AREACOLOR=11599871|COMPONENTDESCRIPTION=6-pin 0.100" ICSP header|CURRENTPARTID=1|DESIGNITEMID=Atmel_ICSP|DISPLAYMODECOUNT=1|LIBRARYPATH=*|LIBREFERENCE=Atmel_ICSP|LOCATION.X=850|LOCATION.Y=740|PARTCOUNT=2|PARTIDLOCKED=F|SOURCELIBRARYNAME=Connectors.SchLib|TARGETFILENAME=*|UNIQUEID=KEAJHBCA|
RECORD=41|LINENO= 177|OWNERPARTID=   0|OWNERINDEX= 176|FONTID=2|ISHIDDEN=T|LOCATION.X=818|LOCATION.Y=760|NAME=Supplier 1|TEXT=Digi-Key|UNIQUEID=VIEFZQWQ|
RECORD=41|LINENO= 178|OWNERPARTID=   0|OWNERINDEX= 176|FONTID=2|ISHIDDEN=T|LOCATION.X=818|LOCATION.Y=760|NAME=Supplier Part Number 1|TEXT=S2012EC-03-ND|UNIQUEID=REEKLBKP|
RECORD=14|LINENO= 179|OWNERPARTID=   2|OWNERINDEX= 176|AREACOLOR=11599871|CORNER.X=920|CORNER.Y=760|ISSOLID=T|LOCATION.X=840|LOCATION.Y=720|
RECORD= 2|LINENO= 180|OWNERPARTID=   2|OWNERINDEX= 176|DESIGNATOR=1|ELECTRICAL=4|FORMALTYPE=1|LOCATION.X=840|LOCATION.Y=750|NAME=MISO|PINCONGLOMERATE=58|PINLENGTH=20|PINPROPAGATIONDELAY=0.000000E+000|UNIQUEID=ZIYOWVCI|
RECORD=41|LINENO= 181|OWNERPARTID=   0|OWNERINDEX= 180|FONTID=1|ISHIDDEN=T|LOCATION.X=840|LOCATION.Y=750|NAME=PinUniqueId|TEXT=ZIYOWVCI|UNIQUEID=DAZPCHIW|
RECORD= 2|LINENO= 182|OWNERPARTID=   2|OWNERINDEX= 176|DESIGNATOR=2|ELECTRICAL=4|FORMALTYPE=1|LOCATION.X=920|LOCATION.Y=750|NAME=5V|PINCONGLOMERATE=56|PINLENGTH=20|PINPROPAGATIONDELAY=0.000000E+000|UNIQUEID=IQDQAQXF|
RECORD=41|LINENO= 183|OWNERPARTID=   0|OWNERINDEX= 182|FONTID=1|ISHIDDEN=T|LOCATION.X=920|LOCATION.Y=750|NAME=PinUniqueId|TEXT=IQDQAQXF|UNIQUEID=RHRGRAMV|
RECORD= 2|LINENO= 184|OWNERPARTID=   2|OWNERINDEX= 176|%UTF8%SWAPIDPART=Å½&Å½|DESIGNATOR=3|ELECTRICAL=4|FORMALTYPE=1|LOCATION.X=840|LOCATION.Y=740|NAME=SCK|PINCONGLOMERATE=58|PINLENGTH=20|PINPROPAGATIONDELAY=0.000000E+000|SWAPIDPART=ŽŽ&ŽŽ|UNIQUEID=SHHJUQOK|
RECORD=41|LINENO= 185|OWNERPARTID=   0|OWNERINDEX= 184|FONTID=1|ISHIDDEN=T|LOCATION.X=840|LOCATION.Y=740|NAME=PinUniqueId|TEXT=SHHJUQOK|UNIQUEID=MDYQVMLQ|
RECORD= 2|LINENO= 186|OWNERPARTID=   2|OWNERINDEX= 176|%UTF8%SWAPIDPART=Å½&Å½|DESIGNATOR=4|ELECTRICAL=4|FORMALTYPE=1|LOCATION.X=920|LOCATION.Y=740|NAME=MOSI|PINCONGLOMERATE=56|PINLENGTH=20|PINPROPAGATIONDELAY=0.000000E+000|SWAPIDPART=ŽŽ&ŽŽ|UNIQUEID=TTDULLZV|
RECORD=41|LINENO= 187|OWNERPARTID=   0|OWNERINDEX= 186|FONTID=1|ISHIDDEN=T|LOCATION.X=920|LOCATION.Y=740|NAME=PinUniqueId|TEXT=TTDULLZV|UNIQUEID=WOOXDSNU|
RECORD= 2|LINENO= 188|OWNERPARTID=   2|OWNERINDEX= 176|%UTF8%SWAPIDPART=Å½&Å½|DESIGNATOR=5|ELECTRICAL=4|FORMALTYPE=1|LOCATION.X=840|LOCATION.Y=730|NAME=RST|PINCONGLOMERATE=58|PINLENGTH=20|PINPROPAGATIONDELAY=0.000000E+000|SWAPIDPART=ŽŽ&ŽŽ|UNIQUEID=UHSYIVMM|
RECORD=41|LINENO= 189|OWNERPARTID=   0|OWNERINDEX= 188|FONTID=1|ISHIDDEN=T|LOCATION.X=840|LOCATION.Y=730|NAME=PinUniqueId|TEXT=UHSYIVMM|UNIQUEID=GJBEKETH|
RECORD= 2|LINENO= 190|OWNERPARTID=   2|OWNERINDEX= 176|%UTF8%SWAPIDPART=Å½&Å½|DESIGNATOR=6|ELECTRICAL=4|FORMALTYPE=1|LOCATION.X=920|LOCATION.Y=730|NAME=GND|PINCONGLOMERATE=56|PINLENGTH=20|PINPROPAGATIONDELAY=0.000000E+000|SWAPIDPART=ŽŽ&ŽŽ|UNIQUEID=JETMEEHD|
RECORD=41|LINENO= 191|OWNERPARTID=   0|OWNERINDEX= 190|FONTID=1|ISHIDDEN=T|LOCATION.X=920|LOCATION.Y=730|NAME=PinUniqueId|TEXT=JETMEEHD|UNIQUEID=XLSIGLMK|
RECORD=34|LINENO= 192|OWNERPARTID=   0|OWNERINDEX= 176|FONTID=2|LOCATION.X=840|LOCATION.Y=760|NAME=Designator|TEXT=J1|UNIQUEID=WVPNRMXM|
RECORD=41|LINENO= 193|OWNERPARTID=   0|OWNERINDEX= 176|FONTID=2|LOCATION.X=840|LOCATION.Y=710|NAME=Comment|TEXT=Atmel_ICSP|UNIQUEID=LQATWUEQ|
RECORD=44|LINENO= 194|OWNERPARTID= -42|OWNERINDEX= 176|
RECORD=45|LINENO= 195|OWNERPARTID= -42|OWNERINDEX= 194|DATAFILECOUNT=1|ISCURRENT=T|MODELDATAFILEENTITY0=6x2|MODELDATAFILEKIND0=PCBLib|MODELNAME=6x2|MODELTYPE=PCBLIB|UNIQUEID=MDSPWCPJ|
RECORD=46|LINENO= 196|OWNERPARTID= -42|OWNERINDEX= 195|
RECORD=48|LINENO= 197|OWNERPARTID= -42|OWNERINDEX= 195|
RECORD=18|LINENO= 198|OWNERPARTID=   0|OWNERINDEX= -42|ALIGNMENT=1|AREACOLOR=8454143|FONTID=2|HEIGHT=10|IOTYPE=3|LOCATION.X=370|LOCATION.Y=630|NAME=D-|TEXTCOLOR=128|UNIQUEID=WDNRUSTA|WIDTH=120|
RECORD=25|LINENO= 199|OWNERPARTID=   0|OWNERINDEX= -42|FONTID=2|LOCATION.X=380|LOCATION.Y=650|TEXT=V_USB|UNIQUEID=XZIIKIRT|
RECORD=17|LINENO= 200|OWNERPARTID=   0|OWNERINDEX= -42|FONTID=8|LOCATION.X=490|LOCATION.Y=590|ORIENTATION=3|SHOWNETNAME=T|STYLE=4|TEXT=GND|UNIQUEID=OHWGAFAY|
RECORD=25|LINENO= 201|OWNERPARTID=   0|OWNERINDEX= -42|FONTID=2|LOCATION.X=780|LOCATION.Y=740|TEXT=SCLK|UNIQUEID=JLGQCOSL|
RECORD=25|LINENO= 202|OWNERPARTID=   0|OWNERINDEX= -42|FONTID=2|LOCATION.X=950|LOCATION.Y=740|TEXT=MOSI|UNIQUEID=ZNSIJBQD|
RECORD=25|LINENO= 203|OWNERPARTID=   0|OWNERINDEX= -42|FONTID=2|LOCATION.X=780|LOCATION.Y=750|TEXT=MISO|UNIQUEID=BSLNKOZB|
RECORD=25|LINENO= 204|OWNERPARTID=   0|OWNERINDEX= -42|FONTID=2|LOCATION.X=950|LOCATION.Y=750|TEXT=V_USB|UNIQUEID=KLLCAAGU|
RECORD=17|LINENO= 205|OWNERPARTID=   0|OWNERINDEX= -42|FONTID=8|LOCATION.X=950|LOCATION.Y=720|ORIENTATION=3|SHOWNETNAME=T|STYLE=4|TEXT=GND|UNIQUEID=CVPRHECO|
RECORD=25|LINENO= 206|OWNERPARTID=   0|OWNERINDEX= -42|FONTID=2|LOCATION.X=780|LOCATION.Y=720|TEXT=R\E\S\E\T\|UNIQUEID=HFKROTJL|
RECORD=18|LINENO= 207|OWNERPARTID=   0|OWNERINDEX= -42|ALIGNMENT=1|AREACOLOR=8454143|FONTID=2|HEIGHT=10|IOTYPE=3|LOCATION.X=370|LOCATION.Y=610|NAME=D+|TEXTCOLOR=128|UNIQUEID=PTJOXHET|WIDTH=120|
RECORD= 1|LINENO= 208|OWNERPARTID=   0|OWNERINDEX= -42|ALLPINCOUNT=2|AREACOLOR=11599871|COMPONENTDESCRIPTION=0805, X5R or better|CURRENTPARTID=1|DESIGNITEMID=Cap 1uF 25V|DISPLAYMODECOUNT=1|LIBREFERENCE=Cap 1uF 25V|LOCATION.X=190|LOCATION.Y=530|NOTUSEDBTABLENAME=T|ORIENTATION=1|PARTCOUNT=2|PARTIDLOCKED=T|SOURCELIBRARYNAME=Chip_Passives.SchLib|TARGETFILENAME=*|UNIQUEID=PBTHCPCM|
RECORD=41|LINENO= 209|OWNERPARTID=   0|OWNERINDEX= 208|FONTID=2|LOCATION.X=209|LOCATION.Y=511|NAME=Value|TEXT=1uF 25V|UNIQUEID=ORYHZYMU|
RECORD=41|LINENO= 210|OWNERPARTID=   0|OWNERINDEX= 208|FONTID=2|ISHIDDEN=T|LOCATION.X=178|LOCATION.Y=545|NAME=Supplier 1|TEXT=Digi-Key|UNIQUEID=GRNGGKXU|
RECORD=41|LINENO= 211|OWNERPARTID=   0|OWNERINDEX= 208|FONTID=2|ISHIDDEN=T|LOCATION.X=178|LOCATION.Y=545|NAME=Supplier Part Number 1|TEXT=1276-1066-2-ND|UNIQUEID=CZNTLRAD|
RECORD=41|LINENO= 212|OWNERPARTID=   0|OWNERINDEX= 208|FONTID=2|ISHIDDEN=T|LOCATION.X=178|LOCATION.Y=545|NAME=Supplier 2|TEXT=Digi-Key|UNIQUEID=AJGEZQXI|
RECORD=41|LINENO= 213|OWNERPARTID=   0|OWNERINDEX= 208|FONTID=2|ISHIDDEN=T|LOCATION.X=178|LOCATION.Y=545|NAME=Supplier Part Number 2|TEXT=1276-1066-1-ND|UNIQUEID=PJBMGVRI|
RECORD= 2|LINENO= 214|OWNERPARTID=   2|OWNERINDEX= 208|DESIGNATOR=2|ELECTRICAL=4|FORMALTYPE=1|LOCATION.X=200|LOCATION.Y=540|NAME=2|PINCONGLOMERATE=33|PINLENGTH=10|PINPROPAGATIONDELAY=0.000000E+000|UNIQUEID=APBHXLMO|
RECORD=41|LINENO= 215|OWNERPARTID=   0|OWNERINDEX= 214|FONTID=1|ISHIDDEN=T|LOCATION.X=200|LOCATION.Y=540|NAME=PinUniqueId|TEXT=APBHXLMO|UNIQUEID=MKMIRNLQ|
RECORD= 2|LINENO= 216|OWNERPARTID=   2|OWNERINDEX= 208|DESIGNATOR=1|ELECTRICAL=4|FORMALTYPE=1|LOCATION.X=200|LOCATION.Y=530|NAME=1|PINCONGLOMERATE=35|PINLENGTH=10|PINPROPAGATIONDELAY=0.000000E+000|UNIQUEID=GCJMXFBT|
RECORD=41|LINENO= 217|OWNERPARTID=   0|OWNERINDEX= 216|FONTID=1|ISHIDDEN=T|LOCATION.X=200|LOCATION.Y=530|NAME=PinUniqueId|TEXT=GCJMXFBT|UNIQUEID=OISNSLSZ|
RECORD= 6|LINENO= 218|OWNERPARTID=   2|OWNERINDEX= 208|LINEWIDTH=1|LOCATIONCOUNT=2|X1=200|X2=200|Y1=540|Y2=537|
RECORD= 6|LINENO= 219|OWNERPARTID=   2|OWNERINDEX= 208|LINEWIDTH=1|LOCATIONCOUNT=2|X1=200|X2=200|Y1=530|Y2=533|
RECORD= 6|LINENO= 220|OWNERPARTID=   2|OWNERINDEX= 208|LINEWIDTH=1|LOCATIONCOUNT=2|X1=192|X2=208|Y1=533|Y2=533|
RECORD= 6|LINENO= 221|OWNERPARTID=   2|OWNERINDEX= 208|LINEWIDTH=1|LOCATIONCOUNT=2|X1=192|X2=208|Y1=537|Y2=537|
RECORD=34|LINENO= 222|OWNERPARTID=   0|OWNERINDEX= 208|FONTID=2|LOCATION.X=209|LOCATION.Y=531|NAME=Designator|TEXT=C1|UNIQUEID=ZWDAVSAL|
RECORD=41|LINENO= 223|OWNERPARTID=   0|OWNERINDEX= 208|FONTID=2|LOCATION.X=209|LOCATION.Y=521|NAME=Comment|TEXT=0805|UNIQUEID=TWSFFKTU|
RECORD=44|LINENO= 224|OWNERPARTID= -42|OWNERINDEX= 208|
RECORD=45|LINENO= 225|OWNERPARTID= -42|OWNERINDEX= 224|DATAFILECOUNT=1|DESCRIPTION=Same as 0805 footprint, but solder mask is adjusted to leave more paste behind for tall (>0.9mm) components like big caps, which tend to be solder-starved on the regular footprint.|ISCURRENT=T|MODELDATAFILEENTITY0=0805 - TALL|MODELDATAFILEKIND0=PCBLib|MODELNAME=0805 - TALL|MODELTYPE=PCBLIB|UNIQUEID=PFYVPCZU|
RECORD=46|LINENO= 226|OWNERPARTID= -42|OWNERINDEX= 225|
RECORD=48|LINENO= 227|OWNERPARTID= -42|OWNERINDEX= 225|
RECORD=45|LINENO= 228|OWNERPARTID= -42|OWNERINDEX= 224|DATAFILECOUNT=1|DESCRIPTION=Same as 0805 footprint, but solder mask is adjusted to leave more paste behind for tall (>0.9mm) components like big caps, which tend to be solder-starved on the regular footprint.|MODELDATAFILEENTITY0=0805 - TALL|MODELDATAFILEKIND0=PCBLib|MODELNAME=0805 - TALL|MODELTYPE=PCBLIB|UNIQUEID=WRRDCTRT|
RECORD=46|LINENO= 229|OWNERPARTID= -42|OWNERINDEX= 228|
RECORD=48|LINENO= 230|OWNERPARTID= -42|OWNERINDEX= 228|
RECORD=17|LINENO= 231|OWNERPARTID=   0|OWNERINDEX= -42|FONTID=2|LOCATION.X=200|LOCATION.Y=520|ORIENTATION=3|SHOWNETNAME=T|STYLE=4|TEXT=GND|UNIQUEID=VVLYFCZJ|
RECORD=18|LINENO= 232|OWNERPARTID=   0|OWNERINDEX= -42|ALIGNMENT=1|AREACOLOR=8454143|FONTID=2|HEIGHT=10|IOTYPE=2|LOCATION.X=370|LOCATION.Y=530|NAME=V_USB|TEXTCOLOR=128|UNIQUEID=VUNDNKDU|WIDTH=50|
RECORD=25|LINENO= 233|OWNERPARTID=   0|OWNERINDEX= -42|FONTID=2|LOCATION.X=430|LOCATION.Y=530|TEXT=V_USB|UNIQUEID=LNBRJDKQ|
RECORD=25|LINENO= 234|OWNERPARTID=   0|OWNERINDEX= -42|FONTID=2|LOCATION.X=900|LOCATION.Y=640|TEXT=SCLK|UNIQUEID=RNBLZEGH|
RECORD=25|LINENO= 235|OWNERPARTID=   0|OWNERINDEX= -42|FONTID=2|LOCATION.X=900|LOCATION.Y=630|TEXT=MOSI|UNIQUEID=KNLLREBU|
RECORD=25|LINENO= 236|OWNERPARTID=   0|OWNERINDEX= -42|FONTID=2|LOCATION.X=900|LOCATION.Y=620|TEXT=MISO|UNIQUEID=VMDGVVOE|
RECORD= 1|LINENO= 237|OWNERPARTID=   0|OWNERINDEX= -42|ALLPINCOUNT=2|AREACOLOR=11599871|COMPONENTDESCRIPTION=Chip resistor|CURRENTPARTID=1|DESIGNITEMID=Res 10k 1% 0805|DISPLAYMODECOUNT=1|LIBRARYPATH=*|LIBREFERENCE=Res 10k 1% 0805|LOCATION.X=400|LOCATION.Y=460|ORIENTATION=1|PARTCOUNT=2|PARTIDLOCKED=T|SOURCELIBRARYNAME=Chip_Passives.SchLib|TARGETFILENAME=*|UNIQUEID=XGVKWGIX|
RECORD=41|LINENO= 238|OWNERPARTID=   0|OWNERINDEX= 237|FONTID=2|ISHIDDEN=T|LOCATION.X=407|LOCATION.Y=492|NAME=Supplier 1|TEXT=Digi-Key|UNIQUEID=FLWZQARK|
RECORD=41|LINENO= 239|OWNERPARTID=   0|OWNERINDEX= 237|FONTID=2|ISHIDDEN=T|LOCATION.X=407|LOCATION.Y=492|NAME=Supplier Part Number 1|TEXT=RMCF0805FT10K0TR-ND|UNIQUEID=UGZPLLBS|
RECORD= 2|LINENO= 240|OWNERPARTID=   2|OWNERINDEX= 237|%UTF8%SWAPIDPART=Â¦&Â¦|DESIGNATOR=1|ELECTRICAL=4|FORMALTYPE=1|LOCATION.X=410|LOCATION.Y=460|NAME=1|PINCONGLOMERATE=35|PINLENGTH=10|PINPROPAGATIONDELAY=0.000000E+000|SWAPIDPART=Ž&Ž|UNIQUEID=EHHONDHK|
RECORD=41|LINENO= 241|OWNERPARTID=   0|OWNERINDEX= 240|FONTID=1|ISHIDDEN=T|LOCATION.X=410|LOCATION.Y=460|NAME=PinUniqueId|TEXT=EHHONDHK|UNIQUEID=TXAHYHLI|
RECORD= 2|LINENO= 242|OWNERPARTID=   2|OWNERINDEX= 237|%UTF8%SWAPIDPART=Â¦&Â¦|DESIGNATOR=2|ELECTRICAL=4|FORMALTYPE=1|LOCATION.X=410|LOCATION.Y=480|NAME=2|PINCONGLOMERATE=33|PINLENGTH=10|PINPROPAGATIONDELAY=0.000000E+000|SWAPIDPART=Ž&Ž|UNIQUEID=NEJYISWA|
RECORD=41|LINENO= 243|OWNERPARTID=   0|OWNERINDEX= 242|FONTID=1|ISHIDDEN=T|LOCATION.X=410|LOCATION.Y=480|NAME=PinUniqueId|TEXT=NEJYISWA|UNIQUEID=KRSKUDJK|
RECORD= 6|LINENO= 244|OWNERPARTID=   2|OWNERINDEX= 237|LINEWIDTH=1|LOCATIONCOUNT=8|X1=410|X2=408|X3=412|X4=408|X5=412|X6=408|X7=412|X8=410|Y1=464|Y2=465|Y3=467|Y4=469|Y5=471|Y6=473|Y7=475|Y8=476|
RECORD= 6|LINENO= 245|OWNERPARTID=   2|OWNERINDEX= 237|LINEWIDTH=1|LOCATIONCOUNT=2|X1=410|X2=410|Y1=460|Y2=464|
RECORD= 6|LINENO= 246|OWNERPARTID=   2|OWNERINDEX= 237|LINEWIDTH=1|LOCATIONCOUNT=2|X1=410|X2=410|Y1=476|Y2=480|
RECORD=41|LINENO= 247|OWNERPARTID=   0|OWNERINDEX= 237|FONTID=2|LOCATION.X=413|LOCATION.Y=451|NAME=Value|TEXT=10k 1%|UNIQUEID=YKKKUFYM|
RECORD=34|LINENO= 248|OWNERPARTID=   0|OWNERINDEX= 237|FONTID=2|LOCATION.X=413|LOCATION.Y=471|NAME=Designator|TEXT=R1|UNIQUEID=XAMWFFPV|
RECORD=41|LINENO= 249|OWNERPARTID=   0|OWNERINDEX= 237|FONTID=2|LOCATION.X=413|LOCATION.Y=461|NAME=Comment|TEXT=0805|UNIQUEID=OLWGJEOZ|
RECORD=44|LINENO= 250|OWNERPARTID= -42|OWNERINDEX= 237|
RECORD=45|LINENO= 251|OWNERPARTID= -42|OWNERINDEX= 250|DATAFILECOUNT=1|DESCRIPTION=Chip Capacitor, 2-Leads, Body 2.0x1.3mm, IPC Medium Density|ISCURRENT=T|MODELDATAFILEENTITY0=0805|MODELDATAFILEKIND0=PCBLib|MODELNAME=0805|MODELTYPE=PCBLIB|UNIQUEID=OAZSNDXJ|
RECORD=46|LINENO= 252|OWNERPARTID= -42|OWNERINDEX= 251|
RECORD=48|LINENO= 253|OWNERPARTID= -42|OWNERINDEX= 251|
RECORD=25|LINENO= 254|OWNERPARTID=   0|OWNERINDEX= -42|FONTID=2|LOCATION.X=450|LOCATION.Y=450|TEXT=R\E\S\E\T\|UNIQUEID=QOJITDMU|
RECORD=17|LINENO= 255|OWNERPARTID=   0|OWNERINDEX= -42|FONTID=8|LOCATION.X=280|LOCATION.Y=410|ORIENTATION=3|SHOWNETNAME=T|STYLE=4|TEXT=GND|UNIQUEID=AXRKTDFK|
RECORD= 1|LINENO= 256|OWNERPARTID=   0|OWNERINDEX= -42|ALLPINCOUNT=4|AREACOLOR=11599871|COMPONENTDESCRIPTION=16MHz Crystal 12pF 100 Ohms 4-SMD, No Lead|CURRENTPARTID=1|DESIGNITEMID=ECS-160-12-30B-AGM|DISPLAYMODECOUNT=1|LIBRARYPATH=*|LIBREFERENCE=ECS-160-12-30B-AGM|LOCATION.X=320|LOCATION.Y=410|NOTUSEDBTABLENAME=T|PARTCOUNT=2|PARTIDLOCKED=F|SOURCELIBRARYNAME=Crystals.SchLib|TARGETFILENAME=*|UNIQUEID=EHCBTQFL|
RECORD= 6|LINENO= 257|OWNERPARTID=   2|OWNERINDEX= 256|LINEWIDTH=1|LOCATIONCOUNT=6|X1=320|X2=319|X3=319|X4=341|X5=341|X6=320|Y1=406|Y2=406|Y3=414|Y4=414|Y5=406|Y6=406|
RECORD= 2|LINENO= 258|OWNERPARTID=   2|OWNERINDEX= 256|DESIGNATOR=1|ELECTRICAL=4|FORMALTYPE=1|LOCATION.X=330|LOCATION.Y=417|LOCATION.Y_FRAC=50000|NAME=1|PINCONGLOMERATE=33|PINLENGTH=12|PINLENGTH_FRAC=50000|PINPROPAGATIONDELAY=0.000000E+000|UNIQUEID=SHNFVTSB|
RECORD=41|LINENO= 259|OWNERPARTID=   0|OWNERINDEX= 258|FONTID=1|ISHIDDEN=T|LOCATION.X=330|LOCATION.Y=417|LOCATION.Y_FRAC=50000|NAME=PinUniqueId|TEXT=SHNFVTSB|UNIQUEID=BDLTGFCT|
RECORD= 2|LINENO= 260|OWNERPARTID=   2|OWNERINDEX= 256|DESIGNATOR=3|ELECTRICAL=4|FORMALTYPE=1|LOCATION.X=330|LOCATION.Y=402|LOCATION.Y_FRAC=50000|NAME=3|PINCONGLOMERATE=35|PINLENGTH=12|PINLENGTH_FRAC=50000|PINPROPAGATIONDELAY=0.000000E+000|UNIQUEID=MMGQDQEB|
RECORD=41|LINENO= 261|OWNERPARTID=   0|OWNERINDEX= 260|FONTID=1|ISHIDDEN=T|LOCATION.X=330|LOCATION.Y=402|LOCATION.Y_FRAC=50000|NAME=PinUniqueId|TEXT=MMGQDQEB|UNIQUEID=YKQBLFOM|
RECORD= 6|LINENO= 262|OWNERPARTID=   2|OWNERINDEX= 256|LINEWIDTH=1|LOCATIONCOUNT=2|X1=340|X2=320|Y1=417|Y2=417|
RECORD= 6|LINENO= 263|OWNERPARTID=   2|OWNERINDEX= 256|LINEWIDTH=1|LOCATIONCOUNT=2|X1=320|X2=340|Y1=403|Y2=403|
RECORD= 4|LINENO= 264|OWNERPARTID=   2|OWNERINDEX= 256|FONTID=9|LOCATION.X=320|LOCATION.Y=406|TEXT=16MHz|
RECORD= 2|LINENO= 265|OWNERPARTID=   2|OWNERINDEX= 256|DESIGNATOR=2|ELECTRICAL=4|FORMALTYPE=1|LOCATION.X=290|LOCATION.Y=410|NAME=2|PINCONGLOMERATE=34|PINLENGTH=10|PINPROPAGATIONDELAY=0.000000E+000|UNIQUEID=KYKCTFUN|
RECORD=41|LINENO= 266|OWNERPARTID=   0|OWNERINDEX= 265|FONTID=1|ISHIDDEN=T|LOCATION.X=290|LOCATION.Y=410|NAME=PinUniqueId|TEXT=KYKCTFUN|UNIQUEID=STPILELE|
RECORD= 2|LINENO= 267|OWNERPARTID=   2|OWNERINDEX= 256|DESIGNATOR=4|ELECTRICAL=4|FORMALTYPE=1|LOCATION.X=290|LOCATION.Y=420|NAME=4|PINCONGLOMERATE=34|PINLENGTH=10|PINPROPAGATIONDELAY=0.000000E+000|UNIQUEID=OZKUULNW|
RECORD=41|LINENO= 268|OWNERPARTID=   0|OWNERINDEX= 267|FONTID=1|ISHIDDEN=T|LOCATION.X=290|LOCATION.Y=420|NAME=PinUniqueId|TEXT=OZKUULNW|UNIQUEID=ZDYAUAWL|
RECORD= 6|LINENO= 269|OWNERPARTID=   2|OWNERINDEX= 256|LINEWIDTH=1|LOCATIONCOUNT=3|X1=290|X2=300|X3=300|Y1=410|Y2=410|Y3=404|
RECORD= 6|LINENO= 270|OWNERPARTID=   2|OWNERINDEX= 256|LINEWIDTH=1|LOCATIONCOUNT=2|X1=300|X2=300|Y1=415|Y2=410|
RECORD= 6|LINENO= 271|OWNERPARTID=   2|OWNERINDEX= 256|LINEWIDTH=1|LOCATIONCOUNT=2|X1=306|X2=294|Y1=404|Y2=404|
RECORD= 6|LINENO= 272|OWNERPARTID=   2|OWNERINDEX= 256|LINEWIDTH=1|LOCATIONCOUNT=2|X1=304|X2=296|Y1=402|Y2=402|
RECORD= 6|LINENO= 273|OWNERPARTID=   2|OWNERINDEX= 256|LINEWIDTH=1|LOCATIONCOUNT=2|X1=302|X2=298|Y1=400|Y2=400|
RECORD= 6|LINENO= 274|OWNERPARTID=   2|OWNERINDEX= 256|LINEWIDTH=1|LOCATIONCOUNT=2|X1=295|X2=300|Y1=420|Y2=415|
RECORD= 6|LINENO= 275|OWNERPARTID=   2|OWNERINDEX= 256|LINEWIDTH=1|LOCATIONCOUNT=2|X1=290|X2=295|Y1=420|Y2=420|
RECORD=41|LINENO= 276|OWNERPARTID=   0|OWNERINDEX= 256|FONTID=1|ISHIDDEN=T|LOCATION.X=278|LOCATION.Y=432|NAME=Supplier 1|TEXT=Digi-Key|UNIQUEID=UPDOHMEO|
RECORD=41|LINENO= 277|OWNERPARTID=   0|OWNERINDEX= 256|FONTID=1|ISHIDDEN=T|LOCATION.X=278|LOCATION.Y=442|NAME=Supplier 2|TEXT=Mouser|UNIQUEID=WWEBLVEL|
RECORD=41|LINENO= 278|OWNERPARTID=   0|OWNERINDEX= 256|FONTID=1|ISHIDDEN=T|LOCATION.X=278|LOCATION.Y=432|NAME=Supplier Part Number 1|TEXT=XC2686CT-ND|UNIQUEID=QEDMSOQE|
RECORD=41|LINENO= 279|OWNERPARTID=   0|OWNERINDEX= 256|FONTID=1|ISHIDDEN=T|LOCATION.X=278|LOCATION.Y=442|NAME=Supplier Part Number 2|TEXT=520-160-12-30B-AGMT|UNIQUEID=KLQRJGOM|
RECORD=34|LINENO= 280|OWNERPARTID=   0|OWNERINDEX= 256|FONTID=2|LOCATION.X=342|LOCATION.Y=411|NAME=Designator|TEXT=Y1|UNIQUEID=AAVTUVNQ|
RECORD=41|LINENO= 281|OWNERPARTID=   0|OWNERINDEX= 256|FONTID=2|LOCATION.X=342|LOCATION.Y=401|NAME=Comment|TEXT=ECS-160-12-30B-AGM|UNIQUEID=NVMWRIKV|
RECORD=44|LINENO= 282|OWNERPARTID= -42|OWNERINDEX= 256|
RECORD=45|LINENO= 283|OWNERPARTID= -42|OWNERINDEX= 282|DATAFILECOUNT=1|ISCURRENT=T|MODELDATAFILEENTITY0=LFXTAL055663BULK|MODELDATAFILEKIND0=PCBLib|MODELNAME=LFXTAL055663BULK|MODELTYPE=PCBLIB|UNIQUEID=TIPDRPPB|
RECORD=46|LINENO= 284|OWNERPARTID= -42|OWNERINDEX= 283|
RECORD=48|LINENO= 285|OWNERPARTID= -42|OWNERINDEX= 283|
RECORD= 1|LINENO= 286|OWNERPARTID=   0|OWNERINDEX= -42|ALLPINCOUNT=2|AREACOLOR=11599871|COMPONENTDESCRIPTION=0805, X5R or better|CURRENTPARTID=1|DESIGNITEMID=Cap 0.1uF 100V|DISPLAYMODECOUNT=1|ISMIRRORED=T|LIBREFERENCE=Cap 0.1uF 100V|LOCATION.X=870|LOCATION.Y=260|NOTUSEDBTABLENAME=T|ORIENTATION=1|PARTCOUNT=2|PARTIDLOCKED=T|SOURCELIBRARYNAME=Chip_Passives.SchLib|TARGETFILENAME=*|UNIQUEID=VFZVKQXG|
RECORD=41|LINENO= 287|OWNERPARTID=   0|OWNERINDEX= 286|FONTID=2|ISMIRRORED=T|LOCATION.X=869|LOCATION.Y=241|NAME=Value|TEXT=0.1uF 100V|UNIQUEID=DNGICWHE|
RECORD=41|LINENO= 288|OWNERPARTID=   0|OWNERINDEX= 286|FONTID=2|ISHIDDEN=T|ISMIRRORED=T|LOCATION.X=851|LOCATION.Y=282|NAME=Supplier 1|TEXT=Digi-Key|UNIQUEID=ORHZLCBA|
RECORD=41|LINENO= 289|OWNERPARTID=   0|OWNERINDEX= 286|FONTID=2|ISHIDDEN=T|ISMIRRORED=T|LOCATION.X=851|LOCATION.Y=282|NAME=Supplier Part Number 1|TEXT=1276-6840-2-ND|UNIQUEID=VQTQQWEQ|
RECORD= 2|LINENO= 290|OWNERPARTID=   2|OWNERINDEX= 286|DESIGNATOR=2|ELECTRICAL=4|FORMALTYPE=1|LOCATION.X=860|LOCATION.Y=270|NAME=2|PINCONGLOMERATE=33|PINLENGTH=10|PINPROPAGATIONDELAY=0.000000E+000|UNIQUEID=BMNWRDWB|
RECORD=41|LINENO= 291|OWNERPARTID=   0|OWNERINDEX= 290|FONTID=1|ISHIDDEN=T|LOCATION.X=860|LOCATION.Y=270|NAME=PinUniqueId|TEXT=BMNWRDWB|UNIQUEID=ZIMPAYTO|
RECORD= 2|LINENO= 292|OWNERPARTID=   2|OWNERINDEX= 286|DESIGNATOR=1|ELECTRICAL=4|FORMALTYPE=1|LOCATION.X=860|LOCATION.Y=260|NAME=1|PINCONGLOMERATE=35|PINLENGTH=10|PINPROPAGATIONDELAY=0.000000E+000|UNIQUEID=XLDLQAIH|
RECORD=41|LINENO= 293|OWNERPARTID=   0|OWNERINDEX= 292|FONTID=1|ISHIDDEN=T|LOCATION.X=860|LOCATION.Y=260|NAME=PinUniqueId|TEXT=XLDLQAIH|UNIQUEID=VHJORJXE|
RECORD= 6|LINENO= 294|OWNERPARTID=   2|OWNERINDEX= 286|LINEWIDTH=1|LOCATIONCOUNT=2|X1=860|X2=860|Y1=270|Y2=267|
RECORD= 6|LINENO= 295|OWNERPARTID=   2|OWNERINDEX= 286|LINEWIDTH=1|LOCATIONCOUNT=2|X1=860|X2=860|Y1=260|Y2=263|
RECORD= 6|LINENO= 296|OWNERPARTID=   2|OWNERINDEX= 286|LINEWIDTH=1|LOCATIONCOUNT=2|X1=868|X2=852|Y1=263|Y2=263|
RECORD= 6|LINENO= 297|OWNERPARTID=   2|OWNERINDEX= 286|LINEWIDTH=1|LOCATIONCOUNT=2|X1=868|X2=852|Y1=267|Y2=267|
RECORD=34|LINENO= 298|OWNERPARTID=   0|OWNERINDEX= 286|FONTID=2|ISMIRRORED=T|LOCATION.X=869|LOCATION.Y=261|NAME=Designator|TEXT=C6|UNIQUEID=RQSLXHXL|
RECORD=41|LINENO= 299|OWNERPARTID=   0|OWNERINDEX= 286|FONTID=2|ISMIRRORED=T|LOCATION.X=869|LOCATION.Y=251|NAME=Comment|TEXT=0805|UNIQUEID=RKOBHMJG|
RECORD=44|LINENO= 300|OWNERPARTID= -42|OWNERINDEX= 286|
RECORD=45|LINENO= 301|OWNERPARTID= -42|OWNERINDEX= 300|DATAFILECOUNT=1|DESCRIPTION=Same as 0805 footprint, but solder mask is adjusted to leave more paste behind for tall (>0.9mm) components like big caps, which tend to be solder-starved on the regular footprint.|ISCURRENT=T|MODELDATAFILEENTITY0=0805 - TALL|MODELDATAFILEKIND0=PCBLib|MODELNAME=0805 - TALL|MODELTYPE=PCBLIB|UNIQUEID=KPDFASMS|
RECORD=46|LINENO= 302|OWNERPARTID= -42|OWNERINDEX= 301|
RECORD=48|LINENO= 303|OWNERPARTID= -42|OWNERINDEX= 301|
RECORD=45|LINENO= 304|OWNERPARTID= -42|OWNERINDEX= 300|DATAFILECOUNT=1|DESCRIPTION=Same as 0805 footprint, but solder mask is adjusted to leave more paste behind for tall (>0.9mm) components like big caps, which tend to be solder-starved on the regular footprint.|MODELDATAFILEENTITY0=0805 - TALL|MODELDATAFILEKIND0=PCBLib|MODELNAME=0805 - TALL|MODELTYPE=PCBLIB|UNIQUEID=FEGNWNJG|
RECORD=46|LINENO= 305|OWNERPARTID= -42|OWNERINDEX= 304|
RECORD=48|LINENO= 306|OWNERPARTID= -42|OWNERINDEX= 304|
RECORD= 1|LINENO= 307|OWNERPARTID=   0|OWNERINDEX= -42|ALLPINCOUNT=2|AREACOLOR=11599871|COMPONENTDESCRIPTION=0805, X5R or better|CURRENTPARTID=1|DESIGNITEMID=Cap 10uF 25V|DISPLAYMODECOUNT=1|ISMIRRORED=T|LIBRARYPATH=*|LIBREFERENCE=Cap 10uF 25V|LOCATION.X=940|LOCATION.Y=260|NOTUSEDBTABLENAME=T|ORIENTATION=1|PARTCOUNT=2|PARTIDLOCKED=T|SOURCELIBRARYNAME=Chip_Passives.SchLib|TARGETFILENAME=*|UNIQUEID=YVZCGTGE|
RECORD=41|LINENO= 308|OWNERPARTID=   0|OWNERINDEX= 307|FONTID=2|ISHIDDEN=T|ISMIRRORED=T|LOCATION.X=921|LOCATION.Y=282|NAME=Supplier 1|TEXT=Mouser|UNIQUEID=DWPZTPQE|
RECORD=41|LINENO= 309|OWNERPARTID=   0|OWNERINDEX= 307|FONTID=2|ISHIDDEN=T|ISMIRRORED=T|LOCATION.X=921|LOCATION.Y=282|NAME=Supplier Part Number 1|TEXT=81-GRM21BR61E106KA3L|UNIQUEID=OGZQEFMZ|
RECORD=41|LINENO= 310|OWNERPARTID=   0|OWNERINDEX= 307|FONTID=2|ISHIDDEN=T|ISMIRRORED=T|LOCATION.X=921|LOCATION.Y=282|NAME=Supplier 2|TEXT=Digi-Key|UNIQUEID=VOBGHEIY|
RECORD=41|LINENO= 311|OWNERPARTID=   0|OWNERINDEX= 307|FONTID=2|ISHIDDEN=T|ISMIRRORED=T|LOCATION.X=921|LOCATION.Y=282|NAME=Supplier Part Number 2|TEXT=490-5523-1-ND|UNIQUEID=FCFYWOSZ|
RECORD=41|LINENO= 312|OWNERPARTID=   0|OWNERINDEX= 307|FONTID=2|ISMIRRORED=T|LOCATION.X=939|LOCATION.Y=241|NAME=Value|TEXT=10uF 25V|UNIQUEID=MKYAPMNH|
RECORD= 2|LINENO= 313|OWNERPARTID=   2|OWNERINDEX= 307|DESIGNATOR=2|ELECTRICAL=4|FORMALTYPE=1|LOCATION.X=930|LOCATION.Y=270|NAME=2|PINCONGLOMERATE=33|PINLENGTH=10|PINPROPAGATIONDELAY=0.000000E+000|UNIQUEID=WNXTPPQF|
RECORD=41|LINENO= 314|OWNERPARTID=   0|OWNERINDEX= 313|FONTID=1|ISHIDDEN=T|LOCATION.X=930|LOCATION.Y=270|NAME=PinUniqueId|TEXT=WNXTPPQF|UNIQUEID=CGRBOBYX|
RECORD= 2|LINENO= 315|OWNERPARTID=   2|OWNERINDEX= 307|DESIGNATOR=1|ELECTRICAL=4|FORMALTYPE=1|LOCATION.X=930|LOCATION.Y=260|NAME=1|PINCONGLOMERATE=35|PINLENGTH=10|PINPROPAGATIONDELAY=0.000000E+000|UNIQUEID=PDHEXKJZ|
RECORD=41|LINENO= 316|OWNERPARTID=   0|OWNERINDEX= 315|FONTID=1|ISHIDDEN=T|LOCATION.X=930|LOCATION.Y=260|NAME=PinUniqueId|TEXT=PDHEXKJZ|UNIQUEID=RGUCHBYX|
RECORD= 6|LINENO= 317|OWNERPARTID=   2|OWNERINDEX= 307|LINEWIDTH=1|LOCATIONCOUNT=2|X1=930|X2=930|Y1=270|Y2=267|
RECORD= 6|LINENO= 318|OWNERPARTID=   2|OWNERINDEX= 307|LINEWIDTH=1|LOCATIONCOUNT=2|X1=930|X2=930|Y1=260|Y2=263|
RECORD= 6|LINENO= 319|OWNERPARTID=   2|OWNERINDEX= 307|LINEWIDTH=1|LOCATIONCOUNT=2|X1=938|X2=922|Y1=263|Y2=263|
RECORD= 6|LINENO= 320|OWNERPARTID=   2|OWNERINDEX= 307|LINEWIDTH=1|LOCATIONCOUNT=2|X1=938|X2=922|Y1=267|Y2=267|
RECORD=34|LINENO= 321|OWNERPARTID=   0|OWNERINDEX= 307|FONTID=2|ISMIRRORED=T|LOCATION.X=939|LOCATION.Y=261|NAME=Designator|TEXT=C7|UNIQUEID=ATJTGOIP|
RECORD=41|LINENO= 322|OWNERPARTID=   0|OWNERINDEX= 307|FONTID=2|ISMIRRORED=T|LOCATION.X=939|LOCATION.Y=251|NAME=Comment|TEXT=0805|UNIQUEID=LZJSGOCB|
RECORD=44|LINENO= 323|OWNERPARTID= -42|OWNERINDEX= 307|
RECORD=45|LINENO= 324|OWNERPARTID= -42|OWNERINDEX= 323|DATAFILECOUNT=1|DESCRIPTION=Same as 0805 footprint, but solder mask is adjusted to leave more paste behind for tall (>0.9mm) components like big caps, which tend to be solder-starved on the regular footprint.|ISCURRENT=T|MODELDATAFILEENTITY0=0805 - TALL|MODELDATAFILEKIND0=PCBLib|MODELNAME=0805 - TALL|MODELTYPE=PCBLIB|UNIQUEID=TJHNXYAY|
RECORD=46|LINENO= 325|OWNERPARTID= -42|OWNERINDEX= 324|
RECORD=48|LINENO= 326|OWNERPARTID= -42|OWNERINDEX= 324|
RECORD=45|LINENO= 327|OWNERPARTID= -42|OWNERINDEX= 323|DATAFILECOUNT=1|DESCRIPTION=Same as 0805 footprint, but solder mask is adjusted to leave more paste behind for tall (>0.9mm) components like big caps, which tend to be solder-starved on the regular footprint.|MODELDATAFILEENTITY0=0805 - TALL|MODELDATAFILEKIND0=PCBLib|MODELNAME=0805 - TALL|MODELTYPE=PCBLIB|UNIQUEID=KKIENBJK|
RECORD=46|LINENO= 328|OWNERPARTID= -42|OWNERINDEX= 327|
RECORD=48|LINENO= 329|OWNERPARTID= -42|OWNERINDEX= 327|
RECORD=17|LINENO= 330|OWNERPARTID=   0|OWNERINDEX= -42|FONTID=8|LOCATION.X=930|LOCATION.Y=250|ORIENTATION=3|SHOWNETNAME=T|STYLE=4|TEXT=GND|UNIQUEID=AYMYTWXE|
RECORD=17|LINENO= 331|OWNERPARTID=   0|OWNERINDEX= -42|FONTID=2|LOCATION.X=430|LOCATION.Y=150|ORIENTATION=3|SHOWNETNAME=T|STYLE=4|TEXT=GND|UNIQUEID=ZARHLCZD|
RECORD= 1|LINENO= 332|OWNERPARTID=   0|OWNERINDEX= -42|ALLPINCOUNT=2|AREACOLOR=11599871|COMPONENTDESCRIPTION=0805, X5R or better|CURRENTPARTID=1|DESIGNITEMID=Cap 0.1uF 100V|DISPLAYMODECOUNT=1|LIBREFERENCE=Cap 0.1uF 100V|LOCATION.X=420|LOCATION.Y=260|NOTUSEDBTABLENAME=T|ORIENTATION=1|PARTCOUNT=2|PARTIDLOCKED=T|SOURCELIBRARYNAME=Chip_Passives.SchLib|TARGETFILENAME=*|UNIQUEID=XOAKPPGO|
RECORD=41|LINENO= 333|OWNERPARTID=   0|OWNERINDEX= 332|FONTID=2|LOCATION.X=439|LOCATION.Y=251|NAME=Value|TEXT=0.1uF 100V|UNIQUEID=YAOWPYFW|
RECORD=41|LINENO= 334|OWNERPARTID=   0|OWNERINDEX= 332|FONTID=2|ISHIDDEN=T|LOCATION.X=408|LOCATION.Y=275|NAME=Supplier 1|TEXT=Digi-Key|UNIQUEID=BFNIMBPH|
RECORD=41|LINENO= 335|OWNERPARTID=   0|OWNERINDEX= 332|FONTID=2|ISHIDDEN=T|LOCATION.X=408|LOCATION.Y=275|NAME=Supplier Part Number 1|TEXT=1276-6840-2-ND|UNIQUEID=TUJNUQDH|
RECORD= 2|LINENO= 336|OWNERPARTID=   2|OWNERINDEX= 332|DESIGNATOR=2|ELECTRICAL=4|FORMALTYPE=1|LOCATION.X=430|LOCATION.Y=270|NAME=2|PINCONGLOMERATE=33|PINLENGTH=10|PINPROPAGATIONDELAY=0.000000E+000|UNIQUEID=QKTTKPXV|
RECORD=41|LINENO= 337|OWNERPARTID=   0|OWNERINDEX= 336|FONTID=1|ISHIDDEN=T|LOCATION.X=430|LOCATION.Y=270|NAME=PinUniqueId|TEXT=QKTTKPXV|UNIQUEID=OECDTZLU|
RECORD= 2|LINENO= 338|OWNERPARTID=   2|OWNERINDEX= 332|DESIGNATOR=1|ELECTRICAL=4|FORMALTYPE=1|LOCATION.X=430|LOCATION.Y=260|NAME=1|PINCONGLOMERATE=35|PINLENGTH=10|PINPROPAGATIONDELAY=0.000000E+000|UNIQUEID=EQIGKYHB|
RECORD=41|LINENO= 339|OWNERPARTID=   0|OWNERINDEX= 338|FONTID=1|ISHIDDEN=T|LOCATION.X=430|LOCATION.Y=260|NAME=PinUniqueId|TEXT=EQIGKYHB|UNIQUEID=ZANEUXNP|
RECORD= 6|LINENO= 340|OWNERPARTID=   2|OWNERINDEX= 332|LINEWIDTH=1|LOCATIONCOUNT=2|X1=430|X2=430|Y1=270|Y2=267|
RECORD= 6|LINENO= 341|OWNERPARTID=   2|OWNERINDEX= 332|LINEWIDTH=1|LOCATIONCOUNT=2|X1=430|X2=430|Y1=260|Y2=263|
RECORD= 6|LINENO= 342|OWNERPARTID=   2|OWNERINDEX= 332|LINEWIDTH=1|LOCATIONCOUNT=2|X1=422|X2=438|Y1=263|Y2=263|
RECORD= 6|LINENO= 343|OWNERPARTID=   2|OWNERINDEX= 332|LINEWIDTH=1|LOCATIONCOUNT=2|X1=422|X2=438|Y1=267|Y2=267|
RECORD=34|LINENO= 344|OWNERPARTID=   0|OWNERINDEX= 332|FONTID=2|LOCATION.X=439|LOCATION.Y=271|NAME=Designator|TEXT=C5|UNIQUEID=SOGTFXRO|
RECORD=41|LINENO= 345|OWNERPARTID=   0|OWNERINDEX= 332|FONTID=2|LOCATION.X=439|LOCATION.Y=261|NAME=Comment|TEXT=0805|UNIQUEID=MRVXHELH|
RECORD=44|LINENO= 346|OWNERPARTID= -42|OWNERINDEX= 332|
RECORD=45|LINENO= 347|OWNERPARTID= -42|OWNERINDEX= 346|DATAFILECOUNT=1|DESCRIPTION=Same as 0805 footprint, but solder mask is adjusted to leave more paste behind for tall (>0.9mm) components like big caps, which tend to be solder-starved on the regular footprint.|ISCURRENT=T|MODELDATAFILEENTITY0=0805 - TALL|MODELDATAFILEKIND0=PCBLib|MODELNAME=0805 - TALL|MODELTYPE=PCBLIB|UNIQUEID=KGWGTRNN|
RECORD=46|LINENO= 348|OWNERPARTID= -42|OWNERINDEX= 347|
RECORD=48|LINENO= 349|OWNERPARTID= -42|OWNERINDEX= 347|
RECORD=45|LINENO= 350|OWNERPARTID= -42|OWNERINDEX= 346|DATAFILECOUNT=1|DESCRIPTION=Same as 0805 footprint, but solder mask is adjusted to leave more paste behind for tall (>0.9mm) components like big caps, which tend to be solder-starved on the regular footprint.|MODELDATAFILEENTITY0=0805 - TALL|MODELDATAFILEKIND0=PCBLib|MODELNAME=0805 - TALL|MODELTYPE=PCBLIB|UNIQUEID=FSPAMEFD|
RECORD=46|LINENO= 351|OWNERPARTID= -42|OWNERINDEX= 350|
RECORD=48|LINENO= 352|OWNERPARTID= -42|OWNERINDEX= 350|
RECORD=17|LINENO= 353|OWNERPARTID=   0|OWNERINDEX= -42|FONTID=2|LOCATION.X=430|LOCATION.Y=250|ORIENTATION=3|SHOWNETNAME=T|STYLE=4|TEXT=GND|UNIQUEID=HZFQNQEK|
RECORD= 1|LINENO= 354|OWNERPARTID=   0|OWNERINDEX= -42|ALLPINCOUNT=2|AREACOLOR=11599871|COMPONENTDESCRIPTION=0805, X5R or better|CURRENTPARTID=1|DESIGNITEMID=Cap 0.1uF 100V|DISPLAYMODECOUNT=1|LIBREFERENCE=Cap 0.1uF 100V|LOCATION.X=420|LOCATION.Y=160|NOTUSEDBTABLENAME=T|ORIENTATION=1|PARTCOUNT=2|PARTIDLOCKED=T|SOURCELIBRARYNAME=Chip_Passives.SchLib|TARGETFILENAME=*|UNIQUEID=JEPQHKSW|
RECORD=41|LINENO= 355|OWNERPARTID=   0|OWNERINDEX= 354|FONTID=2|LOCATION.X=439|LOCATION.Y=151|NAME=Value|TEXT=0.1uF 100V|UNIQUEID=WMFVHWBD|
RECORD=41|LINENO= 356|OWNERPARTID=   0|OWNERINDEX= 354|FONTID=2|ISHIDDEN=T|LOCATION.X=408|LOCATION.Y=175|NAME=Supplier 1|TEXT=Digi-Key|UNIQUEID=RBUSDCBS|
RECORD=41|LINENO= 357|OWNERPARTID=   0|OWNERINDEX= 354|FONTID=2|ISHIDDEN=T|LOCATION.X=408|LOCATION.Y=175|NAME=Supplier Part Number 1|TEXT=1276-6840-2-ND|UNIQUEID=EVSZSORV|
RECORD= 2|LINENO= 358|OWNERPARTID=   2|OWNERINDEX= 354|DESIGNATOR=2|ELECTRICAL=4|FORMALTYPE=1|LOCATION.X=430|LOCATION.Y=170|NAME=2|PINCONGLOMERATE=33|PINLENGTH=10|PINPROPAGATIONDELAY=0.000000E+000|UNIQUEID=RMICUPPA|
RECORD=41|LINENO= 359|OWNERPARTID=   0|OWNERINDEX= 358|FONTID=1|ISHIDDEN=T|LOCATION.X=430|LOCATION.Y=170|NAME=PinUniqueId|TEXT=RMICUPPA|UNIQUEID=GTXOIUXX|
RECORD= 2|LINENO= 360|OWNERPARTID=   2|OWNERINDEX= 354|DESIGNATOR=1|ELECTRICAL=4|FORMALTYPE=1|LOCATION.X=430|LOCATION.Y=160|NAME=1|PINCONGLOMERATE=35|PINLENGTH=10|PINPROPAGATIONDELAY=0.000000E+000|UNIQUEID=EKHNUWTX|
RECORD=41|LINENO= 361|OWNERPARTID=   0|OWNERINDEX= 360|FONTID=1|ISHIDDEN=T|LOCATION.X=430|LOCATION.Y=160|NAME=PinUniqueId|TEXT=EKHNUWTX|UNIQUEID=JPXTERHT|
RECORD= 6|LINENO= 362|OWNERPARTID=   2|OWNERINDEX= 354|LINEWIDTH=1|LOCATIONCOUNT=2|X1=430|X2=430|Y1=170|Y2=167|
RECORD= 6|LINENO= 363|OWNERPARTID=   2|OWNERINDEX= 354|LINEWIDTH=1|LOCATIONCOUNT=2|X1=430|X2=430|Y1=160|Y2=163|
RECORD= 6|LINENO= 364|OWNERPARTID=   2|OWNERINDEX= 354|LINEWIDTH=1|LOCATIONCOUNT=2|X1=422|X2=438|Y1=163|Y2=163|
RECORD= 6|LINENO= 365|OWNERPARTID=   2|OWNERINDEX= 354|LINEWIDTH=1|LOCATIONCOUNT=2|X1=422|X2=438|Y1=167|Y2=167|
RECORD=34|LINENO= 366|OWNERPARTID=   0|OWNERINDEX= 354|FONTID=2|LOCATION.X=439|LOCATION.Y=171|NAME=Designator|TEXT=C8|UNIQUEID=DKJGHJVD|
RECORD=41|LINENO= 367|OWNERPARTID=   0|OWNERINDEX= 354|FONTID=2|LOCATION.X=439|LOCATION.Y=161|NAME=Comment|TEXT=0805|UNIQUEID=JYSSLYOZ|
RECORD=44|LINENO= 368|OWNERPARTID= -42|OWNERINDEX= 354|
RECORD=45|LINENO= 369|OWNERPARTID= -42|OWNERINDEX= 368|DATAFILECOUNT=1|DESCRIPTION=Same as 0805 footprint, but solder mask is adjusted to leave more paste behind for tall (>0.9mm) components like big caps, which tend to be solder-starved on the regular footprint.|ISCURRENT=T|MODELDATAFILEENTITY0=0805 - TALL|MODELDATAFILEKIND0=PCBLib|MODELNAME=0805 - TALL|MODELTYPE=PCBLIB|UNIQUEID=LFLAQZEG|
RECORD=46|LINENO= 370|OWNERPARTID= -42|OWNERINDEX= 369|
RECORD=48|LINENO= 371|OWNERPARTID= -42|OWNERINDEX= 369|
RECORD=45|LINENO= 372|OWNERPARTID= -42|OWNERINDEX= 368|DATAFILECOUNT=1|DESCRIPTION=Same as 0805 footprint, but solder mask is adjusted to leave more paste behind for tall (>0.9mm) components like big caps, which tend to be solder-starved on the regular footprint.|MODELDATAFILEENTITY0=0805 - TALL|MODELDATAFILEKIND0=PCBLib|MODELNAME=0805 - TALL|MODELTYPE=PCBLIB|UNIQUEID=XKTFXWSQ|
RECORD=46|LINENO= 373|OWNERPARTID= -42|OWNERINDEX= 372|
RECORD=48|LINENO= 374|OWNERPARTID= -42|OWNERINDEX= 372|
RECORD=17|LINENO= 375|OWNERPARTID=   0|OWNERINDEX= -42|FONTID=2|LOCATION.X=860|LOCATION.Y=150|ORIENTATION=3|SHOWNETNAME=T|STYLE=4|TEXT=GND|UNIQUEID=SDBLTQBG|
RECORD= 1|LINENO= 376|OWNERPARTID=   0|OWNERINDEX= -42|ALLPINCOUNT=2|AREACOLOR=11599871|COMPONENTDESCRIPTION=0805, X5R or better|CURRENTPARTID=1|DESIGNITEMID=Cap 0.1uF 100V|DISPLAYMODECOUNT=1|LIBREFERENCE=Cap 0.1uF 100V|LOCATION.X=850|LOCATION.Y=160|NOTUSEDBTABLENAME=T|ORIENTATION=1|PARTCOUNT=2|PARTIDLOCKED=T|SOURCELIBRARYNAME=Chip_Passives.SchLib|TARGETFILENAME=*|UNIQUEID=QTEECFTU|
RECORD=41|LINENO= 377|OWNERPARTID=   0|OWNERINDEX= 376|FONTID=2|LOCATION.X=869|LOCATION.Y=141|NAME=Value|TEXT=0.1uF 100V|UNIQUEID=SYPMUZSA|
RECORD=41|LINENO= 378|OWNERPARTID=   0|OWNERINDEX= 376|FONTID=2|ISHIDDEN=T|LOCATION.X=838|LOCATION.Y=175|NAME=Supplier 1|TEXT=Digi-Key|UNIQUEID=PEKRMMUO|
RECORD=41|LINENO= 379|OWNERPARTID=   0|OWNERINDEX= 376|FONTID=2|ISHIDDEN=T|LOCATION.X=838|LOCATION.Y=175|NAME=Supplier Part Number 1|TEXT=1276-6840-2-ND|UNIQUEID=BWPDWEZE|
RECORD= 2|LINENO= 380|OWNERPARTID=   2|OWNERINDEX= 376|DESIGNATOR=2|ELECTRICAL=4|FORMALTYPE=1|LOCATION.X=860|LOCATION.Y=170|NAME=2|PINCONGLOMERATE=33|PINLENGTH=10|PINPROPAGATIONDELAY=0.000000E+000|UNIQUEID=FBBTDCHM|
RECORD=41|LINENO= 381|OWNERPARTID=   0|OWNERINDEX= 380|FONTID=1|ISHIDDEN=T|LOCATION.X=860|LOCATION.Y=170|NAME=PinUniqueId|TEXT=FBBTDCHM|UNIQUEID=ILAMHULD|
RECORD= 2|LINENO= 382|OWNERPARTID=   2|OWNERINDEX= 376|DESIGNATOR=1|ELECTRICAL=4|FORMALTYPE=1|LOCATION.X=860|LOCATION.Y=160|NAME=1|PINCONGLOMERATE=35|PINLENGTH=10|PINPROPAGATIONDELAY=0.000000E+000|UNIQUEID=AZVZZYGH|
RECORD=41|LINENO= 383|OWNERPARTID=   0|OWNERINDEX= 382|FONTID=1|ISHIDDEN=T|LOCATION.X=860|LOCATION.Y=160|NAME=PinUniqueId|TEXT=AZVZZYGH|UNIQUEID=UXBNOTCU|
RECORD= 6|LINENO= 384|OWNERPARTID=   2|OWNERINDEX= 376|LINEWIDTH=1|LOCATIONCOUNT=2|X1=860|X2=860|Y1=170|Y2=167|
RECORD= 6|LINENO= 385|OWNERPARTID=   2|OWNERINDEX= 376|LINEWIDTH=1|LOCATIONCOUNT=2|X1=860|X2=860|Y1=160|Y2=163|
RECORD= 6|LINENO= 386|OWNERPARTID=   2|OWNERINDEX= 376|LINEWIDTH=1|LOCATIONCOUNT=2|X1=852|X2=868|Y1=163|Y2=163|
RECORD= 6|LINENO= 387|OWNERPARTID=   2|OWNERINDEX= 376|LINEWIDTH=1|LOCATIONCOUNT=2|X1=852|X2=868|Y1=167|Y2=167|
RECORD=34|LINENO= 388|OWNERPARTID=   0|OWNERINDEX= 376|FONTID=2|LOCATION.X=869|LOCATION.Y=161|NAME=Designator|TEXT=C9|UNIQUEID=SUKRCLEO|
RECORD=41|LINENO= 389|OWNERPARTID=   0|OWNERINDEX= 376|FONTID=2|LOCATION.X=869|LOCATION.Y=151|NAME=Comment|TEXT=0805|UNIQUEID=GUUIOCVB|
RECORD=44|LINENO= 390|OWNERPARTID= -42|OWNERINDEX= 376|
RECORD=45|LINENO= 391|OWNERPARTID= -42|OWNERINDEX= 390|DATAFILECOUNT=1|DESCRIPTION=Same as 0805 footprint, but solder mask is adjusted to leave more paste behind for tall (>0.9mm) components like big caps, which tend to be solder-starved on the regular footprint.|ISCURRENT=T|MODELDATAFILEENTITY0=0805 - TALL|MODELDATAFILEKIND0=PCBLib|MODELNAME=0805 - TALL|MODELTYPE=PCBLIB|UNIQUEID=GCXGLUFC|
RECORD=46|LINENO= 392|OWNERPARTID= -42|OWNERINDEX= 391|
RECORD=48|LINENO= 393|OWNERPARTID= -42|OWNERINDEX= 391|
RECORD=45|LINENO= 394|OWNERPARTID= -42|OWNERINDEX= 390|DATAFILECOUNT=1|DESCRIPTION=Same as 0805 footprint, but solder mask is adjusted to leave more paste behind for tall (>0.9mm) components like big caps, which tend to be solder-starved on the regular footprint.|MODELDATAFILEENTITY0=0805 - TALL|MODELDATAFILEKIND0=PCBLib|MODELNAME=0805 - TALL|MODELTYPE=PCBLIB|UNIQUEID=BHUDJFEE|
RECORD=46|LINENO= 395|OWNERPARTID= -42|OWNERINDEX= 394|
RECORD=48|LINENO= 396|OWNERPARTID= -42|OWNERINDEX= 394|
RECORD= 1|LINENO= 397|OWNERPARTID=   0|OWNERINDEX= -42|ALLPINCOUNT=2|AREACOLOR=11599871|COMPONENTDESCRIPTION=0805, X5R or better|CURRENTPARTID=1|DESIGNITEMID=Cap 0.1uF 100V|DISPLAYMODECOUNT=1|LIBREFERENCE=Cap 0.1uF 100V|LOCATION.X=320|LOCATION.Y=280|NOTUSEDBTABLENAME=T|ORIENTATION=1|PARTCOUNT=2|PARTIDLOCKED=T|SOURCELIBRARYNAME=Chip_Passives.SchLib|TARGETFILENAME=*|UNIQUEID=CDRWCHII|
RECORD=41|LINENO= 398|OWNERPARTID=   0|OWNERINDEX= 397|FONTID=2|LOCATION.X=339|LOCATION.Y=271|NAME=Value|TEXT=0.1uF 100V|UNIQUEID=BJMBYRMC|
RECORD=41|LINENO= 399|OWNERPARTID=   0|OWNERINDEX= 397|FONTID=2|ISHIDDEN=T|LOCATION.X=308|LOCATION.Y=295|NAME=Supplier 1|TEXT=Digi-Key|UNIQUEID=KCUCTSOP|
RECORD=41|LINENO= 400|OWNERPARTID=   0|OWNERINDEX= 397|FONTID=2|ISHIDDEN=T|LOCATION.X=308|LOCATION.Y=295|NAME=Supplier Part Number 1|TEXT=1276-6840-2-ND|UNIQUEID=LYHZBNWC|
RECORD= 2|LINENO= 401|OWNERPARTID=   2|OWNERINDEX= 397|DESIGNATOR=2|ELECTRICAL=4|FORMALTYPE=1|LOCATION.X=330|LOCATION.Y=290|NAME=2|PINCONGLOMERATE=33|PINLENGTH=10|PINPROPAGATIONDELAY=0.000000E+000|UNIQUEID=BWGMHLQO|
RECORD=41|LINENO= 402|OWNERPARTID=   0|OWNERINDEX= 401|FONTID=1|ISHIDDEN=T|LOCATION.X=330|LOCATION.Y=290|NAME=PinUniqueId|TEXT=BWGMHLQO|UNIQUEID=TEVNEKPT|
RECORD= 2|LINENO= 403|OWNERPARTID=   2|OWNERINDEX= 397|DESIGNATOR=1|ELECTRICAL=4|FORMALTYPE=1|LOCATION.X=330|LOCATION.Y=280|NAME=1|PINCONGLOMERATE=35|PINLENGTH=10|PINPROPAGATIONDELAY=0.000000E+000|UNIQUEID=ZRIYPRBK|
RECORD=41|LINENO= 404|OWNERPARTID=   0|OWNERINDEX= 403|FONTID=1|ISHIDDEN=T|LOCATION.X=330|LOCATION.Y=280|NAME=PinUniqueId|TEXT=ZRIYPRBK|UNIQUEID=HETEBRQI|
RECORD= 6|LINENO= 405|OWNERPARTID=   2|OWNERINDEX= 397|LINEWIDTH=1|LOCATIONCOUNT=2|X1=330|X2=330|Y1=290|Y2=287|
RECORD= 6|LINENO= 406|OWNERPARTID=   2|OWNERINDEX= 397|LINEWIDTH=1|LOCATIONCOUNT=2|X1=330|X2=330|Y1=280|Y2=283|
RECORD= 6|LINENO= 407|OWNERPARTID=   2|OWNERINDEX= 397|LINEWIDTH=1|LOCATIONCOUNT=2|X1=322|X2=338|Y1=283|Y2=283|
RECORD= 6|LINENO= 408|OWNERPARTID=   2|OWNERINDEX= 397|LINEWIDTH=1|LOCATIONCOUNT=2|X1=322|X2=338|Y1=287|Y2=287|
RECORD=34|LINENO= 409|OWNERPARTID=   0|OWNERINDEX= 397|FONTID=2|LOCATION.X=339|LOCATION.Y=291|NAME=Designator|TEXT=C4|UNIQUEID=DRKRCGUP|
RECORD=41|LINENO= 410|OWNERPARTID=   0|OWNERINDEX= 397|FONTID=2|LOCATION.X=339|LOCATION.Y=281|NAME=Comment|TEXT=0805|UNIQUEID=BWSITBDQ|
RECORD=44|LINENO= 411|OWNERPARTID= -42|OWNERINDEX= 397|
RECORD=45|LINENO= 412|OWNERPARTID= -42|OWNERINDEX= 411|DATAFILECOUNT=1|DESCRIPTION=Same as 0805 footprint, but solder mask is adjusted to leave more paste behind for tall (>0.9mm) components like big caps, which tend to be solder-starved on the regular footprint.|ISCURRENT=T|MODELDATAFILEENTITY0=0805 - TALL|MODELDATAFILEKIND0=PCBLib|MODELNAME=0805 - TALL|MODELTYPE=PCBLIB|UNIQUEID=RIMNOCFE|
RECORD=46|LINENO= 413|OWNERPARTID= -42|OWNERINDEX= 412|
RECORD=48|LINENO= 414|OWNERPARTID= -42|OWNERINDEX= 412|
RECORD=45|LINENO= 415|OWNERPARTID= -42|OWNERINDEX= 411|DATAFILECOUNT=1|DESCRIPTION=Same as 0805 footprint, but solder mask is adjusted to leave more paste behind for tall (>0.9mm) components like big caps, which tend to be solder-starved on the regular footprint.|MODELDATAFILEENTITY0=0805 - TALL|MODELDATAFILEKIND0=PCBLib|MODELNAME=0805 - TALL|MODELTYPE=PCBLIB|UNIQUEID=ZCQGLLXH|
RECORD=46|LINENO= 416|OWNERPARTID= -42|OWNERINDEX= 415|
RECORD=48|LINENO= 417|OWNERPARTID= -42|OWNERINDEX= 415|
RECORD=17|LINENO= 418|OWNERPARTID=   0|OWNERINDEX= -42|FONTID=2|LOCATION.X=330|LOCATION.Y=270|ORIENTATION=3|SHOWNETNAME=T|STYLE=4|TEXT=GND|UNIQUEID=UXVYHKIM|
RECORD=28|LINENO= 419|OWNERPARTID=   0|OWNERINDEX= -42|ALIGNMENT=1|AREACOLOR=16777215|CLIPTORECT=T|CORNER.X=1160|CORNER.Y=660|FONTID=2|ISSOLID=T|LOCATION.X=1060|LOCATION.Y=490|TEXT=IMPORTANT NOTE:~1~1Unused GPIO are grounded to improve EMC performance. To make best use of this, grounded GPIO should be set to:~1~1OUTPUT LOW + PULLDOWN~1~1This will ground the chip through the GPIO pins.|TEXTMARGIN_FRAC=5|WORDWRAP=T|
RECORD=17|LINENO= 420|OWNERPARTID=   0|OWNERINDEX= -42|FONTID=8|LOCATION.X=1000|LOCATION.Y=330|ORIENTATION=3|SHOWNETNAME=T|STYLE=4|TEXT=GND|UNIQUEID=GGWHXTOB|
RECORD=41|LINENO= 421|OWNERPARTID=   0|OWNERINDEX= -42|FONTID=2|ISHIDDEN=T|NAME=VersionControl_ProjFolderRevNumber|UNIQUEID=TLYLLOGX|
RECORD=22|LINENO= 422|OWNERPARTID=   0|OWNERINDEX= -42|CONNECTIONPAIRSTOSUPPRESS=PNB_PTO|ISACTIVE=T|LOCATION.X=860|LOCATION.Y=650|ORIENTATION=1|SUPPRESSALL=F|SYMBOL=Checkbox|UNIQUEID=GBLQXZSZ|
RECORD=22|LINENO= 423|OWNERPARTID=   0|OWNERINDEX= -42|CONNECTIONPAIRSTOSUPPRESS=PNB_PNR|ISACTIVE=T|LOCATION.X=330|LOCATION.Y=270|ORIENTATION=1|SUPPRESSALL=F|SYMBOL=Checkbox|UNIQUEID=NKGBVORE|
RECORD=22|LINENO= 424|OWNERPARTID=   0|OWNERINDEX= -42|CONNECTIONPAIRSTOSUPPRESS=PNR_PTI|ISACTIVE=T|LOCATION.X=410|LOCATION.Y=280|ORIENTATION=1|SUPPRESSALL=F|SYMBOL=Checkbox|UNIQUEID=EAKLYVQB|
RECORD=22|LINENO= 425|OWNERPARTID=   0|OWNERINDEX= -42|CONNECTIONPAIRSTOSUPPRESS=PNI_PNI,PNI_PNB,PNI_PNO,PNI_PNC,PNI_PNP,PNI_PNZ,PNI_PNE,PNI_PNR,PNI_PTI,PNI_PTO,PNI_PTB,PNI_PTU,PNI_SEI,PNI_SEO,PNI_SEB,PNI_SEU,PNI_UNC,PNB_PNB,PNB_PNO,PNB_PNC,PNB_PNP,PNB_PNZ,PNB_PNE,PNB_PNR,PNB_PTI,PNB_PTO,PNB_PTB,PNB_PTU,PNB_SEI,PNB_SEO,PNB_SEB,PNB_SEU,PNB_UNC,PNO_PNO,PNO_PNC,PNO_PNP,PNO_PNZ,PNO_PNE,PNO_PNR,PNO_PTI,PNO_PTO,PNO_PTB,PNO_PTU,PNO_SEI,PNO_SEO,PNO_SEB,PNO_SEU,PNO_UNC,PNC_PNC,PNC_PNP,PNC_PNZ,PNC_PNE,PNC_PNR,PNC_PTI,PNC_PTO,PNC_PTB,PNC_PTU,PNC_SEI,PNC_SEO,PNC_SEB,PNC_SEU,PNC_UNC,PNP_PNP,PNP_PNZ,PNP_PNE,PNP_PNR,PNP_PTI,PNP_PTO,PNP_PTB,PNP_PTU,PNP_SEI,PNP_SEO,PNP_SEB,PNP_SEU,PNP_UNC,PNZ_PNZ,PNZ_PNE,PNZ_PNR,PNZ_PTI,PNZ_PTO,PNZ_PTB,PNZ_PTU,PNZ_SEI,PNZ_SEO,PNZ_SEB,PNZ_SEU,PNZ_UNC,PNE_PNE,PNE_PNR,PNE_PTI,PNE_PTO,PNE_PTB,PNE_PTU,PNE_SEI,PNE_SEO,PNE_SEB,PNE_SEU,PNE_UNC,PNR_PNR,PNR_PTI,PNR_PTO,PNR_PTB,PNR_PTU,PNR_SEI,PNR_SEO,PNR_SEB,PNR_SEU,PNR_UNC,PTI_PTI,PTI_PTO,PTI_PTB,PTI_PTU,PTI_SEI,PTI_SEO,PTI_SEB,PTI_SEU,PTI_UNC,PTO_PTO,PTO_PTB,PTO_PTU,PTO_SEI,PTO_SEO,PTO_SEB,PTO_SEU,PTO_UNC,PTB_PTB,PTB_PTU,PTB_SEI,PTB_SEO,PTB_SEB,PTB_SEU,PTB_UNC,PTU_PTU,PTU_SEI,PTU_SEO,PTU_SEB,PTU_SEU,PTU_UNC,SEI_SEI,SEI_SEO,SEI_SEB,SEI_SEU,SEI_UNC,SEO_SEO,SEO_SEB,SEO_SEU,SEO_UNC,SEB_SEB,SEB_SEU,SEB_UNC,SEU_SEU,SEU_UNC,UNC_UNC|ERRORKINDSETTOSUPPRESS=Nets with no driving source|ISACTIVE=T|LOCATION.X=780|LOCATION.Y=720|ORIENTATION=1|SUPPRESSALL=F|SYMBOL=Checkbox|UNIQUEID=YAQPMZHU|
RECORD=22|LINENO= 426|OWNERPARTID=   0|OWNERINDEX= -42|CONNECTIONPAIRSTOSUPPRESS=PNR_PTI|ISACTIVE=T|LOCATION.X=380|LOCATION.Y=650|ORIENTATION=1|SUPPRESSALL=F|SYMBOL=Checkbox|UNIQUEID=CIRKPFMD|
RECORD=22|LINENO= 427|OWNERPARTID=   0|OWNERINDEX= -42|CONNECTIONPAIRSTOSUPPRESS=PNB_PTO|ISACTIVE=T|LOCATION.X=860|LOCATION.Y=640|ORIENTATION=1|SUPPRESSALL=F|SYMBOL=Checkbox|UNIQUEID=UTWITUDE|
RECORD=22|LINENO= 428|OWNERPARTID=   0|OWNERINDEX= -42|CONNECTIONPAIRSTOSUPPRESS=PNB_PTI|ISACTIVE=T|LOCATION.X=810|LOCATION.Y=750|ORIENTATION=1|SUPPRESSALL=F|SYMBOL=Checkbox|UNIQUEID=GYCZJYNG|
RECORD=22|LINENO= 429|OWNERPARTID=   0|OWNERINDEX= -42|CONNECTIONPAIRSTOSUPPRESS=PNB_PNO|ISACTIVE=T|LOCATION.X=860|LOCATION.Y=620|ORIENTATION=1|SUPPRESSALL=F|SYMBOL=Checkbox|UNIQUEID=WLNDIIPT|
RECORD=22|LINENO= 430|OWNERPARTID=   0|OWNERINDEX= -42|CONNECTIONPAIRSTOSUPPRESS=PNB_PTO|ISACTIVE=T|LOCATION.X=860|LOCATION.Y=630|ORIENTATION=1|SUPPRESSALL=F|SYMBOL=Checkbox|UNIQUEID=BHWWRETC|
RECORD=18|LINENO= 431|OWNERPARTID=   0|OWNERINDEX= -42|ALIGNMENT=1|AREACOLOR=8454143|FONTID=2|HEIGHT=10|IOTYPE=1|LOCATION.X=130|LOCATION.Y=450|NAME=R\E\S\E\T\|TEXTCOLOR=128|UNIQUEID=RPUFCOTL|WIDTH=50|
RECORD= 1|LINENO= 432|OWNERPARTID=   0|OWNERINDEX= -42|ALLPINCOUNT=2|AREACOLOR=11599871|COMPONENTDESCRIPTION=0805, X5R or better|CURRENTPARTID=1|DESIGNITEMID=Cap 0.1uF 100V|DISPLAYMODECOUNT=1|LIBRARYPATH=*|LIBREFERENCE=Cap 0.1uF 100V|LOCATION.X=190|LOCATION.Y=430|ORIENTATION=1|PARTCOUNT=2|PARTIDLOCKED=T|SOURCELIBRARYNAME=Chip_Passives.SchLib|TARGETFILENAME=*|UNIQUEID=URIXVBQR|
RECORD=41|LINENO= 433|OWNERPARTID=   0|OWNERINDEX= 432|FONTID=2|ISHIDDEN=T|LOCATION.X=191|LOCATION.Y=452|NAME=Supplier 1|TEXT=Digi-Key|UNIQUEID=HKGVHYRI|
RECORD=41|LINENO= 434|OWNERPARTID=   0|OWNERINDEX= 432|FONTID=2|ISHIDDEN=T|LOCATION.X=191|LOCATION.Y=452|NAME=Supplier Part Number 1|TEXT=1276-6840-2-ND|UNIQUEID=HDBTPAXL|
RECORD=41|LINENO= 435|OWNERPARTID=   0|OWNERINDEX= 432|FONTID=2|LOCATION.X=209|LOCATION.Y=411|NAME=Value|TEXT=0.1uF 100V|UNIQUEID=ZBOAVNKS|
RECORD= 2|LINENO= 436|OWNERPARTID=   2|OWNERINDEX= 432|DESIGNATOR=2|ELECTRICAL=4|FORMALTYPE=1|LOCATION.X=200|LOCATION.Y=440|NAME=2|PINCONGLOMERATE=33|PINLENGTH=10|PINPROPAGATIONDELAY=0.000000E+000|UNIQUEID=NRFSNTVE|
RECORD=41|LINENO= 437|OWNERPARTID=   0|OWNERINDEX= 436|FONTID=1|ISHIDDEN=T|LOCATION.X=200|LOCATION.Y=440|NAME=PinUniqueId|TEXT=NRFSNTVE|UNIQUEID=TTWJXAHM|
RECORD= 2|LINENO= 438|OWNERPARTID=   2|OWNERINDEX= 432|DESIGNATOR=1|ELECTRICAL=4|FORMALTYPE=1|LOCATION.X=200|LOCATION.Y=430|NAME=1|PINCONGLOMERATE=35|PINLENGTH=10|PINPROPAGATIONDELAY=0.000000E+000|UNIQUEID=BJXNDZVJ|
RECORD=41|LINENO= 439|OWNERPARTID=   0|OWNERINDEX= 438|FONTID=1|ISHIDDEN=T|LOCATION.X=200|LOCATION.Y=430|NAME=PinUniqueId|TEXT=BJXNDZVJ|UNIQUEID=HUTKTKJP|
RECORD= 6|LINENO= 440|OWNERPARTID=   2|OWNERINDEX= 432|LINEWIDTH=1|LOCATIONCOUNT=2|X1=200|X2=200|Y1=440|Y2=437|
RECORD= 6|LINENO= 441|OWNERPARTID=   2|OWNERINDEX= 432|LINEWIDTH=1|LOCATIONCOUNT=2|X1=200|X2=200|Y1=430|Y2=433|
RECORD= 6|LINENO= 442|OWNERPARTID=   2|OWNERINDEX= 432|LINEWIDTH=1|LOCATIONCOUNT=2|X1=192|X2=208|Y1=433|Y2=433|
RECORD= 6|LINENO= 443|OWNERPARTID=   2|OWNERINDEX= 432|LINEWIDTH=1|LOCATIONCOUNT=2|X1=192|X2=208|Y1=437|Y2=437|
RECORD=34|LINENO= 444|OWNERPARTID=   0|OWNERINDEX= 432|FONTID=2|LOCATION.X=209|LOCATION.Y=431|NAME=Designator|TEXT=C22|UNIQUEID=VYWGJRNT|
RECORD=41|LINENO= 445|OWNERPARTID=   0|OWNERINDEX= 432|FONTID=2|LOCATION.X=209|LOCATION.Y=421|NAME=Comment|TEXT=0805|UNIQUEID=TIGYVEXV|
RECORD=44|LINENO= 446|OWNERPARTID= -42|OWNERINDEX= 432|
RECORD=45|LINENO= 447|OWNERPARTID= -42|OWNERINDEX= 446|DATAFILECOUNT=1|DESCRIPTION=Same as 0805 footprint, but solder mask is adjusted to leave more paste behind for tall (>0.9mm) components like big caps, which tend to be solder-starved on the regular footprint.|ISCURRENT=T|MODELDATAFILEENTITY0=0805 - TALL|MODELDATAFILEKIND0=PCBLib|MODELNAME=0805 - TALL|MODELTYPE=PCBLIB|UNIQUEID=QCGLIXDZ|
RECORD=46|LINENO= 448|OWNERPARTID= -42|OWNERINDEX= 447|
RECORD=48|LINENO= 449|OWNERPARTID= -42|OWNERINDEX= 447|
RECORD=45|LINENO= 450|OWNERPARTID= -42|OWNERINDEX= 446|DATAFILECOUNT=1|DESCRIPTION=Same as 0805 footprint, but solder mask is adjusted to leave more paste behind for tall (>0.9mm) components like big caps, which tend to be solder-starved on the regular footprint.|MODELDATAFILEENTITY0=0805 - TALL|MODELDATAFILEKIND0=PCBLib|MODELNAME=0805 - TALL|MODELTYPE=PCBLIB|UNIQUEID=HZHDRNPL|
RECORD=46|LINENO= 451|OWNERPARTID= -42|OWNERINDEX= 450|
RECORD=48|LINENO= 452|OWNERPARTID= -42|OWNERINDEX= 450|
RECORD=17|LINENO= 453|OWNERPARTID=   0|OWNERINDEX= -42|FONTID=2|LOCATION.X=200|LOCATION.Y=420|ORIENTATION=3|SHOWNETNAME=T|STYLE=4|TEXT=GND|UNIQUEID=SRWMYQUD|
RECORD=41|LINENO= 454|OWNERPARTID=   0|OWNERINDEX= -42|FONTID=1|ISHIDDEN=T|NAME=CurrentTime|TEXT=*|UNIQUEID=SGLTTYSU|
RECORD=41|LINENO= 455|OWNERPARTID=   0|OWNERINDEX= -42|FONTID=1|ISHIDDEN=T|NAME=CurrentDate|TEXT=*|UNIQUEID=MICRGNLK|
RECORD=41|LINENO= 456|OWNERPARTID=   0|OWNERINDEX= -42|FONTID=1|ISHIDDEN=T|NAME=Time|TEXT=*|UNIQUEID=ETWBTVBW|
RECORD=41|LINENO= 457|OWNERPARTID=   0|OWNERINDEX= -42|FONTID=1|ISHIDDEN=T|NAME=Date|TEXT=*|UNIQUEID=KYVGVSOI|
RECORD=41|LINENO= 458|OWNERPARTID=   0|OWNERINDEX= -42|FONTID=1|ISHIDDEN=T|NAME=DocumentFullPathAndName|TEXT=*|UNIQUEID=PCARWNVW|
RECORD=41|LINENO= 459|OWNERPARTID=   0|OWNERINDEX= -42|FONTID=1|ISHIDDEN=T|NAME=DocumentName|TEXT=*|UNIQUEID=EWYKJAUS|
RECORD=41|LINENO= 460|OWNERPARTID=   0|OWNERINDEX= -42|FONTID=1|ISHIDDEN=T|NAME=ModifiedDate|TEXT=*|UNIQUEID=CKKJGBMI|
RECORD=41|LINENO= 461|OWNERPARTID=   0|OWNERINDEX= -42|FONTID=1|ISHIDDEN=T|NAME=ApprovedBy|TEXT=*|UNIQUEID=YXBAXWVT|
RECORD=41|LINENO= 462|OWNERPARTID=   0|OWNERINDEX= -42|FONTID=1|ISHIDDEN=T|NAME=CheckedBy|TEXT=*|UNIQUEID=GBXNKSLA|
RECORD=41|LINENO= 463|OWNERPARTID=   0|OWNERINDEX= -42|FONTID=1|ISHIDDEN=T|NAME=Author|TEXT=*|UNIQUEID=PLYYNAYC|
RECORD=41|LINENO= 464|OWNERPARTID=   0|OWNERINDEX= -42|FONTID=1|ISHIDDEN=T|NAME=CompanyName|TEXT=Ploopy Corporation|UNIQUEID=BDSGCKKX|
RECORD=41|LINENO= 465|OWNERPARTID=   0|OWNERINDEX= -42|FONTID=1|ISHIDDEN=T|NAME=DrawnBy|TEXT=*|UNIQUEID=WOXLNFIL|
RECORD=41|LINENO= 466|OWNERPARTID=   0|OWNERINDEX= -42|FONTID=1|ISHIDDEN=T|NAME=Engineer|TEXT=*|UNIQUEID=MUMCTENI|
RECORD=41|LINENO= 467|OWNERPARTID=   0|OWNERINDEX= -42|FONTID=1|ISHIDDEN=T|NAME=Organization|TEXT=Ploopy Corporation|UNIQUEID=RTUNMFBQ|
RECORD=41|LINENO= 468|OWNERPARTID=   0|OWNERINDEX= -42|FONTID=1|ISHIDDEN=T|NAME=Address1|TEXT=137-1140 Burnhamthorpe Road W|UNIQUEID=GSOFMMNN|
RECORD=41|LINENO= 469|OWNERPARTID=   0|OWNERINDEX= -42|FONTID=1|ISHIDDEN=T|NAME=Address2|TEXT=Mississauga|UNIQUEID=FKIHUYOT|
RECORD=41|LINENO= 470|OWNERPARTID=   0|OWNERINDEX= -42|FONTID=1|ISHIDDEN=T|NAME=Address3|TEXT=Ontario|UNIQUEID=NQECMVAV|
RECORD=41|LINENO= 471|OWNERPARTID=   0|OWNERINDEX= -42|FONTID=1|ISHIDDEN=T|NAME=Address4|TEXT=Canada L5C 0A3|UNIQUEID=CVBRLERS|
RECORD=41|LINENO= 472|OWNERPARTID=   0|OWNERINDEX= -42|FONTID=1|ISHIDDEN=T|NAME=Title|TEXT=*|UNIQUEID=KPRQVFMR|
RECORD=41|LINENO= 473|OWNERPARTID=   0|OWNERINDEX= -42|FONTID=1|ISHIDDEN=T|NAME=DocumentNumber|TEXT=3|UNIQUEID=UFUQOMSM|
RECORD=41|LINENO= 474|OWNERPARTID=   0|OWNERINDEX= -42|FONTID=1|ISHIDDEN=T|NAME=Revision|TEXT=R1.001|UNIQUEID=VOQFFGSH|
RECORD=41|LINENO= 475|OWNERPARTID=   0|OWNERINDEX= -42|FONTID=1|ISHIDDEN=T|NAME=SheetNumber|TEXT=3|UNIQUEID=KRTSFHWW|
RECORD=41|LINENO= 476|OWNERPARTID=   0|OWNERINDEX= -42|FONTID=1|ISHIDDEN=T|NAME=SheetTotal|TEXT=5|UNIQUEID=ITDEMXVU|
RECORD=41|LINENO= 477|OWNERPARTID=   0|OWNERINDEX= -42|FONTID=1|ISHIDDEN=T|NAME=ImagePath|TEXT=*|UNIQUEID=VGCOICVG|
RECORD=41|LINENO= 478|OWNERPARTID=   0|OWNERINDEX= -42|FONTID=1|ISHIDDEN=T|NAME=Rule|TEXT=*|UNIQUEID=VFHUNTEH|
RECORD=41|LINENO= 479|OWNERPARTID=   0|OWNERINDEX= -42|FONTID=1|ISHIDDEN=T|NAME=ProjectName|TEXT=*|UNIQUEID=JWPGDWGP|
RECORD=41|LINENO= 480|OWNERPARTID=   0|OWNERINDEX= -42|FONTID=1|ISHIDDEN=T|NAME=Application_BuildNumber|TEXT=*|UNIQUEID=JEUHOBME|
RECORD=25|LINENO= 481|OWNERPARTID=   0|OWNERINDEX= -42|FONTID=2|LOCATION.X=380|LOCATION.Y=490|TEXT=V_USB|UNIQUEID=NTUYQOWH|
RECORD=25|LINENO= 482|OWNERPARTID=   0|OWNERINDEX= -42|FONTID=2|LOCATION.X=410|LOCATION.Y=280|TEXT=V_USB|UNIQUEID=YTLVYINI|
RECORD=25|LINENO= 483|OWNERPARTID=   0|OWNERINDEX= -42|FONTID=2|LOCATION.X=410|LOCATION.Y=180|TEXT=V_USB|UNIQUEID=BYCPPYMO|
RECORD=25|LINENO= 484|OWNERPARTID=   0|OWNERINDEX= -42|FONTID=2|LOCATION.X=860|LOCATION.Y=180|TEXT=V_USB|UNIQUEID=BEZFEJYZ|
RECORD=25|LINENO= 485|OWNERPARTID=   0|OWNERINDEX= -42|FONTID=2|LOCATION.X=930|LOCATION.Y=280|TEXT=V_USB|UNIQUEID=STSWGYXE|
RECORD= 1|LINENO= 486|OWNERPARTID=   0|OWNERINDEX= -42|ALLPINCOUNT=2|AREACOLOR=11599871|COMPONENTDESCRIPTION=Chip resistor|CURRENTPARTID=1|DESIGNITEMID=Res 10k 1% 0805|DISPLAYMODECOUNT=1|LIBRARYPATH=*|LIBREFERENCE=Res 10k 1% 0805|LOCATION.X=1050|LOCATION.Y=430|ORIENTATION=1|PARTCOUNT=2|PARTIDLOCKED=T|SOURCELIBRARYNAME=Chip_Passives.SchLib|TARGETFILENAME=*|UNIQUEID=NYLPCAKW|
RECORD=41|LINENO= 487|OWNERPARTID=   0|OWNERINDEX= 486|FONTID=2|ISHIDDEN=T|LOCATION.X=1057|LOCATION.Y=462|NAME=Supplier 1|TEXT=Digi-Key|UNIQUEID=AYDOIYEX|
RECORD=41|LINENO= 488|OWNERPARTID=   0|OWNERINDEX= 486|FONTID=2|ISHIDDEN=T|LOCATION.X=1057|LOCATION.Y=462|NAME=Supplier Part Number 1|TEXT=RMCF0805FT10K0TR-ND|UNIQUEID=MSARHVSN|
RECORD= 2|LINENO= 489|OWNERPARTID=   2|OWNERINDEX= 486|%UTF8%SWAPIDPART=Â¦&Â¦|DESIGNATOR=1|ELECTRICAL=4|FORMALTYPE=1|LOCATION.X=1060|LOCATION.Y=430|NAME=1|PINCONGLOMERATE=35|PINLENGTH=10|PINPROPAGATIONDELAY=0.000000E+000|SWAPIDPART=Ž&Ž|UNIQUEID=ARUXYWSK|
RECORD=41|LINENO= 490|OWNERPARTID=   0|OWNERINDEX= 489|FONTID=1|ISHIDDEN=T|LOCATION.X=1060|LOCATION.Y=430|NAME=PinUniqueId|TEXT=ARUXYWSK|UNIQUEID=MDAZVTPY|
RECORD= 2|LINENO= 491|OWNERPARTID=   2|OWNERINDEX= 486|%UTF8%SWAPIDPART=Â¦&Â¦|DESIGNATOR=2|ELECTRICAL=4|FORMALTYPE=1|LOCATION.X=1060|LOCATION.Y=450|NAME=2|PINCONGLOMERATE=33|PINLENGTH=10|PINPROPAGATIONDELAY=0.000000E+000|SWAPIDPART=Ž&Ž|UNIQUEID=AIDHISVU|
RECORD=41|LINENO= 492|OWNERPARTID=   0|OWNERINDEX= 491|FONTID=1|ISHIDDEN=T|LOCATION.X=1060|LOCATION.Y=450|NAME=PinUniqueId|TEXT=AIDHISVU|UNIQUEID=WHFDAHBD|
RECORD= 6|LINENO= 493|OWNERPARTID=   2|OWNERINDEX= 486|LINEWIDTH=1|LOCATIONCOUNT=8|X1=1060|X2=1058|X3=1062|X4=1058|X5=1062|X6=1058|X7=1062|X8=1060|Y1=434|Y2=435|Y3=437|Y4=439|Y5=441|Y6=443|Y7=445|Y8=446|
RECORD= 6|LINENO= 494|OWNERPARTID=   2|OWNERINDEX= 486|LINEWIDTH=1|LOCATIONCOUNT=2|X1=1060|X2=1060|Y1=430|Y2=434|
RECORD= 6|LINENO= 495|OWNERPARTID=   2|OWNERINDEX= 486|LINEWIDTH=1|LOCATIONCOUNT=2|X1=1060|X2=1060|Y1=446|Y2=450|
RECORD=41|LINENO= 496|OWNERPARTID=   0|OWNERINDEX= 486|FONTID=2|LOCATION.X=1063|LOCATION.Y=421|NAME=Value|TEXT=10k 1%|UNIQUEID=NNBQJCBP|
RECORD=34|LINENO= 497|OWNERPARTID=   0|OWNERINDEX= 486|FONTID=2|LOCATION.X=1063|LOCATION.Y=441|NAME=Designator|TEXT=R5|UNIQUEID=GYOKGNXE|
RECORD=41|LINENO= 498|OWNERPARTID=   0|OWNERINDEX= 486|FONTID=2|LOCATION.X=1063|LOCATION.Y=431|NAME=Comment|TEXT=0805|UNIQUEID=GTOAVXPU|
RECORD=44|LINENO= 499|OWNERPARTID= -42|OWNERINDEX= 486|
RECORD=45|LINENO= 500|OWNERPARTID= -42|OWNERINDEX= 499|DATAFILECOUNT=1|DESCRIPTION=Chip Capacitor, 2-Leads, Body 2.0x1.3mm, IPC Medium Density|ISCURRENT=T|MODELDATAFILEENTITY0=0805|MODELDATAFILEKIND0=PCBLib|MODELNAME=0805|MODELTYPE=PCBLIB|UNIQUEID=LCLSPHAR|
RECORD=46|LINENO= 501|OWNERPARTID= -42|OWNERINDEX= 500|
RECORD=48|LINENO= 502|OWNERPARTID= -42|OWNERINDEX= 500|
RECORD=25|LINENO= 503|OWNERPARTID=   0|OWNERINDEX= -42|FONTID=2|LOCATION.X=1070|LOCATION.Y=460|TEXT=V_USB|UNIQUEID=QWKQOBUO|
RECORD=27|LINENO= 504|OWNERPARTID=   0|OWNERINDEX= -42|LINEWIDTH=1|LOCATIONCOUNT=2|UNIQUEID=RZZDQQQR|X1=860|X2=1000|Y1=340|Y2=340|
RECORD=27|LINENO= 505|OWNERPARTID=   0|OWNERINDEX= -42|LINEWIDTH=1|LOCATIONCOUNT=4|UNIQUEID=VTZPEILK|X1=490|X2=410|X3=200|X4=180|Y1=450|Y2=450|Y3=450|Y4=450|
RECORD=27|LINENO= 506|OWNERPARTID=   0|OWNERINDEX= -42|LINEWIDTH=1|LOCATIONCOUNT=2|UNIQUEID=LCVNKTLS|X1=490|X2=200|Y1=550|Y2=550|
RECORD=27|LINENO= 507|OWNERPARTID=   0|OWNERINDEX= -42|LINEWIDTH=1|LOCATIONCOUNT=2|UNIQUEID=WLVVDYSJ|X1=490|X2=330|Y1=300|Y2=300|
RECORD=27|LINENO= 508|OWNERPARTID=   0|OWNERINDEX= -42|LINEWIDTH=1|LOCATIONCOUNT=2|UNIQUEID=NZCJXDQS|X1=490|X2=330|Y1=390|Y2=390|
RECORD=27|LINENO= 509|OWNERPARTID=   0|OWNERINDEX= -42|LINEWIDTH=1|LOCATIONCOUNT=2|UNIQUEID=ZESFEWIS|X1=490|X2=330|Y1=430|Y2=430|
RECORD=27|LINENO= 510|OWNERPARTID=   0|OWNERINDEX= -42|LINEWIDTH=1|LOCATIONCOUNT=2|UNIQUEID=VCVHUUDI|X1=380|X2=490|Y1=650|Y2=650|
RECORD=27|LINENO= 511|OWNERPARTID=   0|OWNERINDEX= -42|LINEWIDTH=1|LOCATIONCOUNT=2|UNIQUEID=MBNTTBHJ|X1=410|X2=380|Y1=490|Y2=490|
RECORD=27|LINENO= 512|OWNERPARTID=   0|OWNERINDEX= -42|LINEWIDTH=1|LOCATIONCOUNT=3|UNIQUEID=WKSSKOYJ|X1=490|X2=430|X3=410|Y1=180|Y2=180|Y3=180|
RECORD=27|LINENO= 513|OWNERPARTID=   0|OWNERINDEX= -42|LINEWIDTH=1|LOCATIONCOUNT=3|UNIQUEID=UGLFIRJD|X1=490|X2=430|X3=410|Y1=280|Y2=280|Y3=280|
RECORD=27|LINENO= 514|OWNERPARTID=   0|OWNERINDEX= -42|LINEWIDTH=1|LOCATIONCOUNT=2|UNIQUEID=VZQXTQXJ|X1=490|X2=420|Y1=530|Y2=530|
RECORD=27|LINENO= 515|OWNERPARTID=   0|OWNERINDEX= -42|LINEWIDTH=1|LOCATIONCOUNT=2|UNIQUEID=PCAZTDAC|X1=490|X2=430|Y1=150|Y2=150|
RECORD=27|LINENO= 516|OWNERPARTID=   0|OWNERINDEX= -42|LINEWIDTH=1|LOCATIONCOUNT=2|UNIQUEID=JUZHBISQ|X1=490|X2=430|Y1=250|Y2=250|
RECORD=27|LINENO= 517|OWNERPARTID=   0|OWNERINDEX= -42|LINEWIDTH=1|LOCATIONCOUNT=3|UNIQUEID=NCLWCJVQ|X1=820|X2=820|X3=780|Y1=730|Y2=720|Y3=720|
RECORD=27|LINENO= 518|OWNERPARTID=   0|OWNERINDEX= -42|LINEWIDTH=1|LOCATIONCOUNT=2|UNIQUEID=ULTTYJPK|X1=820|X2=780|Y1=740|Y2=740|
RECORD=27|LINENO= 519|OWNERPARTID=   0|OWNERINDEX= -42|LINEWIDTH=1|LOCATIONCOUNT=2|UNIQUEID=XCBZWMLO|X1=820|X2=780|Y1=750|Y2=750|
RECORD=27|LINENO= 520|OWNERPARTID=   0|OWNERINDEX= -42|LINEWIDTH=1|LOCATIONCOUNT=2|UNIQUEID=FXGQLVXD|X1=930|X2=860|Y1=250|Y2=250|
RECORD=27|LINENO= 521|OWNERPARTID=   0|OWNERINDEX= -42|LINEWIDTH=1|LOCATIONCOUNT=2|UNIQUEID=UZEDBPSA|X1=860|X2=930|Y1=280|Y2=280|
RECORD=27|LINENO= 522|OWNERPARTID=   0|OWNERINDEX= -42|LINEWIDTH=1|LOCATIONCOUNT=2|UNIQUEID=EWWYTCGE|X1=860|X2=1000|Y1=350|Y2=350|
RECORD=27|LINENO= 523|OWNERPARTID=   0|OWNERINDEX= -42|LINEWIDTH=1|LOCATIONCOUNT=2|UNIQUEID=HHVLZONT|X1=860|X2=1000|Y1=360|Y2=360|
RECORD=27|LINENO= 524|OWNERPARTID=   0|OWNERINDEX= -42|LINEWIDTH=1|LOCATIONCOUNT=2|UNIQUEID=UIVGXUQZ|X1=860|X2=1000|Y1=380|Y2=380|
RECORD=27|LINENO= 525|OWNERPARTID=   0|OWNERINDEX= -42|LINEWIDTH=1|LOCATIONCOUNT=2|UNIQUEID=JTPCHVOW|X1=930|X2=860|Y1=620|Y2=620|
RECORD=27|LINENO= 526|OWNERPARTID=   0|OWNERINDEX= -42|LINEWIDTH=1|LOCATIONCOUNT=2|UNIQUEID=QDCLNIKJ|X1=860|X2=930|Y1=630|Y2=630|
RECORD=27|LINENO= 527|OWNERPARTID=   0|OWNERINDEX= -42|LINEWIDTH=1|LOCATIONCOUNT=2|UNIQUEID=BNRLFMXC|X1=930|X2=860|Y1=640|Y2=640|
RECORD=27|LINENO= 528|OWNERPARTID=   0|OWNERINDEX= -42|LINEWIDTH=1|LOCATIONCOUNT=3|UNIQUEID=UIIHKSZO|X1=950|X2=950|X3=940|Y1=720|Y2=730|Y3=730|
RECORD=27|LINENO= 529|OWNERPARTID=   0|OWNERINDEX= -42|LINEWIDTH=1|LOCATIONCOUNT=2|UNIQUEID=IRHJFXEZ|X1=940|X2=980|Y1=740|Y2=740|
RECORD=27|LINENO= 530|OWNERPARTID=   0|OWNERINDEX= -42|LINEWIDTH=1|LOCATIONCOUNT=2|UNIQUEID=JGJPCDDU|X1=940|X2=980|Y1=750|Y2=750|
RECORD=27|LINENO= 531|OWNERPARTID=   0|OWNERINDEX= -42|LINEWIDTH=1|LOCATIONCOUNT=2|UNIQUEID=BWJNIEAQ|X1=280|X2=280|Y1=410|Y2=420|
RECORD=27|LINENO= 532|OWNERPARTID=   0|OWNERINDEX= -42|LINEWIDTH=1|LOCATIONCOUNT=3|UNIQUEID=ALWCEHMK|X1=1090|X2=1060|X3=860|Y1=420|Y2=420|Y3=420|
RECORD=27|LINENO= 533|OWNERPARTID=   0|OWNERINDEX= -42|LINEWIDTH=1|LOCATIONCOUNT=2|UNIQUEID=NRVKEGWE|X1=1060|X2=1070|Y1=460|Y2=460|
RECORD=27|LINENO= 534|OWNERPARTID=   0|OWNERINDEX= -42|LINEWIDTH=1|LOCATIONCOUNT=18|UNIQUEID=THFKTEZH|X1=860|X10=1000|X11=1000|X12=1000|X13=1000|X14=1000|X15=1000|X16=1000|X17=1000|X18=1000|X2=1000|X3=1000|X4=1000|X5=1000|X6=1000|X7=1000|X8=1000|X9=1000|Y1=540|Y10=440|Y11=410|Y12=390|Y13=380|Y14=370|Y15=360|Y16=350|Y17=340|Y18=330|Y2=540|Y3=520|Y4=510|Y5=500|Y6=490|Y7=470|Y8=460|Y9=450|
RECORD=28|LINENO= 535|OWNERPARTID=   0|OWNERINDEX= -42|ALIGNMENT=1|AREACOLOR=16777215|CLIPTORECT=T|CORNER.X=1230|CORNER.Y=350|FONTID=2|ISSOLID=T|LOCATION.X=1080|LOCATION.Y=220|TEXT=When the HWBE fuse is enabled (set to zero), the \H\W\B pin will be sampled on the rising edge of reset. If this pin is zero, the reset vector will be the bootloader. Otherwise, the device will start as normal.'~1~1Because of space constraints, we include a little header here. A user can trigger it by sticking a pair of tweezers (or other conductive jumper) into the header.|TEXTMARGIN_FRAC=5|WORDWRAP=T|
RECORD=18|LINENO= 536|OWNERPARTID=   0|OWNERINDEX= -42|ALIGNMENT=1|AREACOLOR=8454143|FONTID=1|HEIGHT=10|IOTYPE=3|LOCATION.X=860|LOCATION.Y=550|NAME=ADNS_SDIO|TEXTCOLOR=128|UNIQUEID=FLZITSQU|WIDTH=120|
RECORD=18|LINENO= 537|OWNERPARTID=   0|OWNERINDEX= -42|ALIGNMENT=1|AREACOLOR=8454143|FONTID=1|HEIGHT=10|IOTYPE=1|LOCATION.X=860|LOCATION.Y=600|NAME=ADNS_C\S\|TEXTCOLOR=128|UNIQUEID=OQLYFGNL|WIDTH=120|
RECORD=18|LINENO= 538|OWNERPARTID=   0|OWNERINDEX= -42|ALIGNMENT=1|AREACOLOR=8454143|FONTID=1|HEIGHT=10|IOTYPE=1|LOCATION.X=860|LOCATION.Y=570|NAME=ADNS_SCLK|TEXTCOLOR=128|UNIQUEID=GCVXTXGZ|WIDTH=120|
RECORD=27|LINENO= 539|OWNERPARTID=   0|OWNERINDEX= -42|LINEWIDTH=1|LOCATIONCOUNT=2|UNIQUEID=YNUMDNSX|X1=860|X2=1000|Y1=520|Y2=520|
RECORD=27|LINENO= 540|OWNERPARTID=   0|OWNERINDEX= -42|LINEWIDTH=1|LOCATIONCOUNT=2|UNIQUEID=IAARVLWX|X1=860|X2=1000|Y1=510|Y2=510|
RECORD=27|LINENO= 541|OWNERPARTID=   0|OWNERINDEX= -42|LINEWIDTH=1|LOCATIONCOUNT=2|UNIQUEID=TNNFLWWM|X1=860|X2=1000|Y1=490|Y2=490|
RECORD=27|LINENO= 542|OWNERPARTID=   0|OWNERINDEX= -42|LINEWIDTH=1|LOCATIONCOUNT=2|UNIQUEID=AXRBXYDM|X1=860|X2=1000|Y1=460|Y2=460|
RECORD=27|LINENO= 543|OWNERPARTID=   0|OWNERINDEX= -42|LINEWIDTH=1|LOCATIONCOUNT=2|UNIQUEID=WJWWCEFT|X1=860|X2=1000|Y1=450|Y2=450|
RECORD=27|LINENO= 544|OWNERPARTID=   0|OWNERINDEX= -42|LINEWIDTH=1|LOCATIONCOUNT=4|UNIQUEID=HNZBMNSD|X1=860|X2=1000|X3=1000|X4=1000|Y1=590|Y2=590|Y3=580|Y4=540|
RECORD=41|LINENO= 545|OWNERPARTID=   0|OWNERINDEX= -42|FONTID=1|ISHIDDEN=T|NAME=SPICEModelCache|UNIQUEID=BHMCRUQJ|
RECORD=22|LINENO= 546|OWNERPARTID=   0|OWNERINDEX= -42|ISACTIVE=T|LOCATION.X=860|LOCATION.Y=570|ORIENTATION=1|SUPPRESSALL=T|SYMBOL=Checkbox|UNIQUEID=AXSRUVPR|
RECORD=22|LINENO= 547|OWNERPARTID=   0|OWNERINDEX= -42|ISACTIVE=T|LOCATION.X=860|LOCATION.Y=600|ORIENTATION=1|SUPPRESSALL=T|SYMBOL=Checkbox|UNIQUEID=EIBQSHCE|
RECORD=22|LINENO= 548|OWNERPARTID=   0|OWNERINDEX= -42|ISACTIVE=T|LOCATION.X=860|LOCATION.Y=420|ORIENTATION=1|SUPPRESSALL=T|SYMBOL=Checkbox|UNIQUEID=KRNMUKAP|
RECORD=27|LINENO= 549|OWNERPARTID=   0|OWNERINDEX= -42|LINEWIDTH=1|LOCATIONCOUNT=3|UNIQUEID=VEGHWLZG|X1=860|X2=1000|X3=1000|Y1=650|Y2=650|Y3=590|
RECORD= 1|LINENO= 550|OWNERPARTID=   0|OWNERINDEX= -42|ALLPINCOUNT=2|AREACOLOR=11599871|COMPONENTDESCRIPTION=2-pin 0.100" header|CURRENTPARTID=1|DESIGNITEMID=HEADER2|DISPLAYMODECOUNT=1|LIBRARYPATH=*|LIBREFERENCE=HEADER2|LOCATION.X=1130|LOCATION.Y=410|PARTCOUNT=2|PARTIDLOCKED=F|SOURCELIBRARYNAME=Connectors.SchLib|TARGETFILENAME=*|UNIQUEID=BVTXCFUZ|
RECORD=41|LINENO= 551|OWNERPARTID=   0|OWNERINDEX= 550|FONTID=2|ISHIDDEN=T|LOCATION.X=1088|LOCATION.Y=430|NAME=Supplier 1|TEXT=Mouser|UNIQUEID=GRSHIWGB|
RECORD=41|LINENO= 552|OWNERPARTID=   0|OWNERINDEX= 550|FONTID=2|ISHIDDEN=T|LOCATION.X=1088|LOCATION.Y=430|NAME=Supplier Part Number 1|TEXT=855-M20-9990245|UNIQUEID=GEDGYYUA|
RECORD=41|LINENO= 553|OWNERPARTID=   0|OWNERINDEX= 550|FONTID=2|ISHIDDEN=T|LOCATION.X=1088|LOCATION.Y=430|NAME=Supplier 2|TEXT=Digi-Key|UNIQUEID=ACQDOHNU|
RECORD=41|LINENO= 554|OWNERPARTID=   0|OWNERINDEX= 550|FONTID=2|ISHIDDEN=T|LOCATION.X=1088|LOCATION.Y=430|NAME=Supplier Part Number 2|TEXT=952-2261-ND|UNIQUEID=UGUIXLSJ|
RECORD=14|LINENO= 555|OWNERPARTID=   2|OWNERINDEX= 550|AREACOLOR=11599871|CORNER.X=1150|CORNER.Y=430|ISSOLID=T|LOCATION.X=1120|LOCATION.Y=390|
RECORD= 2|LINENO= 556|OWNERPARTID=   2|OWNERINDEX= 550|DESIGNATOR=1|ELECTRICAL=4|FORMALTYPE=1|LOCATION.X=1120|LOCATION.Y=420|NAME=+|PINCONGLOMERATE=58|PINLENGTH=30|PINPROPAGATIONDELAY=0.000000E+000|UNIQUEID=WDYBNMOB|
RECORD=41|LINENO= 557|OWNERPARTID=   0|OWNERINDEX= 556|FONTID=1|ISHIDDEN=T|LOCATION.X=1120|LOCATION.Y=420|NAME=PinUniqueId|TEXT=WDYBNMOB|UNIQUEID=HTTUXSWT|
RECORD= 2|LINENO= 558|OWNERPARTID=   2|OWNERINDEX= 550|DESIGNATOR=2|ELECTRICAL=4|FORMALTYPE=1|LOCATION.X=1120|LOCATION.Y=400|NAME=-|PINCONGLOMERATE=58|PINLENGTH=30|PINPROPAGATIONDELAY=0.000000E+000|UNIQUEID=FVEOJWDC|
RECORD=41|LINENO= 559|OWNERPARTID=   0|OWNERINDEX= 558|FONTID=1|ISHIDDEN=T|LOCATION.X=1120|LOCATION.Y=400|NAME=PinUniqueId|TEXT=FVEOJWDC|UNIQUEID=WJGKQEZX|
RECORD=34|LINENO= 560|OWNERPARTID=   0|OWNERINDEX= 550|FONTID=2|LOCATION.X=1120|LOCATION.Y=430|NAME=Designator|TEXT=J3|UNIQUEID=DXMCCYEV|
RECORD=41|LINENO= 561|OWNERPARTID=   0|OWNERINDEX= 550|FONTID=2|LOCATION.X=1120|LOCATION.Y=380|NAME=Comment|TEXT=HEADER2|UNIQUEID=MTKUZTMN|
RECORD=44|LINENO= 562|OWNERPARTID= -42|OWNERINDEX= 550|
RECORD=45|LINENO= 563|OWNERPARTID= -42|OWNERINDEX= 562|DATAFILECOUNT=1|ISCURRENT=T|MODELDATAFILEENTITY0=2x1|MODELDATAFILEKIND0=PCBLib|MODELNAME=2x1|MODELTYPE=PCBLIB|UNIQUEID=ATWZPQLZ|
RECORD=46|LINENO= 564|OWNERPARTID= -42|OWNERINDEX= 563|
RECORD=48|LINENO= 565|OWNERPARTID= -42|OWNERINDEX= 563|
RECORD=17|LINENO= 566|OWNERPARTID=   0|OWNERINDEX= -42|FONTID=8|LOCATION.X=1090|LOCATION.Y=400|ORIENTATION=3|SHOWNETNAME=T|STYLE=4|TEXT=GND|UNIQUEID=WIAFJVPW|
RECORD=27|LINENO= 567|OWNERPARTID=   0|OWNERINDEX= -42|LINEWIDTH=1|LOCATIONCOUNT=2|UNIQUEID=RZOSKLAY|X1=860|X2=1000|Y1=370|Y2=370|
RECORD=27|LINENO= 568|OWNERPARTID=   0|OWNERINDEX= -42|LINEWIDTH=1|LOCATIONCOUNT=2|UNIQUEID=WPCKMVLG|X1=860|X2=1000|Y1=390|Y2=390|
RECORD=27|LINENO= 569|OWNERPARTID=   0|OWNERINDEX= -42|LINEWIDTH=1|LOCATIONCOUNT=2|UNIQUEID=UTUZETCZ|X1=860|X2=1000|Y1=410|Y2=410|
RECORD=27|LINENO= 570|OWNERPARTID=   0|OWNERINDEX= -42|LINEWIDTH=1|LOCATIONCOUNT=2|UNIQUEID=NZBIFWHL|X1=860|X2=1000|Y1=440|Y2=440|
RECORD=27|LINENO= 571|OWNERPARTID=   0|OWNERINDEX= -42|LINEWIDTH=1|LOCATIONCOUNT=2|UNIQUEID=TNLCUSNM|X1=860|X2=1000|Y1=470|Y2=470|
RECORD=27|LINENO= 572|OWNERPARTID=   0|OWNERINDEX= -42|LINEWIDTH=1|LOCATIONCOUNT=2|UNIQUEID=BCAVNBIL|X1=860|X2=1000|Y1=500|Y2=500|
RECORD=27|LINENO= 573|OWNERPARTID=   0|OWNERINDEX= -42|LINEWIDTH=1|LOCATIONCOUNT=2|UNIQUEID=HSZLNZTG|X1=860|X2=1000|Y1=580|Y2=580|
RECORD=29|LINENO= 574|OWNERPARTID=   0|OWNERINDEX= -42|LOCATION.X=200|LOCATION.Y=450|
RECORD=29|LINENO= 575|OWNERPARTID=   0|OWNERINDEX= -42|LOCATION.X=280|LOCATION.Y=410|
RECORD=29|LINENO= 576|OWNERPARTID=   0|OWNERINDEX= -42|LOCATION.X=410|LOCATION.Y=450|
RECORD=29|LINENO= 577|OWNERPARTID=   0|OWNERINDEX= -42|LOCATION.X=430|LOCATION.Y=150|
RECORD=29|LINENO= 578|OWNERPARTID=   0|OWNERINDEX= -42|LOCATION.X=430|LOCATION.Y=180|
RECORD=29|LINENO= 579|OWNERPARTID=   0|OWNERINDEX= -42|LOCATION.X=430|LOCATION.Y=250|
RECORD=29|LINENO= 580|OWNERPARTID=   0|OWNERINDEX= -42|LOCATION.X=430|LOCATION.Y=280|
RECORD=29|LINENO= 581|OWNERPARTID=   0|OWNERINDEX= -42|LOCATION.X=860|LOCATION.Y=150|
RECORD=29|LINENO= 582|OWNERPARTID=   0|OWNERINDEX= -42|LOCATION.X=860|LOCATION.Y=250|
RECORD=29|LINENO= 583|OWNERPARTID=   0|OWNERINDEX= -42|LOCATION.X=860|LOCATION.Y=280|
RECORD=29|LINENO= 584|OWNERPARTID=   0|OWNERINDEX= -42|LOCATION.X=930|LOCATION.Y=250|
RECORD=29|LINENO= 585|OWNERPARTID=   0|OWNERINDEX= -42|LOCATION.X=1000|LOCATION.Y=340|
RECORD=29|LINENO= 586|OWNERPARTID=   0|OWNERINDEX= -42|LOCATION.X=1000|LOCATION.Y=350|
RECORD=29|LINENO= 587|OWNERPARTID=   0|OWNERINDEX= -42|LOCATION.X=1000|LOCATION.Y=360|
RECORD=29|LINENO= 588|OWNERPARTID=   0|OWNERINDEX= -42|LOCATION.X=1000|LOCATION.Y=370|
RECORD=29|LINENO= 589|OWNERPARTID=   0|OWNERINDEX= -42|LOCATION.X=1000|LOCATION.Y=380|
RECORD=29|LINENO= 590|OWNERPARTID=   0|OWNERINDEX= -42|LOCATION.X=1000|LOCATION.Y=390|
RECORD=29|LINENO= 591|OWNERPARTID=   0|OWNERINDEX= -42|LOCATION.X=1000|LOCATION.Y=410|
RECORD=29|LINENO= 592|OWNERPARTID=   0|OWNERINDEX= -42|LOCATION.X=1000|LOCATION.Y=440|
RECORD=29|LINENO= 593|OWNERPARTID=   0|OWNERINDEX= -42|LOCATION.X=1000|LOCATION.Y=450|
RECORD=29|LINENO= 594|OWNERPARTID=   0|OWNERINDEX= -42|LOCATION.X=1000|LOCATION.Y=460|
RECORD=29|LINENO= 595|OWNERPARTID=   0|OWNERINDEX= -42|LOCATION.X=1000|LOCATION.Y=470|
RECORD=29|LINENO= 596|OWNERPARTID=   0|OWNERINDEX= -42|LOCATION.X=1000|LOCATION.Y=490|
RECORD=29|LINENO= 597|OWNERPARTID=   0|OWNERINDEX= -42|LOCATION.X=1000|LOCATION.Y=500|
RECORD=29|LINENO= 598|OWNERPARTID=   0|OWNERINDEX= -42|LOCATION.X=1000|LOCATION.Y=510|
RECORD=29|LINENO= 599|OWNERPARTID=   0|OWNERINDEX= -42|LOCATION.X=1000|LOCATION.Y=520|
RECORD=29|LINENO= 600|OWNERPARTID=   0|OWNERINDEX= -42|LOCATION.X=1000|LOCATION.Y=540|
RECORD=29|LINENO= 601|OWNERPARTID=   0|OWNERINDEX= -42|LOCATION.X=1000|LOCATION.Y=580|
RECORD=29|LINENO= 602|OWNERPARTID=   0|OWNERINDEX= -42|LOCATION.X=1000|LOCATION.Y=590|
RECORD=29|LINENO= 603|OWNERPARTID=   0|OWNERINDEX= -42|LOCATION.X=1060|LOCATION.Y=420|
