RECORD=-42|LINENO=   0|OWNERPARTID= -42|OWNERINDEX= -42|HEADER=Protel for Windows - Schematic Capture Binary File Version 5.0|MINORVERSION=2|UNIQUEID=MEPIQUWX|WEIGHT=513|
RECORD=31|LINENO=   1|OWNERPARTID= -42|OWNERINDEX= -42|AREACOLOR=16777215|BORDERON=T|CUSTOMX=1000|CUSTOMY=800|DISPLAY_UNIT=0|FONTIDCOUNT=9|FONTNAME1=Times New Roman|FONTNAME2=Avenir LT 55 Roman|FONTNAME3=Avenir LT 65 Medium|FONTNAME4=Avenir LT 65 Medium|FONTNAME5=Avenir LT 55 Roman|FONTNAME6=Avenir LT 65 Medium|FONTNAME7=Avenir LT 65 Medium|FONTNAME8=Avenir LT 55 Roman|FONTNAME9=Avenir LT 55 Roman|HOTSPOTGRIDON=T|HOTSPOTGRIDSIZE=4|ISBOC=T|ROTATION8=90|SHEETNUMBERSPACESIZE=12|SHEETSTYLE=10|SHOWTEMPLATEGRAPHICS=T|SIZE1=10|SIZE2=10|SIZE3=14|SIZE4=13|SIZE5=9|SIZE6=11|SIZE7=11|SIZE8=10|SIZE9=24|SNAPGRIDON=T|SNAPGRIDSIZE=10|SYSTEMFONT=2|TEMPLATEFILENAME=C:\Repos\Nomist\electrical\SupportFiles\AltiumTemplates\A.SchDot|UNDERLINE7=T|USEMBCS=T|VISIBLEGRIDON=T|VISIBLEGRIDSIZE=10|
RECORD=39|LINENO=   2|OWNERPARTID=   0|OWNERINDEX= -42|FILENAME=C:\Repos\Nomist\electrical\SupportFiles\AltiumTemplates\A.SchDot|
RECORD= 4|LINENO=   3|OWNERPARTID=   0|OWNERINDEX=   2|FONTID=5|LOCATION.X=893|LOCATION.Y=20|TEXT==sheetnumber|
RECORD= 4|LINENO=   4|OWNERPARTID=   0|OWNERINDEX=   2|FONTID=4|LOCATION.X=950|LOCATION.Y=53|TEXT=Ploopy Corporation|
RECORD= 4|LINENO=   5|OWNERPARTID=   0|OWNERINDEX=   2|FONTID=5|LOCATION.X=950|LOCATION.Y=33|TEXT=Mississauga ON L5C 0A3|
RECORD= 4|LINENO=   6|OWNERPARTID=   0|OWNERINDEX=   2|FONTID=5|LOCATION.X=920|LOCATION.Y=20|TEXT==sheettotal|
RECORD= 4|LINENO=   7|OWNERPARTID=   0|OWNERINDEX=   2|FONTID=3|LOCATION.X=688|LOCATION.Y=54|TEXT==DocumentName|
RECORD= 4|LINENO=   8|OWNERPARTID=   0|OWNERINDEX=   2|FONTID=5|LOCATION.X=904|LOCATION.Y=34|TEXT==revision|
RECORD= 4|LINENO=   9|OWNERPARTID=   0|OWNERINDEX=   2|FONTID=5|LOCATION.X=690|LOCATION.Y=20|TEXT==CurrentDate|
RECORD= 4|LINENO=  10|OWNERPARTID=   0|OWNERINDEX=   2|FONTID=5|LOCATION.X=765|LOCATION.Y=20|TEXT==CurrentTime|
RECORD= 6|LINENO=  11|OWNERPARTID=   0|OWNERINDEX=   2|LOCATIONCOUNT=3|X1=1080|X2=660|X3=660|Y1=70|Y2=70|Y3=20|
RECORD= 6|LINENO=  12|OWNERPARTID=   0|OWNERINDEX=   2|LOCATIONCOUNT=2|X1=660|X2=940|Y1=50|Y2=50|
RECORD= 6|LINENO=  13|OWNERPARTID=   0|OWNERINDEX=   2|LOCATIONCOUNT=2|X1=865|X2=865|Y1=50|Y2=20|
RECORD= 4|LINENO=  14|OWNERPARTID=   0|OWNERINDEX=   2|FONTID=5|LOCATION.X=665|LOCATION.Y=55|TEXT=Title:|
RECORD= 4|LINENO=  15|OWNERPARTID=   0|OWNERINDEX=   2|FONTID=5|LOCATION.X=665|LOCATION.Y=20|TEXT=Date:|
RECORD= 4|LINENO=  16|OWNERPARTID=   0|OWNERINDEX=   2|FONTID=5|LOCATION.X=870|LOCATION.Y=35|TEXT=Version:|
RECORD= 4|LINENO=  17|OWNERPARTID=   0|OWNERINDEX=   2|FONTID=5|LOCATION.X=870|LOCATION.Y=20|TEXT=Sheet|
RECORD= 4|LINENO=  18|OWNERPARTID=   0|OWNERINDEX=   2|FONTID=5|LOCATION.X=908|LOCATION.Y=20|TEXT=of|
RECORD= 6|LINENO=  19|OWNERPARTID=   0|OWNERINDEX=   2|LOCATIONCOUNT=2|X1=940|X2=940|Y1=70|Y2=20|
RECORD= 4|LINENO=  20|OWNERPARTID=   0|OWNERINDEX=   2|FONTID=5|LOCATION.X=740|LOCATION.Y=20|TEXT=Time:|
RECORD= 6|LINENO=  21|OWNERPARTID=   0|OWNERINDEX=   2|LOCATIONCOUNT=2|X1=660|X2=940|Y1=30|Y2=30|
RECORD= 4|LINENO=  22|OWNERPARTID=   0|OWNERINDEX=   2|FONTID=5|LOCATION.X=665|LOCATION.Y=35|TEXT=PCB:|
RECORD= 6|LINENO=  23|OWNERPARTID=   0|OWNERINDEX=   2|LOCATIONCOUNT=3|X1=660|X2=480|X3=480|Y1=70|Y2=70|Y3=20|
RECORD= 4|LINENO=  24|OWNERPARTID=   0|OWNERINDEX=   2|FONTID=4|LOCATION.X=688|LOCATION.Y=34|TEXT==ProjectName|
RECORD= 4|LINENO=  25|OWNERPARTID=   0|OWNERINDEX=   2|FONTID=6|LOCATION.X=490|LOCATION.Y=53|TEXT=Copyright Ploopy Corporation 2021|
RECORD= 4|LINENO=  26|OWNERPARTID=   0|OWNERINDEX=   2|FONTID=5|LOCATION.X=950|LOCATION.Y=43|TEXT=137-1140 Burnhamthorpe Road W|
RECORD= 4|LINENO=  27|OWNERPARTID=   0|OWNERINDEX=   2|FONTID=5|LOCATION.X=950|LOCATION.Y=23|TEXT=Canada|
RECORD= 4|LINENO=  28|OWNERPARTID=   0|OWNERINDEX=   2|FONTID=6|LOCATION.X=490|LOCATION.Y=40|TEXT=Licensed under the CERN OHL v. 1.2|
RECORD= 4|LINENO=  29|OWNERPARTID=   0|OWNERINDEX=   2|FONTID=7|LOCATION.X=490|LOCATION.Y=30|TEXT=http://ohwr.org/cernohl|URL=http://ohwr.org/cernohl|
RECORD= 1|LINENO=  30|OWNERPARTID=   0|OWNERINDEX= -42|ALLPINCOUNT=1|AREACOLOR=11599871|COMPONENTDESCRIPTION=IPC-7351 Fiducial 1mm|CURRENTPARTID=1|DESIGNITEMID=FIDUCIAL_1.5|DISPLAYMODECOUNT=1|LIBRARYPATH=*|LIBREFERENCE=FIDUCIAL_1.5|LOCATION.X=225|LOCATION.Y=560|NOTUSEDBTABLENAME=T|PARTCOUNT=2|PARTIDLOCKED=F|SOURCELIBRARYNAME=Mechanical.SchLib|TARGETFILENAME=*|UNIQUEID=XWPAMOLE|
RECORD=41|LINENO=  31|OWNERPARTID=   0|OWNERINDEX=  30|FONTID=2|ISHIDDEN=T|LOCATION.X=225|LOCATION.Y=560|NAME=PNP-Nzl|TEXT=2|UNIQUEID=NIHWTBBD|
RECORD=41|LINENO=  32|OWNERPARTID=   0|OWNERINDEX=  30|FONTID=2|ISHIDDEN=T|LOCATION.X=225|LOCATION.Y=560|NAME=PNP-dx|TEXT=0|UNIQUEID=YHDNGTRC|
RECORD=41|LINENO=  33|OWNERPARTID=   0|OWNERINDEX=  30|FONTID=2|ISHIDDEN=T|LOCATION.X=225|LOCATION.Y=560|NAME=PNP-dy|TEXT=0|UNIQUEID=HLQJUQTT|
RECORD=41|LINENO=  34|OWNERPARTID=   0|OWNERINDEX=  30|FONTID=2|ISHIDDEN=T|LOCATION.X=225|LOCATION.Y=560|NAME=PNP-X|TEXT=4|UNIQUEID=GMSMCBQM|
RECORD=41|LINENO=  35|OWNERPARTID=   0|OWNERINDEX=  30|FONTID=2|ISHIDDEN=T|LOCATION.X=225|LOCATION.Y=560|NAME=PNP-Y|TEXT=4|UNIQUEID=GUJSHPJV|
RECORD=41|LINENO=  36|OWNERPARTID=   0|OWNERINDEX=  30|FONTID=2|ISHIDDEN=T|LOCATION.X=225|LOCATION.Y=560|NAME=PNP-A|TEXT=1|UNIQUEID=OFCXSWOB|
RECORD=41|LINENO=  37|OWNERPARTID=   0|OWNERINDEX=  30|FONTID=2|ISHIDDEN=T|LOCATION.X=225|LOCATION.Y=560|NAME=PNP-Pt|TEXT=0|UNIQUEID=SDOISUWS|
RECORD=41|LINENO=  38|OWNERPARTID=   0|OWNERINDEX=  30|FONTID=2|ISHIDDEN=T|LOCATION.X=225|LOCATION.Y=560|NAME=PNP-W|TEXT=0|UNIQUEID=IRWWVMTL|
RECORD=41|LINENO=  39|OWNERPARTID=   0|OWNERINDEX=  30|FONTID=2|ISHIDDEN=T|LOCATION.X=225|LOCATION.Y=560|NAME=PNP-Thk|TEXT=1.02|UNIQUEID=CXPBFRJV|
RECORD=41|LINENO=  40|OWNERPARTID=   0|OWNERINDEX=  30|FONTID=2|ISHIDDEN=T|LOCATION.X=225|LOCATION.Y=560|NAME=PNP-Lv|TEXT=1|UNIQUEID=FWSBNUTX|
RECORD=41|LINENO=  41|OWNERPARTID=   0|OWNERINDEX=  30|FONTID=2|ISHIDDEN=T|LOCATION.X=225|LOCATION.Y=560|NAME=PNP-TS|TEXT=70|UNIQUEID=GDKOAQYP|
RECORD=41|LINENO=  42|OWNERPARTID=   0|OWNERINDEX=  30|FONTID=2|ISHIDDEN=T|LOCATION.X=225|LOCATION.Y=560|NAME=PNP-Level|TEXT=1|UNIQUEID=XSJPWFJD|
RECORD=41|LINENO=  43|OWNERPARTID=   0|OWNERINDEX=  30|FONTID=2|ISHIDDEN=T|LOCATION.X=225|LOCATION.Y=560|NAME=PNP-Type|TEXT=MARK1|UNIQUEID=PGNAGSJL|
RECORD=41|LINENO=  44|OWNERPARTID=   0|OWNERINDEX=  30|FONTID=2|ISHIDDEN=T|LOCATION.X=225|LOCATION.Y=560|NAME=PNP-Voff|TEXT=0|UNIQUEID=WPWLVQTD|
RECORD=41|LINENO=  45|OWNERPARTID=   0|OWNERINDEX=  30|FONTID=2|ISHIDDEN=T|LOCATION.X=225|LOCATION.Y=560|NAME=PNP-FeedType|TEXT=Fiducial|UNIQUEID=NDODQSTP|
RECORD=41|LINENO=  46|OWNERPARTID=   0|OWNERINDEX=  30|FONTID=2|ISHIDDEN=T|LOCATION.X=225|LOCATION.Y=560|NAME=PNP-TapeWidth|TEXT=0|UNIQUEID=VTTVPFYI|
RECORD=41|LINENO=  47|OWNERPARTID=   0|OWNERINDEX=  30|FONTID=2|ISHIDDEN=T|LOCATION.X=225|LOCATION.Y=560|NAME=PNP-PlacePriority|TEXT=0|UNIQUEID=CDEAHWCE|
RECORD=41|LINENO=  48|OWNERPARTID=   0|OWNERINDEX=  30|FONTID=2|ISHIDDEN=T|LOCATION.X=225|LOCATION.Y=560|NAME=PNP-TapeIndex|TEXT=0|UNIQUEID=PWIOPPQM|
RECORD= 2|LINENO=  49|OWNERPARTID=   2|OWNERINDEX=  30|DESIGNATOR=1|ELECTRICAL=4|FORMALTYPE=1|LOCATION.X=225|LOCATION.Y=560|NAME=1|PINCONGLOMERATE=36|PINLENGTH=30|PINPROPAGATIONDELAY=0.000000E+000|UNIQUEID=WWOEEQJQ|
RECORD=41|LINENO=  50|OWNERPARTID=   0|OWNERINDEX=  49|FONTID=1|ISHIDDEN=T|LOCATION.X=225|LOCATION.Y=560|NAME=PinUniqueId|TEXT=WWOEEQJQ|UNIQUEID=GTURHBME|
RECORD= 8|LINENO=  51|OWNERPARTID=   2|OWNERINDEX=  30|AREACOLOR=12632256|ISSOLID=T|LOCATION.X=225|LOCATION.Y=560|RADIUS=10|SECONDARYRADIUS=10|
RECORD=41|LINENO=  52|OWNERPARTID=   0|OWNERINDEX=  30|FONTID=2|ISHIDDEN=T|LOCATION.X=215|LOCATION.Y=580|NAME=PNP-da|TEXT=0|UNIQUEID=TXYPGGOW|
RECORD=34|LINENO=  53|OWNERPARTID=   0|OWNERINDEX=  30|FONTID=2|LOCATION.X=215|LOCATION.Y=570|NAME=Designator|TEXT=FID1|UNIQUEID=KXQXTDSW|
RECORD=41|LINENO=  54|OWNERPARTID=   0|OWNERINDEX=  30|FONTID=2|LOCATION.X=215|LOCATION.Y=540|NAME=Comment|TEXT=IPC-7351 Fiducial 1mm|UNIQUEID=WVMESFAR|
RECORD=44|LINENO=  55|OWNERPARTID= -42|OWNERINDEX=  30|
RECORD=45|LINENO=  56|OWNERPARTID= -42|OWNERINDEX=  55|DATAFILECOUNT=1|ISCURRENT=T|MODELDATAFILEENTITY0=FIDUCIAL_1.5|MODELDATAFILEKIND0=PCBLib|MODELNAME=FIDUCIAL_1.5|MODELTYPE=PCBLIB|UNIQUEID=ABCGDAHX|
RECORD=46|LINENO=  57|OWNERPARTID= -42|OWNERINDEX=  56|
RECORD=48|LINENO=  58|OWNERPARTID= -42|OWNERINDEX=  56|
RECORD= 1|LINENO=  59|OWNERPARTID=   0|OWNERINDEX= -42|ALLPINCOUNT=1|AREACOLOR=11599871|COMPONENTDESCRIPTION=IPC-7351 Fiducial 1mm|CURRENTPARTID=1|DESIGNITEMID=FIDUCIAL_1.5|DISPLAYMODECOUNT=1|LIBRARYPATH=*|LIBREFERENCE=FIDUCIAL_1.5|LOCATION.X=345|LOCATION.Y=560|NOTUSEDBTABLENAME=T|PARTCOUNT=2|PARTIDLOCKED=F|SOURCELIBRARYNAME=Mechanical.SchLib|TARGETFILENAME=*|UNIQUEID=KSLNYSAO|
RECORD=41|LINENO=  60|OWNERPARTID=   0|OWNERINDEX=  59|FONTID=2|ISHIDDEN=T|LOCATION.X=345|LOCATION.Y=560|NAME=PNP-Nzl|TEXT=2|UNIQUEID=HYXSQAHK|
RECORD=41|LINENO=  61|OWNERPARTID=   0|OWNERINDEX=  59|FONTID=2|ISHIDDEN=T|LOCATION.X=345|LOCATION.Y=560|NAME=PNP-dx|TEXT=0|UNIQUEID=NSWQPCFK|
RECORD=41|LINENO=  62|OWNERPARTID=   0|OWNERINDEX=  59|FONTID=2|ISHIDDEN=T|LOCATION.X=345|LOCATION.Y=560|NAME=PNP-dy|TEXT=0|UNIQUEID=XONOYCOS|
RECORD=41|LINENO=  63|OWNERPARTID=   0|OWNERINDEX=  59|FONTID=2|ISHIDDEN=T|LOCATION.X=345|LOCATION.Y=560|NAME=PNP-X|TEXT=4|UNIQUEID=VILAFJOL|
RECORD=41|LINENO=  64|OWNERPARTID=   0|OWNERINDEX=  59|FONTID=2|ISHIDDEN=T|LOCATION.X=345|LOCATION.Y=560|NAME=PNP-Y|TEXT=4|UNIQUEID=OWTDXMYQ|
RECORD=41|LINENO=  65|OWNERPARTID=   0|OWNERINDEX=  59|FONTID=2|ISHIDDEN=T|LOCATION.X=345|LOCATION.Y=560|NAME=PNP-A|TEXT=1|UNIQUEID=UMFONQXU|
RECORD=41|LINENO=  66|OWNERPARTID=   0|OWNERINDEX=  59|FONTID=2|ISHIDDEN=T|LOCATION.X=345|LOCATION.Y=560|NAME=PNP-Pt|TEXT=0|UNIQUEID=GYPWHTCH|
RECORD=41|LINENO=  67|OWNERPARTID=   0|OWNERINDEX=  59|FONTID=2|ISHIDDEN=T|LOCATION.X=345|LOCATION.Y=560|NAME=PNP-W|TEXT=0|UNIQUEID=VBPHWBDR|
RECORD=41|LINENO=  68|OWNERPARTID=   0|OWNERINDEX=  59|FONTID=2|ISHIDDEN=T|LOCATION.X=345|LOCATION.Y=560|NAME=PNP-Thk|TEXT=1.02|UNIQUEID=WBCKCKJI|
RECORD=41|LINENO=  69|OWNERPARTID=   0|OWNERINDEX=  59|FONTID=2|ISHIDDEN=T|LOCATION.X=345|LOCATION.Y=560|NAME=PNP-Lv|TEXT=1|UNIQUEID=SXADUWBD|
RECORD=41|LINENO=  70|OWNERPARTID=   0|OWNERINDEX=  59|FONTID=2|ISHIDDEN=T|LOCATION.X=345|LOCATION.Y=560|NAME=PNP-TS|TEXT=70|UNIQUEID=UESHMKJU|
RECORD=41|LINENO=  71|OWNERPARTID=   0|OWNERINDEX=  59|FONTID=2|ISHIDDEN=T|LOCATION.X=345|LOCATION.Y=560|NAME=PNP-Level|TEXT=1|UNIQUEID=XGPYSCRB|
RECORD=41|LINENO=  72|OWNERPARTID=   0|OWNERINDEX=  59|FONTID=2|ISHIDDEN=T|LOCATION.X=345|LOCATION.Y=560|NAME=PNP-Type|TEXT=MARK1|UNIQUEID=SKPCJMXA|
RECORD=41|LINENO=  73|OWNERPARTID=   0|OWNERINDEX=  59|FONTID=2|ISHIDDEN=T|LOCATION.X=345|LOCATION.Y=560|NAME=PNP-Voff|TEXT=0|UNIQUEID=QEWSSRLG|
RECORD=41|LINENO=  74|OWNERPARTID=   0|OWNERINDEX=  59|FONTID=2|ISHIDDEN=T|LOCATION.X=345|LOCATION.Y=560|NAME=PNP-FeedType|TEXT=Fiducial|UNIQUEID=ELREESGO|
RECORD=41|LINENO=  75|OWNERPARTID=   0|OWNERINDEX=  59|FONTID=2|ISHIDDEN=T|LOCATION.X=345|LOCATION.Y=560|NAME=PNP-TapeWidth|TEXT=0|UNIQUEID=GARDEDGC|
RECORD=41|LINENO=  76|OWNERPARTID=   0|OWNERINDEX=  59|FONTID=2|ISHIDDEN=T|LOCATION.X=345|LOCATION.Y=560|NAME=PNP-PlacePriority|TEXT=0|UNIQUEID=GWSVJAGE|
RECORD=41|LINENO=  77|OWNERPARTID=   0|OWNERINDEX=  59|FONTID=2|ISHIDDEN=T|LOCATION.X=345|LOCATION.Y=560|NAME=PNP-TapeIndex|TEXT=0|UNIQUEID=BUKQKXTQ|
RECORD= 2|LINENO=  78|OWNERPARTID=   2|OWNERINDEX=  59|DESIGNATOR=1|ELECTRICAL=4|FORMALTYPE=1|LOCATION.X=345|LOCATION.Y=560|NAME=1|PINCONGLOMERATE=36|PINLENGTH=30|PINPROPAGATIONDELAY=0.000000E+000|UNIQUEID=LAHHFEOB|
RECORD=41|LINENO=  79|OWNERPARTID=   0|OWNERINDEX=  78|FONTID=1|ISHIDDEN=T|LOCATION.X=345|LOCATION.Y=560|NAME=PinUniqueId|TEXT=LAHHFEOB|UNIQUEID=NOCWVFSF|
RECORD= 8|LINENO=  80|OWNERPARTID=   2|OWNERINDEX=  59|AREACOLOR=12632256|ISSOLID=T|LOCATION.X=345|LOCATION.Y=560|RADIUS=10|SECONDARYRADIUS=10|
RECORD=41|LINENO=  81|OWNERPARTID=   0|OWNERINDEX=  59|FONTID=2|ISHIDDEN=T|LOCATION.X=335|LOCATION.Y=580|NAME=PNP-da|TEXT=0|UNIQUEID=QQUWFSSR|
RECORD=34|LINENO=  82|OWNERPARTID=   0|OWNERINDEX=  59|FONTID=2|LOCATION.X=335|LOCATION.Y=570|NAME=Designator|TEXT=FID2|UNIQUEID=MOUOQJUF|
RECORD=41|LINENO=  83|OWNERPARTID=   0|OWNERINDEX=  59|FONTID=2|LOCATION.X=335|LOCATION.Y=540|NAME=Comment|TEXT=IPC-7351 Fiducial 1mm|UNIQUEID=IFBJYFEE|
RECORD=44|LINENO=  84|OWNERPARTID= -42|OWNERINDEX=  59|
RECORD=45|LINENO=  85|OWNERPARTID= -42|OWNERINDEX=  84|DATAFILECOUNT=1|ISCURRENT=T|MODELDATAFILEENTITY0=FIDUCIAL_1.5|MODELDATAFILEKIND0=PCBLib|MODELNAME=FIDUCIAL_1.5|MODELTYPE=PCBLIB|UNIQUEID=YUNEAWRH|
RECORD=46|LINENO=  86|OWNERPARTID= -42|OWNERINDEX=  85|
RECORD=48|LINENO=  87|OWNERPARTID= -42|OWNERINDEX=  85|
RECORD= 4|LINENO=  88|OWNERPARTID=   0|OWNERINDEX= -42|FONTID=9|LOCATION.X=200|LOCATION.Y=600|TEXT=Pick and Place Fiducials|
RECORD=28|LINENO=  89|OWNERPARTID=   0|OWNERINDEX= -42|ALIGNMENT=1|AREACOLOR=16777215|CLIPTORECT=T|CORNER.X=880|CORNER.Y=580|FONTID=2|ISSOLID=T|LOCATION.X=620|LOCATION.Y=530|TEXT=Since the case has gaps in it, we expect ESD to worm its way in via creepage and perhaps other ways. To protect the board from this eventuality, we place spark gaps along the edges.|TEXTMARGIN_FRAC=5|WORDWRAP=T|
RECORD=17|LINENO=  90|OWNERPARTID=   0|OWNERINDEX= -42|FONTID=8|LOCATION.X=830|LOCATION.Y=460|ORIENTATION=3|SHOWNETNAME=T|STYLE=4|TEXT=GND|UNIQUEID=QXXIPEPR|
RECORD= 4|LINENO=  91|OWNERPARTID=   0|OWNERINDEX= -42|FONTID=9|LOCATION.X=620|LOCATION.Y=600|TEXT=Spark Gaps -- Case|
RECORD=41|LINENO=  92|OWNERPARTID=   0|OWNERINDEX= -42|FONTID=2|ISHIDDEN=T|NAME=ConfigurationParameters|UNIQUEID=PCDEHHSA|
RECORD=41|LINENO=  93|OWNERPARTID=   0|OWNERINDEX= -42|FONTID=2|ISHIDDEN=T|NAME=ConfiguratorName|UNIQUEID=YUYRWARI|
RECORD=41|LINENO=  94|OWNERPARTID=   0|OWNERINDEX= -42|FONTID=2|ISHIDDEN=T|NAME=VersionControl_RevNumber|UNIQUEID=EOKFYHJS|
RECORD=41|LINENO=  95|OWNERPARTID=   0|OWNERINDEX= -42|FONTID=2|ISHIDDEN=T|NAME=IsUserConfigurable|UNIQUEID=FUHQAYWR|
RECORD=41|LINENO=  96|OWNERPARTID=   0|OWNERINDEX= -42|FONTID=2|ISHIDDEN=T|NAME=PageSetup|UNIQUEID=TUUTRRYJ|
RECORD=41|LINENO=  97|OWNERPARTID=   0|OWNERINDEX= -42|FONTID=2|ISHIDDEN=T|NAME=VersionControl_ProjFolderRevNumber|UNIQUEID=IWYIYDYO|
RECORD= 1|LINENO=  98|OWNERPARTID=   0|OWNERINDEX= -42|ALLPINCOUNT=1|AREACOLOR=11599871|COMPONENTDESCRIPTION=Open square pad for spark gapping|COMPONENTKINDVERSION2=5|CURRENTPARTID=1|DESIGNITEMID=Spark Gap|DISPLAYMODECOUNT=1|LIBRARYPATH=*|LIBREFERENCE=Spark Gap|LOCATION.X=680|LOCATION.Y=470|PARTCOUNT=2|PARTIDLOCKED=T|SOURCELIBRARYNAME=PCBFeatures.SchLib|TARGETFILENAME=*|UNIQUEID=SDHBQBAQ|
RECORD=41|LINENO=  99|OWNERPARTID=   0|OWNERINDEX=  98|FONTID=1|ISHIDDEN=T|LOCATION.X=680|LOCATION.Y=470|NAME=PNP-Nzl|TEXT=2|UNIQUEID=KEEVRFZB|
RECORD=41|LINENO= 100|OWNERPARTID=   0|OWNERINDEX=  98|FONTID=1|ISHIDDEN=T|LOCATION.X=680|LOCATION.Y=470|NAME=PNP-dx|TEXT=0|UNIQUEID=UNJPFANR|
RECORD=41|LINENO= 101|OWNERPARTID=   0|OWNERINDEX=  98|FONTID=1|ISHIDDEN=T|LOCATION.X=680|LOCATION.Y=470|NAME=PNP-dy|TEXT=0|UNIQUEID=UIORDDSD|
RECORD=41|LINENO= 102|OWNERPARTID=   0|OWNERINDEX=  98|FONTID=1|ISHIDDEN=T|LOCATION.X=680|LOCATION.Y=470|NAME=PNP-X|TEXT=1|UNIQUEID=RHQTYPUT|
RECORD=41|LINENO= 103|OWNERPARTID=   0|OWNERINDEX=  98|FONTID=1|ISHIDDEN=T|LOCATION.X=680|LOCATION.Y=470|NAME=PNP-Y|TEXT=1|UNIQUEID=PCGUFNWH|
RECORD=41|LINENO= 104|OWNERPARTID=   0|OWNERINDEX=  98|FONTID=1|ISHIDDEN=T|LOCATION.X=680|LOCATION.Y=470|NAME=PNP-A|TEXT=0|UNIQUEID=DNAFFNTS|
RECORD=41|LINENO= 105|OWNERPARTID=   0|OWNERINDEX=  98|FONTID=1|ISHIDDEN=T|LOCATION.X=680|LOCATION.Y=470|NAME=PNP-Pt|TEXT=0|UNIQUEID=QQGIMJNG|
RECORD=41|LINENO= 106|OWNERPARTID=   0|OWNERINDEX=  98|FONTID=1|ISHIDDEN=T|LOCATION.X=680|LOCATION.Y=470|NAME=PNP-W|TEXT=0|UNIQUEID=LBDKOFCF|
RECORD=41|LINENO= 107|OWNERPARTID=   0|OWNERINDEX=  98|FONTID=1|ISHIDDEN=T|LOCATION.X=680|LOCATION.Y=470|NAME=PNP-Thk|TEXT=1|UNIQUEID=TPACUSLH|
RECORD=41|LINENO= 108|OWNERPARTID=   0|OWNERINDEX=  98|FONTID=1|ISHIDDEN=T|LOCATION.X=680|LOCATION.Y=470|NAME=PNP-Lv|TEXT=1|UNIQUEID=LHNPDMXE|
RECORD=41|LINENO= 109|OWNERPARTID=   0|OWNERINDEX=  98|FONTID=1|ISHIDDEN=T|LOCATION.X=680|LOCATION.Y=470|NAME=PNP-TS|TEXT=70|UNIQUEID=NYDHIMGF|
RECORD=41|LINENO= 110|OWNERPARTID=   0|OWNERINDEX=  98|FONTID=1|ISHIDDEN=T|LOCATION.X=680|LOCATION.Y=470|NAME=PNP-Level|TEXT=1|UNIQUEID=PZIEJLSX|
RECORD=41|LINENO= 111|OWNERPARTID=   0|OWNERINDEX=  98|FONTID=1|ISHIDDEN=T|LOCATION.X=680|LOCATION.Y=470|NAME=PNP-Type|TEXT=CHI|UNIQUEID=KVMPNQYX|
RECORD=41|LINENO= 112|OWNERPARTID=   0|OWNERINDEX=  98|FONTID=1|ISHIDDEN=T|LOCATION.X=680|LOCATION.Y=470|NAME=PNP-Voff|TEXT=0|UNIQUEID=FZWFVXDY|
RECORD=41|LINENO= 113|OWNERPARTID=   0|OWNERINDEX=  98|FONTID=1|ISHIDDEN=T|LOCATION.X=680|LOCATION.Y=470|NAME=PNP-FeedType|TEXT=Tape|UNIQUEID=DZWQCVWH|
RECORD=41|LINENO= 114|OWNERPARTID=   0|OWNERINDEX=  98|FONTID=1|ISHIDDEN=T|LOCATION.X=680|LOCATION.Y=470|NAME=PNP-TapeWidth|TEXT=8|UNIQUEID=JUNUKGXZ|
RECORD=41|LINENO= 115|OWNERPARTID=   0|OWNERINDEX=  98|FONTID=1|ISHIDDEN=T|LOCATION.X=680|LOCATION.Y=470|NAME=PNP-PlacePriority|TEXT=1|UNIQUEID=PPFHAIRX|
RECORD=41|LINENO= 116|OWNERPARTID=   0|OWNERINDEX=  98|FONTID=1|ISHIDDEN=T|LOCATION.X=680|LOCATION.Y=470|NAME=PNP-TapeIndex|TEXT=1|UNIQUEID=AGBJPBKS|
RECORD=41|LINENO= 117|OWNERPARTID=   0|OWNERINDEX=  98|FONTID=1|ISHIDDEN=T|LOCATION.X=680|LOCATION.Y=470|NAME=PNP-da|TEXT=0|UNIQUEID=WJBKPBVO|
RECORD= 2|LINENO= 118|OWNERPARTID=   2|OWNERINDEX=  98|%UTF8%SWAPIDPART=Å½&Å½|DESIGNATOR=1|ELECTRICAL=4|FORMALTYPE=1|LOCATION.X=680|LOCATION.Y=470|NAME=1|PINCONGLOMERATE=35|PINLENGTH=10|PINPROPAGATIONDELAY=0.000000E+000|SWAPIDPART=ŽŽ&ŽŽ|UNIQUEID=BWPFSVYV|
RECORD=41|LINENO= 119|OWNERPARTID=   0|OWNERINDEX= 118|FONTID=1|ISHIDDEN=T|LOCATION.X=680|LOCATION.Y=470|NAME=PinUniqueId|TEXT=BWPFSVYV|UNIQUEID=MQWJPAOJ|
RECORD=14|LINENO= 120|OWNERPARTID=   2|OWNERINDEX=  98|AREACOLOR=11599871|CORNER.X=685|CORNER.Y=480|ISSOLID=T|LOCATION.X=675|LOCATION.Y=470|
RECORD=34|LINENO= 121|OWNERPARTID=   0|OWNERINDEX=  98|FONTID=2|LOCATION.X=670|LOCATION.Y=510|NAME=Designator|TEXT=SP7|UNIQUEID=IZQWTMRH|
RECORD=41|LINENO= 122|OWNERPARTID=   0|OWNERINDEX=  98|FONTID=8|ISHIDDEN=T|LOCATION.X=670|LOCATION.Y=460|NAME=Comment|ORIENTATION=3|TEXT=Spark Gap|UNIQUEID=KVXAFNKN|
RECORD=44|LINENO= 123|OWNERPARTID= -42|OWNERINDEX=  98|
RECORD=45|LINENO= 124|OWNERPARTID= -42|OWNERINDEX= 123|DATAFILECOUNT=1|ISCURRENT=T|MODELDATAFILEENTITY0=SparkGap|MODELDATAFILEKIND0=PCBLib|MODELNAME=SparkGap|MODELTYPE=PCBLIB|UNIQUEID=ZFGSDDNZ|
RECORD=46|LINENO= 125|OWNERPARTID= -42|OWNERINDEX= 124|
RECORD=48|LINENO= 126|OWNERPARTID= -42|OWNERINDEX= 124|
RECORD=27|LINENO= 127|OWNERPARTID=   0|OWNERINDEX= -42|LINEWIDTH=1|LOCATIONCOUNT=13|UNIQUEID=AEJPHLPW|X1=830|X10=710|X11=700|X12=690|X13=680|X2=810|X3=800|X4=790|X5=780|X6=760|X7=750|X8=740|X9=730|Y1=460|Y10=460|Y11=460|Y12=460|Y13=460|Y2=460|Y3=460|Y4=460|Y5=460|Y6=460|Y7=460|Y8=460|Y9=460|
RECORD= 1|LINENO= 128|OWNERPARTID=   0|OWNERINDEX= -42|ALLPINCOUNT=1|AREACOLOR=11599871|COMPONENTDESCRIPTION=Open square pad for spark gapping|COMPONENTKINDVERSION2=5|CURRENTPARTID=1|DESIGNITEMID=Spark Gap|DISPLAYMODECOUNT=1|LIBRARYPATH=*|LIBREFERENCE=Spark Gap|LOCATION.X=690|LOCATION.Y=470|PARTCOUNT=2|PARTIDLOCKED=T|SOURCELIBRARYNAME=PCBFeatures.SchLib|TARGETFILENAME=*|UNIQUEID=INZVSJTS|
RECORD=41|LINENO= 129|OWNERPARTID=   0|OWNERINDEX= 128|FONTID=1|ISHIDDEN=T|LOCATION.X=690|LOCATION.Y=470|NAME=PNP-Nzl|TEXT=2|UNIQUEID=STZDKMLW|
RECORD=41|LINENO= 130|OWNERPARTID=   0|OWNERINDEX= 128|FONTID=1|ISHIDDEN=T|LOCATION.X=690|LOCATION.Y=470|NAME=PNP-dx|TEXT=0|UNIQUEID=QPVHWEXD|
RECORD=41|LINENO= 131|OWNERPARTID=   0|OWNERINDEX= 128|FONTID=1|ISHIDDEN=T|LOCATION.X=690|LOCATION.Y=470|NAME=PNP-dy|TEXT=0|UNIQUEID=EBEYNWHK|
RECORD=41|LINENO= 132|OWNERPARTID=   0|OWNERINDEX= 128|FONTID=1|ISHIDDEN=T|LOCATION.X=690|LOCATION.Y=470|NAME=PNP-X|TEXT=1|UNIQUEID=YNBUSILZ|
RECORD=41|LINENO= 133|OWNERPARTID=   0|OWNERINDEX= 128|FONTID=1|ISHIDDEN=T|LOCATION.X=690|LOCATION.Y=470|NAME=PNP-Y|TEXT=1|UNIQUEID=BTJVPFHF|
RECORD=41|LINENO= 134|OWNERPARTID=   0|OWNERINDEX= 128|FONTID=1|ISHIDDEN=T|LOCATION.X=690|LOCATION.Y=470|NAME=PNP-A|TEXT=0|UNIQUEID=KPJPUFLD|
RECORD=41|LINENO= 135|OWNERPARTID=   0|OWNERINDEX= 128|FONTID=1|ISHIDDEN=T|LOCATION.X=690|LOCATION.Y=470|NAME=PNP-Pt|TEXT=0|UNIQUEID=PVQREVFV|
RECORD=41|LINENO= 136|OWNERPARTID=   0|OWNERINDEX= 128|FONTID=1|ISHIDDEN=T|LOCATION.X=690|LOCATION.Y=470|NAME=PNP-W|TEXT=0|UNIQUEID=LPFWLQEH|
RECORD=41|LINENO= 137|OWNERPARTID=   0|OWNERINDEX= 128|FONTID=1|ISHIDDEN=T|LOCATION.X=690|LOCATION.Y=470|NAME=PNP-Thk|TEXT=1|UNIQUEID=EWGCVBOZ|
RECORD=41|LINENO= 138|OWNERPARTID=   0|OWNERINDEX= 128|FONTID=1|ISHIDDEN=T|LOCATION.X=690|LOCATION.Y=470|NAME=PNP-Lv|TEXT=1|UNIQUEID=TYNXNSQS|
RECORD=41|LINENO= 139|OWNERPARTID=   0|OWNERINDEX= 128|FONTID=1|ISHIDDEN=T|LOCATION.X=690|LOCATION.Y=470|NAME=PNP-TS|TEXT=70|UNIQUEID=BYEWSUUF|
RECORD=41|LINENO= 140|OWNERPARTID=   0|OWNERINDEX= 128|FONTID=1|ISHIDDEN=T|LOCATION.X=690|LOCATION.Y=470|NAME=PNP-Level|TEXT=1|UNIQUEID=OOJZAKUT|
RECORD=41|LINENO= 141|OWNERPARTID=   0|OWNERINDEX= 128|FONTID=1|ISHIDDEN=T|LOCATION.X=690|LOCATION.Y=470|NAME=PNP-Type|TEXT=CHI|UNIQUEID=KBLXZJIN|
RECORD=41|LINENO= 142|OWNERPARTID=   0|OWNERINDEX= 128|FONTID=1|ISHIDDEN=T|LOCATION.X=690|LOCATION.Y=470|NAME=PNP-Voff|TEXT=0|UNIQUEID=HRXGIHIT|
RECORD=41|LINENO= 143|OWNERPARTID=   0|OWNERINDEX= 128|FONTID=1|ISHIDDEN=T|LOCATION.X=690|LOCATION.Y=470|NAME=PNP-FeedType|TEXT=Tape|UNIQUEID=YNUNMIPJ|
RECORD=41|LINENO= 144|OWNERPARTID=   0|OWNERINDEX= 128|FONTID=1|ISHIDDEN=T|LOCATION.X=690|LOCATION.Y=470|NAME=PNP-TapeWidth|TEXT=8|UNIQUEID=BAOGSOZI|
RECORD=41|LINENO= 145|OWNERPARTID=   0|OWNERINDEX= 128|FONTID=1|ISHIDDEN=T|LOCATION.X=690|LOCATION.Y=470|NAME=PNP-PlacePriority|TEXT=1|UNIQUEID=ETMLHSTS|
RECORD=41|LINENO= 146|OWNERPARTID=   0|OWNERINDEX= 128|FONTID=1|ISHIDDEN=T|LOCATION.X=690|LOCATION.Y=470|NAME=PNP-TapeIndex|TEXT=1|UNIQUEID=PQPAWOXG|
RECORD=41|LINENO= 147|OWNERPARTID=   0|OWNERINDEX= 128|FONTID=1|ISHIDDEN=T|LOCATION.X=690|LOCATION.Y=470|NAME=PNP-da|TEXT=0|UNIQUEID=GQBNQHHC|
RECORD= 2|LINENO= 148|OWNERPARTID=   2|OWNERINDEX= 128|%UTF8%SWAPIDPART=Å½&Å½|DESIGNATOR=1|ELECTRICAL=4|FORMALTYPE=1|LOCATION.X=690|LOCATION.Y=470|NAME=1|PINCONGLOMERATE=35|PINLENGTH=10|PINPROPAGATIONDELAY=0.000000E+000|SWAPIDPART=ŽŽ&ŽŽ|UNIQUEID=SOCOUWLG|
RECORD=41|LINENO= 149|OWNERPARTID=   0|OWNERINDEX= 148|FONTID=1|ISHIDDEN=T|LOCATION.X=690|LOCATION.Y=470|NAME=PinUniqueId|TEXT=SOCOUWLG|UNIQUEID=ZNZZJKEQ|
RECORD=14|LINENO= 150|OWNERPARTID=   2|OWNERINDEX= 128|AREACOLOR=11599871|CORNER.X=695|CORNER.Y=480|ISSOLID=T|LOCATION.X=685|LOCATION.Y=470|
RECORD=34|LINENO= 151|OWNERPARTID=   0|OWNERINDEX= 128|FONTID=2|LOCATION.X=680|LOCATION.Y=500|NAME=Designator|TEXT=SP1|UNIQUEID=TBXVTONN|
RECORD=41|LINENO= 152|OWNERPARTID=   0|OWNERINDEX= 128|FONTID=8|ISHIDDEN=T|LOCATION.X=680|LOCATION.Y=460|NAME=Comment|ORIENTATION=3|TEXT=Spark Gap|UNIQUEID=CHACNLSW|
RECORD=44|LINENO= 153|OWNERPARTID= -42|OWNERINDEX= 128|
RECORD=45|LINENO= 154|OWNERPARTID= -42|OWNERINDEX= 153|DATAFILECOUNT=1|ISCURRENT=T|MODELDATAFILEENTITY0=SparkGap|MODELDATAFILEKIND0=PCBLib|MODELNAME=SparkGap|MODELTYPE=PCBLIB|UNIQUEID=MBWYUBVS|
RECORD=46|LINENO= 155|OWNERPARTID= -42|OWNERINDEX= 154|
RECORD=48|LINENO= 156|OWNERPARTID= -42|OWNERINDEX= 154|
RECORD= 1|LINENO= 157|OWNERPARTID=   0|OWNERINDEX= -42|ALLPINCOUNT=1|AREACOLOR=11599871|COMPONENTDESCRIPTION=Open square pad for spark gapping|COMPONENTKINDVERSION2=5|CURRENTPARTID=1|DESIGNITEMID=Spark Gap|DISPLAYMODECOUNT=1|LIBRARYPATH=*|LIBREFERENCE=Spark Gap|LOCATION.X=700|LOCATION.Y=470|PARTCOUNT=2|PARTIDLOCKED=T|SOURCELIBRARYNAME=PCBFeatures.SchLib|TARGETFILENAME=*|UNIQUEID=LJZGWUXO|
RECORD=41|LINENO= 158|OWNERPARTID=   0|OWNERINDEX= 157|FONTID=1|ISHIDDEN=T|LOCATION.X=700|LOCATION.Y=470|NAME=PNP-Nzl|TEXT=2|UNIQUEID=VWIHMJMJ|
RECORD=41|LINENO= 159|OWNERPARTID=   0|OWNERINDEX= 157|FONTID=1|ISHIDDEN=T|LOCATION.X=700|LOCATION.Y=470|NAME=PNP-dx|TEXT=0|UNIQUEID=EUTOJMJX|
RECORD=41|LINENO= 160|OWNERPARTID=   0|OWNERINDEX= 157|FONTID=1|ISHIDDEN=T|LOCATION.X=700|LOCATION.Y=470|NAME=PNP-dy|TEXT=0|UNIQUEID=NJVNBTFG|
RECORD=41|LINENO= 161|OWNERPARTID=   0|OWNERINDEX= 157|FONTID=1|ISHIDDEN=T|LOCATION.X=700|LOCATION.Y=470|NAME=PNP-X|TEXT=1|UNIQUEID=VFCLXFKZ|
RECORD=41|LINENO= 162|OWNERPARTID=   0|OWNERINDEX= 157|FONTID=1|ISHIDDEN=T|LOCATION.X=700|LOCATION.Y=470|NAME=PNP-Y|TEXT=1|UNIQUEID=EJZWGFAT|
RECORD=41|LINENO= 163|OWNERPARTID=   0|OWNERINDEX= 157|FONTID=1|ISHIDDEN=T|LOCATION.X=700|LOCATION.Y=470|NAME=PNP-A|TEXT=0|UNIQUEID=VQXSSENZ|
RECORD=41|LINENO= 164|OWNERPARTID=   0|OWNERINDEX= 157|FONTID=1|ISHIDDEN=T|LOCATION.X=700|LOCATION.Y=470|NAME=PNP-Pt|TEXT=0|UNIQUEID=ZBSNYKNB|
RECORD=41|LINENO= 165|OWNERPARTID=   0|OWNERINDEX= 157|FONTID=1|ISHIDDEN=T|LOCATION.X=700|LOCATION.Y=470|NAME=PNP-W|TEXT=0|UNIQUEID=QBLHGBMY|
RECORD=41|LINENO= 166|OWNERPARTID=   0|OWNERINDEX= 157|FONTID=1|ISHIDDEN=T|LOCATION.X=700|LOCATION.Y=470|NAME=PNP-Thk|TEXT=1|UNIQUEID=KTKAMNQI|
RECORD=41|LINENO= 167|OWNERPARTID=   0|OWNERINDEX= 157|FONTID=1|ISHIDDEN=T|LOCATION.X=700|LOCATION.Y=470|NAME=PNP-Lv|TEXT=1|UNIQUEID=ICSKVMNR|
RECORD=41|LINENO= 168|OWNERPARTID=   0|OWNERINDEX= 157|FONTID=1|ISHIDDEN=T|LOCATION.X=700|LOCATION.Y=470|NAME=PNP-TS|TEXT=70|UNIQUEID=SDLVMXBU|
RECORD=41|LINENO= 169|OWNERPARTID=   0|OWNERINDEX= 157|FONTID=1|ISHIDDEN=T|LOCATION.X=700|LOCATION.Y=470|NAME=PNP-Level|TEXT=1|UNIQUEID=VYGFTTNU|
RECORD=41|LINENO= 170|OWNERPARTID=   0|OWNERINDEX= 157|FONTID=1|ISHIDDEN=T|LOCATION.X=700|LOCATION.Y=470|NAME=PNP-Type|TEXT=CHI|UNIQUEID=DZIZUMMM|
RECORD=41|LINENO= 171|OWNERPARTID=   0|OWNERINDEX= 157|FONTID=1|ISHIDDEN=T|LOCATION.X=700|LOCATION.Y=470|NAME=PNP-Voff|TEXT=0|UNIQUEID=KKEWRCGE|
RECORD=41|LINENO= 172|OWNERPARTID=   0|OWNERINDEX= 157|FONTID=1|ISHIDDEN=T|LOCATION.X=700|LOCATION.Y=470|NAME=PNP-FeedType|TEXT=Tape|UNIQUEID=NUOCPRLN|
RECORD=41|LINENO= 173|OWNERPARTID=   0|OWNERINDEX= 157|FONTID=1|ISHIDDEN=T|LOCATION.X=700|LOCATION.Y=470|NAME=PNP-TapeWidth|TEXT=8|UNIQUEID=RQEOGLOO|
RECORD=41|LINENO= 174|OWNERPARTID=   0|OWNERINDEX= 157|FONTID=1|ISHIDDEN=T|LOCATION.X=700|LOCATION.Y=470|NAME=PNP-PlacePriority|TEXT=1|UNIQUEID=OXGWEOWF|
RECORD=41|LINENO= 175|OWNERPARTID=   0|OWNERINDEX= 157|FONTID=1|ISHIDDEN=T|LOCATION.X=700|LOCATION.Y=470|NAME=PNP-TapeIndex|TEXT=1|UNIQUEID=RYLCSFCS|
RECORD=41|LINENO= 176|OWNERPARTID=   0|OWNERINDEX= 157|FONTID=1|ISHIDDEN=T|LOCATION.X=700|LOCATION.Y=470|NAME=PNP-da|TEXT=0|UNIQUEID=RCSZEKEM|
RECORD= 2|LINENO= 177|OWNERPARTID=   2|OWNERINDEX= 157|%UTF8%SWAPIDPART=Å½&Å½|DESIGNATOR=1|ELECTRICAL=4|FORMALTYPE=1|LOCATION.X=700|LOCATION.Y=470|NAME=1|PINCONGLOMERATE=35|PINLENGTH=10|PINPROPAGATIONDELAY=0.000000E+000|SWAPIDPART=ŽŽ&ŽŽ|UNIQUEID=WQHUWJAY|
RECORD=41|LINENO= 178|OWNERPARTID=   0|OWNERINDEX= 177|FONTID=1|ISHIDDEN=T|LOCATION.X=700|LOCATION.Y=470|NAME=PinUniqueId|TEXT=WQHUWJAY|UNIQUEID=VCYROUFZ|
RECORD=14|LINENO= 179|OWNERPARTID=   2|OWNERINDEX= 157|AREACOLOR=11599871|CORNER.X=705|CORNER.Y=480|ISSOLID=T|LOCATION.X=695|LOCATION.Y=470|
RECORD=34|LINENO= 180|OWNERPARTID=   0|OWNERINDEX= 157|FONTID=2|LOCATION.X=695|LOCATION.Y=480|NAME=Designator|TEXT=SP8|UNIQUEID=XJLRFJUM|
RECORD=41|LINENO= 181|OWNERPARTID=   0|OWNERINDEX= 157|FONTID=8|ISHIDDEN=T|LOCATION.X=690|LOCATION.Y=460|NAME=Comment|ORIENTATION=3|TEXT=Spark Gap|UNIQUEID=NLWETOJD|
RECORD=44|LINENO= 182|OWNERPARTID= -42|OWNERINDEX= 157|
RECORD=45|LINENO= 183|OWNERPARTID= -42|OWNERINDEX= 182|DATAFILECOUNT=1|ISCURRENT=T|MODELDATAFILEENTITY0=SparkGap|MODELDATAFILEKIND0=PCBLib|MODELNAME=SparkGap|MODELTYPE=PCBLIB|UNIQUEID=NVHEHXFZ|
RECORD=46|LINENO= 184|OWNERPARTID= -42|OWNERINDEX= 183|
RECORD=48|LINENO= 185|OWNERPARTID= -42|OWNERINDEX= 183|
RECORD= 1|LINENO= 186|OWNERPARTID=   0|OWNERINDEX= -42|ALLPINCOUNT=1|AREACOLOR=11599871|COMPONENTDESCRIPTION=Open square pad for spark gapping|COMPONENTKINDVERSION2=5|CURRENTPARTID=1|DESIGNITEMID=Spark Gap|DISPLAYMODECOUNT=1|LIBRARYPATH=*|LIBREFERENCE=Spark Gap|LOCATION.X=710|LOCATION.Y=470|PARTCOUNT=2|PARTIDLOCKED=T|SOURCELIBRARYNAME=PCBFeatures.SchLib|TARGETFILENAME=*|UNIQUEID=TTJIHRXT|
RECORD=41|LINENO= 187|OWNERPARTID=   0|OWNERINDEX= 186|FONTID=1|ISHIDDEN=T|LOCATION.X=710|LOCATION.Y=470|NAME=PNP-Nzl|TEXT=2|UNIQUEID=SLGBXIWI|
RECORD=41|LINENO= 188|OWNERPARTID=   0|OWNERINDEX= 186|FONTID=1|ISHIDDEN=T|LOCATION.X=710|LOCATION.Y=470|NAME=PNP-dx|TEXT=0|UNIQUEID=CTBVZNGD|
RECORD=41|LINENO= 189|OWNERPARTID=   0|OWNERINDEX= 186|FONTID=1|ISHIDDEN=T|LOCATION.X=710|LOCATION.Y=470|NAME=PNP-dy|TEXT=0|UNIQUEID=AVQVBBFH|
RECORD=41|LINENO= 190|OWNERPARTID=   0|OWNERINDEX= 186|FONTID=1|ISHIDDEN=T|LOCATION.X=710|LOCATION.Y=470|NAME=PNP-X|TEXT=1|UNIQUEID=HDACARRF|
RECORD=41|LINENO= 191|OWNERPARTID=   0|OWNERINDEX= 186|FONTID=1|ISHIDDEN=T|LOCATION.X=710|LOCATION.Y=470|NAME=PNP-Y|TEXT=1|UNIQUEID=LSYUDTOF|
RECORD=41|LINENO= 192|OWNERPARTID=   0|OWNERINDEX= 186|FONTID=1|ISHIDDEN=T|LOCATION.X=710|LOCATION.Y=470|NAME=PNP-A|TEXT=0|UNIQUEID=POCANNEG|
RECORD=41|LINENO= 193|OWNERPARTID=   0|OWNERINDEX= 186|FONTID=1|ISHIDDEN=T|LOCATION.X=710|LOCATION.Y=470|NAME=PNP-Pt|TEXT=0|UNIQUEID=MFIMBBSR|
RECORD=41|LINENO= 194|OWNERPARTID=   0|OWNERINDEX= 186|FONTID=1|ISHIDDEN=T|LOCATION.X=710|LOCATION.Y=470|NAME=PNP-W|TEXT=0|UNIQUEID=GYUTHTIK|
RECORD=41|LINENO= 195|OWNERPARTID=   0|OWNERINDEX= 186|FONTID=1|ISHIDDEN=T|LOCATION.X=710|LOCATION.Y=470|NAME=PNP-Thk|TEXT=1|UNIQUEID=BVKGOMAG|
RECORD=41|LINENO= 196|OWNERPARTID=   0|OWNERINDEX= 186|FONTID=1|ISHIDDEN=T|LOCATION.X=710|LOCATION.Y=470|NAME=PNP-Lv|TEXT=1|UNIQUEID=GKGMYFTT|
RECORD=41|LINENO= 197|OWNERPARTID=   0|OWNERINDEX= 186|FONTID=1|ISHIDDEN=T|LOCATION.X=710|LOCATION.Y=470|NAME=PNP-TS|TEXT=70|UNIQUEID=ZUQUJFEJ|
RECORD=41|LINENO= 198|OWNERPARTID=   0|OWNERINDEX= 186|FONTID=1|ISHIDDEN=T|LOCATION.X=710|LOCATION.Y=470|NAME=PNP-Level|TEXT=1|UNIQUEID=AHNEZVYV|
RECORD=41|LINENO= 199|OWNERPARTID=   0|OWNERINDEX= 186|FONTID=1|ISHIDDEN=T|LOCATION.X=710|LOCATION.Y=470|NAME=PNP-Type|TEXT=CHI|UNIQUEID=GSYSDXRZ|
RECORD=41|LINENO= 200|OWNERPARTID=   0|OWNERINDEX= 186|FONTID=1|ISHIDDEN=T|LOCATION.X=710|LOCATION.Y=470|NAME=PNP-Voff|TEXT=0|UNIQUEID=EBFQVFSA|
RECORD=41|LINENO= 201|OWNERPARTID=   0|OWNERINDEX= 186|FONTID=1|ISHIDDEN=T|LOCATION.X=710|LOCATION.Y=470|NAME=PNP-FeedType|TEXT=Tape|UNIQUEID=FAUMDNBW|
RECORD=41|LINENO= 202|OWNERPARTID=   0|OWNERINDEX= 186|FONTID=1|ISHIDDEN=T|LOCATION.X=710|LOCATION.Y=470|NAME=PNP-TapeWidth|TEXT=8|UNIQUEID=QAGGZVHL|
RECORD=41|LINENO= 203|OWNERPARTID=   0|OWNERINDEX= 186|FONTID=1|ISHIDDEN=T|LOCATION.X=710|LOCATION.Y=470|NAME=PNP-PlacePriority|TEXT=1|UNIQUEID=MLGGHBQB|
RECORD=41|LINENO= 204|OWNERPARTID=   0|OWNERINDEX= 186|FONTID=1|ISHIDDEN=T|LOCATION.X=710|LOCATION.Y=470|NAME=PNP-TapeIndex|TEXT=1|UNIQUEID=CQQHZOOU|
RECORD=41|LINENO= 205|OWNERPARTID=   0|OWNERINDEX= 186|FONTID=1|ISHIDDEN=T|LOCATION.X=710|LOCATION.Y=470|NAME=PNP-da|TEXT=0|UNIQUEID=ONZZALST|
RECORD= 2|LINENO= 206|OWNERPARTID=   2|OWNERINDEX= 186|%UTF8%SWAPIDPART=Å½&Å½|DESIGNATOR=1|ELECTRICAL=4|FORMALTYPE=1|LOCATION.X=710|LOCATION.Y=470|NAME=1|PINCONGLOMERATE=35|PINLENGTH=10|PINPROPAGATIONDELAY=0.000000E+000|SWAPIDPART=ŽŽ&ŽŽ|UNIQUEID=UUEJZMSD|
RECORD=41|LINENO= 207|OWNERPARTID=   0|OWNERINDEX= 206|FONTID=1|ISHIDDEN=T|LOCATION.X=710|LOCATION.Y=470|NAME=PinUniqueId|TEXT=UUEJZMSD|UNIQUEID=YWCDDQZI|
RECORD=14|LINENO= 208|OWNERPARTID=   2|OWNERINDEX= 186|AREACOLOR=11599871|CORNER.X=715|CORNER.Y=480|ISSOLID=T|LOCATION.X=705|LOCATION.Y=470|
RECORD=34|LINENO= 209|OWNERPARTID=   0|OWNERINDEX= 186|FONTID=2|LOCATION.X=700|LOCATION.Y=490|NAME=Designator|TEXT=SP2|UNIQUEID=JTKMXUWC|
RECORD=41|LINENO= 210|OWNERPARTID=   0|OWNERINDEX= 186|FONTID=8|ISHIDDEN=T|LOCATION.X=700|LOCATION.Y=460|NAME=Comment|ORIENTATION=3|TEXT=Spark Gap|UNIQUEID=LMSLWIKA|
RECORD=44|LINENO= 211|OWNERPARTID= -42|OWNERINDEX= 186|
RECORD=45|LINENO= 212|OWNERPARTID= -42|OWNERINDEX= 211|DATAFILECOUNT=1|ISCURRENT=T|MODELDATAFILEENTITY0=SparkGap|MODELDATAFILEKIND0=PCBLib|MODELNAME=SparkGap|MODELTYPE=PCBLIB|UNIQUEID=QCBDRLAI|
RECORD=46|LINENO= 213|OWNERPARTID= -42|OWNERINDEX= 212|
RECORD=48|LINENO= 214|OWNERPARTID= -42|OWNERINDEX= 212|
RECORD= 1|LINENO= 215|OWNERPARTID=   0|OWNERINDEX= -42|ALLPINCOUNT=1|AREACOLOR=11599871|COMPONENTDESCRIPTION=Open square pad for spark gapping|COMPONENTKINDVERSION2=5|CURRENTPARTID=1|DESIGNITEMID=Spark Gap|DISPLAYMODECOUNT=1|LIBRARYPATH=*|LIBREFERENCE=Spark Gap|LOCATION.X=730|LOCATION.Y=470|PARTCOUNT=2|PARTIDLOCKED=T|SOURCELIBRARYNAME=PCBFeatures.SchLib|TARGETFILENAME=*|UNIQUEID=TMPFZNKR|
RECORD=41|LINENO= 216|OWNERPARTID=   0|OWNERINDEX= 215|FONTID=1|ISHIDDEN=T|LOCATION.X=730|LOCATION.Y=470|NAME=PNP-Nzl|TEXT=2|UNIQUEID=QHNFKEVB|
RECORD=41|LINENO= 217|OWNERPARTID=   0|OWNERINDEX= 215|FONTID=1|ISHIDDEN=T|LOCATION.X=730|LOCATION.Y=470|NAME=PNP-dx|TEXT=0|UNIQUEID=UVPHBFWW|
RECORD=41|LINENO= 218|OWNERPARTID=   0|OWNERINDEX= 215|FONTID=1|ISHIDDEN=T|LOCATION.X=730|LOCATION.Y=470|NAME=PNP-dy|TEXT=0|UNIQUEID=GYRFSOMM|
RECORD=41|LINENO= 219|OWNERPARTID=   0|OWNERINDEX= 215|FONTID=1|ISHIDDEN=T|LOCATION.X=730|LOCATION.Y=470|NAME=PNP-X|TEXT=1|UNIQUEID=KDQMWNDW|
RECORD=41|LINENO= 220|OWNERPARTID=   0|OWNERINDEX= 215|FONTID=1|ISHIDDEN=T|LOCATION.X=730|LOCATION.Y=470|NAME=PNP-Y|TEXT=1|UNIQUEID=ITWPGRSH|
RECORD=41|LINENO= 221|OWNERPARTID=   0|OWNERINDEX= 215|FONTID=1|ISHIDDEN=T|LOCATION.X=730|LOCATION.Y=470|NAME=PNP-A|TEXT=0|UNIQUEID=QQRASCZN|
RECORD=41|LINENO= 222|OWNERPARTID=   0|OWNERINDEX= 215|FONTID=1|ISHIDDEN=T|LOCATION.X=730|LOCATION.Y=470|NAME=PNP-Pt|TEXT=0|UNIQUEID=QTYBVFYB|
RECORD=41|LINENO= 223|OWNERPARTID=   0|OWNERINDEX= 215|FONTID=1|ISHIDDEN=T|LOCATION.X=730|LOCATION.Y=470|NAME=PNP-W|TEXT=0|UNIQUEID=UBUHNIFG|
RECORD=41|LINENO= 224|OWNERPARTID=   0|OWNERINDEX= 215|FONTID=1|ISHIDDEN=T|LOCATION.X=730|LOCATION.Y=470|NAME=PNP-Thk|TEXT=1|UNIQUEID=SSYIJGPO|
RECORD=41|LINENO= 225|OWNERPARTID=   0|OWNERINDEX= 215|FONTID=1|ISHIDDEN=T|LOCATION.X=730|LOCATION.Y=470|NAME=PNP-Lv|TEXT=1|UNIQUEID=GKOCXLTH|
RECORD=41|LINENO= 226|OWNERPARTID=   0|OWNERINDEX= 215|FONTID=1|ISHIDDEN=T|LOCATION.X=730|LOCATION.Y=470|NAME=PNP-TS|TEXT=70|UNIQUEID=DDVDOCAD|
RECORD=41|LINENO= 227|OWNERPARTID=   0|OWNERINDEX= 215|FONTID=1|ISHIDDEN=T|LOCATION.X=730|LOCATION.Y=470|NAME=PNP-Level|TEXT=1|UNIQUEID=UUVFWLTI|
RECORD=41|LINENO= 228|OWNERPARTID=   0|OWNERINDEX= 215|FONTID=1|ISHIDDEN=T|LOCATION.X=730|LOCATION.Y=470|NAME=PNP-Type|TEXT=CHI|UNIQUEID=LKIZERDK|
RECORD=41|LINENO= 229|OWNERPARTID=   0|OWNERINDEX= 215|FONTID=1|ISHIDDEN=T|LOCATION.X=730|LOCATION.Y=470|NAME=PNP-Voff|TEXT=0|UNIQUEID=DJULQVDI|
RECORD=41|LINENO= 230|OWNERPARTID=   0|OWNERINDEX= 215|FONTID=1|ISHIDDEN=T|LOCATION.X=730|LOCATION.Y=470|NAME=PNP-FeedType|TEXT=Tape|UNIQUEID=HNDKNBRP|
RECORD=41|LINENO= 231|OWNERPARTID=   0|OWNERINDEX= 215|FONTID=1|ISHIDDEN=T|LOCATION.X=730|LOCATION.Y=470|NAME=PNP-TapeWidth|TEXT=8|UNIQUEID=RUNOKKSV|
RECORD=41|LINENO= 232|OWNERPARTID=   0|OWNERINDEX= 215|FONTID=1|ISHIDDEN=T|LOCATION.X=730|LOCATION.Y=470|NAME=PNP-PlacePriority|TEXT=1|UNIQUEID=RGRNDTCM|
RECORD=41|LINENO= 233|OWNERPARTID=   0|OWNERINDEX= 215|FONTID=1|ISHIDDEN=T|LOCATION.X=730|LOCATION.Y=470|NAME=PNP-TapeIndex|TEXT=1|UNIQUEID=ZLZEIPMY|
RECORD=41|LINENO= 234|OWNERPARTID=   0|OWNERINDEX= 215|FONTID=1|ISHIDDEN=T|LOCATION.X=730|LOCATION.Y=470|NAME=PNP-da|TEXT=0|UNIQUEID=RMXIHIUJ|
RECORD= 2|LINENO= 235|OWNERPARTID=   2|OWNERINDEX= 215|%UTF8%SWAPIDPART=Å½&Å½|DESIGNATOR=1|ELECTRICAL=4|FORMALTYPE=1|LOCATION.X=730|LOCATION.Y=470|NAME=1|PINCONGLOMERATE=35|PINLENGTH=10|PINPROPAGATIONDELAY=0.000000E+000|SWAPIDPART=ŽŽ&ŽŽ|UNIQUEID=RYUKEQFO|
RECORD=41|LINENO= 236|OWNERPARTID=   0|OWNERINDEX= 235|FONTID=1|ISHIDDEN=T|LOCATION.X=730|LOCATION.Y=470|NAME=PinUniqueId|TEXT=RYUKEQFO|UNIQUEID=NSZFNVNF|
RECORD=14|LINENO= 237|OWNERPARTID=   2|OWNERINDEX= 215|AREACOLOR=11599871|CORNER.X=735|CORNER.Y=480|ISSOLID=T|LOCATION.X=725|LOCATION.Y=470|
RECORD=34|LINENO= 238|OWNERPARTID=   0|OWNERINDEX= 215|FONTID=2|LOCATION.X=720|LOCATION.Y=510|NAME=Designator|TEXT=SP9|UNIQUEID=KRLCCMHC|
RECORD=41|LINENO= 239|OWNERPARTID=   0|OWNERINDEX= 215|FONTID=8|ISHIDDEN=T|LOCATION.X=720|LOCATION.Y=460|NAME=Comment|ORIENTATION=3|TEXT=Spark Gap|UNIQUEID=HOXYMJNI|
RECORD=44|LINENO= 240|OWNERPARTID= -42|OWNERINDEX= 215|
RECORD=45|LINENO= 241|OWNERPARTID= -42|OWNERINDEX= 240|DATAFILECOUNT=1|ISCURRENT=T|MODELDATAFILEENTITY0=SparkGap|MODELDATAFILEKIND0=PCBLib|MODELNAME=SparkGap|MODELTYPE=PCBLIB|UNIQUEID=SSIJDPZT|
RECORD=46|LINENO= 242|OWNERPARTID= -42|OWNERINDEX= 241|
RECORD=48|LINENO= 243|OWNERPARTID= -42|OWNERINDEX= 241|
RECORD= 1|LINENO= 244|OWNERPARTID=   0|OWNERINDEX= -42|ALLPINCOUNT=1|AREACOLOR=11599871|COMPONENTDESCRIPTION=Open square pad for spark gapping|COMPONENTKINDVERSION2=5|CURRENTPARTID=1|DESIGNITEMID=Spark Gap|DISPLAYMODECOUNT=1|LIBRARYPATH=*|LIBREFERENCE=Spark Gap|LOCATION.X=740|LOCATION.Y=470|PARTCOUNT=2|PARTIDLOCKED=T|SOURCELIBRARYNAME=PCBFeatures.SchLib|TARGETFILENAME=*|UNIQUEID=LIUKLTIK|
RECORD=41|LINENO= 245|OWNERPARTID=   0|OWNERINDEX= 244|FONTID=1|ISHIDDEN=T|LOCATION.X=740|LOCATION.Y=470|NAME=PNP-Nzl|TEXT=2|UNIQUEID=LFNJVCUA|
RECORD=41|LINENO= 246|OWNERPARTID=   0|OWNERINDEX= 244|FONTID=1|ISHIDDEN=T|LOCATION.X=740|LOCATION.Y=470|NAME=PNP-dx|TEXT=0|UNIQUEID=HJYQXSGG|
RECORD=41|LINENO= 247|OWNERPARTID=   0|OWNERINDEX= 244|FONTID=1|ISHIDDEN=T|LOCATION.X=740|LOCATION.Y=470|NAME=PNP-dy|TEXT=0|UNIQUEID=LFCPRBGH|
RECORD=41|LINENO= 248|OWNERPARTID=   0|OWNERINDEX= 244|FONTID=1|ISHIDDEN=T|LOCATION.X=740|LOCATION.Y=470|NAME=PNP-X|TEXT=1|UNIQUEID=KLZWVUCR|
RECORD=41|LINENO= 249|OWNERPARTID=   0|OWNERINDEX= 244|FONTID=1|ISHIDDEN=T|LOCATION.X=740|LOCATION.Y=470|NAME=PNP-Y|TEXT=1|UNIQUEID=IBQWZXGF|
RECORD=41|LINENO= 250|OWNERPARTID=   0|OWNERINDEX= 244|FONTID=1|ISHIDDEN=T|LOCATION.X=740|LOCATION.Y=470|NAME=PNP-A|TEXT=0|UNIQUEID=UWQDLXLS|
RECORD=41|LINENO= 251|OWNERPARTID=   0|OWNERINDEX= 244|FONTID=1|ISHIDDEN=T|LOCATION.X=740|LOCATION.Y=470|NAME=PNP-Pt|TEXT=0|UNIQUEID=BOZFRTSK|
RECORD=41|LINENO= 252|OWNERPARTID=   0|OWNERINDEX= 244|FONTID=1|ISHIDDEN=T|LOCATION.X=740|LOCATION.Y=470|NAME=PNP-W|TEXT=0|UNIQUEID=YGZJCYFN|
RECORD=41|LINENO= 253|OWNERPARTID=   0|OWNERINDEX= 244|FONTID=1|ISHIDDEN=T|LOCATION.X=740|LOCATION.Y=470|NAME=PNP-Thk|TEXT=1|UNIQUEID=GHHWBKHO|
RECORD=41|LINENO= 254|OWNERPARTID=   0|OWNERINDEX= 244|FONTID=1|ISHIDDEN=T|LOCATION.X=740|LOCATION.Y=470|NAME=PNP-Lv|TEXT=1|UNIQUEID=YWUVKDWN|
RECORD=41|LINENO= 255|OWNERPARTID=   0|OWNERINDEX= 244|FONTID=1|ISHIDDEN=T|LOCATION.X=740|LOCATION.Y=470|NAME=PNP-TS|TEXT=70|UNIQUEID=AGVHVWAP|
RECORD=41|LINENO= 256|OWNERPARTID=   0|OWNERINDEX= 244|FONTID=1|ISHIDDEN=T|LOCATION.X=740|LOCATION.Y=470|NAME=PNP-Level|TEXT=1|UNIQUEID=JGXTYXDW|
RECORD=41|LINENO= 257|OWNERPARTID=   0|OWNERINDEX= 244|FONTID=1|ISHIDDEN=T|LOCATION.X=740|LOCATION.Y=470|NAME=PNP-Type|TEXT=CHI|UNIQUEID=RDWEPORR|
RECORD=41|LINENO= 258|OWNERPARTID=   0|OWNERINDEX= 244|FONTID=1|ISHIDDEN=T|LOCATION.X=740|LOCATION.Y=470|NAME=PNP-Voff|TEXT=0|UNIQUEID=GLHUYWZV|
RECORD=41|LINENO= 259|OWNERPARTID=   0|OWNERINDEX= 244|FONTID=1|ISHIDDEN=T|LOCATION.X=740|LOCATION.Y=470|NAME=PNP-FeedType|TEXT=Tape|UNIQUEID=JLIVCXSK|
RECORD=41|LINENO= 260|OWNERPARTID=   0|OWNERINDEX= 244|FONTID=1|ISHIDDEN=T|LOCATION.X=740|LOCATION.Y=470|NAME=PNP-TapeWidth|TEXT=8|UNIQUEID=GSNVMOPB|
RECORD=41|LINENO= 261|OWNERPARTID=   0|OWNERINDEX= 244|FONTID=1|ISHIDDEN=T|LOCATION.X=740|LOCATION.Y=470|NAME=PNP-PlacePriority|TEXT=1|UNIQUEID=TYEHGRYM|
RECORD=41|LINENO= 262|OWNERPARTID=   0|OWNERINDEX= 244|FONTID=1|ISHIDDEN=T|LOCATION.X=740|LOCATION.Y=470|NAME=PNP-TapeIndex|TEXT=1|UNIQUEID=PEAKPFQM|
RECORD=41|LINENO= 263|OWNERPARTID=   0|OWNERINDEX= 244|FONTID=1|ISHIDDEN=T|LOCATION.X=740|LOCATION.Y=470|NAME=PNP-da|TEXT=0|UNIQUEID=GCJMOHTU|
RECORD= 2|LINENO= 264|OWNERPARTID=   2|OWNERINDEX= 244|%UTF8%SWAPIDPART=Å½&Å½|DESIGNATOR=1|ELECTRICAL=4|FORMALTYPE=1|LOCATION.X=740|LOCATION.Y=470|NAME=1|PINCONGLOMERATE=35|PINLENGTH=10|PINPROPAGATIONDELAY=0.000000E+000|SWAPIDPART=ŽŽ&ŽŽ|UNIQUEID=VFBZSSPS|
RECORD=41|LINENO= 265|OWNERPARTID=   0|OWNERINDEX= 264|FONTID=1|ISHIDDEN=T|LOCATION.X=740|LOCATION.Y=470|NAME=PinUniqueId|TEXT=VFBZSSPS|UNIQUEID=FLRUBMVC|
RECORD=14|LINENO= 266|OWNERPARTID=   2|OWNERINDEX= 244|AREACOLOR=11599871|CORNER.X=745|CORNER.Y=480|ISSOLID=T|LOCATION.X=735|LOCATION.Y=470|
RECORD=34|LINENO= 267|OWNERPARTID=   0|OWNERINDEX= 244|FONTID=2|LOCATION.X=730|LOCATION.Y=500|NAME=Designator|TEXT=SP3|UNIQUEID=NWGYWIUB|
RECORD=41|LINENO= 268|OWNERPARTID=   0|OWNERINDEX= 244|FONTID=8|ISHIDDEN=T|LOCATION.X=730|LOCATION.Y=460|NAME=Comment|ORIENTATION=3|TEXT=Spark Gap|UNIQUEID=CAOKEDMM|
RECORD=44|LINENO= 269|OWNERPARTID= -42|OWNERINDEX= 244|
RECORD=45|LINENO= 270|OWNERPARTID= -42|OWNERINDEX= 269|DATAFILECOUNT=1|ISCURRENT=T|MODELDATAFILEENTITY0=SparkGap|MODELDATAFILEKIND0=PCBLib|MODELNAME=SparkGap|MODELTYPE=PCBLIB|UNIQUEID=KMXWBVES|
RECORD=46|LINENO= 271|OWNERPARTID= -42|OWNERINDEX= 270|
RECORD=48|LINENO= 272|OWNERPARTID= -42|OWNERINDEX= 270|
RECORD= 1|LINENO= 273|OWNERPARTID=   0|OWNERINDEX= -42|ALLPINCOUNT=1|AREACOLOR=11599871|COMPONENTDESCRIPTION=Open square pad for spark gapping|COMPONENTKINDVERSION2=5|CURRENTPARTID=1|DESIGNITEMID=Spark Gap|DISPLAYMODECOUNT=1|LIBRARYPATH=*|LIBREFERENCE=Spark Gap|LOCATION.X=750|LOCATION.Y=470|PARTCOUNT=2|PARTIDLOCKED=T|SOURCELIBRARYNAME=PCBFeatures.SchLib|TARGETFILENAME=*|UNIQUEID=FKWTUBKU|
RECORD=41|LINENO= 274|OWNERPARTID=   0|OWNERINDEX= 273|FONTID=1|ISHIDDEN=T|LOCATION.X=750|LOCATION.Y=470|NAME=PNP-Nzl|TEXT=2|UNIQUEID=ZHOJDRUO|
RECORD=41|LINENO= 275|OWNERPARTID=   0|OWNERINDEX= 273|FONTID=1|ISHIDDEN=T|LOCATION.X=750|LOCATION.Y=470|NAME=PNP-dx|TEXT=0|UNIQUEID=MQYSBUXC|
RECORD=41|LINENO= 276|OWNERPARTID=   0|OWNERINDEX= 273|FONTID=1|ISHIDDEN=T|LOCATION.X=750|LOCATION.Y=470|NAME=PNP-dy|TEXT=0|UNIQUEID=SVUAGUNR|
RECORD=41|LINENO= 277|OWNERPARTID=   0|OWNERINDEX= 273|FONTID=1|ISHIDDEN=T|LOCATION.X=750|LOCATION.Y=470|NAME=PNP-X|TEXT=1|UNIQUEID=TPTIVWYM|
RECORD=41|LINENO= 278|OWNERPARTID=   0|OWNERINDEX= 273|FONTID=1|ISHIDDEN=T|LOCATION.X=750|LOCATION.Y=470|NAME=PNP-Y|TEXT=1|UNIQUEID=LLZOTKXL|
RECORD=41|LINENO= 279|OWNERPARTID=   0|OWNERINDEX= 273|FONTID=1|ISHIDDEN=T|LOCATION.X=750|LOCATION.Y=470|NAME=PNP-A|TEXT=0|UNIQUEID=GAXOEUKL|
RECORD=41|LINENO= 280|OWNERPARTID=   0|OWNERINDEX= 273|FONTID=1|ISHIDDEN=T|LOCATION.X=750|LOCATION.Y=470|NAME=PNP-Pt|TEXT=0|UNIQUEID=MTAYHKNF|
RECORD=41|LINENO= 281|OWNERPARTID=   0|OWNERINDEX= 273|FONTID=1|ISHIDDEN=T|LOCATION.X=750|LOCATION.Y=470|NAME=PNP-W|TEXT=0|UNIQUEID=TXQOXLSQ|
RECORD=41|LINENO= 282|OWNERPARTID=   0|OWNERINDEX= 273|FONTID=1|ISHIDDEN=T|LOCATION.X=750|LOCATION.Y=470|NAME=PNP-Thk|TEXT=1|UNIQUEID=SMGPUIJH|
RECORD=41|LINENO= 283|OWNERPARTID=   0|OWNERINDEX= 273|FONTID=1|ISHIDDEN=T|LOCATION.X=750|LOCATION.Y=470|NAME=PNP-Lv|TEXT=1|UNIQUEID=YJTFWZNY|
RECORD=41|LINENO= 284|OWNERPARTID=   0|OWNERINDEX= 273|FONTID=1|ISHIDDEN=T|LOCATION.X=750|LOCATION.Y=470|NAME=PNP-TS|TEXT=70|UNIQUEID=EIVCVAFB|
RECORD=41|LINENO= 285|OWNERPARTID=   0|OWNERINDEX= 273|FONTID=1|ISHIDDEN=T|LOCATION.X=750|LOCATION.Y=470|NAME=PNP-Level|TEXT=1|UNIQUEID=YUUWTJNU|
RECORD=41|LINENO= 286|OWNERPARTID=   0|OWNERINDEX= 273|FONTID=1|ISHIDDEN=T|LOCATION.X=750|LOCATION.Y=470|NAME=PNP-Type|TEXT=CHI|UNIQUEID=IHVROVQD|
RECORD=41|LINENO= 287|OWNERPARTID=   0|OWNERINDEX= 273|FONTID=1|ISHIDDEN=T|LOCATION.X=750|LOCATION.Y=470|NAME=PNP-Voff|TEXT=0|UNIQUEID=KSZXQHIU|
RECORD=41|LINENO= 288|OWNERPARTID=   0|OWNERINDEX= 273|FONTID=1|ISHIDDEN=T|LOCATION.X=750|LOCATION.Y=470|NAME=PNP-FeedType|TEXT=Tape|UNIQUEID=KSKPQQUS|
RECORD=41|LINENO= 289|OWNERPARTID=   0|OWNERINDEX= 273|FONTID=1|ISHIDDEN=T|LOCATION.X=750|LOCATION.Y=470|NAME=PNP-TapeWidth|TEXT=8|UNIQUEID=HERAOMOP|
RECORD=41|LINENO= 290|OWNERPARTID=   0|OWNERINDEX= 273|FONTID=1|ISHIDDEN=T|LOCATION.X=750|LOCATION.Y=470|NAME=PNP-PlacePriority|TEXT=1|UNIQUEID=VZXOEVKJ|
RECORD=41|LINENO= 291|OWNERPARTID=   0|OWNERINDEX= 273|FONTID=1|ISHIDDEN=T|LOCATION.X=750|LOCATION.Y=470|NAME=PNP-TapeIndex|TEXT=1|UNIQUEID=RRRCAHLQ|
RECORD=41|LINENO= 292|OWNERPARTID=   0|OWNERINDEX= 273|FONTID=1|ISHIDDEN=T|LOCATION.X=750|LOCATION.Y=470|NAME=PNP-da|TEXT=0|UNIQUEID=LAMBZYES|
RECORD= 2|LINENO= 293|OWNERPARTID=   2|OWNERINDEX= 273|%UTF8%SWAPIDPART=Å½&Å½|DESIGNATOR=1|ELECTRICAL=4|FORMALTYPE=1|LOCATION.X=750|LOCATION.Y=470|NAME=1|PINCONGLOMERATE=35|PINLENGTH=10|PINPROPAGATIONDELAY=0.000000E+000|SWAPIDPART=ŽŽ&ŽŽ|UNIQUEID=EKCQKTPO|
RECORD=41|LINENO= 294|OWNERPARTID=   0|OWNERINDEX= 293|FONTID=1|ISHIDDEN=T|LOCATION.X=750|LOCATION.Y=470|NAME=PinUniqueId|TEXT=EKCQKTPO|UNIQUEID=JMASGAQR|
RECORD=14|LINENO= 295|OWNERPARTID=   2|OWNERINDEX= 273|AREACOLOR=11599871|CORNER.X=755|CORNER.Y=480|ISSOLID=T|LOCATION.X=745|LOCATION.Y=470|
RECORD=34|LINENO= 296|OWNERPARTID=   0|OWNERINDEX= 273|FONTID=2|LOCATION.X=745|LOCATION.Y=480|NAME=Designator|TEXT=SP10|UNIQUEID=HAXYYSSA|
RECORD=41|LINENO= 297|OWNERPARTID=   0|OWNERINDEX= 273|FONTID=8|ISHIDDEN=T|LOCATION.X=740|LOCATION.Y=460|NAME=Comment|ORIENTATION=3|TEXT=Spark Gap|UNIQUEID=TAPNAMQW|
RECORD=44|LINENO= 298|OWNERPARTID= -42|OWNERINDEX= 273|
RECORD=45|LINENO= 299|OWNERPARTID= -42|OWNERINDEX= 298|DATAFILECOUNT=1|ISCURRENT=T|MODELDATAFILEENTITY0=SparkGap|MODELDATAFILEKIND0=PCBLib|MODELNAME=SparkGap|MODELTYPE=PCBLIB|UNIQUEID=NCKJEQPX|
RECORD=46|LINENO= 300|OWNERPARTID= -42|OWNERINDEX= 299|
RECORD=48|LINENO= 301|OWNERPARTID= -42|OWNERINDEX= 299|
RECORD= 1|LINENO= 302|OWNERPARTID=   0|OWNERINDEX= -42|ALLPINCOUNT=1|AREACOLOR=11599871|COMPONENTDESCRIPTION=Open square pad for spark gapping|COMPONENTKINDVERSION2=5|CURRENTPARTID=1|DESIGNITEMID=Spark Gap|DISPLAYMODECOUNT=1|LIBRARYPATH=*|LIBREFERENCE=Spark Gap|LOCATION.X=760|LOCATION.Y=470|PARTCOUNT=2|PARTIDLOCKED=T|SOURCELIBRARYNAME=PCBFeatures.SchLib|TARGETFILENAME=*|UNIQUEID=VEBBLAEB|
RECORD=41|LINENO= 303|OWNERPARTID=   0|OWNERINDEX= 302|FONTID=1|ISHIDDEN=T|LOCATION.X=760|LOCATION.Y=470|NAME=PNP-Nzl|TEXT=2|UNIQUEID=BTXPFUFR|
RECORD=41|LINENO= 304|OWNERPARTID=   0|OWNERINDEX= 302|FONTID=1|ISHIDDEN=T|LOCATION.X=760|LOCATION.Y=470|NAME=PNP-dx|TEXT=0|UNIQUEID=KXTYBFTU|
RECORD=41|LINENO= 305|OWNERPARTID=   0|OWNERINDEX= 302|FONTID=1|ISHIDDEN=T|LOCATION.X=760|LOCATION.Y=470|NAME=PNP-dy|TEXT=0|UNIQUEID=KJQDACXS|
RECORD=41|LINENO= 306|OWNERPARTID=   0|OWNERINDEX= 302|FONTID=1|ISHIDDEN=T|LOCATION.X=760|LOCATION.Y=470|NAME=PNP-X|TEXT=1|UNIQUEID=UFVGSODG|
RECORD=41|LINENO= 307|OWNERPARTID=   0|OWNERINDEX= 302|FONTID=1|ISHIDDEN=T|LOCATION.X=760|LOCATION.Y=470|NAME=PNP-Y|TEXT=1|UNIQUEID=VWWFUCVZ|
RECORD=41|LINENO= 308|OWNERPARTID=   0|OWNERINDEX= 302|FONTID=1|ISHIDDEN=T|LOCATION.X=760|LOCATION.Y=470|NAME=PNP-A|TEXT=0|UNIQUEID=UXCDSRVP|
RECORD=41|LINENO= 309|OWNERPARTID=   0|OWNERINDEX= 302|FONTID=1|ISHIDDEN=T|LOCATION.X=760|LOCATION.Y=470|NAME=PNP-Pt|TEXT=0|UNIQUEID=KGQBKBAZ|
RECORD=41|LINENO= 310|OWNERPARTID=   0|OWNERINDEX= 302|FONTID=1|ISHIDDEN=T|LOCATION.X=760|LOCATION.Y=470|NAME=PNP-W|TEXT=0|UNIQUEID=WFUZYZZW|
RECORD=41|LINENO= 311|OWNERPARTID=   0|OWNERINDEX= 302|FONTID=1|ISHIDDEN=T|LOCATION.X=760|LOCATION.Y=470|NAME=PNP-Thk|TEXT=1|UNIQUEID=TNCFIOAH|
RECORD=41|LINENO= 312|OWNERPARTID=   0|OWNERINDEX= 302|FONTID=1|ISHIDDEN=T|LOCATION.X=760|LOCATION.Y=470|NAME=PNP-Lv|TEXT=1|UNIQUEID=ORIDZTZD|
RECORD=41|LINENO= 313|OWNERPARTID=   0|OWNERINDEX= 302|FONTID=1|ISHIDDEN=T|LOCATION.X=760|LOCATION.Y=470|NAME=PNP-TS|TEXT=70|UNIQUEID=KGVLXCVU|
RECORD=41|LINENO= 314|OWNERPARTID=   0|OWNERINDEX= 302|FONTID=1|ISHIDDEN=T|LOCATION.X=760|LOCATION.Y=470|NAME=PNP-Level|TEXT=1|UNIQUEID=VXIPIWAV|
RECORD=41|LINENO= 315|OWNERPARTID=   0|OWNERINDEX= 302|FONTID=1|ISHIDDEN=T|LOCATION.X=760|LOCATION.Y=470|NAME=PNP-Type|TEXT=CHI|UNIQUEID=XGJFPQHW|
RECORD=41|LINENO= 316|OWNERPARTID=   0|OWNERINDEX= 302|FONTID=1|ISHIDDEN=T|LOCATION.X=760|LOCATION.Y=470|NAME=PNP-Voff|TEXT=0|UNIQUEID=GINTSWAC|
RECORD=41|LINENO= 317|OWNERPARTID=   0|OWNERINDEX= 302|FONTID=1|ISHIDDEN=T|LOCATION.X=760|LOCATION.Y=470|NAME=PNP-FeedType|TEXT=Tape|UNIQUEID=FRPSEOYR|
RECORD=41|LINENO= 318|OWNERPARTID=   0|OWNERINDEX= 302|FONTID=1|ISHIDDEN=T|LOCATION.X=760|LOCATION.Y=470|NAME=PNP-TapeWidth|TEXT=8|UNIQUEID=RHJLFKZS|
RECORD=41|LINENO= 319|OWNERPARTID=   0|OWNERINDEX= 302|FONTID=1|ISHIDDEN=T|LOCATION.X=760|LOCATION.Y=470|NAME=PNP-PlacePriority|TEXT=1|UNIQUEID=QNGSJUNU|
RECORD=41|LINENO= 320|OWNERPARTID=   0|OWNERINDEX= 302|FONTID=1|ISHIDDEN=T|LOCATION.X=760|LOCATION.Y=470|NAME=PNP-TapeIndex|TEXT=1|UNIQUEID=ZZEPPCCZ|
RECORD=41|LINENO= 321|OWNERPARTID=   0|OWNERINDEX= 302|FONTID=1|ISHIDDEN=T|LOCATION.X=760|LOCATION.Y=470|NAME=PNP-da|TEXT=0|UNIQUEID=XGKQGIRI|
RECORD= 2|LINENO= 322|OWNERPARTID=   2|OWNERINDEX= 302|%UTF8%SWAPIDPART=Å½&Å½|DESIGNATOR=1|ELECTRICAL=4|FORMALTYPE=1|LOCATION.X=760|LOCATION.Y=470|NAME=1|PINCONGLOMERATE=35|PINLENGTH=10|PINPROPAGATIONDELAY=0.000000E+000|SWAPIDPART=ŽŽ&ŽŽ|UNIQUEID=JUDEQHSK|
RECORD=41|LINENO= 323|OWNERPARTID=   0|OWNERINDEX= 322|FONTID=1|ISHIDDEN=T|LOCATION.X=760|LOCATION.Y=470|NAME=PinUniqueId|TEXT=JUDEQHSK|UNIQUEID=KWLTXKGJ|
RECORD=14|LINENO= 324|OWNERPARTID=   2|OWNERINDEX= 302|AREACOLOR=11599871|CORNER.X=765|CORNER.Y=480|ISSOLID=T|LOCATION.X=755|LOCATION.Y=470|
RECORD=34|LINENO= 325|OWNERPARTID=   0|OWNERINDEX= 302|FONTID=2|LOCATION.X=750|LOCATION.Y=490|NAME=Designator|TEXT=SP4|UNIQUEID=DVTEKJCO|
RECORD=41|LINENO= 326|OWNERPARTID=   0|OWNERINDEX= 302|FONTID=8|ISHIDDEN=T|LOCATION.X=750|LOCATION.Y=460|NAME=Comment|ORIENTATION=3|TEXT=Spark Gap|UNIQUEID=FKOZZJLI|
RECORD=44|LINENO= 327|OWNERPARTID= -42|OWNERINDEX= 302|
RECORD=45|LINENO= 328|OWNERPARTID= -42|OWNERINDEX= 327|DATAFILECOUNT=1|ISCURRENT=T|MODELDATAFILEENTITY0=SparkGap|MODELDATAFILEKIND0=PCBLib|MODELNAME=SparkGap|MODELTYPE=PCBLIB|UNIQUEID=IROHGVQW|
RECORD=46|LINENO= 329|OWNERPARTID= -42|OWNERINDEX= 328|
RECORD=48|LINENO= 330|OWNERPARTID= -42|OWNERINDEX= 328|
RECORD= 1|LINENO= 331|OWNERPARTID=   0|OWNERINDEX= -42|ALLPINCOUNT=1|AREACOLOR=11599871|COMPONENTDESCRIPTION=Open square pad for spark gapping|COMPONENTKINDVERSION2=5|CURRENTPARTID=1|DESIGNITEMID=Spark Gap|DISPLAYMODECOUNT=1|LIBRARYPATH=*|LIBREFERENCE=Spark Gap|LOCATION.X=780|LOCATION.Y=470|PARTCOUNT=2|PARTIDLOCKED=T|SOURCELIBRARYNAME=PCBFeatures.SchLib|TARGETFILENAME=*|UNIQUEID=WYKRGGND|
RECORD=41|LINENO= 332|OWNERPARTID=   0|OWNERINDEX= 331|FONTID=1|ISHIDDEN=T|LOCATION.X=780|LOCATION.Y=470|NAME=PNP-Nzl|TEXT=2|UNIQUEID=IHGUZXIQ|
RECORD=41|LINENO= 333|OWNERPARTID=   0|OWNERINDEX= 331|FONTID=1|ISHIDDEN=T|LOCATION.X=780|LOCATION.Y=470|NAME=PNP-dx|TEXT=0|UNIQUEID=NZMLOMXY|
RECORD=41|LINENO= 334|OWNERPARTID=   0|OWNERINDEX= 331|FONTID=1|ISHIDDEN=T|LOCATION.X=780|LOCATION.Y=470|NAME=PNP-dy|TEXT=0|UNIQUEID=PZBWHRWZ|
RECORD=41|LINENO= 335|OWNERPARTID=   0|OWNERINDEX= 331|FONTID=1|ISHIDDEN=T|LOCATION.X=780|LOCATION.Y=470|NAME=PNP-X|TEXT=1|UNIQUEID=JUIRWAEX|
RECORD=41|LINENO= 336|OWNERPARTID=   0|OWNERINDEX= 331|FONTID=1|ISHIDDEN=T|LOCATION.X=780|LOCATION.Y=470|NAME=PNP-Y|TEXT=1|UNIQUEID=HQWCDIPI|
RECORD=41|LINENO= 337|OWNERPARTID=   0|OWNERINDEX= 331|FONTID=1|ISHIDDEN=T|LOCATION.X=780|LOCATION.Y=470|NAME=PNP-A|TEXT=0|UNIQUEID=BXMZWZTJ|
RECORD=41|LINENO= 338|OWNERPARTID=   0|OWNERINDEX= 331|FONTID=1|ISHIDDEN=T|LOCATION.X=780|LOCATION.Y=470|NAME=PNP-Pt|TEXT=0|UNIQUEID=ALCGERVR|
RECORD=41|LINENO= 339|OWNERPARTID=   0|OWNERINDEX= 331|FONTID=1|ISHIDDEN=T|LOCATION.X=780|LOCATION.Y=470|NAME=PNP-W|TEXT=0|UNIQUEID=LGLEORTM|
RECORD=41|LINENO= 340|OWNERPARTID=   0|OWNERINDEX= 331|FONTID=1|ISHIDDEN=T|LOCATION.X=780|LOCATION.Y=470|NAME=PNP-Thk|TEXT=1|UNIQUEID=VOEYQVVG|
RECORD=41|LINENO= 341|OWNERPARTID=   0|OWNERINDEX= 331|FONTID=1|ISHIDDEN=T|LOCATION.X=780|LOCATION.Y=470|NAME=PNP-Lv|TEXT=1|UNIQUEID=JTUJEWCJ|
RECORD=41|LINENO= 342|OWNERPARTID=   0|OWNERINDEX= 331|FONTID=1|ISHIDDEN=T|LOCATION.X=780|LOCATION.Y=470|NAME=PNP-TS|TEXT=70|UNIQUEID=BYRKYXTQ|
RECORD=41|LINENO= 343|OWNERPARTID=   0|OWNERINDEX= 331|FONTID=1|ISHIDDEN=T|LOCATION.X=780|LOCATION.Y=470|NAME=PNP-Level|TEXT=1|UNIQUEID=UERXXKTK|
RECORD=41|LINENO= 344|OWNERPARTID=   0|OWNERINDEX= 331|FONTID=1|ISHIDDEN=T|LOCATION.X=780|LOCATION.Y=470|NAME=PNP-Type|TEXT=CHI|UNIQUEID=EAEIVUTE|
RECORD=41|LINENO= 345|OWNERPARTID=   0|OWNERINDEX= 331|FONTID=1|ISHIDDEN=T|LOCATION.X=780|LOCATION.Y=470|NAME=PNP-Voff|TEXT=0|UNIQUEID=QWXKWLMO|
RECORD=41|LINENO= 346|OWNERPARTID=   0|OWNERINDEX= 331|FONTID=1|ISHIDDEN=T|LOCATION.X=780|LOCATION.Y=470|NAME=PNP-FeedType|TEXT=Tape|UNIQUEID=DBDPZJNY|
RECORD=41|LINENO= 347|OWNERPARTID=   0|OWNERINDEX= 331|FONTID=1|ISHIDDEN=T|LOCATION.X=780|LOCATION.Y=470|NAME=PNP-TapeWidth|TEXT=8|UNIQUEID=UNELDYJZ|
RECORD=41|LINENO= 348|OWNERPARTID=   0|OWNERINDEX= 331|FONTID=1|ISHIDDEN=T|LOCATION.X=780|LOCATION.Y=470|NAME=PNP-PlacePriority|TEXT=1|UNIQUEID=ZKFESUOG|
RECORD=41|LINENO= 349|OWNERPARTID=   0|OWNERINDEX= 331|FONTID=1|ISHIDDEN=T|LOCATION.X=780|LOCATION.Y=470|NAME=PNP-TapeIndex|TEXT=1|UNIQUEID=EMUCAJUJ|
RECORD=41|LINENO= 350|OWNERPARTID=   0|OWNERINDEX= 331|FONTID=1|ISHIDDEN=T|LOCATION.X=780|LOCATION.Y=470|NAME=PNP-da|TEXT=0|UNIQUEID=SDTVHELV|
RECORD= 2|LINENO= 351|OWNERPARTID=   2|OWNERINDEX= 331|%UTF8%SWAPIDPART=Å½&Å½|DESIGNATOR=1|ELECTRICAL=4|FORMALTYPE=1|LOCATION.X=780|LOCATION.Y=470|NAME=1|PINCONGLOMERATE=35|PINLENGTH=10|PINPROPAGATIONDELAY=0.000000E+000|SWAPIDPART=ŽŽ&ŽŽ|UNIQUEID=MXLMGHVI|
RECORD=41|LINENO= 352|OWNERPARTID=   0|OWNERINDEX= 351|FONTID=1|ISHIDDEN=T|LOCATION.X=780|LOCATION.Y=470|NAME=PinUniqueId|TEXT=MXLMGHVI|UNIQUEID=NRLQLZCZ|
RECORD=14|LINENO= 353|OWNERPARTID=   2|OWNERINDEX= 331|AREACOLOR=11599871|CORNER.X=785|CORNER.Y=480|ISSOLID=T|LOCATION.X=775|LOCATION.Y=470|
RECORD=34|LINENO= 354|OWNERPARTID=   0|OWNERINDEX= 331|FONTID=2|LOCATION.X=770|LOCATION.Y=510|NAME=Designator|TEXT=SP11|UNIQUEID=NXKMOLYL|
RECORD=41|LINENO= 355|OWNERPARTID=   0|OWNERINDEX= 331|FONTID=8|ISHIDDEN=T|LOCATION.X=770|LOCATION.Y=460|NAME=Comment|ORIENTATION=3|TEXT=Spark Gap|UNIQUEID=SUSAENSV|
RECORD=44|LINENO= 356|OWNERPARTID= -42|OWNERINDEX= 331|
RECORD=45|LINENO= 357|OWNERPARTID= -42|OWNERINDEX= 356|DATAFILECOUNT=1|ISCURRENT=T|MODELDATAFILEENTITY0=SparkGap|MODELDATAFILEKIND0=PCBLib|MODELNAME=SparkGap|MODELTYPE=PCBLIB|UNIQUEID=MFNHQIBR|
RECORD=46|LINENO= 358|OWNERPARTID= -42|OWNERINDEX= 357|
RECORD=48|LINENO= 359|OWNERPARTID= -42|OWNERINDEX= 357|
RECORD= 1|LINENO= 360|OWNERPARTID=   0|OWNERINDEX= -42|ALLPINCOUNT=1|AREACOLOR=11599871|COMPONENTDESCRIPTION=Open square pad for spark gapping|COMPONENTKINDVERSION2=5|CURRENTPARTID=1|DESIGNITEMID=Spark Gap|DISPLAYMODECOUNT=1|LIBRARYPATH=*|LIBREFERENCE=Spark Gap|LOCATION.X=790|LOCATION.Y=470|PARTCOUNT=2|PARTIDLOCKED=T|SOURCELIBRARYNAME=PCBFeatures.SchLib|TARGETFILENAME=*|UNIQUEID=ZKSNHGPW|
RECORD=41|LINENO= 361|OWNERPARTID=   0|OWNERINDEX= 360|FONTID=1|ISHIDDEN=T|LOCATION.X=790|LOCATION.Y=470|NAME=PNP-Nzl|TEXT=2|UNIQUEID=LDPCYIDL|
RECORD=41|LINENO= 362|OWNERPARTID=   0|OWNERINDEX= 360|FONTID=1|ISHIDDEN=T|LOCATION.X=790|LOCATION.Y=470|NAME=PNP-dx|TEXT=0|UNIQUEID=HLIKTYGA|
RECORD=41|LINENO= 363|OWNERPARTID=   0|OWNERINDEX= 360|FONTID=1|ISHIDDEN=T|LOCATION.X=790|LOCATION.Y=470|NAME=PNP-dy|TEXT=0|UNIQUEID=HBOVQBMY|
RECORD=41|LINENO= 364|OWNERPARTID=   0|OWNERINDEX= 360|FONTID=1|ISHIDDEN=T|LOCATION.X=790|LOCATION.Y=470|NAME=PNP-X|TEXT=1|UNIQUEID=FPMVOIAG|
RECORD=41|LINENO= 365|OWNERPARTID=   0|OWNERINDEX= 360|FONTID=1|ISHIDDEN=T|LOCATION.X=790|LOCATION.Y=470|NAME=PNP-Y|TEXT=1|UNIQUEID=HOBLWWNK|
RECORD=41|LINENO= 366|OWNERPARTID=   0|OWNERINDEX= 360|FONTID=1|ISHIDDEN=T|LOCATION.X=790|LOCATION.Y=470|NAME=PNP-A|TEXT=0|UNIQUEID=RHSTFHCA|
RECORD=41|LINENO= 367|OWNERPARTID=   0|OWNERINDEX= 360|FONTID=1|ISHIDDEN=T|LOCATION.X=790|LOCATION.Y=470|NAME=PNP-Pt|TEXT=0|UNIQUEID=ESGGRUGK|
RECORD=41|LINENO= 368|OWNERPARTID=   0|OWNERINDEX= 360|FONTID=1|ISHIDDEN=T|LOCATION.X=790|LOCATION.Y=470|NAME=PNP-W|TEXT=0|UNIQUEID=QQWIVHWZ|
RECORD=41|LINENO= 369|OWNERPARTID=   0|OWNERINDEX= 360|FONTID=1|ISHIDDEN=T|LOCATION.X=790|LOCATION.Y=470|NAME=PNP-Thk|TEXT=1|UNIQUEID=KBDEXVDK|
RECORD=41|LINENO= 370|OWNERPARTID=   0|OWNERINDEX= 360|FONTID=1|ISHIDDEN=T|LOCATION.X=790|LOCATION.Y=470|NAME=PNP-Lv|TEXT=1|UNIQUEID=NEDIITTX|
RECORD=41|LINENO= 371|OWNERPARTID=   0|OWNERINDEX= 360|FONTID=1|ISHIDDEN=T|LOCATION.X=790|LOCATION.Y=470|NAME=PNP-TS|TEXT=70|UNIQUEID=NMRWCUPM|
RECORD=41|LINENO= 372|OWNERPARTID=   0|OWNERINDEX= 360|FONTID=1|ISHIDDEN=T|LOCATION.X=790|LOCATION.Y=470|NAME=PNP-Level|TEXT=1|UNIQUEID=IQUGZFPK|
RECORD=41|LINENO= 373|OWNERPARTID=   0|OWNERINDEX= 360|FONTID=1|ISHIDDEN=T|LOCATION.X=790|LOCATION.Y=470|NAME=PNP-Type|TEXT=CHI|UNIQUEID=KTIDEXCI|
RECORD=41|LINENO= 374|OWNERPARTID=   0|OWNERINDEX= 360|FONTID=1|ISHIDDEN=T|LOCATION.X=790|LOCATION.Y=470|NAME=PNP-Voff|TEXT=0|UNIQUEID=OVSMQXBX|
RECORD=41|LINENO= 375|OWNERPARTID=   0|OWNERINDEX= 360|FONTID=1|ISHIDDEN=T|LOCATION.X=790|LOCATION.Y=470|NAME=PNP-FeedType|TEXT=Tape|UNIQUEID=WYUIQZXQ|
RECORD=41|LINENO= 376|OWNERPARTID=   0|OWNERINDEX= 360|FONTID=1|ISHIDDEN=T|LOCATION.X=790|LOCATION.Y=470|NAME=PNP-TapeWidth|TEXT=8|UNIQUEID=MQVGAXLH|
RECORD=41|LINENO= 377|OWNERPARTID=   0|OWNERINDEX= 360|FONTID=1|ISHIDDEN=T|LOCATION.X=790|LOCATION.Y=470|NAME=PNP-PlacePriority|TEXT=1|UNIQUEID=PTXPKQSP|
RECORD=41|LINENO= 378|OWNERPARTID=   0|OWNERINDEX= 360|FONTID=1|ISHIDDEN=T|LOCATION.X=790|LOCATION.Y=470|NAME=PNP-TapeIndex|TEXT=1|UNIQUEID=JIHGBCVL|
RECORD=41|LINENO= 379|OWNERPARTID=   0|OWNERINDEX= 360|FONTID=1|ISHIDDEN=T|LOCATION.X=790|LOCATION.Y=470|NAME=PNP-da|TEXT=0|UNIQUEID=PXJAKGUL|
RECORD= 2|LINENO= 380|OWNERPARTID=   2|OWNERINDEX= 360|%UTF8%SWAPIDPART=Å½&Å½|DESIGNATOR=1|ELECTRICAL=4|FORMALTYPE=1|LOCATION.X=790|LOCATION.Y=470|NAME=1|PINCONGLOMERATE=35|PINLENGTH=10|PINPROPAGATIONDELAY=0.000000E+000|SWAPIDPART=ŽŽ&ŽŽ|UNIQUEID=JLXXZMNG|
RECORD=41|LINENO= 381|OWNERPARTID=   0|OWNERINDEX= 380|FONTID=1|ISHIDDEN=T|LOCATION.X=790|LOCATION.Y=470|NAME=PinUniqueId|TEXT=JLXXZMNG|UNIQUEID=PSMDCLYL|
RECORD=14|LINENO= 382|OWNERPARTID=   2|OWNERINDEX= 360|AREACOLOR=11599871|CORNER.X=795|CORNER.Y=480|ISSOLID=T|LOCATION.X=785|LOCATION.Y=470|
RECORD=34|LINENO= 383|OWNERPARTID=   0|OWNERINDEX= 360|FONTID=2|LOCATION.X=780|LOCATION.Y=500|NAME=Designator|TEXT=SP5|UNIQUEID=GFYHRQOJ|
RECORD=41|LINENO= 384|OWNERPARTID=   0|OWNERINDEX= 360|FONTID=8|ISHIDDEN=T|LOCATION.X=780|LOCATION.Y=460|NAME=Comment|ORIENTATION=3|TEXT=Spark Gap|UNIQUEID=UJRDOKXJ|
RECORD=44|LINENO= 385|OWNERPARTID= -42|OWNERINDEX= 360|
RECORD=45|LINENO= 386|OWNERPARTID= -42|OWNERINDEX= 385|DATAFILECOUNT=1|ISCURRENT=T|MODELDATAFILEENTITY0=SparkGap|MODELDATAFILEKIND0=PCBLib|MODELNAME=SparkGap|MODELTYPE=PCBLIB|UNIQUEID=WSROCWIR|
RECORD=46|LINENO= 387|OWNERPARTID= -42|OWNERINDEX= 386|
RECORD=48|LINENO= 388|OWNERPARTID= -42|OWNERINDEX= 386|
RECORD= 1|LINENO= 389|OWNERPARTID=   0|OWNERINDEX= -42|ALLPINCOUNT=1|AREACOLOR=11599871|COMPONENTDESCRIPTION=Open square pad for spark gapping|COMPONENTKINDVERSION2=5|CURRENTPARTID=1|DESIGNITEMID=Spark Gap|DISPLAYMODECOUNT=1|LIBRARYPATH=*|LIBREFERENCE=Spark Gap|LOCATION.X=800|LOCATION.Y=470|PARTCOUNT=2|PARTIDLOCKED=T|SOURCELIBRARYNAME=PCBFeatures.SchLib|TARGETFILENAME=*|UNIQUEID=ZMSRZENN|
RECORD=41|LINENO= 390|OWNERPARTID=   0|OWNERINDEX= 389|FONTID=1|ISHIDDEN=T|LOCATION.X=800|LOCATION.Y=470|NAME=PNP-Nzl|TEXT=2|UNIQUEID=ZQXQEYMC|
RECORD=41|LINENO= 391|OWNERPARTID=   0|OWNERINDEX= 389|FONTID=1|ISHIDDEN=T|LOCATION.X=800|LOCATION.Y=470|NAME=PNP-dx|TEXT=0|UNIQUEID=JCUFHMTG|
RECORD=41|LINENO= 392|OWNERPARTID=   0|OWNERINDEX= 389|FONTID=1|ISHIDDEN=T|LOCATION.X=800|LOCATION.Y=470|NAME=PNP-dy|TEXT=0|UNIQUEID=DHTSEFCY|
RECORD=41|LINENO= 393|OWNERPARTID=   0|OWNERINDEX= 389|FONTID=1|ISHIDDEN=T|LOCATION.X=800|LOCATION.Y=470|NAME=PNP-X|TEXT=1|UNIQUEID=NOXMUVHB|
RECORD=41|LINENO= 394|OWNERPARTID=   0|OWNERINDEX= 389|FONTID=1|ISHIDDEN=T|LOCATION.X=800|LOCATION.Y=470|NAME=PNP-Y|TEXT=1|UNIQUEID=SLHBTYEV|
RECORD=41|LINENO= 395|OWNERPARTID=   0|OWNERINDEX= 389|FONTID=1|ISHIDDEN=T|LOCATION.X=800|LOCATION.Y=470|NAME=PNP-A|TEXT=0|UNIQUEID=XOTLQSBN|
RECORD=41|LINENO= 396|OWNERPARTID=   0|OWNERINDEX= 389|FONTID=1|ISHIDDEN=T|LOCATION.X=800|LOCATION.Y=470|NAME=PNP-Pt|TEXT=0|UNIQUEID=TMORKUIU|
RECORD=41|LINENO= 397|OWNERPARTID=   0|OWNERINDEX= 389|FONTID=1|ISHIDDEN=T|LOCATION.X=800|LOCATION.Y=470|NAME=PNP-W|TEXT=0|UNIQUEID=NYCQAAIN|
RECORD=41|LINENO= 398|OWNERPARTID=   0|OWNERINDEX= 389|FONTID=1|ISHIDDEN=T|LOCATION.X=800|LOCATION.Y=470|NAME=PNP-Thk|TEXT=1|UNIQUEID=VSNVERNE|
RECORD=41|LINENO= 399|OWNERPARTID=   0|OWNERINDEX= 389|FONTID=1|ISHIDDEN=T|LOCATION.X=800|LOCATION.Y=470|NAME=PNP-Lv|TEXT=1|UNIQUEID=CYVQLRIV|
RECORD=41|LINENO= 400|OWNERPARTID=   0|OWNERINDEX= 389|FONTID=1|ISHIDDEN=T|LOCATION.X=800|LOCATION.Y=470|NAME=PNP-TS|TEXT=70|UNIQUEID=MKSHHPRX|
RECORD=41|LINENO= 401|OWNERPARTID=   0|OWNERINDEX= 389|FONTID=1|ISHIDDEN=T|LOCATION.X=800|LOCATION.Y=470|NAME=PNP-Level|TEXT=1|UNIQUEID=CNNUVOUX|
RECORD=41|LINENO= 402|OWNERPARTID=   0|OWNERINDEX= 389|FONTID=1|ISHIDDEN=T|LOCATION.X=800|LOCATION.Y=470|NAME=PNP-Type|TEXT=CHI|UNIQUEID=GFQXEFIB|
RECORD=41|LINENO= 403|OWNERPARTID=   0|OWNERINDEX= 389|FONTID=1|ISHIDDEN=T|LOCATION.X=800|LOCATION.Y=470|NAME=PNP-Voff|TEXT=0|UNIQUEID=ZJPMZSIW|
RECORD=41|LINENO= 404|OWNERPARTID=   0|OWNERINDEX= 389|FONTID=1|ISHIDDEN=T|LOCATION.X=800|LOCATION.Y=470|NAME=PNP-FeedType|TEXT=Tape|UNIQUEID=PHDQHAGF|
RECORD=41|LINENO= 405|OWNERPARTID=   0|OWNERINDEX= 389|FONTID=1|ISHIDDEN=T|LOCATION.X=800|LOCATION.Y=470|NAME=PNP-TapeWidth|TEXT=8|UNIQUEID=BPTRESIN|
RECORD=41|LINENO= 406|OWNERPARTID=   0|OWNERINDEX= 389|FONTID=1|ISHIDDEN=T|LOCATION.X=800|LOCATION.Y=470|NAME=PNP-PlacePriority|TEXT=1|UNIQUEID=DXKFALQG|
RECORD=41|LINENO= 407|OWNERPARTID=   0|OWNERINDEX= 389|FONTID=1|ISHIDDEN=T|LOCATION.X=800|LOCATION.Y=470|NAME=PNP-TapeIndex|TEXT=1|UNIQUEID=CRIYAEXK|
RECORD=41|LINENO= 408|OWNERPARTID=   0|OWNERINDEX= 389|FONTID=1|ISHIDDEN=T|LOCATION.X=800|LOCATION.Y=470|NAME=PNP-da|TEXT=0|UNIQUEID=EQFOLEPF|
RECORD= 2|LINENO= 409|OWNERPARTID=   2|OWNERINDEX= 389|%UTF8%SWAPIDPART=Å½&Å½|DESIGNATOR=1|ELECTRICAL=4|FORMALTYPE=1|LOCATION.X=800|LOCATION.Y=470|NAME=1|PINCONGLOMERATE=35|PINLENGTH=10|PINPROPAGATIONDELAY=0.000000E+000|SWAPIDPART=ŽŽ&ŽŽ|UNIQUEID=ABJBICWE|
RECORD=41|LINENO= 410|OWNERPARTID=   0|OWNERINDEX= 409|FONTID=1|ISHIDDEN=T|LOCATION.X=800|LOCATION.Y=470|NAME=PinUniqueId|TEXT=ABJBICWE|UNIQUEID=BATRQGBN|
RECORD=14|LINENO= 411|OWNERPARTID=   2|OWNERINDEX= 389|AREACOLOR=11599871|CORNER.X=805|CORNER.Y=480|ISSOLID=T|LOCATION.X=795|LOCATION.Y=470|
RECORD=34|LINENO= 412|OWNERPARTID=   0|OWNERINDEX= 389|FONTID=2|LOCATION.X=795|LOCATION.Y=480|NAME=Designator|TEXT=SP12|UNIQUEID=QWNQSIEX|
RECORD=41|LINENO= 413|OWNERPARTID=   0|OWNERINDEX= 389|FONTID=8|ISHIDDEN=T|LOCATION.X=790|LOCATION.Y=460|NAME=Comment|ORIENTATION=3|TEXT=Spark Gap|UNIQUEID=SJMNMTCY|
RECORD=44|LINENO= 414|OWNERPARTID= -42|OWNERINDEX= 389|
RECORD=45|LINENO= 415|OWNERPARTID= -42|OWNERINDEX= 414|DATAFILECOUNT=1|ISCURRENT=T|MODELDATAFILEENTITY0=SparkGap|MODELDATAFILEKIND0=PCBLib|MODELNAME=SparkGap|MODELTYPE=PCBLIB|UNIQUEID=ZLVOMRXH|
RECORD=46|LINENO= 416|OWNERPARTID= -42|OWNERINDEX= 415|
RECORD=48|LINENO= 417|OWNERPARTID= -42|OWNERINDEX= 415|
RECORD= 1|LINENO= 418|OWNERPARTID=   0|OWNERINDEX= -42|ALLPINCOUNT=1|AREACOLOR=11599871|COMPONENTDESCRIPTION=Open square pad for spark gapping|COMPONENTKINDVERSION2=5|CURRENTPARTID=1|DESIGNITEMID=Spark Gap|DISPLAYMODECOUNT=1|LIBRARYPATH=*|LIBREFERENCE=Spark Gap|LOCATION.X=810|LOCATION.Y=470|PARTCOUNT=2|PARTIDLOCKED=T|SOURCELIBRARYNAME=PCBFeatures.SchLib|TARGETFILENAME=*|UNIQUEID=IFGOPBUK|
RECORD=41|LINENO= 419|OWNERPARTID=   0|OWNERINDEX= 418|FONTID=1|ISHIDDEN=T|LOCATION.X=810|LOCATION.Y=470|NAME=PNP-Nzl|TEXT=2|UNIQUEID=UBXZVVCB|
RECORD=41|LINENO= 420|OWNERPARTID=   0|OWNERINDEX= 418|FONTID=1|ISHIDDEN=T|LOCATION.X=810|LOCATION.Y=470|NAME=PNP-dx|TEXT=0|UNIQUEID=UAYOQZMR|
RECORD=41|LINENO= 421|OWNERPARTID=   0|OWNERINDEX= 418|FONTID=1|ISHIDDEN=T|LOCATION.X=810|LOCATION.Y=470|NAME=PNP-dy|TEXT=0|UNIQUEID=HYWDFJUG|
RECORD=41|LINENO= 422|OWNERPARTID=   0|OWNERINDEX= 418|FONTID=1|ISHIDDEN=T|LOCATION.X=810|LOCATION.Y=470|NAME=PNP-X|TEXT=1|UNIQUEID=YLTCWHOO|
RECORD=41|LINENO= 423|OWNERPARTID=   0|OWNERINDEX= 418|FONTID=1|ISHIDDEN=T|LOCATION.X=810|LOCATION.Y=470|NAME=PNP-Y|TEXT=1|UNIQUEID=BDWRKECW|
RECORD=41|LINENO= 424|OWNERPARTID=   0|OWNERINDEX= 418|FONTID=1|ISHIDDEN=T|LOCATION.X=810|LOCATION.Y=470|NAME=PNP-A|TEXT=0|UNIQUEID=HKTLVOHI|
RECORD=41|LINENO= 425|OWNERPARTID=   0|OWNERINDEX= 418|FONTID=1|ISHIDDEN=T|LOCATION.X=810|LOCATION.Y=470|NAME=PNP-Pt|TEXT=0|UNIQUEID=SOHRFRFK|
RECORD=41|LINENO= 426|OWNERPARTID=   0|OWNERINDEX= 418|FONTID=1|ISHIDDEN=T|LOCATION.X=810|LOCATION.Y=470|NAME=PNP-W|TEXT=0|UNIQUEID=GQAJBZFM|
RECORD=41|LINENO= 427|OWNERPARTID=   0|OWNERINDEX= 418|FONTID=1|ISHIDDEN=T|LOCATION.X=810|LOCATION.Y=470|NAME=PNP-Thk|TEXT=1|UNIQUEID=LJMNDUGC|
RECORD=41|LINENO= 428|OWNERPARTID=   0|OWNERINDEX= 418|FONTID=1|ISHIDDEN=T|LOCATION.X=810|LOCATION.Y=470|NAME=PNP-Lv|TEXT=1|UNIQUEID=VZWUPILK|
RECORD=41|LINENO= 429|OWNERPARTID=   0|OWNERINDEX= 418|FONTID=1|ISHIDDEN=T|LOCATION.X=810|LOCATION.Y=470|NAME=PNP-TS|TEXT=70|UNIQUEID=DKJHAXJK|
RECORD=41|LINENO= 430|OWNERPARTID=   0|OWNERINDEX= 418|FONTID=1|ISHIDDEN=T|LOCATION.X=810|LOCATION.Y=470|NAME=PNP-Level|TEXT=1|UNIQUEID=XLLTDSUI|
RECORD=41|LINENO= 431|OWNERPARTID=   0|OWNERINDEX= 418|FONTID=1|ISHIDDEN=T|LOCATION.X=810|LOCATION.Y=470|NAME=PNP-Type|TEXT=CHI|UNIQUEID=FHZLBUFY|
RECORD=41|LINENO= 432|OWNERPARTID=   0|OWNERINDEX= 418|FONTID=1|ISHIDDEN=T|LOCATION.X=810|LOCATION.Y=470|NAME=PNP-Voff|TEXT=0|UNIQUEID=IEVFVKUX|
RECORD=41|LINENO= 433|OWNERPARTID=   0|OWNERINDEX= 418|FONTID=1|ISHIDDEN=T|LOCATION.X=810|LOCATION.Y=470|NAME=PNP-FeedType|TEXT=Tape|UNIQUEID=FQGRPXMO|
RECORD=41|LINENO= 434|OWNERPARTID=   0|OWNERINDEX= 418|FONTID=1|ISHIDDEN=T|LOCATION.X=810|LOCATION.Y=470|NAME=PNP-TapeWidth|TEXT=8|UNIQUEID=ABPSJMYD|
RECORD=41|LINENO= 435|OWNERPARTID=   0|OWNERINDEX= 418|FONTID=1|ISHIDDEN=T|LOCATION.X=810|LOCATION.Y=470|NAME=PNP-PlacePriority|TEXT=1|UNIQUEID=EOPIIZIJ|
RECORD=41|LINENO= 436|OWNERPARTID=   0|OWNERINDEX= 418|FONTID=1|ISHIDDEN=T|LOCATION.X=810|LOCATION.Y=470|NAME=PNP-TapeIndex|TEXT=1|UNIQUEID=FLZVBDPN|
RECORD=41|LINENO= 437|OWNERPARTID=   0|OWNERINDEX= 418|FONTID=1|ISHIDDEN=T|LOCATION.X=810|LOCATION.Y=470|NAME=PNP-da|TEXT=0|UNIQUEID=QNONLDSH|
RECORD= 2|LINENO= 438|OWNERPARTID=   2|OWNERINDEX= 418|%UTF8%SWAPIDPART=Å½&Å½|DESIGNATOR=1|ELECTRICAL=4|FORMALTYPE=1|LOCATION.X=810|LOCATION.Y=470|NAME=1|PINCONGLOMERATE=35|PINLENGTH=10|PINPROPAGATIONDELAY=0.000000E+000|SWAPIDPART=ŽŽ&ŽŽ|UNIQUEID=FSBGVMOG|
RECORD=41|LINENO= 439|OWNERPARTID=   0|OWNERINDEX= 438|FONTID=1|ISHIDDEN=T|LOCATION.X=810|LOCATION.Y=470|NAME=PinUniqueId|TEXT=FSBGVMOG|UNIQUEID=CHURKUHU|
RECORD=14|LINENO= 440|OWNERPARTID=   2|OWNERINDEX= 418|AREACOLOR=11599871|CORNER.X=815|CORNER.Y=480|ISSOLID=T|LOCATION.X=805|LOCATION.Y=470|
RECORD=34|LINENO= 441|OWNERPARTID=   0|OWNERINDEX= 418|FONTID=2|LOCATION.X=800|LOCATION.Y=490|NAME=Designator|TEXT=SP6|UNIQUEID=IWLDYQNW|
RECORD=41|LINENO= 442|OWNERPARTID=   0|OWNERINDEX= 418|FONTID=8|ISHIDDEN=T|LOCATION.X=800|LOCATION.Y=460|NAME=Comment|ORIENTATION=3|TEXT=Spark Gap|UNIQUEID=MCBVYLRA|
RECORD=44|LINENO= 443|OWNERPARTID= -42|OWNERINDEX= 418|
RECORD=45|LINENO= 444|OWNERPARTID= -42|OWNERINDEX= 443|DATAFILECOUNT=1|ISCURRENT=T|MODELDATAFILEENTITY0=SparkGap|MODELDATAFILEKIND0=PCBLib|MODELNAME=SparkGap|MODELTYPE=PCBLIB|UNIQUEID=ULLZENOV|
RECORD=46|LINENO= 445|OWNERPARTID= -42|OWNERINDEX= 444|
RECORD=48|LINENO= 446|OWNERPARTID= -42|OWNERINDEX= 444|
RECORD= 1|LINENO= 447|OWNERPARTID=   0|OWNERINDEX= -42|AREACOLOR=11599871|COMPONENTKINDVERSION2=5|CURRENTPARTID=1|DESIGNITEMID=PloopyLogo|DISPLAYMODECOUNT=1|LIBRARYPATH=*|LIBREFERENCE=PloopyLogo|LOCATION.X=240|LOCATION.Y=410|NOTUSEDBTABLENAME=T|PARTCOUNT=2|PARTIDLOCKED=F|SOURCELIBRARYNAME=Graphics.SchLib|TARGETFILENAME=*|UNIQUEID=YOYYDCWU|
RECORD=41|LINENO= 448|OWNERPARTID=   0|OWNERINDEX= 447|FONTID=1|ISHIDDEN=T|LOCATION.X=240|LOCATION.Y=410|NAME=PNP-Nzl|TEXT=2|UNIQUEID=HYVAFZIQ|
RECORD=41|LINENO= 449|OWNERPARTID=   0|OWNERINDEX= 447|FONTID=1|ISHIDDEN=T|LOCATION.X=240|LOCATION.Y=410|NAME=PNP-dx|TEXT=0|UNIQUEID=LQAIAVTL|
RECORD=41|LINENO= 450|OWNERPARTID=   0|OWNERINDEX= 447|FONTID=1|ISHIDDEN=T|LOCATION.X=240|LOCATION.Y=410|NAME=PNP-dy|TEXT=0|UNIQUEID=JFHHBOKT|
RECORD=41|LINENO= 451|OWNERPARTID=   0|OWNERINDEX= 447|FONTID=1|ISHIDDEN=T|LOCATION.X=240|LOCATION.Y=410|NAME=PNP-X|TEXT=1|UNIQUEID=HHSSSSVE|
RECORD=41|LINENO= 452|OWNERPARTID=   0|OWNERINDEX= 447|FONTID=1|ISHIDDEN=T|LOCATION.X=240|LOCATION.Y=410|NAME=PNP-Y|TEXT=1|UNIQUEID=IXTLDCEP|
RECORD=41|LINENO= 453|OWNERPARTID=   0|OWNERINDEX= 447|FONTID=1|ISHIDDEN=T|LOCATION.X=240|LOCATION.Y=410|NAME=PNP-A|TEXT=0|UNIQUEID=DUNDTPQC|
RECORD=41|LINENO= 454|OWNERPARTID=   0|OWNERINDEX= 447|FONTID=1|ISHIDDEN=T|LOCATION.X=240|LOCATION.Y=410|NAME=PNP-Pt|TEXT=0|UNIQUEID=UMPXUOSS|
RECORD=41|LINENO= 455|OWNERPARTID=   0|OWNERINDEX= 447|FONTID=1|ISHIDDEN=T|LOCATION.X=240|LOCATION.Y=410|NAME=PNP-W|TEXT=0|UNIQUEID=OCSYHQXT|
RECORD=41|LINENO= 456|OWNERPARTID=   0|OWNERINDEX= 447|FONTID=1|ISHIDDEN=T|LOCATION.X=240|LOCATION.Y=410|NAME=PNP-Thk|TEXT=1|UNIQUEID=VWZDCIIG|
RECORD=41|LINENO= 457|OWNERPARTID=   0|OWNERINDEX= 447|FONTID=1|ISHIDDEN=T|LOCATION.X=240|LOCATION.Y=410|NAME=PNP-Lv|TEXT=1|UNIQUEID=BSEHBHAR|
RECORD=41|LINENO= 458|OWNERPARTID=   0|OWNERINDEX= 447|FONTID=1|ISHIDDEN=T|LOCATION.X=240|LOCATION.Y=410|NAME=PNP-TS|TEXT=70|UNIQUEID=QPYFDYJT|
RECORD=41|LINENO= 459|OWNERPARTID=   0|OWNERINDEX= 447|FONTID=1|ISHIDDEN=T|LOCATION.X=240|LOCATION.Y=410|NAME=PNP-Level|TEXT=1|UNIQUEID=EBXBJFIN|
RECORD=41|LINENO= 460|OWNERPARTID=   0|OWNERINDEX= 447|FONTID=1|ISHIDDEN=T|LOCATION.X=240|LOCATION.Y=410|NAME=PNP-Type|TEXT=CHI|UNIQUEID=WUIWQNAM|
RECORD=41|LINENO= 461|OWNERPARTID=   0|OWNERINDEX= 447|FONTID=1|ISHIDDEN=T|LOCATION.X=240|LOCATION.Y=410|NAME=PNP-Voff|TEXT=0|UNIQUEID=EIVCJLRH|
RECORD=41|LINENO= 462|OWNERPARTID=   0|OWNERINDEX= 447|FONTID=1|ISHIDDEN=T|LOCATION.X=240|LOCATION.Y=410|NAME=PNP-FeedType|TEXT=Tape|UNIQUEID=BBHRRSQX|
RECORD=41|LINENO= 463|OWNERPARTID=   0|OWNERINDEX= 447|FONTID=1|ISHIDDEN=T|LOCATION.X=240|LOCATION.Y=410|NAME=PNP-TapeWidth|TEXT=8|UNIQUEID=NFZBLGXV|
RECORD=41|LINENO= 464|OWNERPARTID=   0|OWNERINDEX= 447|FONTID=1|ISHIDDEN=T|LOCATION.X=240|LOCATION.Y=410|NAME=PNP-PlacePriority|TEXT=1|UNIQUEID=KRKGZDBD|
RECORD=41|LINENO= 465|OWNERPARTID=   0|OWNERINDEX= 447|FONTID=1|ISHIDDEN=T|LOCATION.X=240|LOCATION.Y=410|NAME=PNP-TapeIndex|TEXT=1|UNIQUEID=PMBUCHKT|
RECORD=41|LINENO= 466|OWNERPARTID=   0|OWNERINDEX= 447|FONTID=1|ISHIDDEN=T|LOCATION.X=240|LOCATION.Y=410|NAME=PNP-da|TEXT=0|UNIQUEID=JQZIYQVE|
RECORD=14|LINENO= 467|OWNERPARTID=   2|OWNERINDEX= 447|AREACOLOR=11599871|CORNER.X=270|CORNER.Y=440|ISSOLID=T|LOCATION.X=210|LOCATION.Y=380|
RECORD= 4|LINENO= 468|OWNERPARTID=   2|OWNERINDEX= 447|FONTID=2|LOCATION.X=227|LOCATION.Y=406|TEXT=Ploopy|
RECORD=34|LINENO= 469|OWNERPARTID=   0|OWNERINDEX= 447|FONTID=2|LOCATION.X=210|LOCATION.Y=440|NAME=Designator|TEXT=LOGO1|UNIQUEID=KARSAKHX|
RECORD=41|LINENO= 470|OWNERPARTID=   0|OWNERINDEX= 447|FONTID=2|LOCATION.X=210|LOCATION.Y=370|NAME=Comment|TEXT=Ploopy logo, silkscreen|UNIQUEID=ZDCFRVVF|
RECORD=44|LINENO= 471|OWNERPARTID= -42|OWNERINDEX= 447|
RECORD=45|LINENO= 472|OWNERPARTID= -42|OWNERINDEX= 471|DATAFILECOUNT=1|ISCURRENT=T|MODELDATAFILEENTITY0=PloopyLogo|MODELDATAFILEKIND0=PCBLib|MODELNAME=PloopyLogo|MODELTYPE=PCBLIB|UNIQUEID=BRDVTJNK|
RECORD=46|LINENO= 473|OWNERPARTID= -42|OWNERINDEX= 472|
RECORD=48|LINENO= 474|OWNERPARTID= -42|OWNERINDEX= 472|
RECORD=41|LINENO= 475|OWNERPARTID=   0|OWNERINDEX= -42|FONTID=1|ISHIDDEN=T|NAME=CurrentTime|TEXT=*|UNIQUEID=VGQSHTQR|
RECORD=41|LINENO= 476|OWNERPARTID=   0|OWNERINDEX= -42|FONTID=1|ISHIDDEN=T|NAME=CurrentDate|TEXT=*|UNIQUEID=LVKEFWPL|
RECORD=41|LINENO= 477|OWNERPARTID=   0|OWNERINDEX= -42|FONTID=1|ISHIDDEN=T|NAME=Time|TEXT=*|UNIQUEID=HRNXBHKV|
RECORD=41|LINENO= 478|OWNERPARTID=   0|OWNERINDEX= -42|FONTID=1|ISHIDDEN=T|NAME=Date|TEXT=*|UNIQUEID=SFAWIKFK|
RECORD=41|LINENO= 479|OWNERPARTID=   0|OWNERINDEX= -42|FONTID=1|ISHIDDEN=T|NAME=DocumentFullPathAndName|TEXT=*|UNIQUEID=OMDJBWPO|
RECORD=41|LINENO= 480|OWNERPARTID=   0|OWNERINDEX= -42|FONTID=1|ISHIDDEN=T|NAME=DocumentName|TEXT=*|UNIQUEID=BVQSIRLW|
RECORD=41|LINENO= 481|OWNERPARTID=   0|OWNERINDEX= -42|FONTID=1|ISHIDDEN=T|NAME=ModifiedDate|TEXT=*|UNIQUEID=WVWTQWPH|
RECORD=41|LINENO= 482|OWNERPARTID=   0|OWNERINDEX= -42|FONTID=1|ISHIDDEN=T|NAME=ApprovedBy|TEXT=*|UNIQUEID=EIKNJUEN|
RECORD=41|LINENO= 483|OWNERPARTID=   0|OWNERINDEX= -42|FONTID=1|ISHIDDEN=T|NAME=CheckedBy|TEXT=*|UNIQUEID=UMRPJDAQ|
RECORD=41|LINENO= 484|OWNERPARTID=   0|OWNERINDEX= -42|FONTID=1|ISHIDDEN=T|NAME=Author|TEXT=*|UNIQUEID=CBQGFDVG|
RECORD=41|LINENO= 485|OWNERPARTID=   0|OWNERINDEX= -42|FONTID=1|ISHIDDEN=T|NAME=CompanyName|TEXT=Ploopy Corporation|UNIQUEID=VJUUMRXK|
RECORD=41|LINENO= 486|OWNERPARTID=   0|OWNERINDEX= -42|FONTID=1|ISHIDDEN=T|NAME=DrawnBy|TEXT=*|UNIQUEID=OTKVQVCA|
RECORD=41|LINENO= 487|OWNERPARTID=   0|OWNERINDEX= -42|FONTID=1|ISHIDDEN=T|NAME=Engineer|TEXT=*|UNIQUEID=GWHUWYAO|
RECORD=41|LINENO= 488|OWNERPARTID=   0|OWNERINDEX= -42|FONTID=1|ISHIDDEN=T|NAME=Organization|TEXT=Ploopy Corporation|UNIQUEID=AYOHLKSX|
RECORD=41|LINENO= 489|OWNERPARTID=   0|OWNERINDEX= -42|FONTID=1|ISHIDDEN=T|NAME=Address1|TEXT=137-1140 Burnhamthorpe Road W|UNIQUEID=RMCOMOSC|
RECORD=41|LINENO= 490|OWNERPARTID=   0|OWNERINDEX= -42|FONTID=1|ISHIDDEN=T|NAME=Address2|TEXT=Mississauga|UNIQUEID=AJWKUWYC|
RECORD=41|LINENO= 491|OWNERPARTID=   0|OWNERINDEX= -42|FONTID=1|ISHIDDEN=T|NAME=Address3|TEXT=Ontario|UNIQUEID=VXEJGGPW|
RECORD=41|LINENO= 492|OWNERPARTID=   0|OWNERINDEX= -42|FONTID=1|ISHIDDEN=T|NAME=Address4|TEXT=Canada L5C 0A3|UNIQUEID=BGJWFPPM|
RECORD=41|LINENO= 493|OWNERPARTID=   0|OWNERINDEX= -42|FONTID=1|ISHIDDEN=T|NAME=Title|TEXT=*|UNIQUEID=HYUTPTGW|
RECORD=41|LINENO= 494|OWNERPARTID=   0|OWNERINDEX= -42|FONTID=1|ISHIDDEN=T|NAME=DocumentNumber|TEXT=4|UNIQUEID=JAIFAHFE|
RECORD=41|LINENO= 495|OWNERPARTID=   0|OWNERINDEX= -42|FONTID=1|ISHIDDEN=T|NAME=Revision|TEXT=R1.001|UNIQUEID=XNRPGDSU|
RECORD=41|LINENO= 496|OWNERPARTID=   0|OWNERINDEX= -42|FONTID=1|ISHIDDEN=T|NAME=SheetNumber|TEXT=4|UNIQUEID=IPRPETIV|
RECORD=41|LINENO= 497|OWNERPARTID=   0|OWNERINDEX= -42|FONTID=1|ISHIDDEN=T|NAME=SheetTotal|TEXT=5|UNIQUEID=WIFYVAQF|
RECORD=41|LINENO= 498|OWNERPARTID=   0|OWNERINDEX= -42|FONTID=1|ISHIDDEN=T|NAME=ImagePath|TEXT=*|UNIQUEID=MUYWIVXH|
RECORD=41|LINENO= 499|OWNERPARTID=   0|OWNERINDEX= -42|FONTID=1|ISHIDDEN=T|NAME=Rule|TEXT=*|UNIQUEID=DYJVEULM|
RECORD=41|LINENO= 500|OWNERPARTID=   0|OWNERINDEX= -42|FONTID=1|ISHIDDEN=T|NAME=ProjectName|TEXT=*|UNIQUEID=LUAWAGRB|
RECORD=41|LINENO= 501|OWNERPARTID=   0|OWNERINDEX= -42|FONTID=1|ISHIDDEN=T|NAME=Application_BuildNumber|TEXT=*|UNIQUEID=DGMYSHII|
RECORD=41|LINENO= 502|OWNERPARTID=   0|OWNERINDEX= -42|FONTID=1|ISHIDDEN=T|NAME=SPICEModelCache|UNIQUEID=QVECGOQO|
RECORD=29|LINENO= 503|OWNERPARTID=   0|OWNERINDEX= -42|LOCATION.X=690|LOCATION.Y=460|
RECORD=29|LINENO= 504|OWNERPARTID=   0|OWNERINDEX= -42|LOCATION.X=700|LOCATION.Y=460|
RECORD=29|LINENO= 505|OWNERPARTID=   0|OWNERINDEX= -42|LOCATION.X=710|LOCATION.Y=460|
RECORD=29|LINENO= 506|OWNERPARTID=   0|OWNERINDEX= -42|LOCATION.X=730|LOCATION.Y=460|
RECORD=29|LINENO= 507|OWNERPARTID=   0|OWNERINDEX= -42|LOCATION.X=740|LOCATION.Y=460|
RECORD=29|LINENO= 508|OWNERPARTID=   0|OWNERINDEX= -42|LOCATION.X=750|LOCATION.Y=460|
RECORD=29|LINENO= 509|OWNERPARTID=   0|OWNERINDEX= -42|LOCATION.X=760|LOCATION.Y=460|
RECORD=29|LINENO= 510|OWNERPARTID=   0|OWNERINDEX= -42|LOCATION.X=780|LOCATION.Y=460|
RECORD=29|LINENO= 511|OWNERPARTID=   0|OWNERINDEX= -42|LOCATION.X=790|LOCATION.Y=460|
RECORD=29|LINENO= 512|OWNERPARTID=   0|OWNERINDEX= -42|LOCATION.X=800|LOCATION.Y=460|
RECORD=29|LINENO= 513|OWNERPARTID=   0|OWNERINDEX= -42|LOCATION.X=810|LOCATION.Y=460|
