RECORD=-42|LINENO=   0|OWNERPARTID= -42|OWNERINDEX= -42|HEADER=Protel for Windows - Schematic Capture Binary File Version 5.0|MINORVERSION=2|UNIQUEID=TJUNNGOI|WEIGHT=93|
RECORD=31|LINENO=   1|OWNERPARTID= -42|OWNERINDEX= -42|AREACOLOR=16777215|BORDERON=T|CUSTOMX=1000|CUSTOMY=800|DISPLAY_UNIT=0|FONTIDCOUNT=7|FONTNAME1=Times New Roman|FONTNAME2=Avenir LT 55 Roman|FONTNAME3=Avenir LT 65 Medium|FONTNAME4=Avenir LT 65 Medium|FONTNAME5=Avenir LT 55 Roman|FONTNAME6=Avenir LT 65 Medium|FONTNAME7=Avenir LT 65 Medium|HOTSPOTGRIDON=T|HOTSPOTGRIDSIZE=4|ISBOC=T|SHEETNUMBERSPACESIZE=12|SHEETSTYLE=10|SHOWTEMPLATEGRAPHICS=T|SIZE1=10|SIZE2=10|SIZE3=14|SIZE4=13|SIZE5=9|SIZE6=11|SIZE7=11|SNAPGRIDON=T|SNAPGRIDSIZE=10|SYSTEMFONT=2|TEMPLATEFILENAME=C:\Repos\Nomist\electrical\SupportFiles\AltiumTemplates\A.SchDot|UNDERLINE7=T|USEMBCS=T|VISIBLEGRIDON=T|VISIBLEGRIDSIZE=10|
RECORD=39|LINENO=   2|OWNERPARTID=   0|OWNERINDEX= -42|FILENAME=C:\Repos\Nomist\electrical\SupportFiles\AltiumTemplates\A.SchDot|
RECORD= 4|LINENO=   3|OWNERPARTID=   0|OWNERINDEX=   2|FONTID=5|LOCATION.X=893|LOCATION.Y=20|TEXT==sheetnumber|
RECORD= 4|LINENO=   4|OWNERPARTID=   0|OWNERINDEX=   2|FONTID=4|LOCATION.X=950|LOCATION.Y=53|TEXT=Ploopy Corporation|
RECORD= 4|LINENO=   5|OWNERPARTID=   0|OWNERINDEX=   2|FONTID=5|LOCATION.X=950|LOCATION.Y=33|TEXT=Mississauga ON L5C 0A3|
RECORD= 4|LINENO=   6|OWNERPARTID=   0|OWNERINDEX=   2|FONTID=5|LOCATION.X=920|LOCATION.Y=20|TEXT==sheettotal|
RECORD= 4|LINENO=   7|OWNERPARTID=   0|OWNERINDEX=   2|FONTID=3|LOCATION.X=688|LOCATION.Y=54|TEXT==DocumentName|
RECORD= 4|LINENO=   8|OWNERPARTID=   0|OWNERINDEX=   2|FONTID=5|LOCATION.X=904|LOCATION.Y=34|TEXT==revision|
RECORD= 4|LINENO=   9|OWNERPARTID=   0|OWNERINDEX=   2|FONTID=5|LOCATION.X=690|LOCATION.Y=20|TEXT==CurrentDate|
RECORD= 4|LINENO=  10|OWNERPARTID=   0|OWNERINDEX=   2|FONTID=5|LOCATION.X=765|LOCATION.Y=20|TEXT==CurrentTime|
RECORD= 6|LINENO=  11|OWNERPARTID=   0|OWNERINDEX=   2|LOCATIONCOUNT=3|X1=1080|X2=660|X3=660|Y1=70|Y2=70|Y3=20|
RECORD= 6|LINENO=  12|OWNERPARTID=   0|OWNERINDEX=   2|LOCATIONCOUNT=2|X1=660|X2=940|Y1=50|Y2=50|
RECORD= 6|LINENO=  13|OWNERPARTID=   0|OWNERINDEX=   2|LOCATIONCOUNT=2|X1=865|X2=865|Y1=50|Y2=20|
RECORD= 4|LINENO=  14|OWNERPARTID=   0|OWNERINDEX=   2|FONTID=5|LOCATION.X=665|LOCATION.Y=55|TEXT=Title:|
RECORD= 4|LINENO=  15|OWNERPARTID=   0|OWNERINDEX=   2|FONTID=5|LOCATION.X=665|LOCATION.Y=20|TEXT=Date:|
RECORD= 4|LINENO=  16|OWNERPARTID=   0|OWNERINDEX=   2|FONTID=5|LOCATION.X=870|LOCATION.Y=35|TEXT=Version:|
RECORD= 4|LINENO=  17|OWNERPARTID=   0|OWNERINDEX=   2|FONTID=5|LOCATION.X=870|LOCATION.Y=20|TEXT=Sheet|
RECORD= 4|LINENO=  18|OWNERPARTID=   0|OWNERINDEX=   2|FONTID=5|LOCATION.X=908|LOCATION.Y=20|TEXT=of|
RECORD= 6|LINENO=  19|OWNERPARTID=   0|OWNERINDEX=   2|LOCATIONCOUNT=2|X1=940|X2=940|Y1=70|Y2=20|
RECORD= 4|LINENO=  20|OWNERPARTID=   0|OWNERINDEX=   2|FONTID=5|LOCATION.X=740|LOCATION.Y=20|TEXT=Time:|
RECORD= 6|LINENO=  21|OWNERPARTID=   0|OWNERINDEX=   2|LOCATIONCOUNT=2|X1=660|X2=940|Y1=30|Y2=30|
RECORD= 4|LINENO=  22|OWNERPARTID=   0|OWNERINDEX=   2|FONTID=5|LOCATION.X=665|LOCATION.Y=35|TEXT=PCB:|
RECORD= 6|LINENO=  23|OWNERPARTID=   0|OWNERINDEX=   2|LOCATIONCOUNT=3|X1=660|X2=480|X3=480|Y1=70|Y2=70|Y3=20|
RECORD= 4|LINENO=  24|OWNERPARTID=   0|OWNERINDEX=   2|FONTID=4|LOCATION.X=688|LOCATION.Y=34|TEXT==ProjectName|
RECORD= 4|LINENO=  25|OWNERPARTID=   0|OWNERINDEX=   2|FONTID=6|LOCATION.X=490|LOCATION.Y=53|TEXT=Copyright Ploopy Corporation 2021|
RECORD= 4|LINENO=  26|OWNERPARTID=   0|OWNERINDEX=   2|FONTID=5|LOCATION.X=950|LOCATION.Y=43|TEXT=137-1140 Burnhamthorpe Road W|
RECORD= 4|LINENO=  27|OWNERPARTID=   0|OWNERINDEX=   2|FONTID=5|LOCATION.X=950|LOCATION.Y=23|TEXT=Canada|
RECORD= 4|LINENO=  28|OWNERPARTID=   0|OWNERINDEX=   2|FONTID=6|LOCATION.X=490|LOCATION.Y=40|TEXT=Licensed under the CERN OHL v. 1.2|
RECORD= 4|LINENO=  29|OWNERPARTID=   0|OWNERINDEX=   2|FONTID=7|LOCATION.X=490|LOCATION.Y=30|TEXT=http://ohwr.org/cernohl|URL=http://ohwr.org/cernohl|
RECORD=41|LINENO=  30|OWNERPARTID=   0|OWNERINDEX= -42|FONTID=2|ISHIDDEN=T|NAME=ConfigurationParameters|UNIQUEID=FCCDJBJJ|
RECORD=41|LINENO=  31|OWNERPARTID=   0|OWNERINDEX= -42|FONTID=2|ISHIDDEN=T|NAME=ConfiguratorName|UNIQUEID=TXQIABLA|
RECORD=41|LINENO=  32|OWNERPARTID=   0|OWNERINDEX= -42|FONTID=2|ISHIDDEN=T|NAME=VersionControl_RevNumber|UNIQUEID=YCMXLEKM|
RECORD=41|LINENO=  33|OWNERPARTID=   0|OWNERINDEX= -42|FONTID=2|ISHIDDEN=T|NAME=IsUserConfigurable|UNIQUEID=DMBGYVLW|
RECORD=15|LINENO=  34|OWNERPARTID=   0|OWNERINDEX= -42|AREACOLOR=8454016|ISSOLID=T|LOCATION.X=400|LOCATION.Y=540|SYMBOLTYPE=Normal|UNIQUEID=BUHOUAJX|XSIZE=170|YSIZE=30|
RECORD=16|LINENO=  35|OWNERPARTID=   0|OWNERINDEX=  34|AREACOLOR=8454143|ARROWKIND=Block & Triangle|DISTANCEFROMTOP=1|IOTYPE=3|NAME=D+|SIDE=1|TEXTCOLOR=128|TEXTFONTID=2|TEXTSTYLE=Full|UNIQUEID=TPWGYBWU|
RECORD=16|LINENO=  36|OWNERPARTID=   0|OWNERINDEX=  34|AREACOLOR=8454143|ARROWKIND=Block & Triangle|DISTANCEFROMTOP=1|IOTYPE=1|NAME=V_USB|TEXTCOLOR=128|TEXTFONTID=2|TEXTSTYLE=Full|UNIQUEID=NUZDITCH|
RECORD=16|LINENO=  37|OWNERPARTID=   0|OWNERINDEX=  34|AREACOLOR=8454143|ARROWKIND=Block & Triangle|DISTANCEFROMTOP=2|IOTYPE=3|NAME=D-|SIDE=1|TEXTCOLOR=128|TEXTFONTID=2|TEXTSTYLE=Full|UNIQUEID=ORSLEKTO|
RECORD=32|LINENO=  38|OWNERPARTID=   0|OWNERINDEX=  34|FONTID=2|LOCATION.X=400|LOCATION.Y=550|TEXT=USB|
RECORD=33|LINENO=  39|OWNERPARTID=   0|OWNERINDEX=  34|FONTID=2|LOCATION.X=400|LOCATION.Y=540|TEXT=Connectors.SchDoc|
RECORD=41|LINENO=  40|OWNERPARTID=   0|OWNERINDEX= -42|FONTID=2|ISHIDDEN=T|NAME=VersionControl_ProjFolderRevNumber|UNIQUEID=YKKHFBPC|
RECORD=41|LINENO=  41|OWNERPARTID=   0|OWNERINDEX= -42|FONTID=1|ISHIDDEN=T|NAME=CurrentTime|TEXT=*|UNIQUEID=VGQSHTQR|
RECORD=41|LINENO=  42|OWNERPARTID=   0|OWNERINDEX= -42|FONTID=1|ISHIDDEN=T|NAME=CurrentDate|TEXT=*|UNIQUEID=LVKEFWPL|
RECORD=41|LINENO=  43|OWNERPARTID=   0|OWNERINDEX= -42|FONTID=1|ISHIDDEN=T|NAME=Time|TEXT=*|UNIQUEID=HRNXBHKV|
RECORD=41|LINENO=  44|OWNERPARTID=   0|OWNERINDEX= -42|FONTID=1|ISHIDDEN=T|NAME=Date|TEXT=*|UNIQUEID=SFAWIKFK|
RECORD=41|LINENO=  45|OWNERPARTID=   0|OWNERINDEX= -42|FONTID=1|ISHIDDEN=T|NAME=DocumentFullPathAndName|TEXT=*|UNIQUEID=OMDJBWPO|
RECORD=41|LINENO=  46|OWNERPARTID=   0|OWNERINDEX= -42|FONTID=1|ISHIDDEN=T|NAME=DocumentName|TEXT=*|UNIQUEID=BVQSIRLW|
RECORD=41|LINENO=  47|OWNERPARTID=   0|OWNERINDEX= -42|FONTID=1|ISHIDDEN=T|NAME=ModifiedDate|TEXT=*|UNIQUEID=WVWTQWPH|
RECORD=41|LINENO=  48|OWNERPARTID=   0|OWNERINDEX= -42|FONTID=1|ISHIDDEN=T|NAME=ApprovedBy|TEXT=*|UNIQUEID=EIKNJUEN|
RECORD=41|LINENO=  49|OWNERPARTID=   0|OWNERINDEX= -42|FONTID=1|ISHIDDEN=T|NAME=CheckedBy|TEXT=*|UNIQUEID=UMRPJDAQ|
RECORD=41|LINENO=  50|OWNERPARTID=   0|OWNERINDEX= -42|FONTID=1|ISHIDDEN=T|NAME=Author|UNIQUEID=CBQGFDVG|
RECORD=41|LINENO=  51|OWNERPARTID=   0|OWNERINDEX= -42|FONTID=1|ISHIDDEN=T|NAME=CompanyName|TEXT=Ploopy Corporation|UNIQUEID=VJUUMRXK|
RECORD=41|LINENO=  52|OWNERPARTID=   0|OWNERINDEX= -42|FONTID=1|ISHIDDEN=T|NAME=DrawnBy|TEXT=*|UNIQUEID=OTKVQVCA|
RECORD=41|LINENO=  53|OWNERPARTID=   0|OWNERINDEX= -42|FONTID=1|ISHIDDEN=T|NAME=Engineer|TEXT=*|UNIQUEID=GWHUWYAO|
RECORD=41|LINENO=  54|OWNERPARTID=   0|OWNERINDEX= -42|FONTID=1|ISHIDDEN=T|NAME=Organization|TEXT=Ploopy Corporation|UNIQUEID=AYOHLKSX|
RECORD=41|LINENO=  55|OWNERPARTID=   0|OWNERINDEX= -42|FONTID=1|ISHIDDEN=T|NAME=Address1|TEXT=137-1140 Burnhamthorpe Road W|UNIQUEID=RMCOMOSC|
RECORD=41|LINENO=  56|OWNERPARTID=   0|OWNERINDEX= -42|FONTID=1|ISHIDDEN=T|NAME=Address2|TEXT=Mississauga|UNIQUEID=AJWKUWYC|
RECORD=41|LINENO=  57|OWNERPARTID=   0|OWNERINDEX= -42|FONTID=1|ISHIDDEN=T|NAME=Address3|TEXT=Ontario|UNIQUEID=VXEJGGPW|
RECORD=41|LINENO=  58|OWNERPARTID=   0|OWNERINDEX= -42|FONTID=1|ISHIDDEN=T|NAME=Address4|TEXT=Canada L5C 0A3|UNIQUEID=BGJWFPPM|
RECORD=41|LINENO=  59|OWNERPARTID=   0|OWNERINDEX= -42|FONTID=1|ISHIDDEN=T|NAME=Title|TEXT=*|UNIQUEID=HYUTPTGW|
RECORD=41|LINENO=  60|OWNERPARTID=   0|OWNERINDEX= -42|FONTID=1|ISHIDDEN=T|NAME=DocumentNumber|TEXT=1|UNIQUEID=JAIFAHFE|
RECORD=41|LINENO=  61|OWNERPARTID=   0|OWNERINDEX= -42|FONTID=1|ISHIDDEN=T|NAME=Revision|TEXT=R1.001|UNIQUEID=XNRPGDSU|
RECORD=41|LINENO=  62|OWNERPARTID=   0|OWNERINDEX= -42|FONTID=1|ISHIDDEN=T|NAME=SheetNumber|TEXT=1|UNIQUEID=IPRPETIV|
RECORD=41|LINENO=  63|OWNERPARTID=   0|OWNERINDEX= -42|FONTID=1|ISHIDDEN=T|NAME=SheetTotal|TEXT=5|UNIQUEID=WIFYVAQF|
RECORD=41|LINENO=  64|OWNERPARTID=   0|OWNERINDEX= -42|FONTID=1|ISHIDDEN=T|NAME=ImagePath|TEXT=*|UNIQUEID=MUYWIVXH|
RECORD=41|LINENO=  65|OWNERPARTID=   0|OWNERINDEX= -42|FONTID=1|ISHIDDEN=T|NAME=Rule|TEXT=*|UNIQUEID=DYJVEULM|
RECORD=41|LINENO=  66|OWNERPARTID=   0|OWNERINDEX= -42|FONTID=1|ISHIDDEN=T|NAME=ProjectName|TEXT=*|UNIQUEID=LUAWAGRB|
RECORD=41|LINENO=  67|OWNERPARTID=   0|OWNERINDEX= -42|FONTID=1|ISHIDDEN=T|NAME=Application_BuildNumber|TEXT=*|UNIQUEID=DGMYSHII|
RECORD=28|LINENO=  68|OWNERPARTID=   0|OWNERINDEX= -42|ALIGNMENT=1|AREACOLOR=16777215|CLIPTORECT=T|CORNER.X=1070|CORNER.Y=210|FONTID=2|ISSOLID=T|LOCATION.X=850|LOCATION.Y=80|TEXT=This documentation describes Open Hardware and is licensed under the CERN OHL v. 1.2.~1~1You may redistribute and modify this documentation under the terms of the CERN OHL v.1.2. (http://ohwr.org/cernohl). ~1~1This documentation is distributed WITHOUT ANY EXPRESS OR IMPLIED WARRANTY, INCLUDING   OF MERCHANTABILITY, SATISFACTORY QUALITY   AND FITNESS FOR A PARTICULAR PURPOSE.~1~1Please see the CERN OHL v.1.2 for applicable conditions.|TEXTMARGIN_FRAC=5|WORDWRAP=T|
RECORD=15|LINENO=  69|OWNERPARTID=   0|OWNERINDEX= -42|AREACOLOR=8454016|ISSOLID=T|LOCATION.X=570|LOCATION.Y=540|SYMBOLTYPE=Normal|UNIQUEID=KPFJTNEE|XSIZE=130|YSIZE=180|
RECORD=16|LINENO=  70|OWNERPARTID=   0|OWNERINDEX=  69|AREACOLOR=8454143|ARROWKIND=Block & Triangle|DISTANCEFROMTOP=1|IOTYPE=3|NAME=D+|TEXTCOLOR=128|TEXTFONTID=2|TEXTSTYLE=Full|UNIQUEID=KIVIPNJP|
RECORD=16|LINENO=  71|OWNERPARTID=   0|OWNERINDEX=  69|AREACOLOR=8454143|ARROWKIND=Block & Triangle|DISTANCEFROMTOP=2|IOTYPE=3|NAME=D-|TEXTCOLOR=128|TEXTFONTID=2|TEXTSTYLE=Full|UNIQUEID=PTKLYDSF|
RECORD=16|LINENO=  72|OWNERPARTID=   0|OWNERINDEX=  69|AREACOLOR=8454143|ARROWKIND=Block & Triangle|DISTANCEFROMTOP=4|IOTYPE=2|NAME=V_USB|TEXTCOLOR=128|TEXTFONTID=2|TEXTSTYLE=Full|UNIQUEID=FDYQDAUG|
RECORD=16|LINENO=  73|OWNERPARTID=   0|OWNERINDEX=  69|AREACOLOR=8454143|ARROWKIND=Block & Triangle|DISTANCEFROMTOP=12|IOTYPE=1|NAME=R\E\S\E\T\|TEXTCOLOR=128|TEXTFONTID=2|TEXTSTYLE=Full|UNIQUEID=SLNTVXWA|
RECORD=16|LINENO=  74|OWNERPARTID=   0|OWNERINDEX=  69|AREACOLOR=8454143|ARROWKIND=Block & Triangle|DISTANCEFROMTOP=9|IOTYPE=3|NAME=ADNS_SDIO|TEXTCOLOR=128|TEXTFONTID=2|TEXTSTYLE=Full|UNIQUEID=ZFJOLFBM|
RECORD=16|LINENO=  75|OWNERPARTID=   0|OWNERINDEX=  69|AREACOLOR=8454143|ARROWKIND=Block & Triangle|DISTANCEFROMTOP=8|IOTYPE=1|NAME=ADNS_C\S\|TEXTCOLOR=128|TEXTFONTID=2|TEXTSTYLE=Full|UNIQUEID=DXEZVLOB|
RECORD=16|LINENO=  76|OWNERPARTID=   0|OWNERINDEX=  69|AREACOLOR=8454143|ARROWKIND=Block & Triangle|DISTANCEFROMTOP=10|IOTYPE=1|NAME=ADNS_SCLK|TEXTCOLOR=128|TEXTFONTID=2|TEXTSTYLE=Full|UNIQUEID=BFOSEWSJ|
RECORD=32|LINENO=  77|OWNERPARTID=   0|OWNERINDEX=  69|FONTID=2|LOCATION.X=570|LOCATION.Y=550|TEXT=MCU|
RECORD=33|LINENO=  78|OWNERPARTID=   0|OWNERINDEX=  69|FONTID=2|LOCATION.X=570|LOCATION.Y=540|TEXT=MCU.SchDoc|
RECORD=15|LINENO=  79|OWNERPARTID=   0|OWNERINDEX= -42|AREACOLOR=8454016|ISSOLID=T|LOCATION.X=400|LOCATION.Y=380|SYMBOLTYPE=Normal|UNIQUEID=NDZGVAIK|XSIZE=170|YSIZE=20|
RECORD=32|LINENO=  80|OWNERPARTID=   0|OWNERINDEX=  79|FONTID=2|LOCATION.X=400|LOCATION.Y=390|TEXT=MCH|
RECORD=33|LINENO=  81|OWNERPARTID=   0|OWNERINDEX=  79|FONTID=2|LOCATION.X=400|LOCATION.Y=380|TEXT=Mechanical.SchDoc|
RECORD=41|LINENO=  82|OWNERPARTID=   0|OWNERINDEX= -42|FONTID=1|ISHIDDEN=T|NAME=SPICEModelCache|UNIQUEID=HGLOVYHR|
RECORD=15|LINENO=  83|OWNERPARTID=   0|OWNERINDEX= -42|AREACOLOR=8454016|ISSOLID=T|LOCATION.X=400|LOCATION.Y=470|SYMBOLTYPE=Normal|UNIQUEID=AMOYSEYW|XSIZE=170|YSIZE=60|
RECORD=16|LINENO=  84|OWNERPARTID=   0|OWNERINDEX=  83|AREACOLOR=8454143|ARROWKIND=Block & Triangle|DISTANCEFROMTOP=5|IOTYPE=2|NAME=R\E\S\E\T\|SIDE=1|TEXTCOLOR=128|TEXTFONTID=2|TEXTSTYLE=Full|UNIQUEID=WXKNJKBT|
RECORD=16|LINENO=  85|OWNERPARTID=   0|OWNERINDEX=  83|AREACOLOR=8454143|ARROWKIND=Block & Triangle|DISTANCEFROMTOP=1|IOTYPE=2|NAME=V_USB|TEXTCOLOR=128|TEXTFONTID=2|TEXTSTYLE=Full|UNIQUEID=VDQTYNCF|
RECORD=16|LINENO=  86|OWNERPARTID=   0|OWNERINDEX=  83|AREACOLOR=8454143|ARROWKIND=Block & Triangle|DISTANCEFROMTOP=1|IOTYPE=2|NAME=ADNS_C\S\|SIDE=1|TEXTCOLOR=128|TEXTFONTID=2|TEXTSTYLE=Full|UNIQUEID=LZQMDRBI|
RECORD=16|LINENO=  87|OWNERPARTID=   0|OWNERINDEX=  83|AREACOLOR=8454143|ARROWKIND=Block & Triangle|DISTANCEFROMTOP=2|IOTYPE=3|NAME=ADNS_SDIO|SIDE=1|TEXTCOLOR=128|TEXTFONTID=2|TEXTSTYLE=Full|UNIQUEID=VLNVVDZD|
RECORD=16|LINENO=  88|OWNERPARTID=   0|OWNERINDEX=  83|AREACOLOR=8454143|ARROWKIND=Block & Triangle|DISTANCEFROMTOP=3|IOTYPE=2|NAME=ADNS_SCLK|SIDE=1|TEXTCOLOR=128|TEXTFONTID=2|TEXTSTYLE=Full|UNIQUEID=TPIMCUAQ|
RECORD=32|LINENO=  89|OWNERPARTID=   0|OWNERINDEX=  83|FONTID=2|LOCATION.X=400|LOCATION.Y=480|TEXT=MOS|
RECORD=33|LINENO=  90|OWNERPARTID=   0|OWNERINDEX=  83|FONTID=2|LOCATION.X=400|LOCATION.Y=470|TEXT=MouseSensor.SchDoc|
RECORD=27|LINENO=  91|OWNERPARTID=   0|OWNERINDEX= -42|LINEWIDTH=1|LOCATIONCOUNT=4|UNIQUEID=WNSEIWHB|X1=400|X2=390|X3=390|X4=570|Y1=530|Y2=530|Y3=500|Y4=500|
RECORD=27|LINENO=  92|OWNERPARTID=   0|OWNERINDEX= -42|LINEWIDTH=1|LOCATIONCOUNT=3|UNIQUEID=SNLSPMNG|X1=390|X2=390|X3=400|Y1=500|Y2=460|Y3=460|
RECORD=29|LINENO=  93|OWNERPARTID=   0|OWNERINDEX= -42|LOCATION.X=390|LOCATION.Y=500|
