RECORD=-42|LINENO=   0|OWNERPARTID= -42|OWNERINDEX= -42|HEADER=Protel for Windows - Schematic Capture Binary File Version 5.0|MINORVERSION=2|UNIQUEID=IPFPSDNZ|WEIGHT=247|
RECORD=31|LINENO=   1|OWNERPARTID= -42|OWNERINDEX= -42|AREACOLOR=16777215|BORDERON=T|CUSTOMX=1000|CUSTOMY=800|DISPLAY_UNIT=0|FONTIDCOUNT=7|FONTNAME1=Times New Roman|FONTNAME2=Avenir LT 55 Roman|FONTNAME3=Avenir LT 65 Medium|FONTNAME4=Avenir LT 65 Medium|FONTNAME5=Avenir LT 55 Roman|FONTNAME6=Avenir LT 65 Medium|FONTNAME7=Avenir LT 65 Medium|HOTSPOTGRIDON=T|HOTSPOTGRIDSIZE=4|ISBOC=T|SHEETNUMBERSPACESIZE=12|SHEETSTYLE=10|SHOWTEMPLATEGRAPHICS=T|SIZE1=10|SIZE2=10|SIZE3=14|SIZE4=13|SIZE5=9|SIZE6=11|SIZE7=11|SNAPGRIDON=T|SNAPGRIDSIZE=10|SYSTEMFONT=2|TEMPLATEFILENAME=C:\Repos\Nomist\electrical\SupportFiles\AltiumTemplates\A.SchDot|UNDERLINE7=T|USEMBCS=T|VISIBLEGRIDON=T|VISIBLEGRIDSIZE=10|
RECORD=39|LINENO=   2|OWNERPARTID=   0|OWNERINDEX= -42|FILENAME=C:\Repos\Nomist\electrical\SupportFiles\AltiumTemplates\A.SchDot|
RECORD= 4|LINENO=   3|OWNERPARTID=   0|OWNERINDEX=   2|FONTID=5|LOCATION.X=893|LOCATION.Y=20|TEXT==sheetnumber|
RECORD= 4|LINENO=   4|OWNERPARTID=   0|OWNERINDEX=   2|FONTID=4|LOCATION.X=950|LOCATION.Y=53|TEXT=Ploopy Corporation|
RECORD= 4|LINENO=   5|OWNERPARTID=   0|OWNERINDEX=   2|FONTID=5|LOCATION.X=950|LOCATION.Y=33|TEXT=Mississauga ON L5C 0A3|
RECORD= 4|LINENO=   6|OWNERPARTID=   0|OWNERINDEX=   2|FONTID=5|LOCATION.X=920|LOCATION.Y=20|TEXT==sheettotal|
RECORD= 4|LINENO=   7|OWNERPARTID=   0|OWNERINDEX=   2|FONTID=3|LOCATION.X=688|LOCATION.Y=54|TEXT==DocumentName|
RECORD= 4|LINENO=   8|OWNERPARTID=   0|OWNERINDEX=   2|FONTID=5|LOCATION.X=904|LOCATION.Y=34|TEXT==revision|
RECORD= 4|LINENO=   9|OWNERPARTID=   0|OWNERINDEX=   2|FONTID=5|LOCATION.X=690|LOCATION.Y=20|TEXT==CurrentDate|
RECORD= 4|LINENO=  10|OWNERPARTID=   0|OWNERINDEX=   2|FONTID=5|LOCATION.X=765|LOCATION.Y=20|TEXT==CurrentTime|
RECORD= 6|LINENO=  11|OWNERPARTID=   0|OWNERINDEX=   2|LOCATIONCOUNT=3|X1=1080|X2=660|X3=660|Y1=70|Y2=70|Y3=20|
RECORD= 6|LINENO=  12|OWNERPARTID=   0|OWNERINDEX=   2|LOCATIONCOUNT=2|X1=660|X2=940|Y1=50|Y2=50|
RECORD= 6|LINENO=  13|OWNERPARTID=   0|OWNERINDEX=   2|LOCATIONCOUNT=2|X1=865|X2=865|Y1=50|Y2=20|
RECORD= 4|LINENO=  14|OWNERPARTID=   0|OWNERINDEX=   2|FONTID=5|LOCATION.X=665|LOCATION.Y=55|TEXT=Title:|
RECORD= 4|LINENO=  15|OWNERPARTID=   0|OWNERINDEX=   2|FONTID=5|LOCATION.X=665|LOCATION.Y=20|TEXT=Date:|
RECORD= 4|LINENO=  16|OWNERPARTID=   0|OWNERINDEX=   2|FONTID=5|LOCATION.X=870|LOCATION.Y=35|TEXT=Version:|
RECORD= 4|LINENO=  17|OWNERPARTID=   0|OWNERINDEX=   2|FONTID=5|LOCATION.X=870|LOCATION.Y=20|TEXT=Sheet|
RECORD= 4|LINENO=  18|OWNERPARTID=   0|OWNERINDEX=   2|FONTID=5|LOCATION.X=908|LOCATION.Y=20|TEXT=of|
RECORD= 6|LINENO=  19|OWNERPARTID=   0|OWNERINDEX=   2|LOCATIONCOUNT=2|X1=940|X2=940|Y1=70|Y2=20|
RECORD= 4|LINENO=  20|OWNERPARTID=   0|OWNERINDEX=   2|FONTID=5|LOCATION.X=740|LOCATION.Y=20|TEXT=Time:|
RECORD= 6|LINENO=  21|OWNERPARTID=   0|OWNERINDEX=   2|LOCATIONCOUNT=2|X1=660|X2=940|Y1=30|Y2=30|
RECORD= 4|LINENO=  22|OWNERPARTID=   0|OWNERINDEX=   2|FONTID=5|LOCATION.X=665|LOCATION.Y=35|TEXT=PCB:|
RECORD= 6|LINENO=  23|OWNERPARTID=   0|OWNERINDEX=   2|LOCATIONCOUNT=3|X1=660|X2=480|X3=480|Y1=70|Y2=70|Y3=20|
RECORD= 4|LINENO=  24|OWNERPARTID=   0|OWNERINDEX=   2|FONTID=4|LOCATION.X=688|LOCATION.Y=34|TEXT==ProjectName|
RECORD= 4|LINENO=  25|OWNERPARTID=   0|OWNERINDEX=   2|FONTID=6|LOCATION.X=490|LOCATION.Y=53|TEXT=Copyright Ploopy Corporation 2021|
RECORD= 4|LINENO=  26|OWNERPARTID=   0|OWNERINDEX=   2|FONTID=5|LOCATION.X=950|LOCATION.Y=43|TEXT=137-1140 Burnhamthorpe Road W|
RECORD= 4|LINENO=  27|OWNERPARTID=   0|OWNERINDEX=   2|FONTID=5|LOCATION.X=950|LOCATION.Y=23|TEXT=Canada|
RECORD= 4|LINENO=  28|OWNERPARTID=   0|OWNERINDEX=   2|FONTID=6|LOCATION.X=490|LOCATION.Y=40|TEXT=Licensed under the CERN OHL v. 1.2|
RECORD= 4|LINENO=  29|OWNERPARTID=   0|OWNERINDEX=   2|FONTID=7|LOCATION.X=490|LOCATION.Y=30|TEXT=http://ohwr.org/cernohl|URL=http://ohwr.org/cernohl|
RECORD= 1|LINENO=  30|OWNERPARTID=   0|OWNERINDEX= -42|ALLPINCOUNT=2|AREACOLOR=11599871|COMPONENTDESCRIPTION=0805, X5R or better|CURRENTPARTID=1|DESIGNITEMID=Cap 0.1uF 100V|DISPLAYMODECOUNT=1|LIBREFERENCE=Cap 0.1uF 100V|LOCATION.X=790|LOCATION.Y=430|NOTUSEDBTABLENAME=T|ORIENTATION=1|PARTCOUNT=2|PARTIDLOCKED=T|SOURCELIBRARYNAME=Chip_Passives.SchLib|TARGETFILENAME=*|UNIQUEID=TWPPBRIS|
RECORD=41|LINENO=  31|OWNERPARTID=   0|OWNERINDEX=  30|FONTID=2|LOCATION.X=809|LOCATION.Y=411|NAME=Value|TEXT=0.1uF 100V|UNIQUEID=XBGATTKL|
RECORD=41|LINENO=  32|OWNERPARTID=   0|OWNERINDEX=  30|FONTID=2|ISHIDDEN=T|LOCATION.X=778|LOCATION.Y=445|NAME=Supplier 1|TEXT=Digi-Key|UNIQUEID=SORYAKDZ|
RECORD=41|LINENO=  33|OWNERPARTID=   0|OWNERINDEX=  30|FONTID=2|ISHIDDEN=T|LOCATION.X=778|LOCATION.Y=445|NAME=Supplier Part Number 1|TEXT=1276-6840-2-ND|UNIQUEID=SFIBWWTR|
RECORD= 2|LINENO=  34|OWNERPARTID=   2|OWNERINDEX=  30|DESIGNATOR=2|ELECTRICAL=4|FORMALTYPE=1|LOCATION.X=800|LOCATION.Y=440|NAME=2|PINCONGLOMERATE=33|PINLENGTH=10|PINPROPAGATIONDELAY=0.000000E+000|UNIQUEID=LNLWYSXV|
RECORD=41|LINENO=  35|OWNERPARTID=   0|OWNERINDEX=  34|FONTID=1|ISHIDDEN=T|LOCATION.X=800|LOCATION.Y=440|NAME=PinUniqueId|TEXT=LNLWYSXV|UNIQUEID=EQJQCOJN|
RECORD= 2|LINENO=  36|OWNERPARTID=   2|OWNERINDEX=  30|DESIGNATOR=1|ELECTRICAL=4|FORMALTYPE=1|LOCATION.X=800|LOCATION.Y=430|NAME=1|PINCONGLOMERATE=35|PINLENGTH=10|PINPROPAGATIONDELAY=0.000000E+000|UNIQUEID=JGOEQFGO|
RECORD=41|LINENO=  37|OWNERPARTID=   0|OWNERINDEX=  36|FONTID=1|ISHIDDEN=T|LOCATION.X=800|LOCATION.Y=430|NAME=PinUniqueId|TEXT=JGOEQFGO|UNIQUEID=HNGKEHDM|
RECORD= 6|LINENO=  38|OWNERPARTID=   2|OWNERINDEX=  30|LINEWIDTH=1|LOCATIONCOUNT=2|X1=800|X2=800|Y1=440|Y2=437|
RECORD= 6|LINENO=  39|OWNERPARTID=   2|OWNERINDEX=  30|LINEWIDTH=1|LOCATIONCOUNT=2|X1=800|X2=800|Y1=430|Y2=433|
RECORD= 6|LINENO=  40|OWNERPARTID=   2|OWNERINDEX=  30|LINEWIDTH=1|LOCATIONCOUNT=2|X1=792|X2=808|Y1=433|Y2=433|
RECORD= 6|LINENO=  41|OWNERPARTID=   2|OWNERINDEX=  30|LINEWIDTH=1|LOCATIONCOUNT=2|X1=792|X2=808|Y1=437|Y2=437|
RECORD=34|LINENO=  42|OWNERPARTID=   0|OWNERINDEX=  30|FONTID=2|LOCATION.X=809|LOCATION.Y=431|NAME=Designator|TEXT=C11|UNIQUEID=WLGCSIKW|
RECORD=41|LINENO=  43|OWNERPARTID=   0|OWNERINDEX=  30|FONTID=2|LOCATION.X=809|LOCATION.Y=421|NAME=Comment|TEXT=0805|UNIQUEID=JGLHLPIQ|
RECORD=44|LINENO=  44|OWNERPARTID= -42|OWNERINDEX=  30|
RECORD=45|LINENO=  45|OWNERPARTID= -42|OWNERINDEX=  44|DATAFILECOUNT=1|DESCRIPTION=Same as 0805 footprint, but solder mask is adjusted to leave more paste behind for tall (>0.9mm) components like big caps, which tend to be solder-starved on the regular footprint.|ISCURRENT=T|MODELDATAFILEENTITY0=0805 - TALL|MODELDATAFILEKIND0=PCBLib|MODELNAME=0805 - TALL|MODELTYPE=PCBLIB|UNIQUEID=YELDTBOG|
RECORD=46|LINENO=  46|OWNERPARTID= -42|OWNERINDEX=  45|
RECORD=48|LINENO=  47|OWNERPARTID= -42|OWNERINDEX=  45|
RECORD=45|LINENO=  48|OWNERPARTID= -42|OWNERINDEX=  44|DATAFILECOUNT=1|DESCRIPTION=Same as 0805 footprint, but solder mask is adjusted to leave more paste behind for tall (>0.9mm) components like big caps, which tend to be solder-starved on the regular footprint.|MODELDATAFILEENTITY0=0805 - TALL|MODELDATAFILEKIND0=PCBLib|MODELNAME=0805 - TALL|MODELTYPE=PCBLIB|UNIQUEID=HHKHCOJV|
RECORD=46|LINENO=  49|OWNERPARTID= -42|OWNERINDEX=  48|
RECORD=48|LINENO=  50|OWNERPARTID= -42|OWNERINDEX=  48|
RECORD= 1|LINENO=  51|OWNERPARTID=   0|OWNERINDEX= -42|ALLPINCOUNT=2|AREACOLOR=11599871|COMPONENTDESCRIPTION=0805, X5R or better|CURRENTPARTID=1|DESIGNITEMID=Cap 10uF 25V|DISPLAYMODECOUNT=1|LIBRARYPATH=*|LIBREFERENCE=Cap 10uF 25V|LOCATION.X=730|LOCATION.Y=430|NOTUSEDBTABLENAME=T|ORIENTATION=1|PARTCOUNT=2|PARTIDLOCKED=T|SOURCELIBRARYNAME=Chip_Passives.SchLib|TARGETFILENAME=*|UNIQUEID=VJPNHDND|
RECORD=41|LINENO=  52|OWNERPARTID=   0|OWNERINDEX=  51|FONTID=2|ISHIDDEN=T|LOCATION.X=731|LOCATION.Y=452|NAME=Supplier 1|TEXT=Mouser|UNIQUEID=WOLERUWP|
RECORD=41|LINENO=  53|OWNERPARTID=   0|OWNERINDEX=  51|FONTID=2|ISHIDDEN=T|LOCATION.X=731|LOCATION.Y=452|NAME=Supplier Part Number 1|TEXT=81-GRM21BR61E106KA3L|UNIQUEID=XPXUWBRS|
RECORD=41|LINENO=  54|OWNERPARTID=   0|OWNERINDEX=  51|FONTID=2|ISHIDDEN=T|LOCATION.X=731|LOCATION.Y=452|NAME=Supplier 2|TEXT=Digi-Key|UNIQUEID=ULVLJXRS|
RECORD=41|LINENO=  55|OWNERPARTID=   0|OWNERINDEX=  51|FONTID=2|ISHIDDEN=T|LOCATION.X=731|LOCATION.Y=452|NAME=Supplier Part Number 2|TEXT=490-5523-1-ND|UNIQUEID=QVKGLEAX|
RECORD=41|LINENO=  56|OWNERPARTID=   0|OWNERINDEX=  51|FONTID=2|LOCATION.X=749|LOCATION.Y=411|NAME=Value|TEXT=10uF 25V|UNIQUEID=VQSLWQXC|
RECORD= 2|LINENO=  57|OWNERPARTID=   2|OWNERINDEX=  51|DESIGNATOR=2|ELECTRICAL=4|FORMALTYPE=1|LOCATION.X=740|LOCATION.Y=440|NAME=2|PINCONGLOMERATE=33|PINLENGTH=10|PINPROPAGATIONDELAY=0.000000E+000|UNIQUEID=LCDODWET|
RECORD=41|LINENO=  58|OWNERPARTID=   0|OWNERINDEX=  57|FONTID=1|ISHIDDEN=T|LOCATION.X=740|LOCATION.Y=440|NAME=PinUniqueId|TEXT=LCDODWET|UNIQUEID=FIKXCDNK|
RECORD= 2|LINENO=  59|OWNERPARTID=   2|OWNERINDEX=  51|DESIGNATOR=1|ELECTRICAL=4|FORMALTYPE=1|LOCATION.X=740|LOCATION.Y=430|NAME=1|PINCONGLOMERATE=35|PINLENGTH=10|PINPROPAGATIONDELAY=0.000000E+000|UNIQUEID=IDVOWUUY|
RECORD=41|LINENO=  60|OWNERPARTID=   0|OWNERINDEX=  59|FONTID=1|ISHIDDEN=T|LOCATION.X=740|LOCATION.Y=430|NAME=PinUniqueId|TEXT=IDVOWUUY|UNIQUEID=ZYMEELGT|
RECORD= 6|LINENO=  61|OWNERPARTID=   2|OWNERINDEX=  51|LINEWIDTH=1|LOCATIONCOUNT=2|X1=740|X2=740|Y1=440|Y2=437|
RECORD= 6|LINENO=  62|OWNERPARTID=   2|OWNERINDEX=  51|LINEWIDTH=1|LOCATIONCOUNT=2|X1=740|X2=740|Y1=430|Y2=433|
RECORD= 6|LINENO=  63|OWNERPARTID=   2|OWNERINDEX=  51|LINEWIDTH=1|LOCATIONCOUNT=2|X1=732|X2=748|Y1=433|Y2=433|
RECORD= 6|LINENO=  64|OWNERPARTID=   2|OWNERINDEX=  51|LINEWIDTH=1|LOCATIONCOUNT=2|X1=732|X2=748|Y1=437|Y2=437|
RECORD=34|LINENO=  65|OWNERPARTID=   0|OWNERINDEX=  51|FONTID=2|LOCATION.X=749|LOCATION.Y=431|NAME=Designator|TEXT=C10|UNIQUEID=NSAHUDOT|
RECORD=41|LINENO=  66|OWNERPARTID=   0|OWNERINDEX=  51|FONTID=2|LOCATION.X=749|LOCATION.Y=421|NAME=Comment|TEXT=0805|UNIQUEID=QQYIJMAA|
RECORD=44|LINENO=  67|OWNERPARTID= -42|OWNERINDEX=  51|
RECORD=45|LINENO=  68|OWNERPARTID= -42|OWNERINDEX=  67|DATAFILECOUNT=1|DESCRIPTION=Same as 0805 footprint, but solder mask is adjusted to leave more paste behind for tall (>0.9mm) components like big caps, which tend to be solder-starved on the regular footprint.|ISCURRENT=T|MODELDATAFILEENTITY0=0805 - TALL|MODELDATAFILEKIND0=PCBLib|MODELNAME=0805 - TALL|MODELTYPE=PCBLIB|UNIQUEID=WTTEURHM|
RECORD=46|LINENO=  69|OWNERPARTID= -42|OWNERINDEX=  68|
RECORD=48|LINENO=  70|OWNERPARTID= -42|OWNERINDEX=  68|
RECORD=45|LINENO=  71|OWNERPARTID= -42|OWNERINDEX=  67|DATAFILECOUNT=1|DESCRIPTION=Same as 0805 footprint, but solder mask is adjusted to leave more paste behind for tall (>0.9mm) components like big caps, which tend to be solder-starved on the regular footprint.|MODELDATAFILEENTITY0=0805 - TALL|MODELDATAFILEKIND0=PCBLib|MODELNAME=0805 - TALL|MODELTYPE=PCBLIB|UNIQUEID=SJWACSTE|
RECORD=46|LINENO=  72|OWNERPARTID= -42|OWNERINDEX=  71|
RECORD=48|LINENO=  73|OWNERPARTID= -42|OWNERINDEX=  71|
RECORD=17|LINENO=  74|OWNERPARTID=   0|OWNERINDEX= -42|FONTID=2|LOCATION.X=740|LOCATION.Y=420|ORIENTATION=3|SHOWNETNAME=T|STYLE=4|TEXT=GND|UNIQUEID=CUDDVYMZ|
RECORD=17|LINENO=  75|OWNERPARTID=   0|OWNERINDEX= -42|FONTID=2|LOCATION.X=800|LOCATION.Y=420|ORIENTATION=3|SHOWNETNAME=T|STYLE=4|TEXT=GND|UNIQUEID=CXTVBAJT|
RECORD= 1|LINENO=  76|OWNERPARTID=   0|OWNERINDEX= -42|ALLPINCOUNT=2|AREACOLOR=11599871|COMPONENTDESCRIPTION=Chip resistor|CURRENTPARTID=1|DESIGNITEMID=Res 22R 1% 0805|DISPLAYMODECOUNT=1|LIBRARYPATH=*|LIBREFERENCE=Res 22R 1% 0805|LOCATION.X=280|LOCATION.Y=480|ORIENTATION=1|PARTCOUNT=2|PARTIDLOCKED=T|SOURCELIBRARYNAME=Chip_Passives.SchLib|TARGETFILENAME=*|UNIQUEID=ICNLIYTT|
RECORD=41|LINENO=  77|OWNERPARTID=   0|OWNERINDEX=  76|FONTID=2|ISHIDDEN=T|LOCATION.X=287|LOCATION.Y=512|NAME=Supplier 1|TEXT=Digi-Key|UNIQUEID=RRJSONJF|
RECORD=41|LINENO=  78|OWNERPARTID=   0|OWNERINDEX=  76|FONTID=2|ISHIDDEN=T|LOCATION.X=287|LOCATION.Y=512|NAME=Supplier 2|TEXT=Arrow|UNIQUEID=JTQMUMPH|
RECORD=41|LINENO=  79|OWNERPARTID=   0|OWNERINDEX=  76|FONTID=2|ISHIDDEN=T|LOCATION.X=287|LOCATION.Y=512|NAME=Supplier Part Number 1|TEXT=RMCF0805FT22R0CT-ND|UNIQUEID=UTGULAQW|
RECORD=41|LINENO=  80|OWNERPARTID=   0|OWNERINDEX=  76|FONTID=2|ISHIDDEN=T|LOCATION.X=287|LOCATION.Y=512|NAME=Supplier Part Number 2|TEXT=RMCF0805FT22R0|UNIQUEID=XHOQYOFZ|
RECORD= 2|LINENO=  81|OWNERPARTID=   2|OWNERINDEX=  76|%UTF8%SWAPIDPART=Â¦&Â¦|DESIGNATOR=1|ELECTRICAL=4|FORMALTYPE=1|LOCATION.X=290|LOCATION.Y=480|NAME=1|PINCONGLOMERATE=35|PINLENGTH=10|PINPROPAGATIONDELAY=0.000000E+000|SWAPIDPART=Ž&Ž|UNIQUEID=ABOFXDZZ|
RECORD=41|LINENO=  82|OWNERPARTID=   0|OWNERINDEX=  81|FONTID=1|ISHIDDEN=T|LOCATION.X=290|LOCATION.Y=480|NAME=PinUniqueId|TEXT=ABOFXDZZ|UNIQUEID=SLSYUSCO|
RECORD= 2|LINENO=  83|OWNERPARTID=   2|OWNERINDEX=  76|%UTF8%SWAPIDPART=Â¦&Â¦|DESIGNATOR=2|ELECTRICAL=4|FORMALTYPE=1|LOCATION.X=290|LOCATION.Y=500|NAME=2|PINCONGLOMERATE=33|PINLENGTH=10|PINPROPAGATIONDELAY=0.000000E+000|SWAPIDPART=Ž&Ž|UNIQUEID=GXDQPBXE|
RECORD=41|LINENO=  84|OWNERPARTID=   0|OWNERINDEX=  83|FONTID=1|ISHIDDEN=T|LOCATION.X=290|LOCATION.Y=500|NAME=PinUniqueId|TEXT=GXDQPBXE|UNIQUEID=NZWQOIJS|
RECORD= 6|LINENO=  85|OWNERPARTID=   2|OWNERINDEX=  76|LINEWIDTH=1|LOCATIONCOUNT=8|X1=290|X2=288|X3=292|X4=288|X5=292|X6=288|X7=292|X8=290|Y1=484|Y2=485|Y3=487|Y4=489|Y5=491|Y6=493|Y7=495|Y8=496|
RECORD= 6|LINENO=  86|OWNERPARTID=   2|OWNERINDEX=  76|LINEWIDTH=1|LOCATIONCOUNT=2|X1=290|X2=290|Y1=480|Y2=484|
RECORD= 6|LINENO=  87|OWNERPARTID=   2|OWNERINDEX=  76|LINEWIDTH=1|LOCATIONCOUNT=2|X1=290|X2=290|Y1=496|Y2=500|
RECORD=41|LINENO=  88|OWNERPARTID=   0|OWNERINDEX=  76|FONTID=2|LOCATION.X=293|LOCATION.Y=471|NAME=Value|TEXT=22R 1%|UNIQUEID=IDBSHJIR|
RECORD=34|LINENO=  89|OWNERPARTID=   0|OWNERINDEX=  76|FONTID=2|LOCATION.X=293|LOCATION.Y=491|NAME=Designator|TEXT=R4|UNIQUEID=NRMTXKKQ|
RECORD=41|LINENO=  90|OWNERPARTID=   0|OWNERINDEX=  76|FONTID=2|LOCATION.X=293|LOCATION.Y=481|NAME=Comment|TEXT=0805|UNIQUEID=THOOWAGW|
RECORD=44|LINENO=  91|OWNERPARTID= -42|OWNERINDEX=  76|
RECORD=45|LINENO=  92|OWNERPARTID= -42|OWNERINDEX=  91|DATAFILECOUNT=1|DESCRIPTION=Chip Capacitor, 2-Leads, Body 2.0x1.3mm, IPC Medium Density|ISCURRENT=T|MODELDATAFILEENTITY0=0805|MODELDATAFILEKIND0=PCBLib|MODELNAME=0805|MODELTYPE=PCBLIB|UNIQUEID=AMUHZTHV|
RECORD=46|LINENO=  93|OWNERPARTID= -42|OWNERINDEX=  92|
RECORD=48|LINENO=  94|OWNERPARTID= -42|OWNERINDEX=  92|
RECORD= 1|LINENO=  95|OWNERPARTID=   0|OWNERINDEX= -42|ALLPINCOUNT=2|AREACOLOR=11599871|COMPONENTDESCRIPTION=Chip resistor|CURRENTPARTID=1|DESIGNITEMID=Res 22R 1% 0805|DISPLAYMODECOUNT=1|LIBRARYPATH=*|LIBREFERENCE=Res 22R 1% 0805|LOCATION.X=280|LOCATION.Y=520|ORIENTATION=1|PARTCOUNT=2|PARTIDLOCKED=T|SOURCELIBRARYNAME=Chip_Passives.SchLib|TARGETFILENAME=*|UNIQUEID=JJIVMNRR|
RECORD=41|LINENO=  96|OWNERPARTID=   0|OWNERINDEX=  95|FONTID=2|ISHIDDEN=T|LOCATION.X=287|LOCATION.Y=552|NAME=Supplier 1|TEXT=Digi-Key|UNIQUEID=YXEQTFIB|
RECORD=41|LINENO=  97|OWNERPARTID=   0|OWNERINDEX=  95|FONTID=2|ISHIDDEN=T|LOCATION.X=287|LOCATION.Y=552|NAME=Supplier 2|TEXT=Arrow|UNIQUEID=NOCJEYHT|
RECORD=41|LINENO=  98|OWNERPARTID=   0|OWNERINDEX=  95|FONTID=2|ISHIDDEN=T|LOCATION.X=287|LOCATION.Y=552|NAME=Supplier Part Number 1|TEXT=RMCF0805FT22R0CT-ND|UNIQUEID=SPPZUWIX|
RECORD=41|LINENO=  99|OWNERPARTID=   0|OWNERINDEX=  95|FONTID=2|ISHIDDEN=T|LOCATION.X=287|LOCATION.Y=552|NAME=Supplier Part Number 2|TEXT=RMCF0805FT22R0|UNIQUEID=NUWMRHGL|
RECORD= 2|LINENO= 100|OWNERPARTID=   2|OWNERINDEX=  95|%UTF8%SWAPIDPART=Â¦&Â¦|DESIGNATOR=1|ELECTRICAL=4|FORMALTYPE=1|LOCATION.X=290|LOCATION.Y=520|NAME=1|PINCONGLOMERATE=35|PINLENGTH=10|PINPROPAGATIONDELAY=0.000000E+000|SWAPIDPART=Ž&Ž|UNIQUEID=MZESDYKH|
RECORD=41|LINENO= 101|OWNERPARTID=   0|OWNERINDEX= 100|FONTID=1|ISHIDDEN=T|LOCATION.X=290|LOCATION.Y=520|NAME=PinUniqueId|TEXT=MZESDYKH|UNIQUEID=QCWDFUFA|
RECORD= 2|LINENO= 102|OWNERPARTID=   2|OWNERINDEX=  95|%UTF8%SWAPIDPART=Â¦&Â¦|DESIGNATOR=2|ELECTRICAL=4|FORMALTYPE=1|LOCATION.X=290|LOCATION.Y=540|NAME=2|PINCONGLOMERATE=33|PINLENGTH=10|PINPROPAGATIONDELAY=0.000000E+000|SWAPIDPART=Ž&Ž|UNIQUEID=MFLVQWUD|
RECORD=41|LINENO= 103|OWNERPARTID=   0|OWNERINDEX= 102|FONTID=1|ISHIDDEN=T|LOCATION.X=290|LOCATION.Y=540|NAME=PinUniqueId|TEXT=MFLVQWUD|UNIQUEID=DYRDBEIW|
RECORD= 6|LINENO= 104|OWNERPARTID=   2|OWNERINDEX=  95|LINEWIDTH=1|LOCATIONCOUNT=8|X1=290|X2=288|X3=292|X4=288|X5=292|X6=288|X7=292|X8=290|Y1=524|Y2=525|Y3=527|Y4=529|Y5=531|Y6=533|Y7=535|Y8=536|
RECORD= 6|LINENO= 105|OWNERPARTID=   2|OWNERINDEX=  95|LINEWIDTH=1|LOCATIONCOUNT=2|X1=290|X2=290|Y1=520|Y2=524|
RECORD= 6|LINENO= 106|OWNERPARTID=   2|OWNERINDEX=  95|LINEWIDTH=1|LOCATIONCOUNT=2|X1=290|X2=290|Y1=536|Y2=540|
RECORD=41|LINENO= 107|OWNERPARTID=   0|OWNERINDEX=  95|FONTID=2|LOCATION.X=293|LOCATION.Y=511|NAME=Value|TEXT=22R 1%|UNIQUEID=RFWNNFCC|
RECORD=34|LINENO= 108|OWNERPARTID=   0|OWNERINDEX=  95|FONTID=2|LOCATION.X=293|LOCATION.Y=531|NAME=Designator|TEXT=R3|UNIQUEID=IQWFUOQU|
RECORD=41|LINENO= 109|OWNERPARTID=   0|OWNERINDEX=  95|FONTID=2|LOCATION.X=293|LOCATION.Y=521|NAME=Comment|TEXT=0805|UNIQUEID=EIMOKNGR|
RECORD=44|LINENO= 110|OWNERPARTID= -42|OWNERINDEX=  95|
RECORD=45|LINENO= 111|OWNERPARTID= -42|OWNERINDEX= 110|DATAFILECOUNT=1|DESCRIPTION=Chip Capacitor, 2-Leads, Body 2.0x1.3mm, IPC Medium Density|ISCURRENT=T|MODELDATAFILEENTITY0=0805|MODELDATAFILEKIND0=PCBLib|MODELNAME=0805|MODELTYPE=PCBLIB|UNIQUEID=OGCYIWJG|
RECORD=46|LINENO= 112|OWNERPARTID= -42|OWNERINDEX= 111|
RECORD=48|LINENO= 113|OWNERPARTID= -42|OWNERINDEX= 111|
RECORD=41|LINENO= 114|OWNERPARTID=   0|OWNERINDEX= -42|FONTID=2|ISHIDDEN=T|NAME=ConfigurationParameters|UNIQUEID=USNLLYIA|
RECORD=41|LINENO= 115|OWNERPARTID=   0|OWNERINDEX= -42|FONTID=2|ISHIDDEN=T|NAME=ConfiguratorName|UNIQUEID=QLRJKCAB|
RECORD=41|LINENO= 116|OWNERPARTID=   0|OWNERINDEX= -42|FONTID=2|ISHIDDEN=T|NAME=VersionControl_RevNumber|UNIQUEID=RLUHLSXR|
RECORD=41|LINENO= 117|OWNERPARTID=   0|OWNERINDEX= -42|FONTID=2|ISHIDDEN=T|NAME=IsUserConfigurable|UNIQUEID=YFGKCBEC|
RECORD=41|LINENO= 118|OWNERPARTID=   0|OWNERINDEX= -42|FONTID=2|ISHIDDEN=T|NAME=VersionControl_ProjFolderRevNumber|UNIQUEID=BGIXRNAQ|
RECORD=41|LINENO= 119|OWNERPARTID=   0|OWNERINDEX= -42|FONTID=1|ISHIDDEN=T|NAME=CurrentTime|TEXT=*|UNIQUEID=VGQSHTQR|
RECORD=41|LINENO= 120|OWNERPARTID=   0|OWNERINDEX= -42|FONTID=1|ISHIDDEN=T|NAME=CurrentDate|TEXT=*|UNIQUEID=LVKEFWPL|
RECORD=41|LINENO= 121|OWNERPARTID=   0|OWNERINDEX= -42|FONTID=1|ISHIDDEN=T|NAME=Time|TEXT=*|UNIQUEID=HRNXBHKV|
RECORD=41|LINENO= 122|OWNERPARTID=   0|OWNERINDEX= -42|FONTID=1|ISHIDDEN=T|NAME=Date|TEXT=*|UNIQUEID=SFAWIKFK|
RECORD=41|LINENO= 123|OWNERPARTID=   0|OWNERINDEX= -42|FONTID=1|ISHIDDEN=T|NAME=DocumentFullPathAndName|TEXT=*|UNIQUEID=OMDJBWPO|
RECORD=41|LINENO= 124|OWNERPARTID=   0|OWNERINDEX= -42|FONTID=1|ISHIDDEN=T|NAME=DocumentName|TEXT=*|UNIQUEID=BVQSIRLW|
RECORD=41|LINENO= 125|OWNERPARTID=   0|OWNERINDEX= -42|FONTID=1|ISHIDDEN=T|NAME=ModifiedDate|TEXT=*|UNIQUEID=WVWTQWPH|
RECORD=41|LINENO= 126|OWNERPARTID=   0|OWNERINDEX= -42|FONTID=1|ISHIDDEN=T|NAME=ApprovedBy|TEXT=*|UNIQUEID=EIKNJUEN|
RECORD=41|LINENO= 127|OWNERPARTID=   0|OWNERINDEX= -42|FONTID=1|ISHIDDEN=T|NAME=CheckedBy|TEXT=*|UNIQUEID=UMRPJDAQ|
RECORD=41|LINENO= 128|OWNERPARTID=   0|OWNERINDEX= -42|FONTID=1|ISHIDDEN=T|NAME=Author|UNIQUEID=CBQGFDVG|
RECORD=41|LINENO= 129|OWNERPARTID=   0|OWNERINDEX= -42|FONTID=1|ISHIDDEN=T|NAME=CompanyName|TEXT=Ploopy Corporation|UNIQUEID=VJUUMRXK|
RECORD=41|LINENO= 130|OWNERPARTID=   0|OWNERINDEX= -42|FONTID=1|ISHIDDEN=T|NAME=DrawnBy|TEXT=*|UNIQUEID=OTKVQVCA|
RECORD=41|LINENO= 131|OWNERPARTID=   0|OWNERINDEX= -42|FONTID=1|ISHIDDEN=T|NAME=Engineer|TEXT=*|UNIQUEID=GWHUWYAO|
RECORD=41|LINENO= 132|OWNERPARTID=   0|OWNERINDEX= -42|FONTID=1|ISHIDDEN=T|NAME=Organization|TEXT=Ploopy Corporation|UNIQUEID=AYOHLKSX|
RECORD=41|LINENO= 133|OWNERPARTID=   0|OWNERINDEX= -42|FONTID=1|ISHIDDEN=T|NAME=Address1|TEXT=137-1140 Burnhamthorpe Road W|UNIQUEID=RMCOMOSC|
RECORD=41|LINENO= 134|OWNERPARTID=   0|OWNERINDEX= -42|FONTID=1|ISHIDDEN=T|NAME=Address2|TEXT=Mississauga|UNIQUEID=AJWKUWYC|
RECORD=41|LINENO= 135|OWNERPARTID=   0|OWNERINDEX= -42|FONTID=1|ISHIDDEN=T|NAME=Address3|TEXT=Ontario|UNIQUEID=VXEJGGPW|
RECORD=41|LINENO= 136|OWNERPARTID=   0|OWNERINDEX= -42|FONTID=1|ISHIDDEN=T|NAME=Address4|TEXT=Canada L5C 0A3|UNIQUEID=BGJWFPPM|
RECORD=41|LINENO= 137|OWNERPARTID=   0|OWNERINDEX= -42|FONTID=1|ISHIDDEN=T|NAME=Title|TEXT=*|UNIQUEID=HYUTPTGW|
RECORD=41|LINENO= 138|OWNERPARTID=   0|OWNERINDEX= -42|FONTID=1|ISHIDDEN=T|NAME=DocumentNumber|TEXT=5|UNIQUEID=JAIFAHFE|
RECORD=41|LINENO= 139|OWNERPARTID=   0|OWNERINDEX= -42|FONTID=1|ISHIDDEN=T|NAME=Revision|TEXT=R1.001|UNIQUEID=XNRPGDSU|
RECORD=41|LINENO= 140|OWNERPARTID=   0|OWNERINDEX= -42|FONTID=1|ISHIDDEN=T|NAME=SheetNumber|TEXT=5|UNIQUEID=IPRPETIV|
RECORD=41|LINENO= 141|OWNERPARTID=   0|OWNERINDEX= -42|FONTID=1|ISHIDDEN=T|NAME=SheetTotal|TEXT=5|UNIQUEID=WIFYVAQF|
RECORD=41|LINENO= 142|OWNERPARTID=   0|OWNERINDEX= -42|FONTID=1|ISHIDDEN=T|NAME=ImagePath|TEXT=*|UNIQUEID=MUYWIVXH|
RECORD=41|LINENO= 143|OWNERPARTID=   0|OWNERINDEX= -42|FONTID=1|ISHIDDEN=T|NAME=Rule|TEXT=*|UNIQUEID=DYJVEULM|
RECORD=41|LINENO= 144|OWNERPARTID=   0|OWNERINDEX= -42|FONTID=1|ISHIDDEN=T|NAME=ProjectName|TEXT=*|UNIQUEID=LUAWAGRB|
RECORD=41|LINENO= 145|OWNERPARTID=   0|OWNERINDEX= -42|FONTID=1|ISHIDDEN=T|NAME=Application_BuildNumber|TEXT=*|UNIQUEID=DGMYSHII|
RECORD= 1|LINENO= 146|OWNERPARTID=   0|OWNERINDEX= -42|ALLPINCOUNT=8|AREACOLOR=11599871|COMPONENTDESCRIPTION=Optical Mouse Navigation Sensor|CURRENTPARTID=1|DESIGNITEMID=ADNS-5050|DISPLAYMODECOUNT=1|LIBRARYPATH=*|LIBREFERENCE=ADNS-5050|LOCATION.X=480|LOCATION.Y=510|PARTCOUNT=2|PARTIDLOCKED=F|SOURCELIBRARYNAME=OptoElectronics.SchLib|TARGETFILENAME=*|UNIQUEID=JFRXVMHZ|
RECORD=14|LINENO= 147|OWNERPARTID=   2|OWNERINDEX= 146|AREACOLOR=11599871|CORNER.X=550|CORNER.Y=460|ISSOLID=T|LOCATION.X=440|LOCATION.Y=340|
RECORD= 2|LINENO= 148|OWNERPARTID=   2|OWNERINDEX= 146|DESIGNATOR=1|ELECTRICAL=1|FORMALTYPE=1|LOCATION.X=440|LOCATION.Y=400|NAME=SDIO|PINCONGLOMERATE=58|PINLENGTH=30|PINPROPAGATIONDELAY=0.000000E+000|UNIQUEID=FJZOPARG|
RECORD=41|LINENO= 149|OWNERPARTID=   0|OWNERINDEX= 148|FONTID=1|ISHIDDEN=T|LOCATION.X=440|LOCATION.Y=400|NAME=PinUniqueId|TEXT=FJZOPARG|UNIQUEID=HMSTOESN|
RECORD= 2|LINENO= 150|OWNERPARTID=   2|OWNERINDEX= 146|DESIGNATOR=2|ELECTRICAL=3|FORMALTYPE=1|LOCATION.X=440|LOCATION.Y=450|NAME=XY_LED|PINCONGLOMERATE=58|PINLENGTH=30|PINPROPAGATIONDELAY=0.000000E+000|UNIQUEID=VQLOZZDP|
RECORD=41|LINENO= 151|OWNERPARTID=   0|OWNERINDEX= 150|FONTID=1|ISHIDDEN=T|LOCATION.X=440|LOCATION.Y=450|NAME=PinUniqueId|TEXT=VQLOZZDP|UNIQUEID=GWJCGWVQ|
RECORD= 2|LINENO= 152|OWNERPARTID=   2|OWNERINDEX= 146|DESIGNATOR=3|FORMALTYPE=1|LOCATION.X=440|LOCATION.Y=350|NAME=\R\E\S\E\T\|PINCONGLOMERATE=58|PINLENGTH=30|PINPROPAGATIONDELAY=0.000000E+000|UNIQUEID=IDUUNAPT|
RECORD=41|LINENO= 153|OWNERPARTID=   0|OWNERINDEX= 152|FONTID=1|ISHIDDEN=T|LOCATION.X=440|LOCATION.Y=350|NAME=PinUniqueId|TEXT=IDUUNAPT|UNIQUEID=OUNBPCOX|
RECORD= 2|LINENO= 154|OWNERPARTID=   2|OWNERINDEX= 146|DESIGNATOR=4|FORMALTYPE=1|LOCATION.X=440|LOCATION.Y=360|NAME=\C\S\|PINCONGLOMERATE=58|PINLENGTH=30|PINPROPAGATIONDELAY=0.000000E+000|UNIQUEID=OEHRLSLD|
RECORD=41|LINENO= 155|OWNERPARTID=   0|OWNERINDEX= 154|FONTID=1|ISHIDDEN=T|LOCATION.X=440|LOCATION.Y=360|NAME=PinUniqueId|TEXT=OEHRLSLD|UNIQUEID=GRVVBYMI|
RECORD= 2|LINENO= 156|OWNERPARTID=   2|OWNERINDEX= 146|DESIGNATOR=5|ELECTRICAL=7|FORMALTYPE=1|LOCATION.X=550|LOCATION.Y=450|NAME=VDD5|PINCONGLOMERATE=56|PINLENGTH=30|PINPROPAGATIONDELAY=0.000000E+000|UNIQUEID=HJYPOBQV|
RECORD=41|LINENO= 157|OWNERPARTID=   0|OWNERINDEX= 156|FONTID=1|ISHIDDEN=T|LOCATION.X=550|LOCATION.Y=450|NAME=PinUniqueId|TEXT=HJYPOBQV|UNIQUEID=QAIBQQDL|
RECORD= 2|LINENO= 158|OWNERPARTID=   2|OWNERINDEX= 146|DESIGNATOR=6|ELECTRICAL=4|FORMALTYPE=1|LOCATION.X=550|LOCATION.Y=350|NAME=GND|PINCONGLOMERATE=56|PINLENGTH=30|PINPROPAGATIONDELAY=0.000000E+000|UNIQUEID=HPSVCPCK|
RECORD=41|LINENO= 159|OWNERPARTID=   0|OWNERINDEX= 158|FONTID=1|ISHIDDEN=T|LOCATION.X=550|LOCATION.Y=350|NAME=PinUniqueId|TEXT=HPSVCPCK|UNIQUEID=KIXIKCUG|
RECORD= 2|LINENO= 160|OWNERPARTID=   2|OWNERINDEX= 146|DESIGNATOR=7|ELECTRICAL=7|FORMALTYPE=1|LOCATION.X=550|LOCATION.Y=410|NAME=REGO|PINCONGLOMERATE=56|PINLENGTH=30|PINPROPAGATIONDELAY=0.000000E+000|UNIQUEID=BCPRRNMF|
RECORD=41|LINENO= 161|OWNERPARTID=   0|OWNERINDEX= 160|FONTID=1|ISHIDDEN=T|LOCATION.X=550|LOCATION.Y=410|NAME=PinUniqueId|TEXT=BCPRRNMF|UNIQUEID=CAOGRHHE|
RECORD= 2|LINENO= 162|OWNERPARTID=   2|OWNERINDEX= 146|DESIGNATOR=8|FORMALTYPE=1|LOCATION.X=440|LOCATION.Y=380|NAME=SCLK|PINCONGLOMERATE=58|PINLENGTH=30|PINPROPAGATIONDELAY=0.000000E+000|UNIQUEID=TFALSAVD|
RECORD=41|LINENO= 163|OWNERPARTID=   0|OWNERINDEX= 162|FONTID=1|ISHIDDEN=T|LOCATION.X=440|LOCATION.Y=380|NAME=PinUniqueId|TEXT=TFALSAVD|UNIQUEID=YUNXJWLH|
RECORD=34|LINENO= 164|OWNERPARTID=   0|OWNERINDEX= 146|FONTID=2|LOCATION.X=440|LOCATION.Y=460|NAME=Designator|TEXT=U2|UNIQUEID=MZMYHURZ|
RECORD=41|LINENO= 165|OWNERPARTID=   0|OWNERINDEX= 146|FONTID=2|LOCATION.X=440|LOCATION.Y=330|NAME=Comment|TEXT=ADNS-5050|UNIQUEID=CXPICTLT|
RECORD=44|LINENO= 166|OWNERPARTID= -42|OWNERINDEX= 146|
RECORD=45|LINENO= 167|OWNERPARTID= -42|OWNERINDEX= 166|DATAFILECOUNT=1|ISCURRENT=T|MODELDATAFILEENTITY0=ADNS-5050|MODELDATAFILEKIND0=PCBLib|MODELNAME=ADNS-5050|MODELTYPE=PCBLIB|UNIQUEID=EIGQANAG|
RECORD=46|LINENO= 168|OWNERPARTID= -42|OWNERINDEX= 167|
RECORD=48|LINENO= 169|OWNERPARTID= -42|OWNERINDEX= 167|
RECORD=18|LINENO= 170|OWNERPARTID=   0|OWNERINDEX= -42|ALIGNMENT=1|AREACOLOR=8454143|FONTID=2|HEIGHT=10|IOTYPE=2|LOCATION.X=830|LOCATION.Y=450|NAME=V_USB|TEXTCOLOR=128|UNIQUEID=MXWCVORZ|WIDTH=60|
RECORD= 1|LINENO= 171|OWNERPARTID=   0|OWNERINDEX= -42|ALLPINCOUNT=2|AREACOLOR=11599871|COMPONENTDESCRIPTION=Red/Orange/Yellow Side-facing SMT LEDs, high brightness (~2lm)|CURRENTPARTID=1|DESIGNITEMID=SIDELED-A67F|DISPLAYMODECOUNT=1|LIBRARYPATH=*|LIBREFERENCE=SIDELED-A67F|LOCATION.X=370|LOCATION.Y=530|ORIENTATION=1|PARTCOUNT=2|PARTIDLOCKED=T|SOURCELIBRARYNAME=LEDs.SchLib|TARGETFILENAME=*|UNIQUEID=TBLDXZYD|
RECORD=41|LINENO= 172|OWNERPARTID=   0|OWNERINDEX= 171|FONTID=2|ISHIDDEN=T|LOCATION.X=364|LOCATION.Y=542|NAME=Supplier 2|TEXT=Digi-Key|UNIQUEID=FWOBDSPY|
RECORD=41|LINENO= 173|OWNERPARTID=   0|OWNERINDEX= 171|FONTID=2|ISHIDDEN=T|LOCATION.X=364|LOCATION.Y=542|NAME=Supplier Part Number 2|TEXT=475-3415-6-ND|UNIQUEID=PSMJOALC|
RECORD=41|LINENO= 174|OWNERPARTID=   0|OWNERINDEX= 171|FONTID=2|ISHIDDEN=T|LOCATION.X=364|LOCATION.Y=542|NAME=Supplier 1|TEXT=Digi-Key|UNIQUEID=WTYBFRAK|
RECORD=41|LINENO= 175|OWNERPARTID=   0|OWNERINDEX= 171|FONTID=2|ISHIDDEN=T|LOCATION.X=364|LOCATION.Y=542|NAME=Supplier Part Number 1|TEXT=475-3392-1-ND|UNIQUEID=SJNRTYXK|
RECORD= 2|LINENO= 176|OWNERPARTID=   2|OWNERINDEX= 171|DESIGNATOR=C|ELECTRICAL=4|FORMALTYPE=1|LOCATION.X=370|LOCATION.Y=520|NAME=C|PINCONGLOMERATE=35|PINLENGTH=10|PINPROPAGATIONDELAY=0.000000E+000|UNIQUEID=IUSPUQSK|
RECORD=41|LINENO= 177|OWNERPARTID=   0|OWNERINDEX= 176|FONTID=1|ISHIDDEN=T|LOCATION.X=370|LOCATION.Y=520|NAME=PinUniqueId|TEXT=IUSPUQSK|UNIQUEID=JALFOTAY|
RECORD= 2|LINENO= 178|OWNERPARTID=   2|OWNERINDEX= 171|DESIGNATOR=A|ELECTRICAL=4|FORMALTYPE=1|LOCATION.X=370|LOCATION.Y=525|NAME=A|PINCONGLOMERATE=33|PINLENGTH=15|PINPROPAGATIONDELAY=0.000000E+000|UNIQUEID=OSRZYRDS|
RECORD=41|LINENO= 179|OWNERPARTID=   0|OWNERINDEX= 178|FONTID=1|ISHIDDEN=T|LOCATION.X=370|LOCATION.Y=525|NAME=PinUniqueId|TEXT=OSRZYRDS|UNIQUEID=RCRGFFND|
RECORD= 7|LINENO= 180|OWNERPARTID=   2|OWNERINDEX= 171|AREACOLOR=191|ISSOLID=T|LINEWIDTH=1|LOCATIONCOUNT=3|X1=365|X2=375|X3=370|Y1=525|Y2=525|Y3=520|
RECORD= 6|LINENO= 181|OWNERPARTID=   2|OWNERINDEX= 171|LINEWIDTH=1|LOCATIONCOUNT=2|X1=365|X2=375|Y1=520|Y2=520|
RECORD=34|LINENO= 182|OWNERPARTID=   0|OWNERINDEX= 171|FONTID=2|LOCATION.X=376|LOCATION.Y=516|NAME=Designator|TEXT=D1|UNIQUEID=VEJUEYFR|
RECORD=41|LINENO= 183|OWNERPARTID=   0|OWNERINDEX= 171|FONTID=2|LOCATION.X=376|LOCATION.Y=506|NAME=Comment|TEXT=SIDELED-A67F|UNIQUEID=VBBUHVIF|
RECORD=44|LINENO= 184|OWNERPARTID= -42|OWNERINDEX= 171|
RECORD=45|LINENO= 185|OWNERPARTID= -42|OWNERINDEX= 184|DATAFILECOUNT=1|ISCURRENT=T|MODELDATAFILEENTITY0=SIDELED-A67F|MODELDATAFILEKIND0=PCBLib|MODELNAME=SIDELED-A67F|MODELTYPE=PCBLIB|UNIQUEID=QIHDAXXN|
RECORD=46|LINENO= 186|OWNERPARTID= -42|OWNERINDEX= 185|
RECORD=48|LINENO= 187|OWNERPARTID= -42|OWNERINDEX= 185|
RECORD= 1|LINENO= 188|OWNERPARTID=   0|OWNERINDEX= -42|ALLPINCOUNT=2|AREACOLOR=11599871|COMPONENTDESCRIPTION=0805, X5R or better|CURRENTPARTID=1|DESIGNITEMID=Cap 1uF 25V|DISPLAYMODECOUNT=1|LIBRARYPATH=*|LIBREFERENCE=Cap 1uF 25V|LOCATION.X=650|LOCATION.Y=390|ORIENTATION=1|PARTCOUNT=2|PARTIDLOCKED=T|SOURCELIBRARYNAME=Chip_Passives.SchLib|TARGETFILENAME=*|UNIQUEID=HCDUUYON|
RECORD=41|LINENO= 189|OWNERPARTID=   0|OWNERINDEX= 188|FONTID=2|ISHIDDEN=T|LOCATION.X=651|LOCATION.Y=412|NAME=Supplier 1|TEXT=Digi-Key|UNIQUEID=EDJDSZRF|
RECORD=41|LINENO= 190|OWNERPARTID=   0|OWNERINDEX= 188|FONTID=2|ISHIDDEN=T|LOCATION.X=651|LOCATION.Y=412|NAME=Supplier Part Number 1|TEXT=1276-1066-2-ND|UNIQUEID=EQVSSSEP|
RECORD=41|LINENO= 191|OWNERPARTID=   0|OWNERINDEX= 188|FONTID=2|ISHIDDEN=T|LOCATION.X=651|LOCATION.Y=412|NAME=Supplier 2|TEXT=Digi-Key|UNIQUEID=ETBWAMSL|
RECORD=41|LINENO= 192|OWNERPARTID=   0|OWNERINDEX= 188|FONTID=2|ISHIDDEN=T|LOCATION.X=651|LOCATION.Y=412|NAME=Supplier Part Number 2|TEXT=1276-1066-1-ND|UNIQUEID=LDYSSNUO|
RECORD=41|LINENO= 193|OWNERPARTID=   0|OWNERINDEX= 188|FONTID=2|LOCATION.X=669|LOCATION.Y=371|NAME=Value|TEXT=1uF 25V|UNIQUEID=CNAJHHXN|
RECORD= 2|LINENO= 194|OWNERPARTID=   2|OWNERINDEX= 188|DESIGNATOR=2|ELECTRICAL=4|FORMALTYPE=1|LOCATION.X=660|LOCATION.Y=400|NAME=2|PINCONGLOMERATE=33|PINLENGTH=10|PINPROPAGATIONDELAY=0.000000E+000|UNIQUEID=MDVGXPJP|
RECORD=41|LINENO= 195|OWNERPARTID=   0|OWNERINDEX= 194|FONTID=1|ISHIDDEN=T|LOCATION.X=660|LOCATION.Y=400|NAME=PinUniqueId|TEXT=MDVGXPJP|UNIQUEID=XOSBKGRJ|
RECORD= 2|LINENO= 196|OWNERPARTID=   2|OWNERINDEX= 188|DESIGNATOR=1|ELECTRICAL=4|FORMALTYPE=1|LOCATION.X=660|LOCATION.Y=390|NAME=1|PINCONGLOMERATE=35|PINLENGTH=10|PINPROPAGATIONDELAY=0.000000E+000|UNIQUEID=YOQAXRMR|
RECORD=41|LINENO= 197|OWNERPARTID=   0|OWNERINDEX= 196|FONTID=1|ISHIDDEN=T|LOCATION.X=660|LOCATION.Y=390|NAME=PinUniqueId|TEXT=YOQAXRMR|UNIQUEID=TEDWDGCO|
RECORD= 6|LINENO= 198|OWNERPARTID=   2|OWNERINDEX= 188|LINEWIDTH=1|LOCATIONCOUNT=2|X1=660|X2=660|Y1=400|Y2=397|
RECORD= 6|LINENO= 199|OWNERPARTID=   2|OWNERINDEX= 188|LINEWIDTH=1|LOCATIONCOUNT=2|X1=660|X2=660|Y1=390|Y2=393|
RECORD= 6|LINENO= 200|OWNERPARTID=   2|OWNERINDEX= 188|LINEWIDTH=1|LOCATIONCOUNT=2|X1=652|X2=668|Y1=393|Y2=393|
RECORD= 6|LINENO= 201|OWNERPARTID=   2|OWNERINDEX= 188|LINEWIDTH=1|LOCATIONCOUNT=2|X1=652|X2=668|Y1=397|Y2=397|
RECORD=34|LINENO= 202|OWNERPARTID=   0|OWNERINDEX= 188|FONTID=2|LOCATION.X=669|LOCATION.Y=391|NAME=Designator|TEXT=C3|UNIQUEID=WHPERUHW|
RECORD=41|LINENO= 203|OWNERPARTID=   0|OWNERINDEX= 188|FONTID=2|LOCATION.X=669|LOCATION.Y=381|NAME=Comment|TEXT=0805|UNIQUEID=WNKWQLNW|
RECORD=44|LINENO= 204|OWNERPARTID= -42|OWNERINDEX= 188|
RECORD=45|LINENO= 205|OWNERPARTID= -42|OWNERINDEX= 204|DATAFILECOUNT=1|DESCRIPTION=Same as 0805 footprint, but solder mask is adjusted to leave more paste behind for tall (>0.9mm) components like big caps, which tend to be solder-starved on the regular footprint.|ISCURRENT=T|MODELDATAFILEENTITY0=0805 - TALL|MODELDATAFILEKIND0=PCBLib|MODELNAME=0805 - TALL|MODELTYPE=PCBLIB|UNIQUEID=LYROBZMQ|
RECORD=46|LINENO= 206|OWNERPARTID= -42|OWNERINDEX= 205|
RECORD=48|LINENO= 207|OWNERPARTID= -42|OWNERINDEX= 205|
RECORD= 1|LINENO= 208|OWNERPARTID=   0|OWNERINDEX= -42|ALLPINCOUNT=2|AREACOLOR=11599871|COMPONENTDESCRIPTION=0805, X5R or better|CURRENTPARTID=1|DESIGNITEMID=Cap 0.1uF 100V|DISPLAYMODECOUNT=1|LIBRARYPATH=*|LIBREFERENCE=Cap 0.1uF 100V|LOCATION.X=580|LOCATION.Y=390|ORIENTATION=1|PARTCOUNT=2|PARTIDLOCKED=T|SOURCELIBRARYNAME=Chip_Passives.SchLib|TARGETFILENAME=*|UNIQUEID=WDGOMPNJ|
RECORD=41|LINENO= 209|OWNERPARTID=   0|OWNERINDEX= 208|FONTID=2|ISHIDDEN=T|LOCATION.X=581|LOCATION.Y=412|NAME=Supplier 1|TEXT=Digi-Key|UNIQUEID=CTAYAKYI|
RECORD=41|LINENO= 210|OWNERPARTID=   0|OWNERINDEX= 208|FONTID=2|ISHIDDEN=T|LOCATION.X=581|LOCATION.Y=412|NAME=Supplier Part Number 1|TEXT=1276-6840-2-ND|UNIQUEID=NXATYDPW|
RECORD=41|LINENO= 211|OWNERPARTID=   0|OWNERINDEX= 208|FONTID=2|LOCATION.X=599|LOCATION.Y=371|NAME=Value|TEXT=0.1uF 100V|UNIQUEID=KPQYARZT|
RECORD= 2|LINENO= 212|OWNERPARTID=   2|OWNERINDEX= 208|DESIGNATOR=2|ELECTRICAL=4|FORMALTYPE=1|LOCATION.X=590|LOCATION.Y=400|NAME=2|PINCONGLOMERATE=33|PINLENGTH=10|PINPROPAGATIONDELAY=0.000000E+000|UNIQUEID=ZLZLMUVV|
RECORD=41|LINENO= 213|OWNERPARTID=   0|OWNERINDEX= 212|FONTID=1|ISHIDDEN=T|LOCATION.X=590|LOCATION.Y=400|NAME=PinUniqueId|TEXT=ZLZLMUVV|UNIQUEID=XPZJQOSJ|
RECORD= 2|LINENO= 214|OWNERPARTID=   2|OWNERINDEX= 208|DESIGNATOR=1|ELECTRICAL=4|FORMALTYPE=1|LOCATION.X=590|LOCATION.Y=390|NAME=1|PINCONGLOMERATE=35|PINLENGTH=10|PINPROPAGATIONDELAY=0.000000E+000|UNIQUEID=TPQGOIHC|
RECORD=41|LINENO= 215|OWNERPARTID=   0|OWNERINDEX= 214|FONTID=1|ISHIDDEN=T|LOCATION.X=590|LOCATION.Y=390|NAME=PinUniqueId|TEXT=TPQGOIHC|UNIQUEID=AQPPQBZS|
RECORD= 6|LINENO= 216|OWNERPARTID=   2|OWNERINDEX= 208|LINEWIDTH=1|LOCATIONCOUNT=2|X1=590|X2=590|Y1=400|Y2=397|
RECORD= 6|LINENO= 217|OWNERPARTID=   2|OWNERINDEX= 208|LINEWIDTH=1|LOCATIONCOUNT=2|X1=590|X2=590|Y1=390|Y2=393|
RECORD= 6|LINENO= 218|OWNERPARTID=   2|OWNERINDEX= 208|LINEWIDTH=1|LOCATIONCOUNT=2|X1=582|X2=598|Y1=393|Y2=393|
RECORD= 6|LINENO= 219|OWNERPARTID=   2|OWNERINDEX= 208|LINEWIDTH=1|LOCATIONCOUNT=2|X1=582|X2=598|Y1=397|Y2=397|
RECORD=34|LINENO= 220|OWNERPARTID=   0|OWNERINDEX= 208|FONTID=2|LOCATION.X=599|LOCATION.Y=391|NAME=Designator|TEXT=C2|UNIQUEID=OKEWZPJL|
RECORD=41|LINENO= 221|OWNERPARTID=   0|OWNERINDEX= 208|FONTID=2|LOCATION.X=599|LOCATION.Y=381|NAME=Comment|TEXT=0805|UNIQUEID=UHYOLNVT|
RECORD=44|LINENO= 222|OWNERPARTID= -42|OWNERINDEX= 208|
RECORD=45|LINENO= 223|OWNERPARTID= -42|OWNERINDEX= 222|DATAFILECOUNT=1|DESCRIPTION=Same as 0805 footprint, but solder mask is adjusted to leave more paste behind for tall (>0.9mm) components like big caps, which tend to be solder-starved on the regular footprint.|ISCURRENT=T|MODELDATAFILEENTITY0=0805 - TALL|MODELDATAFILEKIND0=PCBLib|MODELNAME=0805 - TALL|MODELTYPE=PCBLIB|UNIQUEID=RYXNNFNS|
RECORD=46|LINENO= 224|OWNERPARTID= -42|OWNERINDEX= 223|
RECORD=48|LINENO= 225|OWNERPARTID= -42|OWNERINDEX= 223|
RECORD=17|LINENO= 226|OWNERPARTID=   0|OWNERINDEX= -42|FONTID=2|LOCATION.X=660|LOCATION.Y=350|ORIENTATION=3|SHOWNETNAME=T|STYLE=4|TEXT=GND|UNIQUEID=BXJFOQXG|
RECORD=27|LINENO= 227|OWNERPARTID=   0|OWNERINDEX= -42|LINEWIDTH=1|LOCATIONCOUNT=7|UNIQUEID=DBXTTOFR|X1=830|X2=800|X3=740|X4=580|X5=580|X6=370|X7=370|Y1=450|Y2=450|Y3=450|Y4=450|Y5=560|Y6=560|Y7=540|
RECORD=27|LINENO= 228|OWNERPARTID=   0|OWNERINDEX= -42|LINEWIDTH=1|LOCATIONCOUNT=3|UNIQUEID=MXRFMYJV|X1=370|X2=370|X3=410|Y1=510|Y2=450|Y3=450|
RECORD=27|LINENO= 229|OWNERPARTID=   0|OWNERINDEX= -42|LINEWIDTH=1|LOCATIONCOUNT=3|UNIQUEID=NOJBATAT|X1=370|X2=290|X3=290|Y1=560|Y2=560|Y3=550|
RECORD=27|LINENO= 230|OWNERPARTID=   0|OWNERINDEX= -42|LINEWIDTH=1|LOCATIONCOUNT=3|UNIQUEID=QUFCQGGT|X1=290|X2=290|X3=370|Y1=470|Y2=450|Y3=450|
RECORD=27|LINENO= 231|OWNERPARTID=   0|OWNERINDEX= -42|LINEWIDTH=1|LOCATIONCOUNT=3|UNIQUEID=ARZOLKWX|X1=580|X2=590|X3=660|Y1=410|Y2=410|Y3=410|
RECORD=27|LINENO= 232|OWNERPARTID=   0|OWNERINDEX= -42|LINEWIDTH=1|LOCATIONCOUNT=2|UNIQUEID=NEGFCLNI|X1=590|X2=590|Y1=380|Y2=350|
RECORD=27|LINENO= 233|OWNERPARTID=   0|OWNERINDEX= -42|LINEWIDTH=1|LOCATIONCOUNT=2|UNIQUEID=TEHUBIGV|X1=660|X2=660|Y1=380|Y2=350|
RECORD=27|LINENO= 234|OWNERPARTID=   0|OWNERINDEX= -42|LINEWIDTH=1|LOCATIONCOUNT=3|UNIQUEID=CYTCMEST|X1=580|X2=590|X3=660|Y1=350|Y2=350|Y3=350|
RECORD=18|LINENO= 235|OWNERPARTID=   0|OWNERINDEX= -42|ALIGNMENT=1|AREACOLOR=8454143|FONTID=2|HEIGHT=10|IOTYPE=2|LOCATION.X=310|LOCATION.Y=380|NAME=ADNS_SCLK|TEXTCOLOR=128|UNIQUEID=OZAFAUKB|WIDTH=100|
RECORD=18|LINENO= 236|OWNERPARTID=   0|OWNERINDEX= -42|ALIGNMENT=1|AREACOLOR=8454143|FONTID=2|HEIGHT=10|IOTYPE=3|LOCATION.X=310|LOCATION.Y=400|NAME=ADNS_SDIO|TEXTCOLOR=128|UNIQUEID=OVXRJWUN|WIDTH=100|
RECORD=18|LINENO= 237|OWNERPARTID=   0|OWNERINDEX= -42|ALIGNMENT=1|AREACOLOR=8454143|FONTID=2|HEIGHT=10|IOTYPE=2|LOCATION.X=310|LOCATION.Y=360|NAME=ADNS_C\S\|TEXTCOLOR=128|UNIQUEID=FGKMBRBK|WIDTH=100|
RECORD=18|LINENO= 238|OWNERPARTID=   0|OWNERINDEX= -42|ALIGNMENT=1|AREACOLOR=8454143|FONTID=2|HEIGHT=10|IOTYPE=2|LOCATION.X=310|LOCATION.Y=350|NAME=R\E\S\E\T\|TEXTCOLOR=128|UNIQUEID=VCSEBUXX|WIDTH=100|
RECORD=41|LINENO= 239|OWNERPARTID=   0|OWNERINDEX= -42|FONTID=1|ISHIDDEN=T|NAME=SPICEModelCache|UNIQUEID=QSSRGJDJ|
RECORD=29|LINENO= 240|OWNERPARTID=   0|OWNERINDEX= -42|LOCATION.X=370|LOCATION.Y=450|
RECORD=29|LINENO= 241|OWNERPARTID=   0|OWNERINDEX= -42|LOCATION.X=370|LOCATION.Y=560|
RECORD=29|LINENO= 242|OWNERPARTID=   0|OWNERINDEX= -42|LOCATION.X=580|LOCATION.Y=450|
RECORD=29|LINENO= 243|OWNERPARTID=   0|OWNERINDEX= -42|LOCATION.X=590|LOCATION.Y=350|
RECORD=29|LINENO= 244|OWNERPARTID=   0|OWNERINDEX= -42|LOCATION.X=590|LOCATION.Y=410|
RECORD=29|LINENO= 245|OWNERPARTID=   0|OWNERINDEX= -42|LOCATION.X=660|LOCATION.Y=350|
RECORD=29|LINENO= 246|OWNERPARTID=   0|OWNERINDEX= -42|LOCATION.X=740|LOCATION.Y=450|
RECORD=29|LINENO= 247|OWNERPARTID=   0|OWNERINDEX= -42|LOCATION.X=800|LOCATION.Y=450|
